Thu Aug 18 15:31:21 CDT 2005
	cups-1.1.22-0.rc1.9.7.x86_64.rpm
	cups-devel-1.1.22-0.rc1.9.7.x86_64.rpm
	cups-libs-1.1.22-0.rc1.9.7.x86_64.rpm
	cups-libs-1.1.22-0.rc1.9.7.i386.rpm
	ethereal-0.10.12-1.EL4.1.x86_64.rpm
	ethereal-gnome-0.10.12-1.EL4.1.x86_64.rpm
	gaim-1.3.1-0.el4.3.x86_64.rpm
	gpdf-2.8.2-4.4.x86_64.rpm
	kdegraphics-3.3.1-3.4.x86_64.rpm
	kdegraphics-devel-3.3.1-3.4.x86_64.rpm
	xpdf-3.00-11.8.x86_64.rpm
Tue Sep 13 15:34:56 CDT 2005
	cvs-1.11.17-8.RHEL4.x86_64.rpm
	evolution-2.0.2-16.3.x86_64.rpm
	evolution-devel-2.0.2-16.3.x86_64.rpm
	exim-4.43-1.RHEL4.5.x86_64.rpm
	exim-doc-4.43-1.RHEL4.5.x86_64.rpm
	exim-mon-4.43-1.RHEL4.5.x86_64.rpm
	exim-sa-4.43-1.RHEL4.5.x86_64.rpm
	firefox-1.0.6-1.4.2.x86_64.rpm
	httpd-2.0.52-12.2.ent.x86_64.rpm
	httpd-devel-2.0.52-12.2.ent.x86_64.rpm
	httpd-manual-2.0.52-12.2.ent.x86_64.rpm
	httpd-suexec-2.0.52-12.2.ent.x86_64.rpm
	mod_ssl-2.0.52-12.2.ent.x86_64.rpm
	mozilla-1.7.10-1.4.2.x86_64.rpm
	mozilla-chat-1.7.10-1.4.2.x86_64.rpm
	mozilla-devel-1.7.10-1.4.2.x86_64.rpm
	mozilla-dom-inspector-1.7.10-1.4.2.x86_64.rpm
	mozilla-js-debugger-1.7.10-1.4.2.x86_64.rpm
	mozilla-mail-1.7.10-1.4.2.x86_64.rpm
	mozilla-nspr-1.7.10-1.4.2.i386.rpm
	mozilla-nspr-devel-1.7.10-1.4.2.x86_64.rpm
	mozilla-nss-1.7.10-1.4.2.i386.rpm
	mozilla-nss-devel-1.7.10-1.4.2.x86_64.rpm
	mozilla-nspr-1.7.10-1.4.2.x86_64.rpm
	mozilla-nss-1.7.10-1.4.2.x86_64.rpm
	netpbm-10.25-2.EL4.1.x86_64.rpm
	netpbm-10.25-2.EL4.1.i386.rpm
	netpbm-devel-10.25-2.EL4.1.x86_64.rpm
	netpbm-progs-10.25-2.EL4.1.x86_64.rpm
	pcre-4.5-3.2.RHEL4.x86_64.rpm
	pcre-4.5-3.2.RHEL4.i386.rpm
	pcre-devel-4.5-3.2.RHEL4.x86_64.rpm
	php-4.3.9-3.8.x86_64.rpm
	php-devel-4.3.9-3.8.x86_64.rpm
	php-domxml-4.3.9-3.8.x86_64.rpm
	php-gd-4.3.9-3.8.x86_64.rpm
	php-imap-4.3.9-3.8.x86_64.rpm
	php-ldap-4.3.9-3.8.x86_64.rpm
	php-mbstring-4.3.9-3.8.x86_64.rpm
	php-mysql-4.3.9-3.8.x86_64.rpm
	php-ncurses-4.3.9-3.8.x86_64.rpm
	php-odbc-4.3.9-3.8.x86_64.rpm
	php-pear-4.3.9-3.8.x86_64.rpm
	php-pgsql-4.3.9-3.8.x86_64.rpm
	php-snmp-4.3.9-3.8.x86_64.rpm
	php-xmlrpc-4.3.9-3.8.x86_64.rpm
	vim-common-6.3.046-0.40E.7.x86_64.rpm
	vim-enhanced-6.3.046-0.40E.7.x86_64.rpm
	vim-minimal-6.3.046-0.40E.7.x86_64.rpm
	vim-X11-6.3.046-0.40E.7.x86_64.rpm
	xorg-x11-6.8.2-1.EL.13.16.x86_64.rpm
	xorg-x11-deprecated-libs-6.8.2-1.EL.13.16.i386.rpm
	xorg-x11-deprecated-libs-devel-6.8.2-1.EL.13.16.x86_64.rpm
	xorg-x11-devel-6.8.2-1.EL.13.16.x86_64.rpm
	xorg-x11-doc-6.8.2-1.EL.13.16.x86_64.rpm
	xorg-x11-font-utils-6.8.2-1.EL.13.16.x86_64.rpm
	xorg-x11-libs-6.8.2-1.EL.13.16.x86_64.rpm
	xorg-x11-Mesa-libGL-6.8.2-1.EL.13.16.x86_64.rpm
	xorg-x11-Mesa-libGLU-6.8.2-1.EL.13.16.x86_64.rpm
	xorg-x11-sdk-6.8.2-1.EL.13.16.x86_64.rpm
	xorg-x11-tools-6.8.2-1.EL.13.16.x86_64.rpm
	xorg-x11-twm-6.8.2-1.EL.13.16.x86_64.rpm
	xorg-x11-xauth-6.8.2-1.EL.13.16.x86_64.rpm
	xorg-x11-xdm-6.8.2-1.EL.13.16.x86_64.rpm
	xorg-x11-Xdmx-6.8.2-1.EL.13.16.x86_64.rpm
	xorg-x11-xfs-6.8.2-1.EL.13.16.x86_64.rpm
	xorg-x11-Xnest-6.8.2-1.EL.13.16.x86_64.rpm
	xorg-x11-Xvfb-6.8.2-1.EL.13.16.x86_64.rpm
	xorg-x11-deprecated-libs-6.8.2-1.EL.13.16.x86_64.rpm
	xorg-x11-devel-6.8.2-1.EL.13.16.i386.rpm
	xorg-x11-libs-6.8.2-1.EL.13.16.i386.rpm
	xorg-x11-Mesa-libGL-6.8.2-1.EL.13.16.i386.rpm
	xorg-x11-Mesa-libGLU-6.8.2-1.EL.13.16.i386.rpm
Wed Sep 14 14:46:09 CDT 2005
	SL_sendmail_accept-1.1-2.noarch.rpm
Mon Sep 26 14:40:05 CDT 2005
	devhelp-0.9.2-2.4.7.x86_64.rpm
	devhelp-devel-0.9.2-2.4.7.x86_64.rpm
Mon Sep 26 14:41:49 CDT 2005
Fri Sep 30 10:28:02 CDT 2005
	HelixPlayer-1.0.6-0.EL4.1.i386.rpm
	wget-1.10.1-2.4E.1.x86_64.rpm
Mon Nov 28 17:56:14 CST 2005
Fri Dec 9 14:40:04 CST 2005
	libc-client-2002e-14.i386.rpm
	libc-client-2002e-14.x86_64.rpm
	libc-client-devel-2002e-14.x86_64.rpm
	xpdf-3.00-11.9.x86_64.rpm
Thu Dec 22 10:53:16 CST 2005
	cups-1.1.22-0.rc1.9.9.x86_64.rpm
	cups-devel-1.1.22-0.rc1.9.9.x86_64.rpm
	cups-libs-1.1.22-0.rc1.9.9.i386.rpm
	cups-libs-1.1.22-0.rc1.9.9.x86_64.rpm
	curl-7.12.1-8.rhel4.i386.rpm
	curl-7.12.1-8.rhel4.x86_64.rpm
	curl-devel-7.12.1-8.rhel4.x86_64.rpm
	gpdf-2.8.2-7.3.x86_64.rpm
	kdegraphics-3.3.1-3.6.x86_64.rpm
	kdegraphics-devel-3.3.1-3.6.x86_64.rpm
	perl-5.8.5-24.RHEL4.x86_64.rpm
	perl-suidperl-5.8.5-24.RHEL4.x86_64.rpm
	udev-039-10.10.EL4.3.x86_64.rpm
Fri Jan 6 14:29:47 CST 2006
	clamav-0.87.1-1.rf.x86_64.rpm
	clamav-db-0.87.1-1.rf.x86_64.rpm
	clamav-devel-0.87.1-1.rf.x86_64.rpm
	clamav-milter-0.87.1-1.rf.x86_64.rpm
	clamd-0.87.1-1.rf.x86_64.rpm
	clamtk-2.13-1.rf.x86_64.rpm
	httpd-2.0.52-22.ent.x86_64.rpm
	httpd-devel-2.0.52-22.ent.x86_64.rpm
	httpd-manual-2.0.52-22.ent.x86_64.rpm
	httpd-suexec-2.0.52-22.ent.x86_64.rpm
	mod_auth_pgsql-2.0.1-7.1.x86_64.rpm
	mod_ssl-2.0.52-22.ent.x86_64.rpm
Wed Jan 11 17:31:49 CST 2006
Wed Jan 11 17:32:05 CST 2006
Wed Jan 11 17:32:24 CST 2006
	ethereal-0.10.14-1.EL4.1.x86_64.rpm
	ethereal-gnome-0.10.14-1.EL4.1.x86_64.rpm
Wed Jan 18 17:44:50 CST 2006
	kernel-2.6.9-22.0.2.EL.x86_64.rpm
	kernel-devel-2.6.9-22.0.2.EL.x86_64.rpm
	kernel-smp-2.6.9-22.0.2.EL.x86_64.rpm
	kernel-smp-devel-2.6.9-22.0.2.EL.x86_64.rpm
Fri Jan 20 15:05:15 CST 2006
Fri Jan 20 15:05:30 CST 2006
	cman-kernel-2.6.9-41.0.2.x86_64.rpm
	cman-kernel-smp-2.6.9-41.0.2.x86_64.rpm
	cman-kernheaders-2.6.9-41.0.2.x86_64.rpm
	dlm-kernel-2.6.9-39.1.2.x86_64.rpm
	dlm-kernel-smp-2.6.9-39.1.2.x86_64.rpm
	dlm-kernheaders-2.6.9-39.1.2.x86_64.rpm
	GFS-kernel-2.6.9-45.0.2.x86_64.rpm
	GFS-kernel-smp-2.6.9-45.0.2.x86_64.rpm
	GFS-kernheaders-2.6.9-45.0.2.x86_64.rpm
	gnbd-kernel-2.6.9-9.14.1.x86_64.rpm
	gnbd-kernel-smp-2.6.9-9.14.1.x86_64.rpm
	gnbd-kernheaders-2.6.9-9.14.1.x86_64.rpm
	kdelibs-3.3.1-3.14.i386.rpm
	kdelibs-3.3.1-3.14.x86_64.rpm
	kdelibs-devel-3.3.1-3.14.x86_64.rpm
	tetex-2.0.2-22.EL4.7.x86_64.rpm
	tetex-afm-2.0.2-22.EL4.7.x86_64.rpm
	tetex-doc-2.0.2-22.EL4.7.x86_64.rpm
	tetex-dvips-2.0.2-22.EL4.7.x86_64.rpm
	tetex-fonts-2.0.2-22.EL4.7.x86_64.rpm
	tetex-latex-2.0.2-22.EL4.7.x86_64.rpm
	tetex-xdvi-2.0.2-22.EL4.7.x86_64.rpm
Thu Jul 13 15:29:18 CDT 2006
	perl-Compress-Zlib-1.41-1.rf.x86_64.rpm
Wed Sep 20 16:44:16 CDT 2006
Wed Sep 20 16:44:48 CDT 2006
Wed Sep 20 16:45:05 CDT 2006
Wed Sep 20 16:45:23 CDT 2006
Wed Sep 20 16:47:29 CDT 2006
	pam_krb5-2.2.8-2.x86_64.rpm
Tue Oct 10 16:40:02 CDT 2006
	Fermigrid-tag-4.0-3.noarch.rpm
Wed Oct 11 17:23:29 CDT 2006
	kernel-module-ndiswrapper-2.6.9-42.0.3.EL-1.5-0.SL.3.x86_64.rpm
	kernel-module-ndiswrapper-2.6.9-42.0.3.ELlargesmp-1.5-0.SL.3.x86_64.rpm
	kernel-module-ndiswrapper-2.6.9-42.0.3.ELsmp-1.5-0.SL.3.x86_64.rpm
	ndiswrapper-1.5-0.SL.3.x86_64.rpm
Thu Nov 30 13:41:39 CST 2006
	devhelp-0.10-0.5.el4.x86_64.rpm
	devhelp-devel-0.10-0.5.el4.x86_64.rpm
	elinks-0.9.2-3.3.x86_64.rpm
	firefox-1.5.0.8-0.1.el4.i386.rpm
	firefox-1.5.0.8-0.1.el4.x86_64.rpm
	info-4.7-5.el4.2.x86_64.rpm
	irb-1.8.1-7.EL4.8.x86_64.rpm
	nss_ldap-226-17.i386.rpm
	nss_ldap-226-17.x86_64.rpm
	php-4.3.9-3.22.x86_64.rpm
	php-devel-4.3.9-3.22.x86_64.rpm
	php-domxml-4.3.9-3.22.x86_64.rpm
	php-gd-4.3.9-3.22.x86_64.rpm
	php-imap-4.3.9-3.22.x86_64.rpm
	php-ldap-4.3.9-3.22.x86_64.rpm
	php-mbstring-4.3.9-3.22.x86_64.rpm
	php-mysql-4.3.9-3.22.x86_64.rpm
	php-ncurses-4.3.9-3.22.x86_64.rpm
	php-odbc-4.3.9-3.22.x86_64.rpm
	php-pear-4.3.9-3.22.x86_64.rpm
	php-pgsql-4.3.9-3.22.x86_64.rpm
	php-snmp-4.3.9-3.22.x86_64.rpm
	php-xmlrpc-4.3.9-3.22.x86_64.rpm
	qt-3.3.3-10.RHEL4.i386.rpm
	qt-3.3.3-10.RHEL4.x86_64.rpm
	qt-config-3.3.3-10.RHEL4.x86_64.rpm
	qt-designer-3.3.3-10.RHEL4.x86_64.rpm
	qt-devel-3.3.3-10.RHEL4.x86_64.rpm
	qt-MySQL-3.3.3-10.RHEL4.x86_64.rpm
	qt-ODBC-3.3.3-10.RHEL4.x86_64.rpm
	qt-PostgreSQL-3.3.3-10.RHEL4.x86_64.rpm
	ruby-1.8.1-7.EL4.8.x86_64.rpm
	ruby-devel-1.8.1-7.EL4.8.x86_64.rpm
	ruby-docs-1.8.1-7.EL4.8.x86_64.rpm
	ruby-libs-1.8.1-7.EL4.8.i386.rpm
	ruby-libs-1.8.1-7.EL4.8.x86_64.rpm
	ruby-mode-1.8.1-7.EL4.8.x86_64.rpm
	ruby-tcltk-1.8.1-7.EL4.8.x86_64.rpm
	seamonkey-1.0.6-0.1.el4.i386.rpm
	seamonkey-1.0.6-0.1.el4.x86_64.rpm
	seamonkey-chat-1.0.6-0.1.el4.i386.rpm
	seamonkey-chat-1.0.6-0.1.el4.x86_64.rpm
	seamonkey-devel-1.0.6-0.1.el4.x86_64.rpm
	seamonkey-dom-inspector-1.0.6-0.1.el4.i386.rpm
	seamonkey-dom-inspector-1.0.6-0.1.el4.x86_64.rpm
	seamonkey-js-debugger-1.0.6-0.1.el4.i386.rpm
	seamonkey-js-debugger-1.0.6-0.1.el4.x86_64.rpm
	seamonkey-mail-1.0.6-0.1.el4.i386.rpm
	seamonkey-mail-1.0.6-0.1.el4.x86_64.rpm
	seamonkey-nspr-1.0.6-0.1.el4.i386.rpm
	seamonkey-nspr-1.0.6-0.1.el4.x86_64.rpm
	seamonkey-nspr-devel-1.0.6-0.1.el4.x86_64.rpm
	seamonkey-nss-1.0.6-0.1.el4.i386.rpm
	seamonkey-nss-1.0.6-0.1.el4.x86_64.rpm
	seamonkey-nss-devel-1.0.6-0.1.el4.x86_64.rpm
	texinfo-4.7-5.el4.2.x86_64.rpm
	thunderbird-1.5.0.8-0.1.el4.i386.rpm
	thunderbird-1.5.0.8-0.1.el4.x86_64.rpm
	wireshark-0.99.4-EL4.1.x86_64.rpm
	wireshark-gnome-0.99.4-EL4.1.x86_64.rpm
Wed Dec 6 13:59:03 CST 2006
	gnupg-1.2.6-8.x86_64.rpm
	mod_auth_kerb-5.0-1.3.x86_64.rpm
	yum-conf-4x-2-2.LTS.noarch.rpm
Tue Jan 30 11:01:47 CST 2007
	gtk2-2.4.13-22.i386.rpm
	gtk2-2.4.13-22.x86_64.rpm
	gtk2-devel-2.4.13-22.x86_64.rpm
	ILCDesktop-tag-4.0-4.noarch.rpm
	libgsf-1.10.1-2.x86_64.rpm
	libgsf-devel-1.10.1-2.x86_64.rpm
	openoffice.org-1.1.5-6.6.0.EL4.i386.rpm
	openoffice.org-i18n-1.1.5-6.6.0.EL4.i386.rpm
	openoffice.org-kde-1.1.5-6.6.0.EL4.i386.rpm
	openoffice.org-libs-1.1.5-6.6.0.EL4.i386.rpm
	SciBooNE-tag-4.0-4.noarch.rpm
	tar-1.14-12.RHEL4.x86_64.rpm
	tzdata-2006m-3.el4.noarch.rpm
	xorg-x11-6.8.2-1.EL.13.37.5.x86_64.rpm
	xorg-x11-deprecated-libs-6.8.2-1.EL.13.37.5.i386.rpm
	xorg-x11-devel-6.8.2-1.EL.13.37.5.i386.rpm
	xorg-x11-doc-6.8.2-1.EL.13.37.5.x86_64.rpm
	xorg-x11-font-utils-6.8.2-1.EL.13.37.5.x86_64.rpm
	xorg-x11-libs-6.8.2-1.EL.13.37.5.i386.rpm
	xorg-x11-Mesa-libGL-6.8.2-1.EL.13.37.5.i386.rpm
	xorg-x11-Mesa-libGLU-6.8.2-1.EL.13.37.5.i386.rpm
	xorg-x11-deprecated-libs-6.8.2-1.EL.13.37.5.x86_64.rpm
	xorg-x11-deprecated-libs-devel-6.8.2-1.EL.13.37.5.x86_64.rpm
	xorg-x11-devel-6.8.2-1.EL.13.37.5.x86_64.rpm
	xorg-x11-libs-6.8.2-1.EL.13.37.5.x86_64.rpm
	xorg-x11-Mesa-libGL-6.8.2-1.EL.13.37.5.x86_64.rpm
	xorg-x11-Mesa-libGLU-6.8.2-1.EL.13.37.5.x86_64.rpm
	xorg-x11-sdk-6.8.2-1.EL.13.37.5.x86_64.rpm
	xorg-x11-tools-6.8.2-1.EL.13.37.5.x86_64.rpm
	xorg-x11-twm-6.8.2-1.EL.13.37.5.x86_64.rpm
	xorg-x11-xauth-6.8.2-1.EL.13.37.5.x86_64.rpm
	xorg-x11-xdm-6.8.2-1.EL.13.37.5.x86_64.rpm
	xorg-x11-Xdmx-6.8.2-1.EL.13.37.5.x86_64.rpm
	xorg-x11-xfs-6.8.2-1.EL.13.37.5.x86_64.rpm
	xorg-x11-Xnest-6.8.2-1.EL.13.37.5.x86_64.rpm
	xorg-x11-Xvfb-6.8.2-1.EL.13.37.5.x86_64.rpm
Tue Mar 6 16:54:03 CST 2007
	bind-9.2.4-24.EL4.x86_64.rpm
	bind-chroot-9.2.4-24.EL4.x86_64.rpm
	bind-devel-9.2.4-24.EL4.x86_64.rpm
	bind-libs-9.2.4-24.EL4.i386.rpm
	bind-utils-9.2.4-24.EL4.x86_64.rpm
	cman-kernel-2.6.9-45.15.x86_64.rpm
	cman-kernel-largesmp-2.6.9-45.15.x86_64.rpm
	cman-kernel-smp-2.6.9-45.15.x86_64.rpm
	cman-kernheaders-2.6.9-45.15.x86_64.rpm
	dbus-0.22-12.EL.8.i386.rpm
	dbus-0.22-12.EL.8.x86_64.rpm
	dbus-devel-0.22-12.EL.8.x86_64.rpm
	dbus-glib-0.22-12.EL.8.i386.rpm
	dbus-glib-0.22-12.EL.8.x86_64.rpm
	dbus-python-0.22-12.EL.8.x86_64.rpm
	dbus-x11-0.22-12.EL.8.x86_64.rpm
	dlm-kernel-2.6.9-44.9.x86_64.rpm
	dlm-kernel-largesmp-2.6.9-44.9.x86_64.rpm
	dlm-kernel-smp-2.6.9-44.9.x86_64.rpm
	dlm-kernheaders-2.6.9-44.9.x86_64.rpm
	fetchmail-6.2.5-6.el4.5.x86_64.rpm
	GFS-kernel-2.6.9-60.9.x86_64.rpm
	GFS-kernel-largesmp-2.6.9-60.9.x86_64.rpm
	GFS-kernel-smp-2.6.9-60.9.x86_64.rpm
	GFS-kernheaders-2.6.9-60.9.x86_64.rpm
	gnbd-kernel-2.6.9-9.53.x86_64.rpm
	gnbd-kernel-largesmp-2.6.9-9.53.x86_64.rpm
	gnbd-kernel-smp-2.6.9-9.53.x86_64.rpm
	gnbd-kernheaders-2.6.9-9.53.x86_64.rpm
	gnomemeeting-1.0.2-9.x86_64.rpm
	ImageMagick-6.0.7.1-16.0.3.x86_64.rpm
	ImageMagick-c++-6.0.7.1-16.0.3.x86_64.rpm
	ImageMagick-c++-devel-6.0.7.1-16.0.3.x86_64.rpm
	ImageMagick-devel-6.0.7.1-16.0.3.x86_64.rpm
	ImageMagick-perl-6.0.7.1-16.0.3.x86_64.rpm
	kernel-2.6.9-42.0.10.EL.x86_64.rpm
	kernel-smp-2.6.9-42.0.10.EL.x86_64.rpm
	kernel-smp-devel-2.6.9-42.0.10.EL.x86_64.rpm
	kernel-devel-2.6.9-42.0.10.EL.x86_64.rpm
	kernel-doc-2.6.9-42.0.10.EL.noarch.rpm
	kernel-largesmp-2.6.9-42.0.10.EL.x86_64.rpm
	kernel-largesmp-devel-2.6.9-42.0.10.EL.x86_64.rpm
	kernel-module-fuse-2.6.9-42.0.10.EL-2.5.3-1.SL.x86_64.rpm
	kernel-module-fuse-2.6.9-42.0.10.ELlargesmp-2.5.3-1.SL.x86_64.rpm
        kernel-module-fuse-2.6.9-42.0.10.ELsmp-2.5.3-1.SL.x86_64.rpm
	kernel-module-ipw3945-2.6.9-42.0.10.EL-1.1.0-1.SL4.x86_64.rpm
	kernel-module-ipw3945-2.6.9-42.0.10.ELlargesmp-1.1.0-1.SL4.x86_64.rpm
        kernel-module-ipw3945-2.6.9-42.0.10.ELsmp-1.1.0-1.SL4.x86_64.rpm
	kernel-module-ndiswrapper-2.6.9-42.0.10.ELsmp-1.5-0.SL.3.x86_64.rpm
	kernel-module-ndiswrapper-2.6.9-42.0.10.EL-1.5-0.SL.3.x86_64.rpm
	kernel-module-ndiswrapper-2.6.9-42.0.10.ELlargesmp-1.5-0.SL.3.x86_64.rpm
	kernel-module-openafs-2.6.9-42.0.10.EL-1.4.1-0.11.SL.x86_64.rpm
	kernel-module-openafs-2.6.9-42.0.10.ELlargesmp-1.4.1-0.11.SL.x86_64.rpm
	kernel-module-openafs-2.6.9-42.0.10.ELsmp-1.4.1-0.11.SL.x86_64.rpm
	kernel-module-r1000-2.6.9-42.0.10.EL-2.2-2.SL4x.x86_64.rpm
	kernel-module-r1000-2.6.9-42.0.10.ELlargesmp-2.2-2.SL4x.x86_64.rpm
	kernel-module-r1000-2.6.9-42.0.10.ELsmp-2.2-2.SL4x.x86_64.rpm
	postgresql-7.4.16-1.RHEL4.1.x86_64.rpm
	postgresql-contrib-7.4.16-1.RHEL4.1.x86_64.rpm
	postgresql-devel-7.4.16-1.RHEL4.1.x86_64.rpm
	postgresql-docs-7.4.16-1.RHEL4.1.x86_64.rpm
	postgresql-jdbc-7.4.16-1.RHEL4.1.x86_64.rpm
	postgresql-libs-7.4.16-1.RHEL4.1.i386.rpm
	postgresql-python-7.4.16-1.RHEL4.1.x86_64.rpm
	postgresql-server-7.4.16-1.RHEL4.1.x86_64.rpm
	postgresql-tcl-7.4.16-1.RHEL4.1.x86_64.rpm
	postgresql-test-7.4.16-1.RHEL4.1.x86_64.rpm
	samba-3.0.10-1.4E.11.x86_64.rpm
	samba-client-3.0.10-1.4E.11.x86_64.rpm
	samba-common-3.0.10-1.4E.11.i386.rpm
	spamassassin-3.1.8-2.el4.x86_64.rpm
	squirrelmail-1.4.8-4.el4.noarch.rpm
	bind-libs-9.2.4-24.EL4.x86_64.rpm
	postgresql-libs-7.4.16-1.RHEL4.1.x86_64.rpm
	postgresql-pl-7.4.16-1.RHEL4.1.x86_64.rpm
	samba-common-3.0.10-1.4E.11.x86_64.rpm
	samba-swat-3.0.10-1.4E.11.x86_64.rpm
	LHCroc-tag-4.0-5.noarch.rpm
	ILCServer-tag-4.0-5.noarch.rpm
	ILCta-tag-4.0-5.noarch.rpm
Fri Jul 27 10:42:11 CDT 2007
	bind-9.2.4-27.0.1.el4.x86_64.rpm
	bind-chroot-9.2.4-27.0.1.el4.x86_64.rpm
	bind-devel-9.2.4-27.0.1.el4.x86_64.rpm
	bind-libs-9.2.4-27.0.1.el4.i386.rpm
	bind-libs-9.2.4-27.0.1.el4.x86_64.rpm
	bind-utils-9.2.4-27.0.1.el4.x86_64.rpm
	cman-kernel-2.6.9-50.2.0.1.x86_64.rpm
	cman-kernel-largesmp-2.6.9-50.2.0.1.x86_64.rpm
	cman-kernel-smp-2.6.9-50.2.0.1.x86_64.rpm
	cman-kernel-xenU-2.6.9-50.2.0.1.x86_64.rpm
	cman-kernheaders-2.6.9-50.2.0.1.x86_64.rpm
	cmirror-kernel-2.6.9-32.0.0.1.x86_64.rpm
	cmirror-kernel-largesmp-2.6.9-32.0.0.1.x86_64.rpm
	cmirror-kernel-smp-2.6.9-32.0.0.1.x86_64.rpm
	cmirror-kernel-xenU-2.6.9-32.0.0.1.x86_64.rpm
	dlm-kernel-2.6.9-46.16.0.1.x86_64.rpm
	dlm-kernel-largesmp-2.6.9-46.16.0.1.x86_64.rpm
	dlm-kernel-smp-2.6.9-46.16.0.1.x86_64.rpm
	dlm-kernel-xenU-2.6.9-46.16.0.1.x86_64.rpm
	dlm-kernheaders-2.6.9-46.16.0.1.x86_64.rpm
	firefox-1.5.0.12-0.3.el4.i386.rpm
	firefox-1.5.0.12-0.3.el4.x86_64.rpm
	GFS-kernel-2.6.9-72.2.0.2.x86_64.rpm
	GFS-kernel-largesmp-2.6.9-72.2.0.2.x86_64.rpm
	GFS-kernel-smp-2.6.9-72.2.0.2.x86_64.rpm
	GFS-kernel-xenU-2.6.9-72.2.0.2.x86_64.rpm
	GFS-kernheaders-2.6.9-72.2.0.2.x86_64.rpm
	gnbd-kernel-2.6.9-10.20.0.1.x86_64.rpm
	gnbd-kernel-largesmp-2.6.9-10.20.0.1.x86_64.rpm
	gnbd-kernel-smp-2.6.9-10.20.0.1.x86_64.rpm
	gnbd-kernel-xenU-2.6.9-10.20.0.1.x86_64.rpm
	gnbd-kernheaders-2.6.9-10.20.0.1.x86_64.rpm
	httpd-2.0.52-32.3.sl4.x86_64.rpm
	httpd-devel-2.0.52-32.3.sl4.x86_64.rpm
	httpd-manual-2.0.52-32.3.sl4.x86_64.rpm
	httpd-suexec-2.0.52-32.3.sl4.x86_64.rpm
	kernel-2.6.9-55.0.2.EL.x86_64.rpm
	kernel-devel-2.6.9-55.0.2.EL.x86_64.rpm
	kernel-doc-2.6.9-55.0.2.EL.noarch.rpm
	kernel-largesmp-2.6.9-55.0.2.EL.x86_64.rpm
	kernel-largesmp-devel-2.6.9-55.0.2.EL.x86_64.rpm
	kernel-module-fuse-2.6.9-55.0.2.EL-2.5.3-1.SL.x86_64.rpm
	kernel-module-fuse-2.6.9-55.0.2.ELlargesmp-2.5.3-1.SL.x86_64.rpm
	kernel-module-fuse-2.6.9-55.0.2.ELsmp-2.5.3-1.SL.x86_64.rpm
	kernel-module-fuse-2.6.9-55.0.2.ELxenU-2.5.3-1.SL.x86_64.rpm
	kernel-module-ipw3945-2.6.9-55.0.2.EL-1.1.0-1.SL4.x86_64.rpm
	kernel-module-ipw3945-2.6.9-55.0.2.ELlargesmp-1.1.0-1.SL4.x86_64.rpm
	kernel-module-ipw3945-2.6.9-55.0.2.ELsmp-1.1.0-1.SL4.x86_64.rpm
	kernel-module-ipw3945-2.6.9-55.0.2.ELxenU-1.1.0-1.SL4.x86_64.rpm
	kernel-module-madwifi-2.6.9-55.0.2.EL-0.9.3.1-10.sl4.x86_64.rpm
	kernel-module-madwifi-2.6.9-55.0.2.ELlargesmp-0.9.3.1-10.sl4.x86_64.rpm
	kernel-module-madwifi-2.6.9-55.0.2.ELsmp-0.9.3.1-10.sl4.x86_64.rpm
	kernel-module-madwifi-hal-2.6.9-55.0.2.EL-0.9.3.1-10.sl4.x86_64.rpm
	kernel-module-madwifi-hal-2.6.9-55.0.2.ELlargesmp-0.9.3.1-10.sl4.x86_64.rpm
	kernel-module-madwifi-hal-2.6.9-55.0.2.ELsmp-0.9.3.1-10.sl4.x86_64.rpm
	kernel-module-ndiswrapper-2.6.9-55.0.2.EL-1.41-1.SL.x86_64.rpm
	kernel-module-ndiswrapper-2.6.9-55.0.2.ELlargesmp-1.41-1.SL.x86_64.rpm
	kernel-module-ndiswrapper-2.6.9-55.0.2.ELsmp-1.41-1.SL.x86_64.rpm
	kernel-module-ndiswrapper-2.6.9-55.0.2.ELxenU-1.41-1.SL.x86_64.rpm
	kernel-module-openafs-2.6.9-55.0.2.EL-1.4.4-46.SL4.x86_64.rpm
	kernel-module-openafs-2.6.9-55.0.2.ELlargesmp-1.4.4-46.SL4.x86_64.rpm
	kernel-module-openafs-2.6.9-55.0.2.ELsmp-1.4.4-46.SL4.x86_64.rpm
	kernel-module-openafs-2.6.9-55.0.2.ELxenU-1.4.4-46.SL4.x86_64.rpm
	kernel-module-r1000-2.6.9-55.0.2.EL-2.2-2.SL4x.x86_64.rpm
	kernel-module-r1000-2.6.9-55.0.2.ELlargesmp-2.2-2.SL4x.x86_64.rpm
	kernel-module-r1000-2.6.9-55.0.2.ELsmp-2.2-2.SL4x.x86_64.rpm
	kernel-module-r1000-2.6.9-55.0.2.ELxenU-2.2-2.SL4x.x86_64.rpm
	kernel-smp-2.6.9-55.0.2.EL.x86_64.rpm
	kernel-smp-devel-2.6.9-55.0.2.EL.x86_64.rpm
	kernel-xenU-2.6.9-55.0.2.EL.x86_64.rpm
	kernel-xenU-devel-2.6.9-55.0.2.EL.x86_64.rpm
	krb5-devel-1.3.4-49.x86_64.rpm
	krb5-libs-1.3.4-49.i386.rpm
	krb5-libs-1.3.4-49.x86_64.rpm
	krb5-workstation-1.3.4-49.x86_64.rpm
	krb5-server-1.3.4-49.x86_64.rpm
	mod_ssl-2.0.52-32.3.sl4.x86_64.rpm
	perl-Net-DNS-0.48-2.el4.x86_64.rpm
	seamonkey-1.0.9-4.el4.i386.rpm
	seamonkey-1.0.9-4.el4.x86_64.rpm
	seamonkey-chat-1.0.9-4.el4.i386.rpm
	seamonkey-chat-1.0.9-4.el4.x86_64.rpm
	seamonkey-devel-1.0.9-4.el4.x86_64.rpm
	seamonkey-dom-inspector-1.0.9-4.el4.i386.rpm
	seamonkey-dom-inspector-1.0.9-4.el4.x86_64.rpm
	seamonkey-js-debugger-1.0.9-4.el4.i386.rpm
	seamonkey-js-debugger-1.0.9-4.el4.x86_64.rpm
	seamonkey-mail-1.0.9-4.el4.i386.rpm
	seamonkey-mail-1.0.9-4.el4.x86_64.rpm
	seamonkey-nspr-1.0.9-4.el4.i386.rpm
	seamonkey-nspr-1.0.9-4.el4.x86_64.rpm
	seamonkey-nspr-devel-1.0.9-4.el4.x86_64.rpm
	seamonkey-nss-1.0.9-4.el4.i386.rpm
	seamonkey-nss-1.0.9-4.el4.x86_64.rpm
	seamonkey-nss-devel-1.0.9-4.el4.x86_64.rpm
	thunderbird-1.5.0.12-0.3.el4.x86_64.rpm
	xorg-x11-6.8.2-1.EL.19.x86_64.rpm
	xorg-x11-deprecated-libs-6.8.2-1.EL.19.i386.rpm
	xorg-x11-deprecated-libs-6.8.2-1.EL.19.x86_64.rpm
	xorg-x11-deprecated-libs-devel-6.8.2-1.EL.19.x86_64.rpm
	xorg-x11-devel-6.8.2-1.EL.19.i386.rpm
	xorg-x11-devel-6.8.2-1.EL.19.x86_64.rpm
	xorg-x11-doc-6.8.2-1.EL.19.x86_64.rpm
	xorg-x11-font-utils-6.8.2-1.EL.19.x86_64.rpm
	xorg-x11-libs-6.8.2-1.EL.19.i386.rpm
	xorg-x11-libs-6.8.2-1.EL.19.x86_64.rpm
	xorg-x11-Mesa-libGL-6.8.2-1.EL.19.i386.rpm
	xorg-x11-Mesa-libGL-6.8.2-1.EL.19.x86_64.rpm
	xorg-x11-Mesa-libGLU-6.8.2-1.EL.19.i386.rpm
	xorg-x11-Mesa-libGLU-6.8.2-1.EL.19.x86_64.rpm
	xorg-x11-sdk-6.8.2-1.EL.19.x86_64.rpm
	xorg-x11-tools-6.8.2-1.EL.19.x86_64.rpm
	xorg-x11-twm-6.8.2-1.EL.19.x86_64.rpm
	xorg-x11-xauth-6.8.2-1.EL.19.x86_64.rpm
	xorg-x11-xdm-6.8.2-1.EL.19.x86_64.rpm
	xorg-x11-Xdmx-6.8.2-1.EL.19.x86_64.rpm
	xorg-x11-xfs-6.8.2-1.EL.19.x86_64.rpm
	xorg-x11-Xnest-6.8.2-1.EL.19.x86_64.rpm
	xorg-x11-Xvfb-6.8.2-1.EL.19.x86_64.rpm
Fri Jul 27 10:56:30 CDT 2007
	gnome-themes-2.8.0-1.i386.rpm
Wed Aug 1 10:27:48 CDT 2007
	cups-1.1.22-0.rc1.9.20.2.x86_64.rpm
	cups-devel-1.1.22-0.rc1.9.20.2.x86_64.rpm
	cups-libs-1.1.22-0.rc1.9.20.2.i386.rpm
	cups-libs-1.1.22-0.rc1.9.20.2.x86_64.rpm
	gpdf-2.8.2-7.7.x86_64.rpm
	kdegraphics-3.3.1-4.RHEL4.x86_64.rpm
	kdegraphics-devel-3.3.1-4.RHEL4.x86_64.rpm
	xpdf-3.00-12.RHEL4.x86_64.rpm
Wed Aug 1 11:09:17 CDT 2007
	qt-3.3.3-11.RHEL4.i386.rpm
	qt-3.3.3-11.RHEL4.x86_64.rpm
	qt-config-3.3.3-11.RHEL4.x86_64.rpm
	qt-designer-3.3.3-11.RHEL4.x86_64.rpm
	qt-devel-3.3.3-11.RHEL4.x86_64.rpm
	qt-MySQL-3.3.3-11.RHEL4.x86_64.rpm
	qt-ODBC-3.3.3-11.RHEL4.x86_64.rpm
	qt-PostgreSQL-3.3.3-11.RHEL4.x86_64.rpm
	tetex-2.0.2-22.0.1.EL4.8.x86_64.rpm
	tetex-afm-2.0.2-22.0.1.EL4.8.x86_64.rpm
	tetex-doc-2.0.2-22.0.1.EL4.8.x86_64.rpm
	tetex-dvips-2.0.2-22.0.1.EL4.8.x86_64.rpm
	tetex-fonts-2.0.2-22.0.1.EL4.8.x86_64.rpm
	tetex-latex-2.0.2-22.0.1.EL4.8.x86_64.rpm
	tetex-xdvi-2.0.2-22.0.1.EL4.8.x86_64.rpm
Tue Aug 21 10:43:12 CDT 2007
	libgtop2-2.8.0-1.0.2.i386.rpm
	libgtop2-2.8.0-1.0.2.x86_64.rpm
	libgtop2-devel-2.8.0-1.0.2.x86_64.rpm
