


Sun Nov 16 20:32:05 EST 2003
Dataset has changed
Dataset updated
Event count is 47596
File count is 374

Sun Nov 16 20:57:00 EST 2003
Dataset has changed
Dataset updated
Event count is 47596
File count is 374

Sun Nov 16 21:21:51 EST 2003
Dataset has changed
Dataset updated
Event count is 47596
File count is 374

Sun Nov 16 21:46:47 EST 2003
Dataset has changed
Dataset updated
Event count is 47596
File count is 374

Sun Nov 16 22:11:40 EST 2003
Dataset has changed
Dataset updated
Event count is 47596
File count is 374

Sun Nov 16 22:36:32 EST 2003
Dataset has changed
Dataset updated
Event count is 47596
File count is 374

Sun Nov 16 23:01:26 EST 2003
Dataset has changed
Dataset updated
Event count is 47596
File count is 374

Sun Nov 16 23:26:18 EST 2003
Dataset has changed
Dataset updated
Event count is 47596
File count is 374

Sun Nov 16 23:51:15 EST 2003
Dataset has changed
Dataset updated
Event count is 47596
File count is 374

Mon Nov 17 00:16:06 EST 2003
Dataset has changed
Dataset updated
Event count is 47596
File count is 374

Mon Nov 17 00:41:00 EST 2003
Dataset has changed
Dataset updated
Event count is 47596
File count is 374

Mon Nov 17 01:05:52 EST 2003
Dataset has changed
Dataset updated
Event count is 47596
File count is 374

Mon Nov 17 01:30:45 EST 2003
Dataset has changed
Dataset updated
Event count is 47596
File count is 374

Mon Nov 17 01:55:40 EST 2003
Dataset has changed
Dataset updated
Event count is 47596
File count is 374

Mon Nov 17 02:20:32 EST 2003
Dataset has changed
Dataset updated
Event count is 47596
File count is 374

Mon Nov 17 02:45:26 EST 2003
Dataset has changed
Dataset updated
Event count is 47596
File count is 374

Mon Nov 17 03:10:20 EST 2003
Dataset has changed
Dataset updated
Event count is 47596
File count is 374

Mon Nov 17 03:35:14 EST 2003
Dataset has changed
Dataset updated
Event count is 47596
File count is 374

Mon Nov 17 04:00:07 EST 2003
Dataset has changed
Dataset updated
Event count is 47596
File count is 374

Mon Nov 17 04:25:16 EST 2003
Dataset has changed
Dataset updated
Event count is 47596
File count is 374

Mon Nov 17 04:50:12 EST 2003
Dataset has changed
Dataset updated
Event count is 47596
File count is 374

Mon Nov 17 05:15:09 EST 2003
Dataset has changed
Dataset updated
Event count is 47596
File count is 374

Mon Nov 17 05:40:07 EST 2003
Dataset has changed
Dataset updated
Event count is 47596
File count is 374

Mon Nov 17 06:05:08 EST 2003
Dataset has changed
Dataset updated
Event count is 47596
File count is 374

Mon Nov 17 06:30:01 EST 2003
Dataset has changed
Dataset updated
Event count is 47596
File count is 374

Mon Nov 17 06:56:35 EST 2003
Dataset has changed
Dataset updated
Event count is 47596
File count is 374

Mon Nov 17 07:21:31 EST 2003
Dataset has changed
Dataset updated
Event count is 47596
File count is 374

Mon Nov 17 07:46:28 EST 2003
Dataset has changed
Dataset updated
Event count is 47596
File count is 374

Mon Nov 17 08:11:23 EST 2003
Dataset has changed
Dataset updated
Event count is 47596
File count is 374

Mon Nov 17 08:36:18 EST 2003
Dataset has changed
Dataset updated
Event count is 47596
File count is 374

Mon Nov 17 09:01:15 EST 2003
Dataset has changed
Dataset updated
Event count is 47596
File count is 374

Mon Nov 17 09:26:18 EST 2003
Dataset has changed
Dataset updated
Event count is 47596
File count is 374

Mon Nov 17 09:51:15 EST 2003
Dataset has changed
Dataset updated
Event count is 47596
File count is 374

Mon Nov 17 10:16:06 EST 2003
Dataset has changed
Dataset updated
Event count is 47596
File count is 374

Mon Nov 17 10:41:02 EST 2003
Dataset has changed
Dataset updated
Event count is 47596
File count is 374

Mon Nov 17 11:05:58 EST 2003
Dataset has changed
Dataset updated
Event count is 47596
File count is 374

Mon Nov 17 11:30:55 EST 2003
Dataset has changed
Dataset updated
Event count is 47596
File count is 374

Mon Nov 17 11:56:05 EST 2003
Dataset has changed
Dataset updated
Event count is 47596
File count is 374

Mon Nov 17 12:21:01 EST 2003
Dataset has changed
Dataset updated
Event count is 47596
File count is 374

Mon Nov 17 12:45:56 EST 2003
Dataset has changed
Dataset updated
Event count is 47596
File count is 374

Mon Nov 17 13:10:52 EST 2003
Dataset has changed
Dataset updated
Event count is 47596
File count is 374

Mon Nov 17 13:35:48 EST 2003
Dataset has changed
Dataset updated
Event count is 47596
File count is 374

Mon Nov 17 14:00:42 EST 2003
Dataset has changed
Dataset updated
Event count is 47596
File count is 374

Mon Nov 17 14:25:34 EST 2003
Dataset has changed
Dataset updated
Event count is 47596
File count is 374

Mon Nov 17 14:50:26 EST 2003
Dataset has changed
Dataset updated
Event count is 47596
File count is 374

Mon Nov 17 15:15:20 EST 2003
Dataset has changed
Dataset updated
Event count is 47596
File count is 374

Mon Nov 17 15:40:12 EST 2003
Dataset has changed
Dataset updated
Event count is 47596
File count is 374

Mon Nov 17 16:05:05 EST 2003
Dataset has changed
Dataset updated
Event count is 47596
File count is 374

Mon Nov 17 16:29:57 EST 2003
Dataset has changed
Dataset updated
Event count is 47596
File count is 374

Mon Nov 17 16:54:59 EST 2003
Dataset has changed
Dataset updated
Event count is 47596
File count is 374

Mon Nov 17 17:19:53 EST 2003
Dataset has changed
Dataset updated
Event count is 47596
File count is 374

Mon Nov 17 17:44:47 EST 2003
Dataset has changed
Dataset updated
Event count is 47596
File count is 374

Mon Nov 17 18:09:41 EST 2003
Dataset has changed
Dataset updated
Event count is 47596
File count is 374

Mon Nov 17 18:36:57 EST 2003
Dataset has changed
Dataset updated
Event count is 47596
File count is 374

Mon Nov 17 19:01:55 EST 2003
Dataset has changed
Dataset updated
Event count is 47596
File count is 374

Mon Nov 17 19:26:53 EST 2003
Dataset has changed
Dataset updated
Event count is 47596
File count is 374

Mon Nov 17 19:51:51 EST 2003
Dataset has changed
Dataset updated
Event count is 47596
File count is 374




Mon Nov 17 20:30:54 EST 2003
Dataset has changed
Dataset updated
Event count is 47596
File count is 374




Mon Nov 17 20:55:06 EST 2003
Unexpected return from update: "xxx /usatlas/u/dial/datasets/grid3/infiles/higgs.002505.h130_zz_4e_filt4e.recon.infiles.old
xxx /usatlas/u/dial/datasets/grid3/infiles/higgs.002505.h130_zz_4e_filt4e.recon.infiles.new
changed"
Event count is 47596
File count is 374




Mon Nov 17 21:13:32 EST 2003
Dataset is the same
Event count is 47596
File count is 374




Mon Nov 17 21:17:44 EST 2003
Dataset is the same
Event count is 47596
File count is 374

Mon Nov 17 21:35:07 EST 2003
Dataset is the same
Event count is 47596
File count is 374

Mon Nov 17 21:52:29 EST 2003
Dataset is the same
Event count is 47596
File count is 374

Mon Nov 17 22:09:53 EST 2003
Dataset is the same
Event count is 47596
File count is 374

Mon Nov 17 22:27:19 EST 2003
Dataset is the same
Event count is 47596
File count is 374

Mon Nov 17 22:44:40 EST 2003
Dataset is the same
Event count is 47596
File count is 374

Mon Nov 17 23:02:55 EST 2003
Dataset is the same
Event count is 47596
File count is 374

Mon Nov 17 23:20:16 EST 2003
Dataset is the same
Event count is 47596
File count is 374

Mon Nov 17 23:37:37 EST 2003
Dataset is the same
Event count is 47596
File count is 374

Mon Nov 17 23:54:58 EST 2003
Dataset is the same
Event count is 47596
File count is 374

Tue Nov 18 00:12:19 EST 2003
Dataset is the same
Event count is 47596
File count is 374

Tue Nov 18 00:29:39 EST 2003
Dataset is the same
Event count is 47596
File count is 374

Tue Nov 18 00:48:22 EST 2003
Dataset is the same
Event count is 47596
File count is 374

Tue Nov 18 01:05:57 EST 2003
Dataset is the same
Event count is 47596
File count is 374

Tue Nov 18 01:23:22 EST 2003
Dataset is the same
Event count is 47596
File count is 374

Tue Nov 18 01:40:49 EST 2003
Dataset is the same
Event count is 47596
File count is 374

Tue Nov 18 01:58:10 EST 2003
Dataset is the same
Event count is 47596
File count is 374

Tue Nov 18 02:15:27 EST 2003
Dataset is the same
Event count is 47596
File count is 374

Tue Nov 18 02:32:47 EST 2003
Dataset is the same
Event count is 47596
File count is 374

Tue Nov 18 02:50:11 EST 2003
Dataset is the same
Event count is 47596
File count is 374

Tue Nov 18 03:07:32 EST 2003
Dataset is the same
Event count is 47596
File count is 374

Tue Nov 18 03:24:53 EST 2003
Dataset is the same
Event count is 47596
File count is 374

Tue Nov 18 03:42:14 EST 2003
Dataset is the same
Event count is 47596
File count is 374

Tue Nov 18 03:59:53 EST 2003
Dataset is the same
Event count is 47596
File count is 374

Tue Nov 18 04:17:15 EST 2003
Dataset is the same
Event count is 47596
File count is 374

Tue Nov 18 04:34:45 EST 2003
Dataset is the same
Event count is 47596
File count is 374

Tue Nov 18 04:53:00 EST 2003
Dataset is the same
Event count is 47596
File count is 374

Tue Nov 18 05:10:21 EST 2003
Dataset is the same
Event count is 47596
File count is 374

Tue Nov 18 05:27:41 EST 2003
Dataset is the same
Event count is 47596
File count is 374

Tue Nov 18 05:45:03 EST 2003
Dataset is the same
Event count is 47596
File count is 374

Tue Nov 18 06:02:24 EST 2003
Dataset is the same
Event count is 47596
File count is 374

Tue Nov 18 06:19:46 EST 2003
Dataset is the same
Event count is 47596
File count is 374

Tue Nov 18 06:37:10 EST 2003
Dataset is the same
Event count is 47596
File count is 374

Tue Nov 18 06:54:32 EST 2003
Dataset is the same
Event count is 47596
File count is 374

Tue Nov 18 07:11:52 EST 2003
Dataset is the same
Event count is 47596
File count is 374

Tue Nov 18 07:29:14 EST 2003
Dataset is the same
Event count is 47596
File count is 374

Tue Nov 18 07:46:42 EST 2003
Dataset is the same
Event count is 47596
File count is 374

Tue Nov 18 08:04:02 EST 2003
Dataset is the same
Event count is 47596
File count is 374

Tue Nov 18 08:21:23 EST 2003
Dataset is the same
Event count is 47596
File count is 374

Tue Nov 18 08:38:41 EST 2003
Dataset is the same
Event count is 47596
File count is 374

Tue Nov 18 08:56:03 EST 2003
Dataset is the same
Event count is 47596
File count is 374

Tue Nov 18 09:13:33 EST 2003
Dataset is the same
Event count is 47596
File count is 374

Tue Nov 18 09:32:41 EST 2003
Dataset is the same
Event count is 47596
File count is 374

Tue Nov 18 09:49:59 EST 2003
Dataset is the same
Event count is 47596
File count is 374

Tue Nov 18 10:07:19 EST 2003
Dataset is the same
Event count is 47596
File count is 374

Tue Nov 18 10:24:41 EST 2003
Dataset is the same
Event count is 47596
File count is 374

Tue Nov 18 10:42:01 EST 2003
Dataset is the same
Event count is 47596
File count is 374

Tue Nov 18 10:59:31 EST 2003
Dataset is the same
Event count is 47596
File count is 374

Tue Nov 18 11:16:54 EST 2003
Dataset is the same
Event count is 47596
File count is 374

Tue Nov 18 11:34:14 EST 2003
Dataset is the same
Event count is 47596
File count is 374

Tue Nov 18 11:51:35 EST 2003
Dataset is the same
Event count is 47596
File count is 374

Tue Nov 18 12:08:56 EST 2003
Dataset is the same
Event count is 47596
File count is 374

Tue Nov 18 12:26:17 EST 2003
Dataset is the same
Event count is 47596
File count is 374

Tue Nov 18 12:43:40 EST 2003
Dataset is the same
Event count is 47596
File count is 374

Tue Nov 18 13:00:59 EST 2003
Dataset is the same
Event count is 47596
File count is 374

Tue Nov 18 13:19:17 EST 2003
Dataset is the same
Event count is 47596
File count is 374

Tue Nov 18 13:36:46 EST 2003
Dataset is the same
Event count is 47596
File count is 374

Tue Nov 18 13:54:07 EST 2003
Dataset is the same
Event count is 47596
File count is 374

Tue Nov 18 14:11:31 EST 2003
Dataset is the same
Event count is 47596
File count is 374

Tue Nov 18 14:28:56 EST 2003
Dataset is the same
Event count is 47596
File count is 374

Tue Nov 18 14:46:19 EST 2003
Dataset has changed
Dataset updated
Event count is 47720
File count is 375

Tue Nov 18 15:11:50 EST 2003
Dataset has changed
Dataset updated
Event count is 49132
File count is 386

Tue Nov 18 15:38:10 EST 2003
Dataset has changed
Dataset updated
Event count is 50276
File count is 395

Tue Nov 18 16:04:32 EST 2003
Dataset has changed
Dataset updated
Event count is 54439
File count is 428

Tue Nov 18 16:32:45 EST 2003
Dataset has changed
Dataset updated
Event count is 56606
File count is 445

Tue Nov 18 17:01:21 EST 2003
Dataset has changed
Dataset updated
Event count is 61718
File count is 485

Tue Nov 18 17:32:16 EST 2003
Dataset has changed
Dataset updated
Event count is 64818
File count is 509

Tue Nov 18 18:04:03 EST 2003
Dataset has changed
Dataset updated
Event count is 69109
File count is 543

Tue Nov 18 18:37:47 EST 2003
Dataset has changed
Dataset updated
Event count is 74571
File count is 586

Tue Nov 18 19:13:57 EST 2003
Dataset has changed
Dataset updated
Event count is 74571
File count is 586

Tue Nov 18 19:49:08 EST 2003
Dataset has changed
Dataset updated
Event count is 78866
File count is 621

Tue Nov 18 20:27:22 EST 2003
Dataset has changed
Dataset updated
Event count is 83079
File count is 654

Tue Nov 18 21:07:13 EST 2003
Dataset has changed
Dataset updated
Event count is 83079
File count is 654

Tue Nov 18 21:46:21 EST 2003
Dataset has changed
Dataset updated
Event count is 83079
File count is 654

Tue Nov 18 22:25:34 EST 2003
Dataset has changed
Dataset updated
Event count is 83079
File count is 654

Tue Nov 18 23:04:40 EST 2003
Dataset has changed
Dataset updated
Event count is 83079
File count is 654

Tue Nov 18 23:43:47 EST 2003
Dataset has changed
Dataset updated
Event count is 83339
File count is 656

Wed Nov 19 00:23:07 EST 2003
Dataset has changed
Dataset updated
Event count is 83339
File count is 656

Wed Nov 19 01:02:25 EST 2003
Dataset has changed
Dataset updated
Event count is 83339
File count is 656

Wed Nov 19 01:41:39 EST 2003
Dataset has changed
Dataset updated
Event count is 83339
File count is 656

Wed Nov 19 02:20:54 EST 2003
Dataset has changed
Dataset updated
Event count is 83339
File count is 656

Wed Nov 19 03:00:08 EST 2003
Dataset has changed
Dataset updated
Event count is 83339
File count is 656

Wed Nov 19 03:39:23 EST 2003
Dataset has changed
Dataset updated
Event count is 83339
File count is 656

Wed Nov 19 04:18:41 EST 2003
Dataset has changed
Dataset updated
Event count is 83339
File count is 656

Wed Nov 19 04:58:13 EST 2003
Dataset has changed
Dataset updated
Event count is 83339
File count is 656

Wed Nov 19 05:37:30 EST 2003
Dataset has changed
Dataset updated
Event count is 83339
File count is 656

Wed Nov 19 06:16:50 EST 2003
Dataset has changed
Dataset updated
Event count is 83339
File count is 656

Wed Nov 19 06:56:09 EST 2003
Dataset has changed
Dataset updated
Event count is 83339
File count is 656

Wed Nov 19 07:35:26 EST 2003
Dataset has changed
Dataset updated
Event count is 83339
File count is 656

Wed Nov 19 08:14:40 EST 2003
Dataset has changed
Dataset updated
Event count is 83339
File count is 656

Wed Nov 19 08:53:57 EST 2003
Dataset has changed
Dataset updated
Event count is 83339
File count is 656

Wed Nov 19 09:33:12 EST 2003
Dataset has changed
Dataset updated
Event count is 83339
File count is 656

Wed Nov 19 10:12:28 EST 2003
Dataset has changed
Dataset updated
Event count is 83339
File count is 656

Wed Nov 19 10:51:45 EST 2003
Dataset has changed
Dataset updated
Event count is 83339
File count is 656

Wed Nov 19 11:31:00 EST 2003
Dataset has changed
Dataset updated
Event count is 83339
File count is 656

Wed Nov 19 12:10:12 EST 2003
Dataset has changed
Dataset updated
Event count is 83339
File count is 656

Wed Nov 19 12:49:56 EST 2003
Dataset has changed
Dataset updated
Event count is 83339
File count is 656

Wed Nov 19 13:29:18 EST 2003
Dataset has changed
Dataset updated
Event count is 83339
File count is 656

Wed Nov 19 14:09:18 EST 2003
Dataset has changed
Dataset updated
Event count is 83339
File count is 656

Wed Nov 19 14:48:54 EST 2003
Dataset has changed
Dataset updated
Event count is 83339
File count is 656

Wed Nov 19 15:28:08 EST 2003
Dataset has changed
Dataset updated
Event count is 83339
File count is 656

Wed Nov 19 16:07:09 EST 2003
Dataset has changed
Dataset updated
Event count is 83339
File count is 656

Wed Nov 19 16:46:21 EST 2003
Dataset has changed
Dataset updated
Event count is 83339
File count is 656

Wed Nov 19 17:25:39 EST 2003
Dataset has changed
Dataset updated
Event count is 83339
File count is 656

Wed Nov 19 18:04:54 EST 2003
Dataset has changed
Dataset updated
Event count is 83339
File count is 656

Wed Nov 19 18:44:10 EST 2003
Dataset has changed
Dataset updated
Event count is 83339
File count is 656

Wed Nov 19 19:23:29 EST 2003
Dataset has changed
Dataset updated
Event count is 83339
File count is 656

Wed Nov 19 20:02:48 EST 2003
Dataset has changed
Dataset updated
Event count is 83339
File count is 656

Wed Nov 19 20:42:04 EST 2003
Dataset has changed
Dataset updated
Event count is 83339
File count is 656

Wed Nov 19 21:21:17 EST 2003
Dataset has changed
Dataset updated
Event count is 83339
File count is 656

Wed Nov 19 22:00:29 EST 2003
Dataset has changed
Dataset updated
Event count is 83339
File count is 656

Wed Nov 19 22:39:55 EST 2003
Dataset has changed
Dataset updated
Event count is 83339
File count is 656

Wed Nov 19 23:19:07 EST 2003
Dataset has changed
Dataset updated
Event count is 83339
File count is 656

Wed Nov 19 23:58:22 EST 2003
Dataset has changed
Dataset updated
Event count is 83339
File count is 656

Thu Nov 20 00:37:38 EST 2003
Dataset has changed
Dataset updated
Event count is 83339
File count is 656

Thu Nov 20 01:17:44 EST 2003
Dataset has changed
Dataset updated
Event count is 83339
File count is 656

Thu Nov 20 01:56:58 EST 2003
Dataset has changed
Dataset updated
Event count is 83339
File count is 656

Thu Nov 20 02:36:11 EST 2003
Dataset has changed
Dataset updated
Event count is 83339
File count is 656

Thu Nov 20 03:15:24 EST 2003
Dataset has changed
Dataset updated
Event count is 83339
File count is 656

Thu Nov 20 03:54:40 EST 2003
Dataset has changed
Dataset updated
Event count is 83339
File count is 656

Thu Nov 20 04:34:06 EST 2003
Dataset has changed
Dataset updated
Event count is 83339
File count is 656

Thu Nov 20 05:13:36 EST 2003
Dataset has changed
Dataset updated
Event count is 83339
File count is 656

Thu Nov 20 05:52:51 EST 2003
Dataset has changed
Dataset updated
Event count is 83339
File count is 656

Thu Nov 20 06:32:07 EST 2003
Dataset has changed
Dataset updated
Event count is 83339
File count is 656

Thu Nov 20 07:11:22 EST 2003
Dataset has changed
Dataset updated
Event count is 83339
File count is 656

Thu Nov 20 07:50:37 EST 2003
Dataset has changed
Dataset updated
Event count is 83339
File count is 656

Thu Nov 20 08:29:59 EST 2003
Dataset has changed
Dataset updated
Event count is 83339
File count is 656

Thu Nov 20 09:09:13 EST 2003
Dataset has changed
Dataset updated
Event count is 83339
File count is 656

Thu Nov 20 09:54:54 EST 2003
Dataset has changed
Dataset updated
Event count is 83339
File count is 656

Thu Nov 20 10:34:08 EST 2003
Dataset has changed
Dataset updated
Event count is 83339
File count is 656

Thu Nov 20 11:13:18 EST 2003
Dataset has changed




Thu Nov 20 11:36:18 EST 2003
Dataset is the same
Event count is 83339
File count is 656

Thu Nov 20 11:53:52 EST 2003
Dataset has changed
Dataset updated
Event count is 83339
File count is 656

Thu Nov 20 12:33:16 EST 2003
Dataset has changed
Dataset updated
Event count is 83339
File count is 656

Thu Nov 20 13:12:32 EST 2003
Dataset has changed
Dataset updated
Event count is 83339
File count is 656

Thu Nov 20 13:51:52 EST 2003
Dataset has changed
Dataset updated
Event count is 83339
File count is 656

Thu Nov 20 14:31:27 EST 2003
Dataset has changed
Dataset updated
Event count is 83339
File count is 656

Thu Nov 20 15:11:21 EST 2003
Dataset has changed
Dataset updated
Event count is 83339
File count is 656

Thu Nov 20 15:50:40 EST 2003
Dataset has changed
Dataset updated
Event count is 83339
File count is 656
