This is TeX, Version 3.14159 (Web2C 7.2) (format=latex 1999.11.4)  17 OCT 2003 16:20
**./images.tex
(./images.tex
LaTeX2e <1998/06/01>

(/opt/local/share/texmf/tex/latex/base/latex209.def
File: latex209.def 1998/05/13 v0.52 Standard LaTeX file

          Entering LaTeX 2.09 COMPATIBILITY MODE
 *************************************************************
    !!WARNING!!    !!WARNING!!    !!WARNING!!    !!WARNING!!   
 
 This mode attempts to provide an emulation of the LaTeX 2.09
 author environment so that OLD documents can be successfully
 processed. It should NOT be used for NEW documents!
 
 New documents should use Standard LaTeX conventions and start
 with the \documentclass command.
 
 Compatibility mode is UNLIKELY TO WORK with LaTeX 2.09 style
 files that change any internal macros, especially not with
 those that change the FONT SELECTION or OUTPUT ROUTINES.
 
 Therefore such style files MUST BE UPDATED to use
          Current Standard LaTeX: LaTeX2e.
 If you suspect that you may be using such a style file, which
 is probably very, very old by now, then you should attempt to
 get it updated by sending a copy of this error message to the
 author of that file.
 *************************************************************

\footheight=\dimen102
\@maxsep=\dimen103
\@dblmaxsep=\dimen104
\@cla=\count79
\@clb=\count80
\mscount=\count81
(/opt/local/share/texmf/tex/latex/base/tracefnt.sty
Package: tracefnt 1997/05/29 v3.0j Standard LaTeX package (font tracing)
\tracingfonts=\count82
LaTeX Info: Redefining \selectfont on input line 139.
)
\symbold=\mathgroup4
\symsans=\mathgroup5
\symtypewriter=\mathgroup6
\symitalic=\mathgroup7
\symsmallcaps=\mathgroup8
\symslanted=\mathgroup9
LaTeX Font Info:    Redeclaring math alphabet \mathbf on input line 331.
LaTeX Font Info:    Redeclaring math alphabet \mathsf on input line 332.
LaTeX Font Info:    Redeclaring math alphabet \mathtt on input line 333.
LaTeX Font Info:    Redeclaring math alphabet \mathit on input line 339.
LaTeX Info: Redefining \em on input line 349.
(/opt/local/share/texmf/tex/latex/base/latexsym.sty
Package: latexsym 1996/11/20 v2.2d Standard LaTeX package (lasy symbols)
\symlasy=\mathgroup10
LaTeX Font Info:    Overwriting symbol font `lasy' in version `bold'
(Font)                  U/lasy/m/n --> U/lasy/b/n on input line 85.
)
LaTeX Font Info:    Redeclaring math delimiter \lgroup on input line 413.
LaTeX Font Info:    Redeclaring math delimiter \rgroup on input line 415.
LaTeX Font Info:    Redeclaring math delimiter \bracevert on input line 417.
(/opt/local/share/texmf/tex/latex/config/latex209.cfg (/opt/local/share/texmf/t
ex/latex/tools/rawfonts.sty
Compatibility mode: package `' requested, but `rawfonts' provided.
Package: rawfonts 1994/05/08 Low-level LaTeX 2.09 font compatibility
(/opt/local/share/texmf/tex/latex/tools/somedefs.sty
Package: somedefs 1994/06/01 Toolkit for optional definitions
)
LaTeX Font Info:    Try loading font information for U+lasy on input line 36.
(/opt/local/share/texmf/tex/latex/base/ulasy.fd
File: ulasy.fd 1996/11/20 v2.2dLaTeX symbol font definitions
)))) (/opt/local/share/texmf/tex/latex/base/article.cls
Document Class: article 1998/05/05 v1.3y Standard LaTeX document class
(/opt/local/share/texmf/tex/latex/base/size11.clo
File: size11.clo 1998/05/05 v1.3y Standard LaTeX file (size option)
)
\c@part=\count83
\c@section=\count84
\c@subsection=\count85
\c@subsubsection=\count86
\c@paragraph=\count87
\c@subparagraph=\count88
\c@figure=\count89
\c@table=\count90
\abovecaptionskip=\skip41
\belowcaptionskip=\skip42
Compatibility mode: definition of \rm ignored.
Compatibility mode: definition of \sf ignored.
Compatibility mode: definition of \tt ignored.
Compatibility mode: definition of \bf ignored.
Compatibility mode: definition of \it ignored.
Compatibility mode: definition of \sl ignored.
Compatibility mode: definition of \sc ignored.
LaTeX Info: Redefining \cal on input line 542.
LaTeX Info: Redefining \mit on input line 543.
\bibindent=\dimen105
) (/home/helios8/SOLIDAY/oag/apps/src/elegant/doc/html.sty) (/opt/local/share/t
exmf/tex/latex/base/ifthen.sty
Package: ifthen 1997/11/02 v1.0n Standard LaTeX ifthen package (DPC)
)

! LaTeX Error: LaTeX2e command \usepackage in LaTeX 2.09 document.

See the LaTeX manual or LaTeX Companion for explanation.
Type  H <return>  for immediate help.
 ...                                              
                                                  
l.18 \usepackage
                []{inputenc}
This is a LaTeX 2.09 document, but it contains \usepackage.
If you want to use the new features of LaTeX2e, your document
should begin with \documentclass rather than \documentstyle


! LaTeX Error: \usepackage before \documentclass.

See the LaTeX manual or LaTeX Companion for explanation.
Type  H <return>  for immediate help.
 ...                                              
                                                  
l.18 \usepackage[]{
                   inputenc}
\usepackage may only appear in the document preamble, i.e.,
between \documentclass and \begin{document}.

\sizebox=\box26
\lthtmlwrite=\write3
(images.aux (/home/helios8/SOLIDAY/oag/apps/src/elegant/doc/dictionary.aux))
\openout1 = `images.aux'.

LaTeX Font Info:    Checking defaults for OML/cmm/m/it on input line 113.
LaTeX Font Info:    ... okay on input line 113.
LaTeX Font Info:    Checking defaults for T1/cmr/m/n on input line 113.
LaTeX Font Info:    ... okay on input line 113.
LaTeX Font Info:    Checking defaults for OT1/cmr/m/n on input line 113.
LaTeX Font Info:    ... okay on input line 113.
LaTeX Font Info:    Checking defaults for OMS/cmsy/m/n on input line 113.
LaTeX Font Info:    ... okay on input line 113.
LaTeX Font Info:    Checking defaults for OMX/cmex/m/n on input line 113.
LaTeX Font Info:    ... okay on input line 113.
LaTeX Font Info:    Checking defaults for U/cmr/m/n on input line 113.
LaTeX Font Info:    ... okay on input line 113.

latex2htmlLength hsize=349.0pt

latex2htmlLength vsize=680.13506pt

latex2htmlLength hoffset=0.0pt

latex2htmlLength voffset=0.0pt

latex2htmlLength topmargin=0.0pt

latex2htmlLength topskip=0.00003pt

latex2htmlLength headheight=0.0pt

latex2htmlLength headsep=0.0pt

latex2htmlLength parskip=0.0pt plus 1.0pt

latex2htmlLength oddsidemargin=0.0pt

latex2htmlLength evensidemargin=0.0pt

LaTeX Font Info:    External font `cmex10' loaded for size
(Font)              <10.95> on input line 141.
LaTeX Font Info:    External font `cmex10' loaded for size
(Font)              <8> on input line 141.
LaTeX Font Info:    External font `cmex10' loaded for size
(Font)              <6> on input line 141.
l2hSize :tex2html_wrap_inline1087:7.57185pt::7.57185pt::12.83704pt.
[1



]
l2hSize :tex2html_wrap_inline1089:7.57185pt::7.57185pt::12.54074pt.
[2


]
l2hSize :tex2html_wrap_inline1091:7.57185pt::7.57185pt::11.6096pt.
[3


]
l2hSize :tex2html_wrap_inline1093:8.91812pt::8.91812pt::72.02966pt.
[4


]
l2hSize :tex2html_wrap_inline1095:7.60416pt::0.0pt::5.8286pt.
[5


]
l2hSize :tex2html_wrap_inline1097:8.7125pt::8.7125pt::34.80179pt.
[6


]
l2hSize :tex2html_wrap_inline1099:8.10416pt::8.10416pt::7.31905pt.
[7


]
l2hSize :tex2html_wrap_inline1101:7.07185pt::0.0pt::7.59279pt.
[8


]
l2hSize :tex2html_wrap_inline1103:7.57185pt::7.57185pt::6.37741pt.
[9


]
l2hSize :tex2html_wrap_inline1105:8.91812pt::8.91812pt::9.18297pt.
[10


]
l2hSize :tex2html_wrap_inline1107:7.60416pt::0.0pt::5.8286pt.
[11


]
l2hSize :tex2html_wrap_inline1109:8.10416pt::8.10416pt::40.90887pt.
[12


]
l2hSize :tex2html_wrap_inline1111:8.10416pt::8.10416pt::40.12447pt.
[13


]
l2hSize :tex2html_wrap_inline1115:8.7125pt::8.7125pt::53.58409pt.
[14


]
l2hSize :tex2html_wrap_inline1117:10.41522pt::10.41522pt::114.27193pt.
[15


]
l2hSize :tex2html_wrap_inline1119:7.98248pt::7.98248pt::37.93678pt.
[16


]
l2hSize :tex2html_wrap_inline1121:7.57185pt::7.57185pt::32.4189pt.
[17


]
l2hSize :tex2html_wrap_inline1123:7.98248pt::7.98248pt::29.23186pt.
[18


]
l2hSize :tex2html_wrap_inline1127:9.61946pt::9.61946pt::31.23029pt.
[19


]
l2hSize :tex2html_wrap_inline1129:10.14072pt::10.14072pt::76.75058pt.
[20


]
l2hSize :tex2html_wrap_inline1131:7.98248pt::7.98248pt::14.59749pt.
[21


]
l2hSize :tex2html_wrap_inline1133:8.7125pt::8.7125pt::78.32292pt.
[22


]
l2hSize :tex2html_wrap_inline1135:7.57185pt::7.57185pt::6.47879pt.
[23


]
l2hSize :tex2html_wrap_inline1137:9.62923pt::9.62923pt::71.38412pt.
[24


]
l2hSize :tex2html_wrap_inline1139:7.48248pt::0.0pt::46.67313pt.
[25


]
l2hSize :tex2html_wrap_inline1143:7.98248pt::7.98248pt::37.42256pt.
[26


]
l2hSize :tex2html_wrap_inline1145:9.62923pt::9.62923pt::101.20384pt.
[27


]
l2hSize :tex2html_wrap_inline1147:7.98248pt::7.98248pt::37.42256pt.
[28


]
l2hSize :tex2html_wrap_inline1149:9.62923pt::9.62923pt::101.20384pt.
[29


]
l2hSize :tex2html_wrap_inline1151:8.7125pt::8.7125pt::79.17462pt.
[30


]
l2hSize :tex2html_wrap_inline1153:8.91812pt::8.91812pt::35.59473pt.
[31


]
l2hSize :tex2html_wrap_inline1155:8.91812pt::8.91812pt::35.7468pt.
[32


]
l2hSize :tex2html_wrap_inline1157:8.10416pt::8.10416pt::34.27977pt.
[33


]
l2hSize :tex2html_wrap_inline1159:8.7125pt::8.7125pt::89.425pt.
[34


]
l2hSize :tex2html_wrap_inline1161:8.10416pt::8.10416pt::41.80316pt.
[35


]
l2hSize :tex2html_wrap_inline1163:8.10416pt::8.10416pt::42.84636pt.
[36


]
l2hSize :tex2html_wrap_inline1165:8.7125pt::8.7125pt::54.90028pt.
[37


]
l2hSize :tex2html_wrap_inline1167:9.52922pt::0.0pt::9.07542pt.
[38


]
l2hSize :tex2html_wrap_inline1169:8.10416pt::8.10416pt::13.59651pt.
[39


]
l2hSize :tex2html_wrap_inline1171:10.94858pt::10.94858pt::45.66371pt.
[40


]
l2hSize :tex2html_wrap_inline1173:8.10416pt::8.10416pt::13.59651pt.
[41


]
l2hSize :tex2html_wrap_inline1175:8.7125pt::8.7125pt::28.80841pt.
[42


]
l2hSize :tex2html_wrap_inline1177:9.62923pt::9.62923pt::38.30853pt.
[43


]
l2hSize :tex2html_wrap_inline1179:9.62923pt::9.62923pt::38.30853pt.
[44


]
l2hSize :tex2html_wrap_inline1181:10.94858pt::10.94858pt::12.50179pt.
[45


]
l2hSize :tex2html_wrap_inline1185:9.62923pt::9.62923pt::114.18102pt.
[46


]
l2hSize :tex2html_wrap_inline1187:8.7125pt::8.7125pt::20.45145pt.
[47


]
l2hSize :tex2html_wrap_inline1189:9.62923pt::9.62923pt::98.72276pt.
[48


]
l2hSize :tex2html_wrap_inline1191:9.52922pt::0.0pt::15.648pt.
[49


]
l2hSize :tex2html_wrap_inline1197:8.7125pt::8.7125pt::25.18507pt.
[50


]
l2hSize :tex2html_wrap_inline1199:9.12923pt::0.0pt::16.2476pt.
[51


]
l2hSize :tex2html_wrap_inline1203:10.94858pt::10.94858pt::49.8901pt.
[52


]
l2hSize :tex2html_wrap_inline1207:10.94858pt::10.94858pt::12.44995pt.
[53


]
\descwidth=\skip43
l2hSize :tex2html_wrap_inline3198:7.57185pt::7.57185pt::9.06422pt.
[54


]
l2hSize :tex2html_wrap_inline3200:7.57185pt::7.57185pt::9.06422pt.
[55


]
l2hSize :tex2html_wrap_inline3206:7.48248pt::0.0pt::12.3644pt.
[56


]
l2hSize :tex2html_wrap_inline3224:7.48248pt::0.0pt::34.1138pt.
[57


]
l2hSize :tex2html_wrap_inline3234:7.48248pt::0.0pt::26.5287pt.
[58


]
l2hSize :tex2html_wrap_inline3238:9.62923pt::9.62923pt::27.45613pt.
[59


]
l2hSize :tex2html_wrap_inline3240:7.48248pt::0.0pt::7.89314pt.
[60


]
l2hSize :tex2html_wrap_inline3260:7.48248pt::0.0pt::9.36836pt.
[61


]
l2hSize :tex2html_wrap_inline3278:8.7125pt::8.7125pt::3.5892pt.
[62


]
l2hSize :tex2html_wrap_inline3290:7.48248pt::0.0pt::9.15694pt.
[63


]
l2hSize :tex2html_wrap_inline3298:9.62923pt::9.62923pt::27.45613pt.
[64


]
l2hSize :tex2html_wrap_inline3300:9.62923pt::9.62923pt::27.45613pt.
[65


]
l2hSize :tex2html_wrap_inline3302:9.62923pt::9.62923pt::27.45613pt.
[66


]
l2hSize :tex2html_wrap_inline3304:9.62923pt::9.62923pt::27.45613pt.
[67


]
l2hSize :tex2html_wrap_inline3312:8.7125pt::8.7125pt::22.70607pt.
[68


]
l2hSize :tex2html_wrap_inline3401:10.85968pt::10.85968pt::157.8761pt.
[69


]
l2hSize :tex2html_wrap_inline3403:10.39302pt::10.39302pt::145.8163pt.
[70


]
l2hSize :tex2html_wrap_inline3758:7.07185pt::0.0pt::6.02254pt.
[71


]
l2hSize :tex2html_wrap_inline3874:9.12923pt::0.0pt::25.72386pt.
[72


]
l2hSize :tex2html_wrap_inline3876:7.48248pt::0.0pt::20.9738pt.
[73


]
l2hSize :tex2html_wrap_inline3963:8.7125pt::8.7125pt::67.06337pt.
[74


]
l2hSize :tex2html_wrap_inline3965:7.98248pt::7.98248pt::22.95699pt.
[75


]
l2hSize :tex2html_wrap_inline3967:7.07185pt::0.0pt::7.1201pt.
[76


]
l2hSize :tex2html_wrap_inline3969:8.7125pt::8.7125pt::26.76926pt.
[77


]
l2hSize :tex2html_wrap_inline3971:7.98248pt::7.98248pt::19.729pt.
[78


]
l2hSize :tex2html_wrap_inline3979:7.48248pt::0.0pt::18.7975pt.
[79


]
l2hSize :tex2html_wrap_inline4013:9.62923pt::9.62923pt::52.4776pt.
[80


]
l2hSize :tex2html_wrap_inline4015:8.10416pt::8.10416pt::27.39397pt.
[81


]
l2hSize :tex2html_wrap_inline4101:9.62923pt::9.62923pt::64.21083pt.
[82


]
l2hSize :tex2html_wrap_inline4103:9.62923pt::9.62923pt::63.71405pt.
[83


]
l2hSize :tex2html_wrap_inline4133:9.44032pt::0.0pt::52.95155pt.
[84


]
l2hSize :tex2html_wrap_inline4151:7.48248pt::0.0pt::8.46729pt.
[85


]
l2hSize :tex2html_wrap_inline4247:11.83746pt::11.83746pt::68.48769pt.
[86


]
l2hSize :tex2html_wrap_inline4249:7.07185pt::0.0pt::30.2367pt.
[87


]
l2hSize :tex2html_wrap_inline4257:7.07185pt::0.0pt::30.2367pt.
[88


]
l2hSize :tex2html_wrap_inline4261:10.47366pt::10.47366pt::83.95738pt.
[89


]
l2hSize :tex2html_wrap_inline4403:7.07185pt::0.0pt::30.2367pt.
[90


]
l2hSize :tex2html_wrap_inline4521:7.48248pt::0.0pt::29.24715pt.
[91


]
l2hSize :tex2html_wrap_inline4523:9.62923pt::9.62923pt::40.67366pt.
[92


]
l2hSize :tex2html_wrap_inline4612:9.96692pt::9.96692pt::7.19759pt.
[93


]
l2hSize :tex2html_wrap_inline4614:7.98248pt::7.98248pt::39.1694pt.
[94


]
l2hSize :tex2html_wrap_inline4616:7.98248pt::7.98248pt::14.2277pt.
[95


]
l2hSize :tex2html_wrap_inline4618:7.98248pt::7.98248pt::30.65273pt.
[96


]
l2hSize :tex2html_wrap_inline4622:9.62923pt::9.62923pt::32.04782pt.
[97


]
l2hSize :tex2html_wrap_inline4624:9.12923pt::0.0pt::16.2476pt.
[98


]
l2hSize :tex2html_wrap_inline4626:9.62923pt::9.62923pt::30.74118pt.
[99


]
l2hSize :tex2html_wrap_inline4630:11.63855pt::11.63855pt::111.20341pt.
[100


]
l2hSize :tex2html_wrap_inline4634:10.30412pt::10.30412pt::63.309pt.
[101


]
l2hSize :tex2html_wrap_inline4636:14.85971pt::14.85971pt::54.11502pt.
[102


]
l2hSize :tex2html_wrap_inline4638:7.57185pt::7.57185pt::9.93083pt.
[103


]
l2hSize :tex2html_wrap_inline4642:7.48248pt::0.0pt::10.53938pt.
[104


]
l2hSize :tex2html_wrap_inline4644:8.7125pt::8.7125pt::65.86668pt.
[105


]
l2hSize :tex2html_wrap_inline4646:8.7125pt::8.7125pt::24.12042pt.
[106


]
l2hSize :tex2html_wrap_inline4648:7.60416pt::0.0pt::5.99211pt.
[107


]
l2hSize :tex2html_wrap_inline4650:12.52745pt::12.52745pt::106.67969pt.
[108


]
l2hSize :tex2html_wrap_inline4652:8.10416pt::8.10416pt::10.29634pt.
[109


]
l2hSize :tex2html_wrap_inline4654:13.53198pt::13.53198pt::81.99803pt.
[110


]
l2hSize :tex2html_wrap_inline4656:7.48248pt::0.0pt::9.10983pt.
[111


]
l2hSize :tex2html_wrap_inline4658:8.7125pt::8.7125pt::22.44753pt.
[112


]
l2hSize :tex2html_wrap_inline4660:7.07185pt::0.0pt::6.80576pt.
[113


]
l2hSize :tex2html_wrap_inline4662:10.36691pt::10.36691pt::64.9852pt.
[114


]
l2hSize :tex2html_wrap_inline4664:7.48248pt::0.0pt::7.99962pt.
[115


]
l2hSize :tex2html_wrap_inline4666:7.48248pt::0.0pt::9.2619pt.
[116


]
l2hSize :tex2html_wrap_inline4668:9.97366pt::0.0pt::42.66847pt.
[117


]
l2hSize :tex2html_wrap_inline4678:7.48248pt::0.0pt::27.24118pt.
[118


]
l2hSize :tex2html_wrap_inline4680:7.48248pt::0.0pt::16.11325pt.
[119


]
l2hSize :tex2html_wrap_inline4686:8.7125pt::8.7125pt::16.63034pt.
[120


]
l2hSize :tex2html_wrap_inline4710:7.48248pt::0.0pt::20.28415pt.
[121


]
l2hSize :displaymath4763:27.3301pt::0.0pt::349.0pt.
[122


]
l2hSize :tex2html_wrap_inline4814:7.98248pt::7.98248pt::15.06389pt.
[123


]
l2hSize :tex2html_wrap_inline4816:7.07185pt::0.0pt::27.19502pt.
[124


]
l2hSize :tex2html_wrap_inline4818:7.07185pt::0.0pt::27.19502pt.
[125


]
l2hSize :displaymath4770:26.26054pt::0.0pt::349.0pt.
[126


]
l2hSize :tex2html_wrap_inline4822:7.07185pt::0.0pt::5.79189pt.
[127


]
l2hSize :tex2html_wrap_inline5264:7.60416pt::0.0pt::25.12726pt.
[128


]
l2hSize :tex2html_wrap_inline5547:8.7125pt::8.7125pt::43.21223pt.
[129


]
l2hSize :tex2html_wrap_inline5557:7.07185pt::0.0pt::10.16177pt.
[130


]
l2hSize :tex2html_wrap_inline5563:7.57185pt::7.57185pt::19.34357pt.
[131


]
l2hSize :tex2html_wrap_inline5721:10.22644pt::10.22644pt::46.7893pt.
[132


]
l2hSize :tex2html_wrap_inline5723:7.98248pt::7.98248pt::10.97153pt.
[133


]
l2hSize :tex2html_wrap_inline5725:7.22179pt::0.0pt::4.31995pt.
[134


]
l2hSize :tex2html_wrap_inline5727:7.57185pt::7.57185pt::66.64024pt.
[135


]
l2hSize :tex2html_wrap_inline5729:7.57185pt::7.57185pt::66.64024pt.
[136


]
l2hSize :tex2html_wrap_inline5798:10.22644pt::10.22644pt::47.58545pt.
[137


]
l2hSize :tex2html_wrap_inline5800:7.98248pt::7.98248pt::11.76767pt.
[138


]
l2hSize :tex2html_wrap_inline5804:10.22644pt::10.22644pt::36.36531pt.
[139


]
l2hSize :tex2html_wrap_inline5846:8.7125pt::8.7125pt::40.2165pt.
[140


]
l2hSize :tex2html_wrap_inline5952:8.7125pt::8.7125pt::28.64485pt.
[141


]
l2hSize :tex2html_wrap_inline5954:8.7125pt::8.7125pt::28.34856pt.
[142


]
l2hSize :tex2html_wrap_inline5956:7.98248pt::7.98248pt::15.4712pt.
[143


]
l2hSize :tex2html_wrap_inline5958:7.57185pt::7.57185pt::5.82863pt.
[144


]
l2hSize :tex2html_wrap_inline5962:7.57185pt::7.57185pt::6.30898pt.
[145


]
l2hSize :tex2html_wrap_inline5964:7.57185pt::7.57185pt::25.90355pt.
[146


]
l2hSize :tex2html_wrap_inline5966:8.91812pt::8.91812pt::37.83412pt.
[147


]
l2hSize :tex2html_wrap_inline5968:7.07185pt::0.0pt::4.50171pt.
[148


]
l2hSize :tex2html_wrap_inline5970:8.7125pt::8.7125pt::48.017pt.
[149


]
l2hSize :tex2html_wrap_inline5972:7.07185pt::0.0pt::24.57663pt.
[150


]
l2hSize :tex2html_wrap_inline5976:8.7125pt::8.7125pt::22.2361pt.
[151


]
l2hSize :tex2html_wrap_inline5994:8.7125pt::8.7125pt::24.83522pt.
[152


]
l2hSize :tex2html_wrap_inline6214:8.7125pt::8.7125pt::24.88092pt.
[153


]
l2hSize :tex2html_wrap_inline6220:8.10416pt::8.10416pt::35.74461pt.
[154


]
l2hSize :tex2html_wrap_inline6222:7.57185pt::7.57185pt::26.13579pt.
[155


]
l2hSize :tex2html_wrap_inline6224:7.57185pt::7.57185pt::20.57175pt.
[156


]
l2hSize :tex2html_wrap_inline6226:7.57185pt::7.57185pt::21.81998pt.
[157


]
l2hSize :tex2html_wrap_inline6228:7.57185pt::7.57185pt::55.22746pt.
[158


]
l2hSize :tex2html_wrap_inline6234:7.98248pt::7.98248pt::47.03421pt.
[159


]
l2hSize :tex2html_wrap_inline6236:7.98248pt::7.98248pt::48.28244pt.
[160


]
l2hSize :tex2html_wrap_inline6238:7.48248pt::0.0pt::13.62672pt.
[161


]
l2hSize :displaymath6318:26.22253pt::0.0pt::349.0pt.
[162


]
l2hSize :tex2html_wrap_inline6342:9.95404pt::9.95404pt::42.03658pt.
[163


]
l2hSize :tex2html_wrap_inline6344:8.7125pt::8.7125pt::86.07661pt.
[164


]
l2hSize :displaymath6324:28.17738pt::0.0pt::349.0pt.
[165


]
l2hSize :tex2html_wrap_inline6350:7.98248pt::7.98248pt::13.29234pt.
[166


]
l2hSize :tex2html_wrap_inline6352:7.60416pt::0.0pt::30.26006pt.
[167


]
l2hSize :tex2html_wrap_inline6354:7.98248pt::7.98248pt::9.2041pt.
[168


]
l2hSize :tex2html_wrap_inline6356:7.57185pt::7.57185pt::11.93521pt.
[169


]
l2hSize :tex2html_wrap_inline6358:7.07185pt::0.0pt::7.75627pt.
[170


]
l2hSize :tex2html_wrap_inline6360:8.7125pt::8.7125pt::54.99716pt.
[171


]
l2hSize :tex2html_wrap_inline6466:8.7125pt::8.7125pt::37.02116pt.
[172


]
l2hSize :displaymath6392:28.17738pt::0.0pt::349.0pt.
[173


]
l2hSize :tex2html_wrap_inline6472:8.7125pt::8.7125pt::45.3493pt.
[174


]
l2hSize :tex2html_wrap_inline6482:9.12923pt::0.0pt::15.02266pt.
[175


]
l2hSize :tex2html_wrap_inline6484:7.98248pt::7.98248pt::11.1608pt.
[176


]
l2hSize :tex2html_wrap_inline6486:7.98248pt::7.98248pt::50.27739pt.
[177


] (images.aux) ) 
Here is how much of TeX's memory you used:
 704 strings out of 10978
 7697 string characters out of 73653
 48721 words of memory out of 263001
 3588 multiletter control sequences out of 10000+0
 22500 words of font info for 84 fonts, out of 200000 for 1000
 14 hyphenation exceptions out of 1000
 21i,4n,20p,313b,217s stack positions out of 300i,100n,500p,30000b,4000s

Output written on images.dvi (177 pages, 26188 bytes).
