
 --- 10:59:11 4/2/96 top of scan loop ---
960 MegaBytes free disk space on drive C
samples per pixel=1
bits per sample=8
image startX=0, startY=0, width=2544, length=3392
photometric interpretation=0
ISIS output pipe is: ""
C:\TMP\FPRA\09660009\00000001.JPG 4/2/96 10:59:11 clip=0,255 quant=0,0 SCANJPEG1.04 VT-Compress2.01
jpeg luminance   quantization=0
jpeg chrominance quantization=0 (higher values give greater compression)
scan: 35, convert/display: 0, compress: 14, total: 49 seconds
25.5 compression factor, 338371 bytes file size
bright clip=191, dark clip=100
output file name will be: "C:\TMP\FPRA\09660009\00000002.JPG"

 --- 11:00:17 4/2/96 top of scan loop ---
959 MegaBytes free disk space on drive C
samples per pixel=1
bits per sample=8
image startX=0, startY=0, width=2544, length=4056
photometric interpretation=0
ISIS output pipe is: ""
C:\TMP\FPRA\09660009\00000002.JPG 4/2/96 11:00:17 clip=0,255 quant=0,0 SCANJPEG1.04 VT-Compress2.01
jpeg luminance   quantization=0
jpeg chrominance quantization=0 (higher values give greater compression)
scan: 40, convert/display: 0, compress: 17, total: 57 seconds (CANCELED SCAN)
output file name will be: "C:\TMP\FPRA\09660009\00000002.JPG"

 --- 11:01:25 4/2/96 top of scan loop ---
959 MegaBytes free disk space on drive C
samples per pixel=1
bits per sample=8
image startX=0, startY=0, width=2544, length=3936
photometric interpretation=0
ISIS output pipe is: ""
C:\TMP\FPRA\09660009\00000002.JPG 4/2/96 11:01:25 clip=0,255 quant=0,0 SCANJPEG1.04 VT-Compress2.01
jpeg luminance   quantization=0
jpeg chrominance quantization=0 (higher values give greater compression)
scan: 39, convert/display: 0, compress: 3, total: 42 seconds (CANCELED SCAN)
output file name will be: "C:\TMP\FPRA\09660009\00000002.JPG"

 --- 11:02:22 4/2/96 top of scan loop ---
959 MegaBytes free disk space on drive C
samples per pixel=1
bits per sample=8
image startX=0, startY=0, width=2544, length=3872
photometric interpretation=0
ISIS output pipe is: ""
C:\TMP\FPRA\09660009\00000002.JPG 4/2/96 11:02:22 clip=0,255 quant=0,0 SCANJPEG1.04 VT-Compress2.01
jpeg luminance   quantization=0
jpeg chrominance quantization=0 (higher values give greater compression)
scan: 38, convert/display: 0, compress: 17, total: 55 seconds
19.1 compression factor, 515318 bytes file size
output file name will be: "C:\TMP\FPRA\09660009\00000002.JPG"

 --- 13:10:56 4/2/96 top of scan loop ---
959 MegaBytes free disk space on drive C
samples per pixel=1
bits per sample=8
image startX=0, startY=0, width=2464, length=3752
photometric interpretation=0
ISIS output pipe is: ""
C:\TMP\FPRA\09660009\00000002.JPG 4/2/96 13:10:56 clip=0,255 quant=0,0 SCANJPEG1.04 VT-Compress2.01
jpeg luminance   quantization=0
jpeg chrominance quantization=0 (higher values give greater compression)
scan: 36, convert/display: 0, compress: 4, total: 40 seconds (CANCELED SCAN)
output file name will be: "C:\TMP\FPRA\09660009\00000002.JPG"

 --- 13:11:49 4/2/96 top of scan loop ---
959 MegaBytes free disk space on drive C
samples per pixel=1
bits per sample=8
image startX=0, startY=0, width=2464, length=3784
photometric interpretation=0
ISIS output pipe is: ""
C:\TMP\FPRA\09660009\00000002.JPG 4/2/96 13:11:50 clip=0,255 quant=0,0 SCANJPEG1.04 VT-Compress2.01
jpeg luminance   quantization=0
jpeg chrominance quantization=0 (higher values give greater compression)
scan: 34, convert/display: 0, compress: 16, total: 50 seconds
18.9 compression factor, 494705 bytes file size
left button: hist(109)=2753
left button: hist(104)=3022
left button: hist( 85)=3769
left button: hist(204)=27491
left button: hist(151)=16899
left button: hist( 73)=2177
left button: hist( 37)=241
left button: hist( 79)=2711
left button: hist( 83)=3380
left button: hist( 77)=2655
left button: hist( 49)=472
left button: hist(102)=3830
bright clip=204, dark clip=77
left button: hist( 81)=2706
left button: hist(199)=74227
left button: hist( 91)=6759
left button: hist(110)=2909
left button: hist( 97)=7717
left button: hist(108)=2764
left button: hist(189)=466354
left button: hist( 62)=1282
left button: hist(201)=52117
left button: hist( 68)=1734
left button: hist(201)=52117
left button: hist( 79)=2711
left button: hist( 39)=270
bright clip=201, dark clip=97
output file name will be: "C:\TMP\FPRA\09660009\00000002.JPG"
959 MegaBytes free disk space on drive C
samples per pixel=23326
bits per sample=7679
image startX=0, startY=0, width=2464, length=3784
photometric interpretation=0
contrast stretching enabled
jpeg luminance   quantization=0
jpeg chrominance quantization=0 (higher values give greater compression)
cStretch: 2, compress: 18, total: 20 seconds
10.0 compression factor, 937131 bytes file size

 --- 13:14:48 4/2/96 top of scan loop ---
959 MegaBytes free disk space on drive C
samples per pixel=1
bits per sample=8
image startX=0, startY=0, width=2464, length=3784
photometric interpretation=0
contrast stretching enabled
ISIS output pipe is: ""
C:\TMP\FPRA\09660009\00000003.JPG 4/2/96 13:14:48 clip=97,201 quant=0,0 SCANJPEG1.04 VT-Compress2.01
jpeg luminance   quantization=0
jpeg chrominance quantization=0 (higher values give greater compression)
scan: 39, convert/display: 0, compress: 17, total: 56 seconds
10.5 compression factor, 889748 bytes file size

 --- 13:15:45 4/2/96 top of scan loop ---
958 MegaBytes free disk space on drive C
samples per pixel=1
bits per sample=8
image startX=0, startY=0, width=2464, length=3784
photometric interpretation=0
contrast stretching enabled
ISIS output pipe is: ""
C:\TMP\FPRA\09660009\00000004.JPG 4/2/96 13:15:45 clip=97,201 quant=0,0 SCANJPEG1.04 VT-Compress2.01
jpeg luminance   quantization=0
jpeg chrominance quantization=0 (higher values give greater compression)
scan: 37, convert/display: 1, compress: 17, total: 55 seconds
9.7 compression factor, 963510 bytes file size

 --- 13:16:44 4/2/96 top of scan loop ---
957 MegaBytes free disk space on drive C
samples per pixel=1
bits per sample=8
image startX=0, startY=0, width=2464, length=3784
photometric interpretation=0
contrast stretching enabled
ISIS output pipe is: ""
C:\TMP\FPRA\09660009\00000005.JPG 4/2/96 13:16:44 clip=97,201 quant=0,0 SCANJPEG1.04 VT-Compress2.01
jpeg luminance   quantization=0
jpeg chrominance quantization=0 (higher values give greater compression)
scan: 40, convert/display: 0, compress: 17, total: 57 seconds
9.9 compression factor, 939735 bytes file size

 --- 13:17:42 4/2/96 top of scan loop ---
956 MegaBytes free disk space on drive C
samples per pixel=1
bits per sample=8
image startX=0, startY=0, width=2464, length=3784
photometric interpretation=0
contrast stretching enabled
ISIS output pipe is: ""
C:\TMP\FPRA\09660009\00000006.JPG 4/2/96 13:17:42 clip=97,201 quant=0,0 SCANJPEG1.04 VT-Compress2.01
jpeg luminance   quantization=0
jpeg chrominance quantization=0 (higher values give greater compression)
scan: 38, convert/display: 0, compress: 18, total: 56 seconds
9.4 compression factor, 992668 bytes file size

 --- 13:18:39 4/2/96 top of scan loop ---
955 MegaBytes free disk space on drive C
samples per pixel=1
bits per sample=8
image startX=0, startY=0, width=2464, length=3784
photometric interpretation=0
contrast stretching enabled
ISIS output pipe is: ""
C:\TMP\FPRA\09660009\00000007.JPG 4/2/96 13:18:39 clip=97,201 quant=0,0 SCANJPEG1.04 VT-Compress2.01
jpeg luminance   quantization=0
jpeg chrominance quantization=0 (higher values give greater compression)
scan: 39, convert/display: 1, compress: 17, total: 57 seconds
9.7 compression factor, 962862 bytes file size

 --- 13:21:59 4/2/96 top of scan loop ---
954 MegaBytes free disk space on drive C
samples per pixel=1
bits per sample=8
image startX=0, startY=0, width=2464, length=3784
photometric interpretation=0
contrast stretching enabled
ISIS output pipe is: ""
C:\TMP\FPRA\09660009\00000008.JPG 4/2/96 13:21:59 clip=97,201 quant=0,0 SCANJPEG1.04 VT-Compress2.01
jpeg luminance   quantization=0
jpeg chrominance quantization=0 (higher values give greater compression)
scan: 40, convert/display: 0, compress: 17, total: 57 seconds
10.5 compression factor, 886971 bytes file size

 --- 13:23:16 4/2/96 top of scan loop ---
953 MegaBytes free disk space on drive C
samples per pixel=1
bits per sample=8
image startX=0, startY=0, width=2464, length=3784
photometric interpretation=0
contrast stretching enabled
ISIS output pipe is: ""
C:\TMP\FPRA\09660009\00000009.JPG 4/2/96 13:23:17 clip=97,201 quant=0,0 SCANJPEG1.04 VT-Compress2.01
jpeg luminance   quantization=0
jpeg chrominance quantization=0 (higher values give greater compression)
scan: 39, convert/display: 0, compress: 18, total: 57 seconds
9.2 compression factor, 1018881 bytes file size

 --- 13:24:17 4/2/96 top of scan loop ---
952 MegaBytes free disk space on drive C
samples per pixel=1
bits per sample=8
image startX=0, startY=0, width=2464, length=3784
photometric interpretation=0
contrast stretching enabled
ISIS output pipe is: ""
C:\TMP\FPRA\09660009\00000010.JPG 4/2/96 13:24:18 clip=97,201 quant=0,0 SCANJPEG1.04 VT-Compress2.01
jpeg luminance   quantization=0
jpeg chrominance quantization=0 (higher values give greater compression)
scan: 40, convert/display: 0, compress: 19, total: 59 seconds
9.5 compression factor, 986528 bytes file size

 --- 13:40:48 4/2/96 top of scan loop ---
951 MegaBytes free disk space on drive C
samples per pixel=1
bits per sample=8
image startX=0, startY=0, width=2400, length=3632
photometric interpretation=0
ISIS output pipe is: ""
C:\TMP\FPRA\09660009\00000011.JPG 4/2/96 13:40:48 clip=0,255 quant=0,0 SCANJPEG1.04 VT-Compress2.01
jpeg luminance   quantization=0
jpeg chrominance quantization=0 (higher values give greater compression)
scan: 39, convert/display: 0, compress: 2, total: 41 seconds (CANCELED SCAN)
output file name will be: "C:\TMP\FPRA\09660009\00000011.JPG"

 --- 13:41:40 4/2/96 top of scan loop ---
951 MegaBytes free disk space on drive C
samples per pixel=1
bits per sample=8
image startX=0, startY=0, width=2400, length=3696
photometric interpretation=0
ISIS output pipe is: ""
C:\TMP\FPRA\09660009\00000011.JPG 4/2/96 13:41:40 clip=0,255 quant=0,0 SCANJPEG1.04 VT-Compress2.01
jpeg luminance   quantization=0
jpeg chrominance quantization=0 (higher values give greater compression)
scan: 34, convert/display: 0, compress: 2, total: 36 seconds (CANCELED SCAN)
left button: hist(123)=6234
bright clip=255, dark clip=0
left button: hist(208)=80382
left button: hist( 92)=12195
left button: hist( 72)=7667
left button: hist( 50)=1350
left button: hist( 95)=14989
left button: hist( 98)=19348
left button: hist( 61)=3976
left button: hist(201)=418420
left button: hist(138)=6834
left button: hist( 92)=12195
left button: hist(123)=6234
left button: hist(113)=6715
left button: hist(126)=6287
bright clip=201, dark clip=92
output file name will be: "C:\TMP\FPRA\09660009\00000011.JPG"
951 MegaBytes free disk space on drive C
samples per pixel=23326
bits per sample=7575
image startX=0, startY=0, width=2400, length=3696
photometric interpretation=0
contrast stretching enabled
jpeg luminance   quantization=0
jpeg chrominance quantization=0 (higher values give greater compression)
cStretch: 2, compress: 13, total: 15 seconds
10.5 compression factor, 844334 bytes file size
output file name will be: "C:\TMP\FPRA\09660009\00000011.JPG"

 --- 13:43:56 4/2/96 top of scan loop ---
950 MegaBytes free disk space on drive C
samples per pixel=1
bits per sample=8
image startX=0, startY=0, width=2400, length=3752
photometric interpretation=0
contrast stretching enabled
ISIS output pipe is: ""
C:\TMP\FPRA\09660009\00000011.JPG 4/2/96 13:43:56 clip=92,201 quant=0,0 SCANJPEG1.04 VT-Compress2.01
jpeg luminance   quantization=0
jpeg chrominance quantization=0 (higher values give greater compression)
scan: 36, convert/display: 0, compress: 2, total: 38 seconds (CANCELED SCAN)
output file name will be: "C:\TMP\FPRA\09660009\00000011.JPG"

 --- 13:44:49 4/2/96 top of scan loop ---
951 MegaBytes free disk space on drive C
samples per pixel=1
bits per sample=8
image startX=0, startY=0, width=2400, length=3816
photometric interpretation=0
contrast stretching enabled
ISIS output pipe is: ""
C:\TMP\FPRA\09660009\00000011.JPG 4/2/96 13:44:49 clip=92,201 quant=0,0 SCANJPEG1.04 VT-Compress2.01
jpeg luminance   quantization=0
jpeg chrominance quantization=0 (higher values give greater compression)
scan: 37, convert/display: 0, compress: 14, total: 51 seconds
10.4 compression factor, 883321 bytes file size

 --- 13:45:40 4/2/96 top of scan loop ---
950 MegaBytes free disk space on drive C
samples per pixel=1
bits per sample=8
image startX=0, startY=0, width=2400, length=3816
photometric interpretation=0
contrast stretching enabled
ISIS output pipe is: ""
C:\TMP\FPRA\09660009\00000012.JPG 4/2/96 13:45:41 clip=92,201 quant=0,0 SCANJPEG1.04 VT-Compress2.01
jpeg luminance   quantization=0
jpeg chrominance quantization=0 (higher values give greater compression)
scan: 36, convert/display: 0, compress: 14, total: 50 seconds
10.1 compression factor, 907344 bytes file size

 --- 13:46:32 4/2/96 top of scan loop ---
949 MegaBytes free disk space on drive C
samples per pixel=1
bits per sample=8
image startX=0, startY=0, width=2400, length=3816
photometric interpretation=0
contrast stretching enabled
ISIS output pipe is: ""
C:\TMP\FPRA\09660009\00000013.JPG 4/2/96 13:46:32 clip=92,201 quant=0,0 SCANJPEG1.04 VT-Compress2.01
jpeg luminance   quantization=0
jpeg chrominance quantization=0 (higher values give greater compression)
scan: 37, convert/display: 0, compress: 14, total: 51 seconds
9.9 compression factor, 927321 bytes file size

 --- 13:47:24 4/2/96 top of scan loop ---
948 MegaBytes free disk space on drive C
samples per pixel=1
bits per sample=8
image startX=0, startY=0, width=2400, length=3816
photometric interpretation=0
contrast stretching enabled
ISIS output pipe is: ""
C:\TMP\FPRA\09660009\00000014.JPG 4/2/96 13:47:24 clip=92,201 quant=0,0 SCANJPEG1.04 VT-Compress2.01
jpeg luminance   quantization=0
jpeg chrominance quantization=0 (higher values give greater compression)
scan: 36, convert/display: 0, compress: 14, total: 50 seconds
10.9 compression factor, 842222 bytes file size

 --- 13:48:15 4/2/96 top of scan loop ---
948 MegaBytes free disk space on drive C
samples per pixel=1
bits per sample=8
image startX=0, startY=0, width=2400, length=3816
photometric interpretation=0
contrast stretching enabled
ISIS output pipe is: ""
C:\TMP\FPRA\09660009\00000015.JPG 4/2/96 13:48:15 clip=92,201 quant=0,0 SCANJPEG1.04 VT-Compress2.01
jpeg luminance   quantization=0
jpeg chrominance quantization=0 (higher values give greater compression)
scan: 37, convert/display: 0, compress: 14, total: 51 seconds
9.6 compression factor, 953895 bytes file size

 --- 13:49:06 4/2/96 top of scan loop ---
947 MegaBytes free disk space on drive C
samples per pixel=1
bits per sample=8
image startX=0, startY=0, width=2400, length=3816
photometric interpretation=0
contrast stretching enabled
ISIS output pipe is: ""
C:\TMP\FPRA\09660009\00000016.JPG 4/2/96 13:49:07 clip=92,201 quant=0,0 SCANJPEG1.04 VT-Compress2.01
jpeg luminance   quantization=0
jpeg chrominance quantization=0 (higher values give greater compression)
scan: 36, convert/display: 0, compress: 14, total: 50 seconds
9.6 compression factor, 956271 bytes file size

 --- 13:50:01 4/2/96 top of scan loop ---
946 MegaBytes free disk space on drive C
samples per pixel=1
bits per sample=8
image startX=0, startY=0, width=2400, length=3816
photometric interpretation=0
contrast stretching enabled
ISIS output pipe is: ""
C:\TMP\FPRA\09660009\00000017.JPG 4/2/96 13:50:01 clip=92,201 quant=0,0 SCANJPEG1.04 VT-Compress2.01
jpeg luminance   quantization=0
jpeg chrominance quantization=0 (higher values give greater compression)
scan: 37, convert/display: 0, compress: 14, total: 51 seconds
10.6 compression factor, 868326 bytes file size

 --- 13:51:00 4/2/96 top of scan loop ---
945 MegaBytes free disk space on drive C
samples per pixel=1
bits per sample=8
image startX=0, startY=0, width=2400, length=3816
photometric interpretation=0
contrast stretching enabled
ISIS output pipe is: ""
C:\TMP\FPRA\09660009\00000018.JPG 4/2/96 13:51:00 clip=92,201 quant=0,0 SCANJPEG1.04 VT-Compress2.01
jpeg luminance   quantization=0
jpeg chrominance quantization=0 (higher values give greater compression)
scan: 37, convert/display: 0, compress: 14, total: 51 seconds
10.5 compression factor, 873192 bytes file size

 --- 13:52:00 4/2/96 top of scan loop ---
944 MegaBytes free disk space on drive C
samples per pixel=1
bits per sample=8
image startX=0, startY=0, width=2400, length=3816
photometric interpretation=0
contrast stretching enabled
ISIS output pipe is: ""
C:\TMP\FPRA\09660009\00000019.JPG 4/2/96 13:52:00 clip=92,201 quant=0,0 SCANJPEG1.04 VT-Compress2.01
jpeg luminance   quantization=0
jpeg chrominance quantization=0 (higher values give greater compression)
scan: 37, convert/display: 0, compress: 14, total: 51 seconds
9.7 compression factor, 942552 bytes file size

 --- 13:52:52 4/2/96 top of scan loop ---
943 MegaBytes free disk space on drive C
samples per pixel=1
bits per sample=8
image startX=0, startY=0, width=2400, length=3816
photometric interpretation=0
contrast stretching enabled
ISIS output pipe is: ""
C:\TMP\FPRA\09660009\00000020.JPG 4/2/96 13:52:52 clip=92,201 quant=0,0 SCANJPEG1.04 VT-Compress2.01
jpeg luminance   quantization=0
jpeg chrominance quantization=0 (higher values give greater compression)
scan: 36, convert/display: 0, compress: 14, total: 50 seconds
9.5 compression factor, 959394 bytes file size

 --- 13:54:24 4/2/96 top of scan loop ---
942 MegaBytes free disk space on drive C
samples per pixel=1
bits per sample=8
image startX=0, startY=0, width=2400, length=3816
photometric interpretation=0
contrast stretching enabled
ISIS output pipe is: ""
C:\TMP\FPRA\09660009\00000021.JPG 4/2/96 13:54:24 clip=92,201 quant=0,0 SCANJPEG1.04 VT-Compress2.01
jpeg luminance   quantization=0
jpeg chrominance quantization=0 (higher values give greater compression)
scan: 37, convert/display: 0, compress: 14, total: 51 seconds
10.2 compression factor, 897536 bytes file size

 --- 13:55:16 4/2/96 top of scan loop ---
941 MegaBytes free disk space on drive C
samples per pixel=1
bits per sample=8
image startX=0, startY=0, width=2400, length=3816
photometric interpretation=0
contrast stretching enabled
ISIS output pipe is: ""
C:\TMP\FPRA\09660009\00000022.JPG 4/2/96 13:55:16 clip=92,201 quant=0,0 SCANJPEG1.04 VT-Compress2.01
jpeg luminance   quantization=0
jpeg chrominance quantization=0 (higher values give greater compression)
scan: 37, convert/display: 0, compress: 14, total: 51 seconds
9.9 compression factor, 925499 bytes file size
baseDir="C:\TMP"
  containerDir="FPRA"
  documentDir="09660011"
  pageName="00000001"
output file name will be: "C:\TMP\FPRA\09660011\00000001.JPG"
