<!-- Title: Day shift. Fri Apr 18, 2008 -->
<!-- SciCo: Fotis Ptohos -->
<!-- DAQAce: Chang-Seong Moon -->
<!-- MonAce: &nbsp; -->
<!-- CO: Matt Hare -->
<!-- OpManager: Massimo Casarsa -->
<!-- Notes: -->
<pre>Waiting for beam. Maybe during this shift</pre>

<!-- Date: Fri Apr 18 08:08:25.099 2008 -->
Run <A HREF=/java/cdfdb/servlet/RunSummary?RUN_NUMBER=261098>261098</A>
 Activated at 2008.04.18 08:08:18
<!-- Author: RunControl -->


<!-- Date: Fri Apr 18 08:08:53.526 2008 -->
Run <A HREF=/java/cdfdb/servlet/RunSummary?RUN_NUMBER=261098>261098</A>
ACTIVATE: RunSet: ACE_COSMICS_ALL  Trigger: COSMICS [15,1019,706] 
<!-- Author: Chang-Seong -->



<!-- Date: Fri Apr 18 08:22:14.755 2008 -->
Continued to look into SVX iFix picture problem on vnode2 and it appears to be a corrupted picture. I have replaced the picture with a copy made in 1/08. I will talk to the SVX experts today to determine if there have been any changes to the picture since then. The replacement picture has stopped crashing the iFix workspace.
<!-- Author: Mark Knapp :: (run <a href='/java/cdfdb/servlet/RunSummary?RUN_NUMBER=261098' target=_top>261098</a>) -->


<!-- Date: Fri Apr 18 08:43:37.594 2008 -->
Bill Noe called to inform us that electricians are changing light bulbs in the 1st floor
<!-- Author: fotis -->


<!-- Date: Fri Apr 18 08:49:54.249 2008 -->
 Attention !!!. FERML_TM2_HEVB2B_EVENTS_PENDING_TIMEOUT !!!  
 - AUTO HRR recovered. 
<!-- Author: Chang-Seong :: (run <a href='/java/cdfdb/servlet/RunSummary?RUN_NUMBER=261098' target=_top>261098</a>) -->
<!-- Comment: Fri Apr 18 09;09;10 comment by...Chang-Seong -->
Again.


<!-- Comment: Fri Apr 18 09;46;23 comment by...Chang-Seong -->
Again.
<!-- Comment: Fri Apr 18 10;02;04 comment by...Chang-Seong -->
Again.
<!-- Date: Fri Apr 18 09:28:48.619 2008 -->
Busy Timeout! Auto HRR fixed.
<!-- Author: Chamg-Seong :: (run <a href='/java/cdfdb/servlet/RunSummary?RUN_NUMBER=261098' target=_top>261098</a>) -->


<!-- Date: Fri Apr 18 09:32:42.053 2008 -->
Done TO for crate b0cmx01. Auto HRR fixed.
<!-- Author: Chang-Seong :: (run <a href='/java/cdfdb/servlet/RunSummary?RUN_NUMBER=261098' target=_top>261098</a>) -->



<!-- Date: Fri Apr 18 10:11:46.509 2008 -->
Run <A HREF=/java/cdfdb/servlet/RunSummary?RUN_NUMBER=261098>261098</A>
 Terminated at 2008.04.18 10:11:16
<!-- Author: RunControl -->


<!-- Date: Fri Apr 18 10:20:14.433 2008 -->
Run <A HREF=/java/cdfdb/servlet/RunSummary?RUN_NUMBER=261099>261099</A>
 Activated at 2008.04.18 10:20:00
<!-- Author: RunControl -->


<!-- Date: Fri Apr 18 10:20:15.697 2008 -->
Run <A HREF=/java/cdfdb/servlet/RunSummary?RUN_NUMBER=261099>261099</A>
ACTIVATE: RunSet: ACE_COSMICS_ALL  Trigger: COSMICS [15,1019,706] 
<!-- Author: Chang-Seong -->



<!-- Date: Fri Apr 18 10:23:20.907 2008 -->
EventBuilder: we had problems in the previous shift and this one with 'large event' errors from EVB scpu11. This is something we have seen before occasionally, and is caused by a muon crate getting into a funny state and outputting an occasional anomalously large event, which is too large for EVB to handle properly in its normal fast read-out mode. This usually only happens during cosmics, but has in the past happened during data-taking. We have found that loading our 'slow' readout module in EVB scpu11 only allows these events to be handled properly. I have now loaded the slow module for scpu11, so the shift crew should see no more of these 'large event' errors.
<!-- Author: Conor -->


<!-- Date: Fri Apr 18 10:45:40.628 2008 -->
<pre>From RunCo elog: 
 
The Plan for today: 
 
  * Complete Tevatron B0 orbit corrections at the IP and get into shot setup, with HT712 tweaking in shot setup. 
  * Hopefully we can enjoy a Store today. Many have worked very hard to try and achieve this. 
  * We need to get all areas ready for the weekend. Things do no look too bad this morning. 
 
</pre>
<!-- Author: Fotis :: (run <a href='/java/cdfdb/servlet/RunSummary?RUN_NUMBER=261099' target=_top>261099</a>) -->


<!-- Date: Fri Apr 18 11:32:29.168 2008 -->
In iFIX monitor, CPR HV is suddenly incleased and then off.
<!-- Author: Chang-Seong :: (run <a href='/java/cdfdb/servlet/RunSummary?RUN_NUMBER=261099' target=_top>261099</a>) -->

<!-- Date: Fri Apr 18 11:33:01.954 2008 -->
Run <A HREF=/java/cdfdb/servlet/RunSummary?RUN_NUMBER=261099>261099</A>
 Terminated at 2008.04.18 11:32:52
<!-- Author: RunControl -->


<!-- Date: Fri Apr 18 11:33:24.900 2008 -->
Run <A HREF=/java/cdfdb/servlet/RunSummary?RUN_NUMBER=261099>261099</A>
TERMINATE: For quiet time calibration.
<!-- Author: Chang-Seong -->


<!-- Date: Fri Apr 18 11:34:38.128 2008 -->
Run <A HREF=/java/cdfdb/servlet/RunSummary?RUN_NUMBER=261100>261100</A>
ACTIVATE: RunSet: ACE_QIE 
<!-- Author: Chang-Seong -->


<!-- Date: Fri Apr 18 11:35:49.961 2008 -->
Run <A HREF=/java/cdfdb/servlet/RunSummary?RUN_NUMBER=261100>261100</A>
TERMINATE: Done.
<!-- Author: Chang-Seong -->


<!-- Date: Fri Apr 18 11:35:50.101 2008 -->
Run <A HREF=/java/cdfdb/servlet/RunSummary?RUN_NUMBER=261100>261100</A>
CALIBRATION: <U><B>calqie</B></U> calibration <A HREF=http://www-cdfonline.fnal.gov/internal/daq/Calibrations/web.html#calqie target=_calibresults>results</A> ready for review
<!-- Author: CDFCALIB -->
<!-- Comment: Fri Apr 18 11;54;38 comment by...Matt Hare -->
RMS for Wedge 22W Ch 1 Cap 0,1,2,and3 PHA are all very large.
138.86,136.92,180.35,and 173.75 respectivly
<!-- Comment: Fri Apr 18 16;00;10 comment by...Shalhout (ADMEM) -->
<pre>PHA channels 0 and 1 are not used for data taking and can be ignored.</pre>
<!-- Date: Fri Apr 18 11:40:26.343 2008 -->
Run <A HREF=/java/cdfdb/servlet/RunSummary?RUN_NUMBER=261101>261101</A>
ACTIVATE: RunSet: CALIB_CLC_QIE 
<!-- Author: Chang-Seong -->


<!-- Date: Fri Apr 18 11:41:20.579 2008 -->
Run <A HREF=/java/cdfdb/servlet/RunSummary?RUN_NUMBER=261101>261101</A>
CALIBRATION: <U><B>clcqie</B></U> calibration <A HREF=http://www-cdfonline.fnal.gov/internal/daq/Calibrations/web.html#clcqie target=_calibresults>results</A> ready for review
<!-- Author: CDFCALIB -->
<!-- Comment: Fri Apr 18 12;00;44 comment by...matt hare -->
SloErr/Slope MEAN by QIE vs ADMEM is all red, yellow, and orange.
<!-- Date: Fri Apr 18 11:42:34.746 2008 -->
Run <A HREF=/java/cdfdb/servlet/RunSummary?RUN_NUMBER=261101>261101</A>
TERMINATE: Done.
<!-- Author: Chang-Seong -->


<!-- Date: Fri Apr 18 11:44:36.475 2008 -->
Run <A HREF=/java/cdfdb/servlet/RunSummary?RUN_NUMBER=261102>261102</A>
ACTIVATE: RunSet: CALIB_QIE_FWD 
<!-- Author: Chang-Seong -->


<!-- Date: Fri Apr 18 11:45:36.610 2008 -->
Run <A HREF=/java/cdfdb/servlet/RunSummary?RUN_NUMBER=261102>261102</A>
CALIBRATION: <U><B>bscqie</B></U> calibration <A HREF=http://www-cdfonline.fnal.gov/internal/daq/Calibrations/web.html#bscqie target=_calibresults>results</A> ready for review
<!-- Author: CDFCALIB -->
<!-- Comment: Fri Apr 18 11;57;22 comment by...Matt Hare -->
looks fine
<!-- Date: Fri Apr 18 11:46:11.865 2008 -->
Run <A HREF=/java/cdfdb/servlet/RunSummary?RUN_NUMBER=261102>261102</A>
TERMINATE: Done.
<!-- Author: Chang-Seong -->


<!-- Date: Fri Apr 18 11:49:27.133 2008 -->
Run <A HREF=/java/cdfdb/servlet/RunSummary?RUN_NUMBER=261103>261103</A>
 Activated at 2008.04.18 11:49:06
<!-- Author: RunControl -->


<!-- Date: Fri Apr 18 11:49:28.345 2008 -->
Run <A HREF=/java/cdfdb/servlet/RunSummary?RUN_NUMBER=261103>261103</A>
ACTIVATE: RunSet: ACE_CALORIMETER_MINIMAL  Trigger: SUMET5 [7,1023,706] 
<!-- Author: Chang-Seong -->
<!-- Comment: Fri Apr 18 12;03;19 comment by...Chang-Seong -->
L1A is 44 Hz.
<!-- Comment: Fri Apr 18 12;11;44 comment by...Fotis -->
They run was taken with protons in the machine
<!-- Date: Fri Apr 18 12:00:43.517 2008 -->
Run <A HREF=/java/cdfdb/servlet/RunSummary?RUN_NUMBER=261103>261103</A>
 Terminated at 2008.04.18 12:00:34
<!-- Author: RunControl -->


<!-- Date: Fri Apr 18 12:00:44.647 2008 -->
Run <A HREF=/java/cdfdb/servlet/RunSummary?RUN_NUMBER=261103>261103</A>
TERMINATE: Done.
<!-- Author: Chang-Seong -->



<!-- Date: Fri Apr 18 12:02:27.714 2008 -->
Run <A HREF=/java/cdfdb/servlet/RunSummary?RUN_NUMBER=261104>261104</A>
ACTIVATE: RunSet: ACE_TOF_QIE_NEW 
<!-- Author: Chang-Seong -->


<!-- Date: Fri Apr 18 12:03:08.945 2008 -->
Run <A HREF=/java/cdfdb/servlet/RunSummary?RUN_NUMBER=261104>261104</A>
CALIBRATION: <U><B>tofqie</B></U> calibration <A HREF=http://www-cdfonline.fnal.gov/internal/daq/Calibrations/web.html#tofqie target=_calibresults>results</A> ready for review
<!-- Author: CDFCALIB -->
<!-- Comment: Fri Apr 18 12;07;29 comment by...Matt Hare -->
Looks good
<!-- Date: Fri Apr 18 12:04:14.776 2008 -->
Run <A HREF=/java/cdfdb/servlet/RunSummary?RUN_NUMBER=261104>261104</A>
TERMINATE: Done.
<!-- Author: Chang-Seong -->



<!-- Date: Fri Apr 18 12:07:39.031 2008 -->
Run <A HREF=/java/cdfdb/servlet/RunSummary?RUN_NUMBER=261105>261105</A>
ACTIVATE: RunSet: SMQIECALIB 
<!-- Author: Chang-Seong -->


<!-- Date: Fri Apr 18 12:08:47.916 2008 -->
Run <A HREF=/java/cdfdb/servlet/RunSummary?RUN_NUMBER=261105>261105</A>
TERMINATE: Done.
<!-- Author: Chang-Seong -->


<!-- Date: Fri Apr 18 12:10:20.896 2008 -->
Run <A HREF=/java/cdfdb/servlet/RunSummary?RUN_NUMBER=261106>261106</A>
ACTIVATE: RunSet: ACE_LED_ALL 
<!-- Author: Chang-Seong -->


<!-- Date: Fri Apr 18 12:10:21.258 2008 -->
Run <A HREF=/java/cdfdb/servlet/RunSummary?RUN_NUMBER=261105>261105</A>
CALIBRATION: <U><B>smx</B></U> calibration <A HREF=http://www-cdfonline.fnal.gov/internal/daq/Calibrations/web.html#smx target=_calibresults>results</A> ready for review
<!-- Author: CDFCALIB -->
<!-- Comment: Fri Apr 18 12;14;28 comment by...matt hare -->
looks fine
<!-- Date: Fri Apr 18 12:11:20.546 2008 -->
Run <A HREF=/java/cdfdb/servlet/RunSummary?RUN_NUMBER=261106>261106</A>
TERMINATE: Done.
<!-- Author: Chang-Seong -->


<!-- Date: Fri Apr 18 12:11:21.090 2008 -->
Run <A HREF=/java/cdfdb/servlet/RunSummary?RUN_NUMBER=261106>261106</A>
CALIBRATION: <U><B>cemled</B></U> calibration <A HREF=http://www-cdfonline.fnal.gov/internal/daq/Calibrations/web.html#cemled target=_calibresults>results</A> ready for review
<!-- Author: CDFCALIB -->
<!-- Comment: Fri Apr 18 12;15;27 comment by...matt hare -->
looks good
<!-- Date: Fri Apr 18 12:12:35.753 2008 -->
Run <A HREF=/java/cdfdb/servlet/RunSummary?RUN_NUMBER=261107>261107</A>
ACTIVATE: RunSet: COTCALIB_ACE 
<!-- Author: Chang-Seong -->


<!-- Date: Fri Apr 18 12:13:37.432 2008 -->
Run <A HREF=/java/cdfdb/servlet/RunSummary?RUN_NUMBER=261107>261107</A>
CALIBRATION: <U><B>cot</B></U> calibration <A HREF=http://www-cdfonline.fnal.gov/internal/daq/Calibrations/web.html#cot target=_calibresults>results</A> ready for review
<!-- Author: CDFCALIB -->
<!-- Comment: Fri Apr 18 12;24;58 comment by...matt hare -->
Out of the last 10 calibrations, constants have been updated 9 times

otherwise looks ok
<!-- Date: Fri Apr 18 12:13:38.159 2008 -->
Run <A HREF=/java/cdfdb/servlet/RunSummary?RUN_NUMBER=261107>261107</A>
TERMINATE: Done.
<!-- Author: Chang-Seong -->



<!-- Date: Fri Apr 18 12:17:03.552 2008 -->
Run <A HREF=/java/cdfdb/servlet/RunSummary?RUN_NUMBER=261108>261108</A>
ACTIVATE: RunSet: XEF_ALL 
<!-- Author: Chang-Seong -->


<!-- Date: Fri Apr 18 12:17:59.581 2008 -->
Run <A HREF=/java/cdfdb/servlet/RunSummary?RUN_NUMBER=261108>261108</A>
TERMINATE: Done.
<!-- Author: Chang-Seong -->


<!-- Date: Fri Apr 18 12:18:00.762 2008 -->
Run <A HREF=/java/cdfdb/servlet/RunSummary?RUN_NUMBER=261108>261108</A>
CALIBRATION: <U><B>calxef</B></U> calibration <A HREF=http://www-cdfonline.fnal.gov/internal/daq/Calibrations/web.html#calxef target=_calibresults>results</A> ready for review
<!-- Author: CDFCALIB -->
<!-- Comment: Fri Apr 18 12;29;43 comment by...matt hare -->
look ok  expect for known problem
<!-- Date: Fri Apr 18 12:23:30.859 2008 -->
Run <A HREF=/java/cdfdb/servlet/RunSummary?RUN_NUMBER=261109>261109</A>
ACTIVATE: RunSet: CALIB_MUON_ALL1 
<!-- Author: Chang-Seong -->


<!-- Date: Fri Apr 18 12:23:31.934 2008 -->
Run <A HREF=/java/cdfdb/servlet/RunSummary?RUN_NUMBER=261109>261109</A>
TERMINATE: Done.
<!-- Author: Chang-Seong -->



<!-- Date: Fri Apr 18 12:25:28.485 2008 -->
Run <A HREF=/java/cdfdb/servlet/RunSummary?RUN_NUMBER=261110>261110</A>
ACTIVATE: RunSet: TOF_TAC_CALIB 
<!-- Author: Chang-Seong -->



<!-- Date: Fri Apr 18 12:31:49.618 2008 -->
Run <A HREF=/java/cdfdb/servlet/RunSummary?RUN_NUMBER=261110>261110</A>
TERMINATE: Done.
<!-- Author: Chang-Seong -->


<!-- Date: Fri Apr 18 12:39:20.325 2008 -->
Run <A HREF=/java/cdfdb/servlet/RunSummary?RUN_NUMBER=261111>261111</A>
ACTIVATE: RunSet: CENTRAL_HADRON_LASER  Trigger: SUMET5 [7,1023,706] CHA/WHA standard laser calibration (fotis)
<!-- Author: Chang-Seong -->


<!-- Date: Fri Apr 18 12:43:20.880 2008 -->
Run <A HREF=/java/cdfdb/servlet/RunSummary?RUN_NUMBER=261111>261111</A>
TERMINATE: Finish central hadron laser calibration
<!-- Author: Chang-Seong -->


<!-- Date: Fri Apr 18 12:45:28.044 2008 -->
Run <A HREF=/java/cdfdb/servlet/RunSummary?RUN_NUMBER=261112>261112</A>
 Activated at 2008.04.18 12:45:04
<!-- Author: RunControl -->


<!-- Date: Fri Apr 18 12:45:29.861 2008 -->
Run <A HREF=/java/cdfdb/servlet/RunSummary?RUN_NUMBER=261112>261112</A>
ACTIVATE: RunSet: ACE_COSMICS_ALL  Trigger: COSMICS [15,1019,706] 
<!-- Author: Chang-Seong -->



<!-- Date: Fri Apr 18 12:52:55.793 2008 -->
WHA 16E-8L(0) that was showing up dead during yesterday's laser calibration recovered itself. It looks fine in today's calibration. 
<!-- Author: Fotis :: (run <a href='/java/cdfdb/servlet/RunSummary?RUN_NUMBER=261111' target=_top>261111</a>) -->

<!-- Date: Fri Apr 18 13:54:38.805 2008 -->
Run <A HREF=/java/cdfdb/servlet/RunSummary?RUN_NUMBER=259075>259075</A>
RUNSTATUS: <PRE>Marked Bad, explanation:
CMX trigger bad, detector ok
IMU trigger bad, detector ok
</PRE>
<!-- Author: cdfscico -->


<!-- Date: Fri Apr 18 13:57:58.348 2008 -->
Run <A HREF=/java/cdfdb/servlet/RunSummary?RUN_NUMBER=260937>260937</A>
RUNSTATUS: <PRE>Marked Bad, explanation:
IMU 108W HV turned off
</PRE>
<!-- Author: cdfscico -->


<!-- Date: Fri Apr 18 13:57:59.641 2008 -->
Run <A HREF=/java/cdfdb/servlet/RunSummary?RUN_NUMBER=260938>260938</A>
RUNSTATUS: <PRE>Marked Bad, explanation:
IMU 108W HV turned off
</PRE>
<!-- Author: cdfscico -->


<!-- Date: Fri Apr 18 13:58:00.760 2008 -->
Run <A HREF=/java/cdfdb/servlet/RunSummary?RUN_NUMBER=260939>260939</A>
RUNSTATUS: <PRE>Marked Bad, explanation:
IMU 108W HV off
</PRE>
<!-- Author: cdfscico -->



<!-- Date: Fri Apr 18 14:06:01.197 2008 -->
That was Phil sitting at the good run gui not Fotis. In the big picture these runs were marked well enough but in the interests of the clean living crown I corrected them to correctly indicate everything that was bad (or good). In the first set, the CMU/X and BMU triggers were all hosed due to the mezzanine cards after a clock glitch. In the second BMU HV was off although for these 3 runs COT and CAL were bad already.
<!-- Author: Phil -->

<!-- Date: Fri Apr 18 14:19:29.604 2008 -->
Run <A HREF=/java/cdfdb/servlet/RunSummary?RUN_NUMBER=261112>261112</A>
 Terminated at 2008.04.18 14:19:23
<!-- Author: RunControl -->


<!-- Date: Fri Apr 18 14:19:49.906 2008 -->
Run <A HREF=/java/cdfdb/servlet/RunSummary?RUN_NUMBER=261112>261112</A>
TERMINATE: For L2 test.
<!-- Author: Chang-Seong -->


<!-- Date: Fri Apr 18 14:29:30.824 2008 -->
Run <A HREF=/java/cdfdb/servlet/RunSummary?RUN_NUMBER=261113>261113</A>
 Activated at 2008.04.18 14:29:12
<!-- Author: RunControl -->


<!-- Date: Fri Apr 18 14:29:31.347 2008 -->
Run <A HREF=/java/cdfdb/servlet/RunSummary?RUN_NUMBER=261113>261113</A>
ACTIVATE: RunSet: ACE_COSMICS_ALL  Trigger: COSMICS [15,1019,706] L1 MET vertical slice test
<!-- Author: cortiana -->


<!-- Date: Fri Apr 18 15:03:02.799 2008 -->
Run <A HREF=/java/cdfdb/servlet/RunSummary?RUN_NUMBER=261113>261113</A>
 Terminated at 2008.04.18 15:02:47
<!-- Author: RunControl -->


<!-- Date: Fri Apr 18 15:03:10.840 2008 -->
Run <A HREF=/java/cdfdb/servlet/RunSummary?RUN_NUMBER=261113>261113</A>
TERMINATE: try a new firmware version for the L1met board
<!-- Author: cortiana -->


<!-- Date: Fri Apr 18 15:15:46.022 2008 -->
Run <A HREF=/java/cdfdb/servlet/RunSummary?RUN_NUMBER=261115>261115</A>
 Activated at 2008.04.18 15:14:34
<!-- Author: RunControl -->


<!-- Date: Fri Apr 18 15:15:47.875 2008 -->
Run <A HREF=/java/cdfdb/servlet/RunSummary?RUN_NUMBER=261115>261115</A>
ACTIVATE: RunSet: ACE_COSMICS_ALL  Trigger: COSMICS [15,1019,706] new L1MET test!
<!-- Author: cortiana -->



<!-- Date: Fri Apr 18 15:34:16.778 2008 -->
MCR (Dan)called announcing SHOT SETUP
<!-- Author: Fotis :: (run <a href='/java/cdfdb/servlet/RunSummary?RUN_NUMBER=261115' target=_top>261115</a>) -->

<!-- Date: Fri Apr 18 15:34:46.000 2008 -->
Run <A HREF=/java/cdfdb/servlet/RunSummary?RUN_NUMBER=261115>261115</A>
 Terminated at 2008.04.18 15:34:35
<!-- Author: RunControl -->


<!-- Date: Fri Apr 18 15:38:08.166 2008 -->
Run <A HREF=/java/cdfdb/servlet/RunSummary?RUN_NUMBER=261116>261116</A>
 Activated at 2008.04.18 15:37:51
<!-- Author: RunControl -->


<!-- Date: Fri Apr 18 15:43:04.615 2008 -->
Run <A HREF=/java/cdfdb/servlet/RunSummary?RUN_NUMBER=261116>261116</A>
ACTIVATE: RunSet: ACE_COSMICS_ALL  Trigger: COSMICS [15,1019,706] 
<!-- Author: Chang-Seong -->


<!-- Date: Fri Apr 18 15:55:14.832 2008 -->
<TABLE BORDER=2 CELLSPACING=1 CELLPADDING=1 BGCOLOR=WHITE>
<TR BGCOLOR=YELLOW><TH>RunNumber</TH>
<TH>DataType</TH>
<TH>PhysicsTable</TH>
<TH>Begin</TH>
<TH>End</TH>
<TH>LiveTime</TH>
<TH>L3Accepts</TH>
<TH>DelivLumi nb<SUP>-1</SUP></TH>
<TH>LiveLumi nb<SUP>-1</SUP></TH>
<TH>GR</TH>
<TH>SC</TH>
<TH>RC</TH></TR>
<TR><TD>Totals</TD>
<TD> </TD>
<TD> </TD>
<TD> </TD>
<TD>15:55:00</TD>
<TD ALIGN=CENTER>::</TD>
<TD ALIGN=RIGHT></TD>               <TD ALIGN=RIGHT></TD>
<TD ALIGN=RIGHT></TD>
<TD> </TD>
<TD> </TD>
<TD> </TD></TR>

</TABLE>
<!-- Author: End of Shift Report -->



<!-- Date: Fri Apr 18 15:59:49.020 2008 -->
<font color=red>Shift Summary: </font><pre>Nothing to report except that shot setup started as the shift was ending 
 
We took lots of cosmics and all the calibrations except the plug laser run </pre> 
<br><b>End of Shift Numbers</b>
<table><tr><td width=60% align=left>
<b>CDF Run II <p></b>                       
<pre>
Runs                   none
Delivered Luminosity   none  
Acquired Luminosity    none  
Efficiency             none
   
</td></tr></table></pre>
<!-- Author: Fotis -->

