<!-- Title: Eve shift. Mon Nov  5, 2007 -->
<!-- SciCo: GP Yeh -->
<!-- DAQAce: Adrian Buzatu -->
<!-- MonAce: &nbsp; -->
<!-- CO: Chiara Ferrazza -->
<!-- OpManager: Tom Wright -->
<!-- Notes: -->
<pre>Expecting Shot Setup after another hour or so of 
 Linac Access to fix water leak</pre>

<!-- Date: Mon Nov 5 16:17:52.335 2007 -->
Run <A HREF=/java/cdfdb/servlet/RunSummary?RUN_NUMBER=253278>253278</A>
ACTIVATE: RunSet: L2TORTURE  Trigger: TEST_FPS_AND_UPS [7,1003,705] 
<!-- Author: Carolina Deluca, x2080 -->


<!-- Date: Mon Nov 5 16:21:07.427 2007 -->
Run <A HREF=/java/cdfdb/servlet/RunSummary?RUN_NUMBER=253278>253278</A>
TERMINATE: JDL is done and very confused

<!-- Author: Adrian Buzatu -->



<!-- Date: Mon Nov 5 16:23:05.456 2007 -->
I tried firing up Sparky.  I had good NIM pulses coming on the cable, but nothing was counting in the Fred scalers.  Perhaps this is related to the problems with UPS, i.e. the Prefred transition card may be hosed.  
<!-- Author: jdl -->

<!-- Date: Mon Nov 5 16:25:05.771 2007 -->
Run <A HREF=/java/cdfdb/servlet/RunSummary?RUN_NUMBER=253279>253279</A>
ACTIVATE: RunSet: L2TORTURE  Trigger: L2_TORTURE [19,986,705] 
<!-- Author: Adrian Buzatu -->



<!-- Date: Mon Nov 5 16:25:43.432 2007 -->
Expert using SVT crates. I am not sure if this is related with the event builder error I get now.
<!-- Author: Adrian :: (run <a href='/java/cdfdb/servlet/RunSummary?RUN_NUMBER=253279' target=_top>253279</a>) -->


<!-- Date: Mon Nov 5 16:26:08.204 2007 -->
<pre> 
Strange (but not necessarily fatal) Run Configuration selections: 
Using L2 Processors without crate SVT_FANOUT_07 
Using L2 Processors without crate SVT_FITTER_ 
 Attention !!!. FERML_TM2_HEVB2B_EVENTS_PENDING_TIMEOUT !!!  
 - AUTO HRR will be issued.  
  
 - If problem persists, please use the DiagnoseTO button   
   on the EVB Ace Control Panel. 
 
</pre>
<!-- Author: Adrian :: (run <a href='/java/cdfdb/servlet/RunSummary?RUN_NUMBER=253279' target=_top>253279</a>) -->

<!-- Date: Mon Nov 5 16:27:26.506 2007 -->
Run <A HREF=/java/cdfdb/servlet/RunSummary?RUN_NUMBER=253280>253280</A>
ACTIVATE: RunSet: SVT_500HZ_BEAMFIT (test +)
<!-- Author: diruzza -->


<!-- Date: Mon Nov 5 16:31:47.080 2007 -->
Run <A HREF=/java/cdfdb/servlet/RunSummary?RUN_NUMBER=253279>253279</A>
TERMINATE: done
<!-- Author: Adrian Buzatu -->



<!-- Date: Mon Nov 5 16:43:50.394 2007 -->
So I stopped to run as Laura wanted to powercycle th eb0l2pu04. We got an error in the PSM in the rack 2RR31C_2, as expected, since this is the rack where the crate is hosted. Cryo tech called and we assured him we know about this. We are in the start position. 
<!-- Author: ADrian -->

<!-- Date: Mon Nov 5 16:44:26.925 2007 -->
Run <A HREF=/java/cdfdb/servlet/RunSummary?RUN_NUMBER=253280>253280</A>
TERMINATE: end (test+)
<!-- Author: diruzza -->


<!-- Date: Mon Nov 5 16:45:32.883 2007 -->
Run <A HREF=/java/cdfdb/servlet/RunSummary?RUN_NUMBER=253281>253281</A>
ACTIVATE: RunSet: SVT_500HZ_BEAMFIT again
<!-- Author: diruzza -->



<!-- Date: Mon Nov 5 16:47:10.690 2007 -->
Changed b0scico00 screen resolution from 1600x1200 to 1920x1200. xorg.conf file will be saved in cfengine. 
 
... 
ling 
x8018
<!-- Author: Ling Ho -->

<!-- Date: Mon Nov 5 16:52:18.020 2007 -->
Run <A HREF=/java/cdfdb/servlet/RunSummary?RUN_NUMBER=253281>253281</A>
TERMINATE: end test 2
<!-- Author: diruzza -->


<!-- Date: Mon Nov 5 16:55:18.215 2007 -->
Run <A HREF=/java/cdfdb/servlet/RunSummary?RUN_NUMBER=253282>253282</A>
TERMINATE: stuck with l3 red
<!-- Author: Adrian Buzatu -->



<!-- Date: Mon Nov 5 16:55:19.160 2007 -->
I tried to start a new run, hoping that the Event Builder error will go away. It id not. It is stuck at Partition state with "l3" in red and "evb2b" in white. When I closed the run, in Idle state it had "evd2b" red. 
<!-- Author: Adrian -->
<!-- Comment: Mon Nov  5 17;34;35 comment by...Adrian -->
I think it was at Config stage, not Partition stage.
<!-- Date: Mon Nov 5 16:56:00.477 2007 -->
I see that 2 windows were oen for the L3 display and that about 5-6 windows were open for the Event Builder, each getting an error.
<!-- Author: Adrian :: (run <a href='/java/cdfdb/servlet/RunSummary?RUN_NUMBER=253282' target=_top>253282</a>) -->


<!-- Date: Mon Nov 5 17:00:53.040 2007 -->
<pre>I closed these windows, I restarted the run. It gets stuck at config state with evd2b in white, l3 in yellow and L3 display with many red channels, and some green and some blue. Plus we get this error: 
 
 Attention!!!. CSL_RECEIVER_MAX_CLIENTS Error !!!.   
 CSL rejected connection !!!.   
 We STRONGLY RECOMMEND the following steps:  
 - Reset Transition  
 - Restart CSL 			     
 If problem persists, please page the CSL and EVB/L3 experts. 
</pre>
<!-- Author: Adrian :: (run <a href='/java/cdfdb/servlet/RunSummary?RUN_NUMBER=253283' target=_top>253283</a>) -->

<!-- Date: Mon Nov 5 17:12:20.327 2007 -->
Run <A HREF=/java/cdfdb/servlet/RunSummary?RUN_NUMBER=253284>253284</A>
ACTIVATE: RunSet: SVT_500HZ_BEAMFIT test 3(+ and barrel 14)
<!-- Author: diruzza -->


<!-- Date: Mon Nov 5 17:17:54.814 2007 -->
Run <A HREF=/java/cdfdb/servlet/RunSummary?RUN_NUMBER=253283>253283</A>
TERMINATE: done, to restart CSL.
<!-- Author: Adrian Buzatu -->


<!-- Date: Mon Nov 5 17:27:31.678 2007 -->
Run <A HREF=/java/cdfdb/servlet/RunSummary?RUN_NUMBER=253285>253285</A>
ACTIVATE: RunSet: SVT_500HZ_BEAMFIT test 5
<!-- Author: diruzza -->


<!-- Date: Mon Nov 5 17:30:53.301 2007 -->
Run <A HREF=/java/cdfdb/servlet/RunSummary?RUN_NUMBER=253286>253286</A>
ACTIVATE: RunSet: L2TORTURE  Trigger: L2_TORTURE [19,986,705] 
<!-- Author: Adrian Buzatu -->




<!-- Date: Mon Nov 5 17:35:37.604 2007 -->
From Run Coordinator e-Log: 
  Shutdown Plan for Tuesdy Nov. 5, Move Low Beta at CDF 
  End Tevatron beam operations by 04:30. 
<!-- Author: GP Yeh :: (run <a href='/java/cdfdb/servlet/RunSummary?RUN_NUMBER=253286' target=_top>253286</a>) -->

<!-- Date: Mon Nov 5 17:36:21.969 2007 -->
Run <A HREF=/java/cdfdb/servlet/RunSummary?RUN_NUMBER=253285>253285</A>
TERMINATE: end 5 (good !)
<!-- Author: diruzza -->



<!-- Date: Mon Nov 5 17:36:29.240 2007 -->
Following Conor's suggestion, I restarted CSL server (and emailed their mailing list), I cleaned up the L3 farm while being in the Start configuration and I restarted the run. I all went fine and we are now taking L2_Torture events. Conor came into Control Room and is looking into what frontcrate produced the EVB error in the first place. 
<!-- Author: Adrian :: (run <a href='/java/cdfdb/servlet/RunSummary?RUN_NUMBER=253286' target=_top>253286</a>) -->

<!-- Date: Mon Nov 5 17:37:42.468 2007 -->
Run <A HREF=/java/cdfdb/servlet/RunSummary?RUN_NUMBER=253286>253286</A>
TERMINATE: so that Laura powercycles b0l2pu04 once more.
<!-- Author: Adrian Buzatu -->


<!-- Date: Mon Nov 5 17:37:43.748 2007 -->
Run <A HREF=/java/cdfdb/servlet/RunSummary?RUN_NUMBER=253287>253287</A>
ACTIVATE: RunSet: SVT_500HZ_BEAMFIT test 6
<!-- Author: diruzza -->


<!-- Date: Mon Nov 5 17:53:30.561 2007 -->
Run <A HREF=/java/cdfdb/servlet/RunSummary?RUN_NUMBER=253101>253101</A>
<HTML>Run <A HREF=http://www-cdfonline.fnal.gov/java/cdfdb/servlet/RunSummary?RUN=253101 target=_runSummary>253101</A> has not yet been checked for goodrun status; please do so.</HTML>
<!-- Author: RunControl -->


<!-- Date: Mon Nov 5 17:55:24.484 2007 -->
Run <A HREF=/java/cdfdb/servlet/RunSummary?RUN_NUMBER=253287>253287</A>
TERMINATE: good again
<!-- Author: diruzza -->


<!-- Date: Mon Nov 5 17:59:32.683 2007 -->
Run <A HREF=/java/cdfdb/servlet/RunSummary?RUN_NUMBER=253101>253101</A>
RUNSTATUS: <PRE>Marked Bad, explanation:
SVT 
</PRE>
<!-- Author: cdfscico -->


<!-- Date: Mon Nov 5 18:10:34.307 2007 -->
Run <A HREF=/java/cdfdb/servlet/RunSummary?RUN_NUMBER=253288>253288</A>
ACTIVATE: RunSet: L2TORTURE  Trigger: L2_TORTURE [19,986,705] 
<!-- Author: Adrian Buzatu -->


<!-- Date: Mon Nov 5 18:15:24.624 2007 -->
Run <A HREF=/java/cdfdb/servlet/RunSummary?RUN_NUMBER=253289>253289</A>
ACTIVATE: RunSet: L2TORTURE  Trigger: L2_TORTURE [19,986,705] 
<!-- Author: Adrian Buzatu -->


<!-- Date: Mon Nov 5 18:18:04.836 2007 -->
Run <A HREF=/java/cdfdb/servlet/RunSummary?RUN_NUMBER=253290>253290</A>
ACTIVATE: RunSet: L2TORTURE  Trigger: L2_TORTURE [19,986,705] 
<!-- Author: Adrian Buzatu -->



<!-- Date: Mon Nov 5 18:27:02.239 2007 -->
 
    L3 trigger rate has dropped to 0 Hz!!!  
     Events are not being logged !!! 
 
so we restart CSL, as Willis suggests.
<!-- Author: adrian :: (run <a href='/java/cdfdb/servlet/RunSummary?RUN_NUMBER=253290' target=_top>253290</a>) -->

<!-- Date: Mon Nov 5 18:27:40.631 2007 -->
Run <A HREF=/java/cdfdb/servlet/RunSummary?RUN_NUMBER=253290>253290</A>
TERMINATE: to start CSL.
<!-- Author: Adrian Buzatu -->


<!-- Date: Mon Nov 5 18:32:25.383 2007 -->
Run <A HREF=/java/cdfdb/servlet/RunSummary?RUN_NUMBER=253292>253292</A>
ACTIVATE: RunSet: L2TORTURE  Trigger: L2_TORTURE [19,986,705] 
<!-- Author: Adrian Buzatu -->


<!-- Date: Mon Nov 5 18:37:19.377 2007 -->
Run <A HREF=/java/cdfdb/servlet/RunSummary?RUN_NUMBER=253104>253104</A>
<HTML>Run <A HREF=http://www-cdfonline.fnal.gov/java/cdfdb/servlet/RunSummary?RUN=253104 target=_runSummary>253104</A> has not yet been checked for goodrun status; please do so.</HTML>
<!-- Author: RunControl -->



<!-- Date: Mon Nov 5 18:38:07.688 2007 -->
 
 Attention !!!.  CER_DAQERRMON_WRONG_MODE_ERROR !!!  
  
 - please check that Consumers are running in correct mode (PHYSICS or COSMICS)  
 - if not, please restart them accordingly  
  
 - if, after that, the problem persists, please page DAQ  
 
Chiara and I realize that the monitors were in physics mode, so we closed displays and monitors and restart them in cosmics mode.
<!-- Author: Adrian :: (run <a href='/java/cdfdb/servlet/RunSummary?RUN_NUMBER=253292' target=_top>253292</a>) -->

<!-- Date: Mon Nov 5 18:40:12.977 2007 -->
Run <A HREF=/java/cdfdb/servlet/RunSummary?RUN_NUMBER=253292>253292</A>
TERMINATE: for Wills to do a test with the monitors off.
<!-- Author: Adrian Buzatu -->


<!-- Date: Mon Nov 5 18:44:25.665 2007 -->
Run <A HREF=/java/cdfdb/servlet/RunSummary?RUN_NUMBER=253294>253294</A>
ACTIVATE: RunSet: L2TORTURE  Trigger: L2_TORTURE [19,986,705] 
<!-- Author: Adrian Buzatu -->


<!-- Date: Mon Nov 5 18:48:03.894 2007 -->
Run <A HREF=/java/cdfdb/servlet/RunSummary?RUN_NUMBER=253295>253295</A>
 Activated at 2007.11.05 18:46:51
<!-- Author: RunControl -->


<!-- Date: Mon Nov 5 18:48:04.317 2007 -->
Run <A HREF=/java/cdfdb/servlet/RunSummary?RUN_NUMBER=253295>253295</A>
ACTIVATE: RunSet: ACE_COSMICS_ALL  Trigger: COSMICS [15,985,706]
<!-- Author: Adrian Buzatu -->


<!-- Date: Mon Nov 5 18:48:05.376 2007 -->
Run <A HREF=/java/cdfdb/servlet/RunSummary?RUN_NUMBER=253295>253295</A>
 Terminated at 2007.11.05 18:47:28
<!-- Author: RunControl -->


<!-- Date: Mon Nov 5 18:48:06.578 2007 -->
Run <A HREF=/java/cdfdb/servlet/RunSummary?RUN_NUMBER=253295>253295</A>
TERMINATE: stop to exclude SVT
<!-- Author: Adrian Buzatu -->


<!-- Date: Mon Nov 5 18:51:39.632 2007 -->
Run <A HREF=/java/cdfdb/servlet/RunSummary?RUN_NUMBER=253293>253293</A>
ACTIVATE: RunSet: SVT_500HZ_BEAMFIT testing all
<!-- Author: diruzza -->


<!-- Date: Mon Nov 5 18:52:27.925 2007 -->
Run <A HREF=/java/cdfdb/servlet/RunSummary?RUN_NUMBER=253297>253297</A>
 Activated at 2007.11.05 18:52:00
<!-- Author: RunControl -->


<!-- Date: Mon Nov 5 18:52:29.483 2007 -->
Run <A HREF=/java/cdfdb/servlet/RunSummary?RUN_NUMBER=253297>253297</A>
ACTIVATE: RunSet: ACE_COSMICS_ALL  Trigger: COSMICS [15,985,706] tracklist + fer code stuff
<!-- Author: Adrian Buzatu -->


<!-- Date: Mon Nov 5 18:53:10.106 2007 -->
Run <A HREF=/java/cdfdb/servlet/RunSummary?RUN_NUMBER=253297>253297</A>
 Terminated at 2007.11.05 18:53:06
<!-- Author: RunControl -->


<!-- Date: Mon Nov 5 19:00:43.880 2007 -->
Run <A HREF=/java/cdfdb/servlet/RunSummary?RUN_NUMBER=253299>253299</A>
 Activated at 2007.11.05 19:00:34
<!-- Author: RunControl -->


<!-- Date: Mon Nov 5 19:00:44.094 2007 -->
Run <A HREF=/java/cdfdb/servlet/RunSummary?RUN_NUMBER=253299>253299</A>
ACTIVATE: RunSet: ACE_COSMICS_ALL  Trigger: COSMICS [15,985,706] 
<!-- Author: Adrian Buzatu -->


<!-- Date: Mon Nov 5 19:06:57.861 2007 -->
Run <A HREF=/java/cdfdb/servlet/RunSummary?RUN_NUMBER=253298>253298</A>
ACTIVATE: RunSet: SVT_500HZ_BEAMFIT test all 2
<!-- Author: diruzza -->


<!-- Date: Mon Nov 5 19:13:06.261 2007 -->
Run <A HREF=/java/cdfdb/servlet/RunSummary?RUN_NUMBER=253299>253299</A>
 Terminated at 2007.11.05 19:12:36
<!-- Author: RunControl -->


<!-- Date: Mon Nov 5 19:13:07.940 2007 -->
Run <A HREF=/java/cdfdb/servlet/RunSummary?RUN_NUMBER=253298>253298</A>
TERMINATE: end test all 2
<!-- Author: diruzza -->


<!-- Date: Mon Nov 5 19:16:23.592 2007 -->
Run <A HREF=/java/cdfdb/servlet/RunSummary?RUN_NUMBER=253300>253300</A>
ACTIVATE: RunSet: SVT_500HZ_BEAMFIT test all 3
<!-- Author: diruzza -->


<!-- Date: Mon Nov 5 19:17:20.555 2007 -->
Run <A HREF=/java/cdfdb/servlet/RunSummary?RUN_NUMBER=253301>253301</A>
 Activated at 2007.11.05 19:17:02
<!-- Author: RunControl -->


<!-- Date: Mon Nov 5 19:17:21.999 2007 -->
Run <A HREF=/java/cdfdb/servlet/RunSummary?RUN_NUMBER=253301>253301</A>
ACTIVATE: RunSet: ACE_COSMICS_ALL  Trigger: COSMICS [15,985,706] 
<!-- Author: Adrian Buzatu -->


<!-- Date: Mon Nov 5 19:22:43.187 2007 -->
Run <A HREF=/java/cdfdb/servlet/RunSummary?RUN_NUMBER=253301>253301</A>
 Terminated at 2007.11.05 19:19:13
<!-- Author: RunControl -->


<!-- Date: Mon Nov 5 19:22:45.609 2007 -->
Run <A HREF=/java/cdfdb/servlet/RunSummary?RUN_NUMBER=253302>253302</A>
 Activated at 2007.11.05 19:21:39
<!-- Author: RunControl -->


<!-- Date: Mon Nov 5 19:22:46.511 2007 -->
Run <A HREF=/java/cdfdb/servlet/RunSummary?RUN_NUMBER=253302>253302</A>
ACTIVATE: RunSet: ACE_COSMICS_ALL  Trigger: COSMICS [15,985,706] 
<!-- Author: Adrian Buzatu -->


<!-- Date: Mon Nov 5 19:27:45.469 2007 -->
Run <A HREF=/java/cdfdb/servlet/RunSummary?RUN_NUMBER=253302>253302</A>
 Terminated at 2007.11.05 19:23:36
<!-- Author: RunControl -->


<!-- Date: Mon Nov 5 19:28:24.963 2007 -->
Run <A HREF=/java/cdfdb/servlet/RunSummary?RUN_NUMBER=253300>253300</A>
TERMINATE: end test 3 leaving crates
<!-- Author: diruzza -->
<!-- Comment: Mon Nov  5 19;45;06 comment by...benedetto -->
<pre>summary of the work:
fixed two small changes on version v5_2 installed this mornig and tested it.
The Ajax Browser is is working well on all the plots available with the fake-hits, all the others pages are ok.
</pre>
<!-- Date: Mon Nov 5 19:29:21.006 2007 -->
<p>The new CSL consumer code modification did not work, so 
   the previous version, v2_10 is now running. 
</p>
<!-- Author: Willis :: (run <a href='/java/cdfdb/servlet/RunSummary?RUN_NUMBER=253302' target=_top>253302</a>) -->
<!-- Comment: Mon Nov  5 20;49;05 comment by...Willis -->
<table border=0><td><tr><td bgcolor=#e0e030><p>ACES: When restarting the CSL, please do
<ul>
<li>setup csl   (no -d as in CSL help web page)
<li>restartCSL
</ul>
</p></td></tr></td></table>
<!-- Comment: Tue Nov  6 17;35;47 comment by...Willis -->
<p>The CSL "setup csl -d" version now works</p>
<!-- Date: Mon Nov 5 19:58:54.177 2007 -->
Run <A HREF=/java/cdfdb/servlet/RunSummary?RUN_NUMBER=253303>253303</A>
 Activated at 2007.11.05 19:58:37
<!-- Author: RunControl -->


<!-- Date: Mon Nov 5 19:58:55.562 2007 -->
Run <A HREF=/java/cdfdb/servlet/RunSummary?RUN_NUMBER=253303>253303</A>
ACTIVATE: RunSet: ACE_COSMICS_ALL  Trigger: COSMICS [15,985,706] 
<!-- Author: Adrian Buzatu -->


<!-- Date: Mon Nov 5 20:02:02.338 2007 -->
Run <A HREF=/java/cdfdb/servlet/RunSummary?RUN_NUMBER=253303>253303</A>
 Terminated at 2007.11.05 20:00:28
<!-- Author: RunControl -->


<!-- Date: Mon Nov 5 20:20:24.145 2007 -->
Run <A HREF=/java/cdfdb/servlet/RunSummary?RUN_NUMBER=253304>253304</A>
 Activated at 2007.11.05 20:19:52
<!-- Author: RunControl -->


<!-- Date: Mon Nov 5 20:20:25.742 2007 -->
Run <A HREF=/java/cdfdb/servlet/RunSummary?RUN_NUMBER=253304>253304</A>
ACTIVATE: RunSet: ACE_COSMICS_ALL  Trigger: COSMICS [15,985,706] 
<!-- Author: Adrian Buzatu -->


<!-- Date: Mon Nov 5 20:24:27.438 2007 -->
Run <A HREF=/java/cdfdb/servlet/RunSummary?RUN_NUMBER=253304>253304</A>
 Terminated at 2007.11.05 20:22:30
<!-- Author: RunControl -->


<!-- Date: Mon Nov 5 20:47:49.898 2007 -->
Run <A HREF=/java/cdfdb/servlet/RunSummary?RUN_NUMBER=253305>253305</A>
 Activated at 2007.11.05 20:47:42
<!-- Author: RunControl -->



<!-- Date: Mon Nov 5 20:56:26.787 2007 -->
Run <A HREF=/java/cdfdb/servlet/RunSummary?RUN_NUMBER=253305>253305</A>
ACTIVATE: RunSet: ACE_COSMICS_ALL  Trigger: COSMICS [15,985,706] 
<!-- Author: Adrian Buzatu -->


<!-- Date: Mon Nov 5 21:20:32.376 2007 -->
Run <A HREF=/java/cdfdb/servlet/RunSummary?RUN_NUMBER=253305>253305</A>
 Terminated at 2007.11.05 21:19:31
<!-- Author: RunControl -->


<!-- Date: Mon Nov 5 21:20:33.358 2007 -->
Run <A HREF=/java/cdfdb/servlet/RunSummary?RUN_NUMBER=253305>253305</A>
TERMINATE: done, we restart a cosmics mode for the preparation of the shot setup.
<!-- Author: Adrian Buzatu -->


<!-- Date: Mon Nov 5 21:24:31.253 2007 -->
Run <A HREF=/java/cdfdb/servlet/RunSummary?RUN_NUMBER=253306>253306</A>
 Activated at 2007.11.05 21:22:59
<!-- Author: RunControl -->


<!-- Date: Mon Nov 5 21:27:05.373 2007 -->
Run <A HREF=/java/cdfdb/servlet/RunSummary?RUN_NUMBER=253306>253306</A>
ACTIVATE: RunSet: ACE_COSMICS_ALL  Trigger: COSMICS [15,985,706] 
<!-- Author: Adrian Buzatu -->



<!-- Date: Mon Nov 5 21:30:18.599 2007 -->
MCR:  Shooting beam into the TeV.  Wet squeeze.
<!-- Author: GP Yeh, Scico :: (run <a href='/java/cdfdb/servlet/RunSummary?RUN_NUMBER=253306' target=_top>253306</a>) -->


<!-- Date: Mon Nov 5 22:21:19.019 2007 -->
<pre>   Run Coordinator e-Log  updated for 
       Tuesday Nov. 5 Shutdown    Schedule and details 
            Terminate beam in Tevatron no later than 04:30</pre>
<!-- Author: GP Yeh :: (run <a href='/java/cdfdb/servlet/RunSummary?RUN_NUMBER=253306' target=_top>253306</a>) -->


<!-- Date: Mon Nov 5 22:30:40.105 2007 -->
MCR:  Shot Setup
<!-- Author: Scico :: (run <a href='/java/cdfdb/servlet/RunSummary?RUN_NUMBER=253306' target=_top>253306</a>) -->

<!-- Date: Mon Nov 5 23:45:27.174 2007 -->
Run <A HREF=/java/cdfdb/servlet/RunSummary?RUN_NUMBER=253306>253306</A>
 Terminated at 2007.11.05 23:44:56
<!-- Author: RunControl -->


<!-- Date: Mon Nov 5 23:46:02.514 2007 -->
Run <A HREF=/java/cdfdb/servlet/RunSummary?RUN_NUMBER=253306>253306</A>
TERMINATE: loading protons bunches, so we start AAA_SHOTSETUP.
<!-- Author: Adrian Buzatu -->



<!-- Date: Mon Nov 5 23:46:02.582 2007 -->
Loading final protons
<!-- Author: Scico :: (run <a href='/java/cdfdb/servlet/RunSummary?RUN_NUMBER=253306' target=_top>253306</a>) -->

<!-- Date: Mon Nov 5 23:51:45.278 2007 -->
Run <A HREF=/java/cdfdb/servlet/RunSummary?RUN_NUMBER=253307>253307</A>
ACTIVATE: RunSet: AAA_SHOTSETUP  Trigger: PHYSICS_5_01 [2,1002,710] 
<!-- Author: Adrian Buzatu -->



<!-- Date: Mon Nov 5 23:54:42.606 2007 -->
Protons injected. Antiprotons start to be injected.
<!-- Author: Adrian :: (run <a href='/java/cdfdb/servlet/RunSummary?RUN_NUMBER=253307' target=_top>253307</a>) -->

<!-- Date: Mon Nov 5 23:55:08.108 2007 -->
<TABLE BORDER=2 CELLSPACING=1 CELLPADDING=1 BGCOLOR=WHITE>
<TR BGCOLOR=YELLOW><TH>RunNumber</TH>
<TH>DataType</TH>
<TH>PhysicsTable</TH>
<TH>Begin</TH>
<TH>End</TH>
<TH>LiveTime</TH>
<TH>L3Accepts</TH>
<TH>DelivLumi nb<SUP>-1</SUP></TH>
<TH>LiveLumi nb<SUP>-1</SUP></TH>
<TH>GR</TH>
<TH>SC</TH>
<TH>RC</TH></TR>
<TR><TD>Totals</TD>
<TD> </TD>
<TD> </TD>
<TD> </TD>
<TD>23:55:01</TD>
<TD ALIGN=CENTER>::</TD>
<TD ALIGN=RIGHT></TD>               <TD ALIGN=RIGHT></TD>
<TD ALIGN=RIGHT></TD>
<TD> </TD>
<TD> </TD>
<TD> </TD></TR>

</TABLE>
<!-- Author: End of Shift Report -->



<!-- Date: Mon Nov 5 23:59:33.590 2007 -->
Loading Pbars
<!-- Author: Scico :: (run <a href='/java/cdfdb/servlet/RunSummary?RUN_NUMBER=253307' target=_top>253307</a>) -->


<!-- Date: Tue Nov 6 00:02:16.581 2007 -->
<font color=red>Shift Summary: </font><pre>16:00  Pbar stack is 32.9 E10. Recycler stash is 186.2 E10. PBar studies. 
       Tev A-E acces,  Linac access.  
       Waiting for Shot Setup. 
17:30  Shutdown Plan for Tuesdy Nov. 6,  
            Move Low Beta at CDF.   
	    End Tevatron beam operations by 04:30. 
       See Run Coordinator e-Log for Schedule and details 
22:30  Shot Setup 
24:00  Loading Pbars 
</pre> 
<br><b>End of Shift Numbers</b>
<table><tr><td width=60% align=left>
<b>CDF Run II <p></b>                       
<pre>
Runs                   253278-253306
Delivered Luminosity   0.  
Acquired Luminosity    0.  
Efficiency             
   
</td></tr></table></pre>
<!-- Author: Scico -->

