This is TeX, Version 3.14159 (Web2C 7.3.1) (format=latex 2001.8.23)  18 FEB 2004 13:21
**d0note.tex
(d0note.tex
LaTeX2e <1999/12/01> patch level 1
Babel <v3.6Z> and hyphenation patterns for american, french, german, ngerman, i
talian, portuges, russian, spanish, nohyphenation, loaded.
(/usr/share/texmf/tex/latex/base/article.cls
Document Class: article 1999/09/10 v1.4a Standard LaTeX document class
(/usr/share/texmf/tex/latex/base/size10.clo
File: size10.clo 1999/09/10 v1.4a Standard LaTeX file (size option)
)
\c@part=\count79
\c@section=\count80
\c@subsection=\count81
\c@subsubsection=\count82
\c@paragraph=\count83
\c@subparagraph=\count84
\c@figure=\count85
\c@table=\count86
\abovecaptionskip=\skip41
\belowcaptionskip=\skip42
\bibindent=\dimen102
)
(/usr/share/texmf/tex/latex/graphics/epsfig.sty
Package: epsfig 1999/02/16 v1.7a (e)psfig emulation (SPQR)

(/usr/share/texmf/tex/latex/graphics/graphicx.sty
Package: graphicx 1999/02/16 v1.0f Enhanced LaTeX Graphics (DPC,SPQR)

(/usr/share/texmf/tex/latex/graphics/keyval.sty
Package: keyval 1999/03/16 v1.13 key=value parser (DPC)
\KV@toks@=\toks14
)
(/usr/share/texmf/tex/latex/graphics/graphics.sty
Package: graphics 1999/02/16 v1.0l Standard LaTeX Graphics (DPC,SPQR)

(/usr/share/texmf/tex/latex/graphics/trig.sty
Package: trig 1999/03/16 v1.09 sin cos tan (DPC)
)
(/usr/share/texmf/tex/latex/config/graphics.cfg)
Package graphics Info: Driver file: dvips.def on input line 80.

(/usr/share/texmf/tex/latex/graphics/dvips.def
File: dvips.def 1999/02/16 v3.0i Driver-dependant file (DPC,SPQR)
))
\Gin@req@height=\dimen103
\Gin@req@width=\dimen104
)
\epsfxsize=\dimen105
\epsfysize=\dimen106
)
(/usr/share/texmf/tex/latex/misc/subfigure.sty
Package: subfigure 1995/03/06 v2.0 subfigure package

Package: subfigure 1995/03/06 v2.0
\c@subfigure=\count87
\c@lofdepth=\count88
\c@subtable=\count89
\c@lotdepth=\count90
) (d0_style.sty) (d0note.aux (ele_presel.aux) (ele_sel.aux) (ele_eff.aux)
(ele_bkgsub.aux))
\openout1 = `d0note.aux'.

LaTeX Font Info:    Checking defaults for OML/cmm/m/it on input line 6.
LaTeX Font Info:    ... okay on input line 6.
LaTeX Font Info:    Checking defaults for T1/cmr/m/n on input line 6.
LaTeX Font Info:    ... okay on input line 6.
LaTeX Font Info:    Checking defaults for OT1/cmr/m/n on input line 6.
LaTeX Font Info:    ... okay on input line 6.
LaTeX Font Info:    Checking defaults for OMS/cmsy/m/n on input line 6.
LaTeX Font Info:    ... okay on input line 6.
LaTeX Font Info:    Checking defaults for OMX/cmex/m/n on input line 6.
LaTeX Font Info:    ... okay on input line 6.
LaTeX Font Info:    Checking defaults for U/cmr/m/n on input line 6.
LaTeX Font Info:    ... okay on input line 6.
LaTeX Font Info:    External font `cmex10' loaded for size
(Font)              <17.28> on input line 12.
LaTeX Font Info:    External font `cmex10' loaded for size
(Font)              <12> on input line 12.
LaTeX Font Info:    External font `cmex10' loaded for size
(Font)              <9> on input line 25.
LaTeX Font Info:    External font `cmex10' loaded for size
(Font)              <6> on input line 25.
LaTeX Font Info:    External font `cmex10' loaded for size
(Font)              <5> on input line 25.
 [1

] (d0note.toc
LaTeX Font Info:    External font `cmex10' loaded for size
(Font)              <7> on input line 2.
)
\tf@toc=\write3
\openout3 = `d0note.toc'.

 (d0note.lof [1] [2] [3] [4])
\tf@lof=\write4
\openout4 = `d0note.lof'.

 (d0note.lot
[5])
\tf@lot=\write5
\openout5 = `d0note.lot'.

LaTeX Font Info:    External font `cmex10' loaded for size
(Font)              <8> on input line 46.
 [6]

LaTeX Warning: No positions in optional float specifier.
               Default added (so using `tbp') on input line 124.

File: feyn.eps Graphic file (type eps)
<feyn.eps>
Overfull \hbox (2.22221pt too wide) in paragraph at lines 125--129
 []
 []


LaTeX Warning: No positions in optional float specifier.
               Default added (so using `tbp') on input line 134.

File: RapDiffWithEff.eps Graphic file (type eps)
<RapDiffWithEff.eps>
Overfull \hbox (2.22221pt too wide) in paragraph at lines 135--140
 []
 []

[7] [8] [9] [10]
\openout2 = `ele_presel.aux'.

 (ele_presel.tex) [11

]
Overfull \hbox (44.8424pt too wide) in paragraph at lines 268--277
[][] 
 []


LaTeX Warning: No positions in optional float specifier.
               Default added (so using `tbp') on input line 282.

File: AllPT.eps Graphic file (type eps)
<AllPT.eps>
Overfull \hbox (2.22221pt too wide) in paragraph at lines 283--287
 []
 []


LaTeX Warning: No positions in optional float specifier.
               Default added (so using `tbp') on input line 293.

File: AllMET.eps Graphic file (type eps)
<AllMET.eps>
Overfull \hbox (2.22221pt too wide) in paragraph at lines 294--298
 []
 []


LaTeX Warning: No positions in optional float specifier.
               Default added (so using `tbp') on input line 304.

File: AllTwoMass.eps Graphic file (type eps)
<AllTwoMass.eps>
Overfull \hbox (2.22221pt too wide) in paragraph at lines 305--309
 []
 []


LaTeX Warning: No positions in optional float specifier.
               Default added (so using `tbp') on input line 315.

File: AllThreeMass.eps Graphic file (type eps)
<AllThreeMass.eps>
Overfull \hbox (2.22221pt too wide) in paragraph at lines 316--320
 []
 []

[12

] [13] [14] [15]
\openout2 = `ele_sel.aux'.

 (ele_sel.tex
LaTeX Font Info:    Try loading font information for OMS+cmr on input line 6.
 (/usr/share/texmf/tex/latex/base/omscmr.fd
File: omscmr.fd 1999/05/25 v2.5h Standard LaTeX font definitions
)
LaTeX Font Info:    Font shape `OMS/cmr/m/n' in size <10> not available
(Font)              Font shape `OMS/cmsy/m/n' tried instead on input line 6.

Overfull \hbox (21.22836pt too wide) in paragraph at lines 18--23
[]\OT1/cmr/m/n/10 All events are re-quired to have fired EM[]HI[]SH, EM[]HI[]2E
M5[]SH, or EM[]MX[]SH
 []

) [16

] [17]
Overfull \hbox (14.94812pt too wide) in alignment at lines 354--364
 [][][] []
 []

[18

]
Overfull \hbox (61.32849pt too wide) in paragraph at lines 431--441
[][] 
 []

[19]

LaTeX Warning: No positions in optional float specifier.
               Default added (so using `tbp') on input line 445.

File: PythiaNLOPT.eps Graphic file (type eps)
<PythiaNLOPT.eps>
Overfull \hbox (2.22221pt too wide) in paragraph at lines 446--450
 []
 []


Overfull \hbox (61.79488pt too wide) in paragraph at lines 468--478
[][] 
 []


LaTeX Warning: No positions in optional float specifier.
               Default added (so using `tbp') on input line 482.

File: MU_W_ZVtx.eps Graphic file (type eps)
<MU_W_ZVtx.eps>
Overfull \hbox (2.22221pt too wide) in paragraph at lines 483--487
 []
 []


LaTeX Warning: No positions in optional float specifier.
               Default added (so using `tbp') on input line 491.

File: MUW_W_ZVtx.eps Graphic file (type eps)
<MUW_W_ZVtx.eps>
Overfull \hbox (2.22221pt too wide) in paragraph at lines 492--496
 []
 []


LaTeX Warning: No positions in optional float specifier.
               Default added (so using `tbp') on input line 501.

File: MUW_A_ZVtx.eps Graphic file (type eps)
<MUW_A_ZVtx.eps>
Overfull \hbox (2.22221pt too wide) in paragraph at lines 502--506
 []
 []


Overfull \hbox (34.99507pt too wide) in paragraph at lines 561--570
[][] 
 []

[20] [21] [22] [23]
Overfull \hbox (86.87361pt too wide) in paragraph at lines 603--613
[][] 
 []


LaTeX Warning: No positions in optional float specifier.
               Default added (so using `tbp') on input line 618.

File: MedMuonEff.eps Graphic file (type eps)
<MedMuonEff.eps>
Overfull \hbox (2.22221pt too wide) in paragraph at lines 619--623
 []
 []


LaTeX Warning: No positions in optional float specifier.
               Default added (so using `tbp') on input line 627.

File: LooseMuonEff.eps Graphic file (type eps)
<LooseMuonEff.eps>
Overfull \hbox (2.22221pt too wide) in paragraph at lines 628--632
 []
 []


LaTeX Warning: No positions in optional float specifier.
               Default added (so using `tbp') on input line 636.

File: MUHoleEff.eps Graphic file (type eps)
<MUHoleEff.eps>
Overfull \hbox (2.22221pt too wide) in paragraph at lines 637--642
 []
 []


Overfull \hbox (49.27295pt too wide) in paragraph at lines 659--668
[][] 
 []


Overfull \hbox (42.95447pt too wide) in paragraph at lines 683--692
[][] 
 []

[24] [25] [26]

LaTeX Warning: No positions in optional float specifier.
               Default added (so using `tbp') on input line 724.

File: VetoFitNoTRK.eps Graphic file (type eps)
<VetoFitNoTRK.eps>
Overfull \hbox (2.22221pt too wide) in paragraph at lines 725--731
 []
 []


LaTeX Warning: No positions in optional float specifier.
               Default added (so using `tbp') on input line 743.

File: VetoNoFitTRK.eps Graphic file (type eps)
<VetoNoFitTRK.eps>
Overfull \hbox (2.22221pt too wide) in paragraph at lines 744--750
 []
 []

[27]
Overfull \hbox (8.39311pt too wide) in paragraph at lines 760--772
\OT1/cmr/m/n/10 to be within muon de-tec-tor $\OMS/cmsy/m/n/10 j\OML/cmm/m/it/1
0 ^^Q\OMS/cmsy/m/n/10 j \OML/cmm/m/it/10 < \OT1/cmr/m/n/10 1\OML/cmm/m/it/10 :\
OT1/cmr/m/n/10 5$ for the trig-ger to fire. MUW[]A[]L2M3[]TRK10
 []

[28]

LaTeX Warning: No positions in optional float specifier.
               Default added (so using `tbp') on input line 794.

File: mu_L1.eps Graphic file (type eps)
<mu_L1.eps>
Overfull \hbox (2.22221pt too wide) in paragraph at lines 795--799
 []
 []


LaTeX Warning: No positions in optional float specifier.
               Default added (so using `tbp') on input line 803.

File: muw_w_L1.eps Graphic file (type eps)
<muw_w_L1.eps>
Overfull \hbox (2.22221pt too wide) in paragraph at lines 804--810
 []
 []


LaTeX Warning: No positions in optional float specifier.
               Default added (so using `tbp') on input line 814.

File: muw_a_L1.eps Graphic file (type eps)
<muw_a_L1.eps>
Overfull \hbox (2.22221pt too wide) in paragraph at lines 815--821
 []
 []


LaTeX Warning: No positions in optional float specifier.
               Default added (so using `tbp') on input line 832.

File: mu_L2.eps Graphic file (type eps)
<mu_L2.eps>
Overfull \hbox (2.22221pt too wide) in paragraph at lines 833--837
 []
 []


Overfull \hbox (16.78122pt too wide) in paragraph at lines 825--840
\OT1/cmr/m/n/10 muon sys-tem to ex-ceed 5 GeV. MUW[]W[]L2M3[]TRK10 and MUW[]A[]
L2M3[]TRK10
 []

[29] [30]

LaTeX Warning: No positions in optional float specifier.
               Default added (so using `tbp') on input line 841.

File: muw_w_L2.eps Graphic file (type eps)
<muw_w_L2.eps>
Overfull \hbox (2.22221pt too wide) in paragraph at lines 842--846
 []
 []


LaTeX Warning: No positions in optional float specifier.
               Default added (so using `tbp') on input line 850.

File: muw_a_L2.eps Graphic file (type eps)
<muw_a_L2.eps>
Overfull \hbox (2.22221pt too wide) in paragraph at lines 851--855
 []
 []


LaTeX Warning: No positions in optional float specifier.
               Default added (so using `tbp') on input line 866.

File: mu_TRK.eps Graphic file (type eps)
<mu_TRK.eps>
Overfull \hbox (2.22221pt too wide) in paragraph at lines 867--872
 []
 []


LaTeX Warning: No positions in optional float specifier.
               Default added (so using `tbp') on input line 876.

File: muw_w_TRK.eps Graphic file (type eps)
<muw_w_TRK.eps>
Overfull \hbox (2.22221pt too wide) in paragraph at lines 877--882
 []
 []


LaTeX Warning: No positions in optional float specifier.
               Default added (so using `tbp') on input line 886.

File: muw_a_TRK.eps Graphic file (type eps)
<muw_a_TRK.eps>
Overfull \hbox (2.22221pt too wide) in paragraph at lines 887--892
 []
 []


Overfull \hbox (95.7903pt too wide) in paragraph at lines 901--910
[][] 
 []


Overfull \hbox (95.7903pt too wide) in paragraph at lines 915--924
[][] 
 []


Overfull \hbox (95.7903pt too wide) in paragraph at lines 930--939
[][] 
 []


Overfull \hbox (90.78682pt too wide) in paragraph at lines 953--963
[][] 
 []

[31] [32] [33] [34] [35]

LaTeX Warning: No positions in optional float specifier.
               Default added (so using `tbp') on input line 1006.

File: l3_dphideta.eps Graphic file (type eps)
<l3_dphideta.eps>
Overfull \hbox (2.22221pt too wide) in paragraph at lines 1007--1012
 []
 []


Overfull \hbox (95.7903pt too wide) in paragraph at lines 1025--1034
[][] 
 []


LaTeX Warning: No positions in optional float specifier.
               Default added (so using `tbp') on input line 1038.

File: mu_L3_preL3.eps Graphic file (type eps)
<mu_L3_preL3.eps>
Overfull \hbox (2.22221pt too wide) in paragraph at lines 1039--1045
 []
 []


LaTeX Warning: No positions in optional float specifier.
               Default added (so using `tbp') on input line 1049.

File: mu_L3.eps Graphic file (type eps)
<mu_L3.eps>
Overfull \hbox (2.22221pt too wide) in paragraph at lines 1050--1056
 []
 []


LaTeX Warning: No positions in optional float specifier.
               Default added (so using `tbp') on input line 1060.

File: muw_w_L3.eps Graphic file (type eps)
<muw_w_L3.eps>
Overfull \hbox (2.22221pt too wide) in paragraph at lines 1061--1066
 []
 []


LaTeX Warning: No positions in optional float specifier.
               Default added (so using `tbp') on input line 1070.

File: muw_a_L3.eps Graphic file (type eps)
<muw_a_L3.eps>
Overfull \hbox (2.22221pt too wide) in paragraph at lines 1071--1076
 []
 []

[36] [37] [38] [39]

LaTeX Warning: No positions in optional float specifier.
               Default added (so using `tbp') on input line 1102.

File: IsoPlot.eps Graphic file (type eps)
<IsoPlot.eps>
Overfull \hbox (2.22221pt too wide) in paragraph at lines 1103--1107
 []
 []


LaTeX Warning: No positions in optional float specifier.
               Default added (so using `tbp') on input line 1111.

File: IsoFit.eps Graphic file (type eps)
<IsoFit.eps>
Overfull \hbox (2.22221pt too wide) in paragraph at lines 1112--1116
 []
 []

[40] [41] [42]
\openout2 = `ele_eff.aux'.

 (ele_eff.tex
File: Trigger/CC/eff_pt.epsi Graphic file (type eps)
 <Trigger/CC/eff_pt.epsi>
File: Trigger/EC/eff_pt.epsi Graphic file (type eps)
 <Trigger/EC/eff_pt.epsi>
File: Trigger/EC/probe_ele_eta.epsi Graphic file (type eps)

<Trigger/EC/probe_ele_eta.epsi>
File: Trigger/CC/probe_ele_eta.epsi Graphic file (type eps)
 <Trigger/CC/probe_ele_eta.epsi> [43

] [44])
[45] [46] [47

] [48]

LaTeX Warning: No positions in optional float specifier.
               Default added (so using `tbp') on input line 1275.

File: PhoVarDist.eps Graphic file (type eps)
<PhoVarDist.eps>
Overfull \hbox (2.22221pt too wide) in paragraph at lines 1276--1280
 []
 []

[49]

LaTeX Warning: No positions in optional float specifier.
               Default added (so using `tbp') on input line 1321.

File: TrackIsoEff.eps Graphic file (type eps)
<TrackIsoEff.eps>
Overfull \hbox (2.22221pt too wide) in paragraph at lines 1322--1327
 []
 []

[50] [51]

LaTeX Warning: No positions in optional float specifier.
               Default added (so using `tbp') on input line 1401.

File: PointingRes.eps Graphic file (type eps)
<PointingRes.eps>
Overfull \hbox (2.22221pt too wide) in paragraph at lines 1402--1407
 []
 []

[52] [53] [54]

LaTeX Warning: No positions in optional float specifier.
               Default added (so using `tbp') on input line 1506.

File: Jet5ET_NewThresh.eps Graphic file (type eps)
<Jet5ET_NewThresh.eps>
Overfull \hbox (2.22221pt too wide) in paragraph at lines 1507--1511
 []
 []


LaTeX Warning: No positions in optional float specifier.
               Default added (so using `tbp') on input line 1524.

File: EMFakeRate.eps Graphic file (type eps)
<EMFakeRate.eps>
Overfull \hbox (2.22221pt too wide) in paragraph at lines 1525--1529
 []
 []


LaTeX Warning: No positions in optional float specifier.
               Default added (so using `tbp') on input line 1533.

File: EMFakeRate_Trk_NoSub.eps Graphic file (type eps)
<EMFakeRate_Trk_NoSub.eps>
Overfull \hbox (2.22221pt too wide) in paragraph at lines 1534--1540
 []
 []


LaTeX Warning: No positions in optional float specifier.
               Default added (so using `tbp') on input line 1544.

File: EMFakeRate_FitDPS.eps Graphic file (type eps)
<EMFakeRate_FitDPS.eps>
Overfull \hbox (2.22221pt too wide) in paragraph at lines 1545--1551
 []
 []

[55] [56] [57]
Overfull \hbox (116.29074pt too wide) in paragraph at lines 1604--1616
[][] 
 []


Overfull \hbox (48.5891pt too wide) in paragraph at lines 1665--1674
[][] 
 []

[58] [59]
Overfull \hbox (49.33862pt too wide) in paragraph at lines 1722--1734
[][] 
 []

[60]
\openout2 = `ele_bkgsub.aux'.

 (ele_bkgsub.tex
File: CC/EleEt.epsi Graphic file (type eps)
 <CC/EleEt.epsi>
File: EC/EleEt.epsi Graphic file (type eps)
 <EC/EleEt.epsi>
File: CC/EleEta.epsi Graphic file (type eps)
 <CC/EleEta.epsi>
File: EC/EleEta.epsi Graphic file (type eps)

<EC/EleEta.epsi>
File: CC/ElePhi.epsi Graphic file (type eps)
 <CC/ElePhi.epsi>
File: EC/ElePhi.epsi Graphic file (type eps)
 <EC/ElePhi.epsi>
File: CC/PhoEt.epsi Graphic file (type eps)
 <CC/PhoEt.epsi>
File: EC/PhoEt.epsi Graphic file (type eps)

<EC/PhoEt.epsi>
File: CC/PhoEta.epsi Graphic file (type eps)
 <CC/PhoEta.epsi>
File: EC/PhoEta.epsi Graphic file (type eps)
 <EC/PhoEta.epsi>
File: CC/PhoPhi.epsi Graphic file (type eps)
 <CC/PhoPhi.epsi>
File: EC/PhoPhi.epsi Graphic file (type eps)

<EC/PhoPhi.epsi>
File: CC/DR.epsi Graphic file (type eps)
 <CC/DR.epsi>
File: EC/DR.epsi Graphic file (type eps)
 <EC/DR.epsi>
File: CC/DEta.epsi Graphic file (type eps)
 <CC/DEta.epsi>
File: EC/DEta.epsi Graphic file (type eps)
 <EC/DEta.epsi>
[61

] [62] [63] [64] [65] [66] [67] [68] [69]
File: CC/DEtaClus.epsi Graphic file (type eps)
 <CC/DEtaClus.epsi>
File: EC/DEtaClus.epsi Graphic file (type eps)

<EC/DEtaClus.epsi>
File: CC/MT.epsi Graphic file (type eps)
 <CC/MT.epsi>
File: EC/MT.epsi Graphic file (type eps)
 <EC/MT.epsi>
File: CC/cMT.epsi Graphic file (type eps)
 <CC/cMT.epsi>
File: EC/cMT.epsi Graphic file (type eps)
 <EC/cMT.epsi>)
[70] [71] [72] [73]
Overfull \hbox (100.05077pt too wide) in paragraph at lines 1746--1770
[][] 
 []


Overfull \hbox (110.32857pt too wide) in paragraph at lines 1777--1801
[][] 
 []


Overfull \hbox (107.55078pt too wide) in paragraph at lines 1806--1830
[][] 
 []


LaTeX Warning: No positions in optional float specifier.
               Default added (so using `tbp') on input line 1856.

File: ETSpectraWithBackLOG.eps Graphic file (type eps)
<ETSpectraWithBackLOG.eps>
Overfull \hbox (2.22221pt too wide) in paragraph at lines 1857--1861
 []
 []


LaTeX Warning: No positions in optional float specifier.
               Default added (so using `tbp') on input line 1866.

File: RapDiffNoSub.eps Graphic file (type eps)
<RapDiffNoSub.eps>
Overfull \hbox (2.22221pt too wide) in paragraph at lines 1867--1871
 []
 []


LaTeX Warning: No positions in optional float specifier.
               Default added (so using `tbp') on input line 1875.

File: RapDiffWithSub.eps Graphic file (type eps)
<RapDiffWithSub.eps>
Overfull \hbox (2.22221pt too wide) in paragraph at lines 1876--1880
 []
 []

[74


] [75] [76] [77] [78]
Underfull \hbox (badness 10000) in paragraph at lines 1948--1949
[]\OT1/cmr/m/n/10 EMCertification ver-sion 5.0, at http://www-
 []


Underfull \hbox (badness 1442) in paragraph at lines 1950--1952
[]\OT1/cmr/m/n/10 Drew Al-ton, Har-ald Fox, John Gard-ner, Sean Mat-tingly, Geo
rg
 []


Underfull \hbox (badness 10000) in paragraph at lines 1955--1956
[]\OT1/cmr/m/n/10 See talk by A. Askew at http://www-
 []


Underfull \hbox (badness 10000) in paragraph at lines 1955--1956
\OT1/cmr/m/n/10 d0.fnal.gov/atwork/adm/d0[]private/2003-7-
 []

[79] [80] (d0note.aux (ele_presel.aux) (ele_sel.aux) (ele_eff.aux)
(ele_bkgsub.aux)) ) 
Here is how much of TeX's memory you used:
 1015 strings out of 20863
 11572 string characters out of 195485
 72727 words of memory out of 350001
 3902 multiletter control sequences out of 10000+15000
 13062 words of font info for 44 fonts, out of 400000 for 1000
 26 hyphenation exceptions out of 10000
 32i,11n,24p,441b,350s stack positions out of 3000i,100n,1500p,50000b,4000s

Output written on d0note.dvi (81 pages, 199476 bytes).
