2003.10.08 09:15 B G:\WEB\compliance\resources\briefings\planning\data\air\afs101training.pdf --> oecaftp.sdc-moses.com /compliance/resources/briefings/planning/data/air afs101training.pdf
2003.10.08 09:15 B G:\WEB\compliance\resources\briefings\planning\data\air\afs201trng.pdf --> oecaftp.sdc-moses.com /compliance/resources/briefings/planning/data/air afs201trng.pdf
2003.10.08 09:15 B G:\WEB\compliance\resources\briefings\planning\data\air\afsbusinessrulesactions.pdf --> oecaftp.sdc-moses.com /compliance/resources/briefings/planning/data/air afsbusinessrulesactions.pdf
2003.10.08 09:15 B G:\WEB\compliance\resources\briefings\planning\data\air\afsbusrulesfields.pdf --> oecaftp.sdc-moses.com /compliance/resources/briefings/planning/data/air afsbusrulesfields.pdf
2003.10.08 09:15 B G:\WEB\compliance\resources\briefings\planning\data\air\attendees.pdf --> oecaftp.sdc-moses.com /compliance/resources/briefings/planning/data/air attendees.pdf
2003.10.08 09:15 B G:\WEB\compliance\resources\briefings\planning\data\air\batchtraining.pdf --> oecaftp.sdc-moses.com /compliance/resources/briefings/planning/data/air batchtraining.pdf
2003.10.08 09:15 B G:\WEB\compliance\resources\briefings\planning\data\air\ccb.pdf --> oecaftp.sdc-moses.com /compliance/resources/briefings/planning/data/air ccb.pdf
2003.10.08 09:15 B G:\WEB\compliance\resources\briefings\planning\data\air\cmsdataissues.pdf --> oecaftp.sdc-moses.com /compliance/resources/briefings/planning/data/air cmsdataissues.pdf
2003.10.08 09:15 B G:\WEB\compliance\resources\briefings\planning\data\air\cmsde.pdf --> oecaftp.sdc-moses.com /compliance/resources/briefings/planning/data/air cmsde.pdf
2003.10.08 09:16 B G:\WEB\compliance\resources\briefings\planning\data\air\cofa.pdf --> oecaftp.sdc-moses.com /compliance/resources/briefings/planning/data/air cofa.pdf
2003.10.08 09:16 B G:\WEB\compliance\resources\briefings\planning\data\air\compliancereportinginafs.pdf --> oecaftp.sdc-moses.com /compliance/resources/briefings/planning/data/air compliancereportinginafs.pdf
2003.10.08 09:16 B G:\WEB\compliance\resources\briefings\planning\data\air\draftpenaltyreporting policy.pdf --> oecaftp.sdc-moses.com /compliance/resources/briefings/planning/data/air draftpenaltyreporting policy.pdf
2003.10.08 09:16 B G:\WEB\compliance\resources\briefings\planning\data\air\echolsotistrng.pdf --> oecaftp.sdc-moses.com /compliance/resources/briefings/planning/data/air echolsotistrng.pdf
2003.10.08 09:17 B G:\WEB\compliance\resources\briefings\planning\data\air\frs.pdf --> oecaftp.sdc-moses.com /compliance/resources/briefings/planning/data/air frs.pdf
2003.10.08 09:17 B G:\WEB\compliance\resources\briefings\planning\data\air\hpvtraining.pdf --> oecaftp.sdc-moses.com /compliance/resources/briefings/planning/data/air hpvtraining.pdf
2003.10.08 09:17 B G:\WEB\compliance\resources\briefings\planning\data\air\hqinitiatives.pdf --> oecaftp.sdc-moses.com /compliance/resources/briefings/planning/data/air hqinitiatives.pdf
2003.10.08 09:17 B G:\WEB\compliance\resources\briefings\planning\data\air\maine.pdf --> oecaftp.sdc-moses.com /compliance/resources/briefings/planning/data/air maine.pdf
2003.10.08 09:17 B G:\WEB\compliance\resources\briefings\planning\data\air\ocqmp.pdf --> oecaftp.sdc-moses.com /compliance/resources/briefings/planning/data/air ocqmp.pdf
2003.10.08 09:17 B G:\WEB\compliance\resources\briefings\planning\data\air\presentation.pdf --> oecaftp.sdc-moses.com /compliance/resources/briefings/planning/data/air presentation.pdf
2003.10.08 09:18 B G:\WEB\compliance\resources\briefings\planning\data\air\rndomaaudits.pdf --> oecaftp.sdc-moses.com /compliance/resources/briefings/planning/data/air rndomaaudits.pdf
2003.10.08 09:18 B G:\WEB\compliance\resources\briefings\planning\data\air\schedule.pdf --> oecaftp.sdc-moses.com /compliance/resources/briefings/planning/data/air schedule.pdf
2003.10.08 09:19 B G:\WEB\compliance\resources\briefings\planning\data\air\securityandrules.pdf --> oecaftp.sdc-moses.com /compliance/resources/briefings/planning/data/air securityandrules.pdf
2003.10.08 09:19 B G:\WEB\compliance\resources\briefings\planning\data\air\summary.pdf --> oecaftp.sdc-moses.com /compliance/resources/briefings/planning/data/air summary.pdf
2003.10.08 09:19 B G:\WEB\compliance\resources\briefings\planning\data\air\tvct.pdf --> oecaftp.sdc-moses.com /compliance/resources/briefings/planning/data/air tvct.pdf
2003.10.08 09:19 B G:\WEB\compliance\resources\briefings\planning\data\air\tvpermitdata.pdf --> oecaftp.sdc-moses.com /compliance/resources/briefings/planning/data/air tvpermitdata.pdf
2003.10.08 14:04 B G:\WEB\compliance\resources\briefings\planning\data\air\yearinafs.pdf --> oecaftp.sdc-moses.com /compliance/resources/briefings/planning/data/air yearinafs.pdf
2003.10.09 13:23 B G:\WEB\compliance\resources\briefings\planning\data\air\cmsde.pdf --> oecaftp.sdc-moses.com /compliance/resources/briefings/planning/data/air cmsde.pdf
2003.10.09 13:23 B G:\WEB\compliance\resources\briefings\planning\data\air\tvct.pdf --> oecaftp.sdc-moses.com /compliance/resources/briefings/planning/data/air tvct.pdf
2003.10.09 13:24 B G:\WEB\compliance\resources\briefings\planning\data\air\maine.pdf --> oecaftp.sdc-moses.com /compliance/resources/briefings/planning/data/air maine.pdf
2003.10.29 16:54 B g:\WEB\compliance\resources\briefings\planning\data\air\afs101training.pdf --> intranet.epa.gov /public/data/oecaftpx/web/compliance/resources/briefings/planning/data/air afs101training.pdf
2003.10.29 16:54 B g:\WEB\compliance\resources\briefings\planning\data\air\afs201trng.pdf --> intranet.epa.gov /public/data/oecaftpx/web/compliance/resources/briefings/planning/data/air afs201trng.pdf
2003.10.29 16:54 B g:\WEB\compliance\resources\briefings\planning\data\air\afsbusinessrulesactions.pdf --> intranet.epa.gov /public/data/oecaftpx/web/compliance/resources/briefings/planning/data/air afsbusinessrulesactions.pdf
2003.10.29 16:54 B g:\WEB\compliance\resources\briefings\planning\data\air\afsbusrulesfields.pdf --> intranet.epa.gov /public/data/oecaftpx/web/compliance/resources/briefings/planning/data/air afsbusrulesfields.pdf
2003.10.29 16:54 B g:\WEB\compliance\resources\briefings\planning\data\air\attendees.pdf --> intranet.epa.gov /public/data/oecaftpx/web/compliance/resources/briefings/planning/data/air attendees.pdf
2003.10.29 16:54 B g:\WEB\compliance\resources\briefings\planning\data\air\batchtraining.pdf --> intranet.epa.gov /public/data/oecaftpx/web/compliance/resources/briefings/planning/data/air batchtraining.pdf
2003.10.29 16:54 B g:\WEB\compliance\resources\briefings\planning\data\air\ccb.pdf --> intranet.epa.gov /public/data/oecaftpx/web/compliance/resources/briefings/planning/data/air ccb.pdf
2003.10.29 16:54 B g:\WEB\compliance\resources\briefings\planning\data\air\cmsdataissues.pdf --> intranet.epa.gov /public/data/oecaftpx/web/compliance/resources/briefings/planning/data/air cmsdataissues.pdf
2003.10.29 16:54 B g:\WEB\compliance\resources\briefings\planning\data\air\cmsde.pdf --> intranet.epa.gov /public/data/oecaftpx/web/compliance/resources/briefings/planning/data/air cmsde.pdf
2003.10.29 16:54 B g:\WEB\compliance\resources\briefings\planning\data\air\cofa.pdf --> intranet.epa.gov /public/data/oecaftpx/web/compliance/resources/briefings/planning/data/air cofa.pdf
2003.10.29 16:54 B g:\WEB\compliance\resources\briefings\planning\data\air\compliancereportinginafs.pdf --> intranet.epa.gov /public/data/oecaftpx/web/compliance/resources/briefings/planning/data/air compliancereportinginafs.pdf
2003.10.29 16:54 B g:\WEB\compliance\resources\briefings\planning\data\air\draftpenaltyreporting policy.pdf --> intranet.epa.gov /public/data/oecaftpx/web/compliance/resources/briefings/planning/data/air draftpenaltyreporting policy.pdf
2003.10.29 16:54 B g:\WEB\compliance\resources\briefings\planning\data\air\echolsotistrng.pdf --> intranet.epa.gov /public/data/oecaftpx/web/compliance/resources/briefings/planning/data/air echolsotistrng.pdf
2003.10.29 16:54 B g:\WEB\compliance\resources\briefings\planning\data\air\frs.pdf --> intranet.epa.gov /public/data/oecaftpx/web/compliance/resources/briefings/planning/data/air frs.pdf
2003.10.29 16:54 B g:\WEB\compliance\resources\briefings\planning\data\air\hpvtraining.pdf --> intranet.epa.gov /public/data/oecaftpx/web/compliance/resources/briefings/planning/data/air hpvtraining.pdf
2003.10.29 16:54 B g:\WEB\compliance\resources\briefings\planning\data\air\hqinitiatives.pdf --> intranet.epa.gov /public/data/oecaftpx/web/compliance/resources/briefings/planning/data/air hqinitiatives.pdf
2003.10.29 16:55 B g:\WEB\compliance\resources\briefings\planning\data\air\maine.pdf --> intranet.epa.gov /public/data/oecaftpx/web/compliance/resources/briefings/planning/data/air maine.pdf
2003.10.29 16:55 B g:\WEB\compliance\resources\briefings\planning\data\air\ocqmp.pdf --> intranet.epa.gov /public/data/oecaftpx/web/compliance/resources/briefings/planning/data/air ocqmp.pdf
2003.10.29 16:55 B g:\WEB\compliance\resources\briefings\planning\data\air\presentation.pdf --> intranet.epa.gov /public/data/oecaftpx/web/compliance/resources/briefings/planning/data/air presentation.pdf
2003.10.29 16:55 B g:\WEB\compliance\resources\briefings\planning\data\air\rndomaaudits.pdf --> intranet.epa.gov /public/data/oecaftpx/web/compliance/resources/briefings/planning/data/air rndomaaudits.pdf
2003.10.29 16:55 B g:\WEB\compliance\resources\briefings\planning\data\air\schedule.pdf --> intranet.epa.gov /public/data/oecaftpx/web/compliance/resources/briefings/planning/data/air schedule.pdf
2003.10.29 16:55 B g:\WEB\compliance\resources\briefings\planning\data\air\securepresent.PDF --> intranet.epa.gov /public/data/oecaftpx/web/compliance/resources/briefings/planning/data/air securepresent.PDF
2003.10.29 16:55 B g:\WEB\compliance\resources\briefings\planning\data\air\securityandrules.pdf --> intranet.epa.gov /public/data/oecaftpx/web/compliance/resources/briefings/planning/data/air securityandrules.pdf
2003.10.29 16:55 B g:\WEB\compliance\resources\briefings\planning\data\air\summary.pdf --> intranet.epa.gov /public/data/oecaftpx/web/compliance/resources/briefings/planning/data/air summary.pdf
2003.10.29 16:55 B g:\WEB\compliance\resources\briefings\planning\data\air\tvct.pdf --> intranet.epa.gov /public/data/oecaftpx/web/compliance/resources/briefings/planning/data/air tvct.pdf
2003.10.29 16:55 B g:\WEB\compliance\resources\briefings\planning\data\air\tvpermitdata.pdf --> intranet.epa.gov /public/data/oecaftpx/web/compliance/resources/briefings/planning/data/air tvpermitdata.pdf
2003.10.29 16:55 B g:\WEB\compliance\resources\briefings\planning\data\air\wheretofindit.pdf --> intranet.epa.gov /public/data/oecaftpx/web/compliance/resources/briefings/planning/data/air wheretofindit.pdf
2003.10.29 16:55 B g:\WEB\compliance\resources\briefings\planning\data\air\yearinafs.pdf --> intranet.epa.gov /public/data/oecaftpx/web/compliance/resources/briefings/planning/data/air yearinafs.pdf
2003.10.30 07:27 B g:\WEB\compliance\resources\briefings\planning\data\air\2003afsgrantsummary.html --> intranet.epa.gov /public/data/oecaftpx/web/compliance/resources/briefings/planning/data/air 2003afsgrantsummary.html
2003.11.04 11:55 B g:\WEB\compliance\resources\briefings\planning\data\air\2003afsconference.html --> intranet.epa.gov /public/data/oecaftpx/web/compliance/resources/briefings/planning/data/air 2003afsconference.html
2003.11.04 12:12 B g:\WEB\compliance\resources\briefings\planning\data\air\2003afsconference.html --> intranet.epa.gov /public/data/oecaftpx/web/compliance/resources/briefings/planning/data/air 2003afsconference.html
2003.11.04 12:13 B g:\WEB\compliance\resources\briefings\planning\data\air\2003afsconference.html --> intranet.epa.gov /public/data/oecaftpx/web/compliance/resources/briefings/planning/data/air 2003afsconference.html
2003.11.04 12:16 B g:\WEB\compliance\resources\briefings\planning\data\air\draftpenaltyreportingpolicy.pdf --> intranet.epa.gov /public/data/oecaftpx/web/compliance/resources/briefings/planning/data/air draftpenaltyreportingpolicy.pdf
2003.11.04 12:16 B g:\WEB\compliance\resources\briefings\planning\data\air\2003afsconference.html --> intranet.epa.gov /public/data/oecaftpx/web/compliance/resources/briefings/planning/data/air 2003afsconference.html
2003.11.04 12:28 B g:\WEB\compliance\resources\briefings\planning\data\air\2003afsconference.html --> intranet.epa.gov /public/data/oecaftpx/web/compliance/resources/briefings/planning/data/air 2003afsconference.html
2003.11.04 12:43 B g:\WEB\compliance\resources\briefings\planning\data\air\2003afsgrantsummary.html --> intranet.epa.gov /public/data/oecaftpx/web/compliance/resources/briefings/planning/data/air 2003afsgrantsummary.html
2003.11.04 12:44 B g:\WEB\compliance\resources\briefings\planning\data\air\2003afsgrantsummary.html --> intranet.epa.gov /public/data/oecaftpx/web/compliance/resources/briefings/planning/data/air 2003afsgrantsummary.html
2003.11.04 12:46 B g:\WEB\compliance\resources\briefings\planning\data\air\2003afsgrantsummary.html --> intranet.epa.gov /public/data/oecaftpx/web/compliance/resources/briefings/planning/data/air 2003afsgrantsummary.html
2003.11.04 13:36 B g:\WEB\compliance\resources\briefings\planning\data\air\2003afsconference.html --> intranet.epa.gov /public/data/oecaftpx/web/compliance/resources/briefings/planning/data/air 2003afsconference.html
2003.11.12 08:29 B g:\WEB\compliance\resources\briefings\planning\data\air\2003afsconference.html --> intranet.epa.gov /public/data/oecaftpx/web/compliance/resources/briefings/planning/data/air 2003afsconference.html
2003.11.14 10:07 B G:\WEB\compliance\resources\briefings\planning\data\air\2003afsconference.html --> mountain.epa.gov /public/data/oecaerth/web/resources/briefings/planning/data/air 2003afsconference.html
2003.11.14 10:08 B G:\WEB\compliance\resources\briefings\planning\data\air\2003afsgrantsummary.html --> mountain.epa.gov /public/data/oecaerth/web/resources/briefings/planning/data/air 2003afsgrantsummary.html
2003.11.14 10:08 B G:\WEB\compliance\resources\briefings\planning\data\air\afs101training.pdf --> mountain.epa.gov /public/data/oecaerth/web/resources/briefings/planning/data/air afs101training.pdf
2003.11.14 10:08 B G:\WEB\compliance\resources\briefings\planning\data\air\afs201trng.pdf --> mountain.epa.gov /public/data/oecaerth/web/resources/briefings/planning/data/air afs201trng.pdf
2003.11.14 10:08 B G:\WEB\compliance\resources\briefings\planning\data\air\afsbusinessrulesactions.pdf --> mountain.epa.gov /public/data/oecaerth/web/resources/briefings/planning/data/air afsbusinessrulesactions.pdf
2003.11.14 10:08 B G:\WEB\compliance\resources\briefings\planning\data\air\afsbusrulesfields.pdf --> mountain.epa.gov /public/data/oecaerth/web/resources/briefings/planning/data/air afsbusrulesfields.pdf
2003.11.14 10:08 B G:\WEB\compliance\resources\briefings\planning\data\air\attendees.pdf --> mountain.epa.gov /public/data/oecaerth/web/resources/briefings/planning/data/air attendees.pdf
2003.11.14 10:08 B G:\WEB\compliance\resources\briefings\planning\data\air\batchtraining.pdf --> mountain.epa.gov /public/data/oecaerth/web/resources/briefings/planning/data/air batchtraining.pdf
2003.11.14 10:08 B G:\WEB\compliance\resources\briefings\planning\data\air\ccb.pdf --> mountain.epa.gov /public/data/oecaerth/web/resources/briefings/planning/data/air ccb.pdf
2003.11.14 10:08 B G:\WEB\compliance\resources\briefings\planning\data\air\cmsdataissues.pdf --> mountain.epa.gov /public/data/oecaerth/web/resources/briefings/planning/data/air cmsdataissues.pdf
2003.11.14 10:08 B G:\WEB\compliance\resources\briefings\planning\data\air\cmsde.pdf --> mountain.epa.gov /public/data/oecaerth/web/resources/briefings/planning/data/air cmsde.pdf
2003.11.14 10:09 B G:\WEB\compliance\resources\briefings\planning\data\air\cofa.pdf --> mountain.epa.gov /public/data/oecaerth/web/resources/briefings/planning/data/air cofa.pdf
2003.11.14 10:09 B G:\WEB\compliance\resources\briefings\planning\data\air\compliancereportinginafs.pdf --> mountain.epa.gov /public/data/oecaerth/web/resources/briefings/planning/data/air compliancereportinginafs.pdf
2003.11.14 10:09 B G:\WEB\compliance\resources\briefings\planning\data\air\draftpenaltyreportingpolicy.pdf --> mountain.epa.gov /public/data/oecaerth/web/resources/briefings/planning/data/air draftpenaltyreportingpolicy.pdf
2003.11.14 10:09 B G:\WEB\compliance\resources\briefings\planning\data\air\echolsotistrng.pdf --> mountain.epa.gov /public/data/oecaerth/web/resources/briefings/planning/data/air echolsotistrng.pdf
2003.11.14 10:09 B G:\WEB\compliance\resources\briefings\planning\data\air\frs.pdf --> mountain.epa.gov /public/data/oecaerth/web/resources/briefings/planning/data/air frs.pdf
2003.11.14 10:09 B G:\WEB\compliance\resources\briefings\planning\data\air\hpvtraining.pdf --> mountain.epa.gov /public/data/oecaerth/web/resources/briefings/planning/data/air hpvtraining.pdf
2003.11.14 10:09 B G:\WEB\compliance\resources\briefings\planning\data\air\hqinitiatives.pdf --> mountain.epa.gov /public/data/oecaerth/web/resources/briefings/planning/data/air hqinitiatives.pdf
2003.11.14 10:10 B G:\WEB\compliance\resources\briefings\planning\data\air\maine.pdf --> mountain.epa.gov /public/data/oecaerth/web/resources/briefings/planning/data/air maine.pdf
2003.11.14 10:10 B G:\WEB\compliance\resources\briefings\planning\data\air\ocqmp.pdf --> mountain.epa.gov /public/data/oecaerth/web/resources/briefings/planning/data/air ocqmp.pdf
2003.11.14 10:10 B G:\WEB\compliance\resources\briefings\planning\data\air\presentation.pdf --> mountain.epa.gov /public/data/oecaerth/web/resources/briefings/planning/data/air presentation.pdf
2003.11.14 10:11 B G:\WEB\compliance\resources\briefings\planning\data\air\rndomaaudits.pdf --> mountain.epa.gov /public/data/oecaerth/web/resources/briefings/planning/data/air rndomaaudits.pdf
2003.11.14 10:11 B G:\WEB\compliance\resources\briefings\planning\data\air\schedule.pdf --> mountain.epa.gov /public/data/oecaerth/web/resources/briefings/planning/data/air schedule.pdf
2003.11.14 10:11 B G:\WEB\compliance\resources\briefings\planning\data\air\securepresent.PDF --> mountain.epa.gov /public/data/oecaerth/web/resources/briefings/planning/data/air securepresent.PDF
2003.11.14 10:11 B G:\WEB\compliance\resources\briefings\planning\data\air\securityandrules.pdf --> mountain.epa.gov /public/data/oecaerth/web/resources/briefings/planning/data/air securityandrules.pdf
2003.11.14 10:11 B G:\WEB\compliance\resources\briefings\planning\data\air\summary.pdf --> mountain.epa.gov /public/data/oecaerth/web/resources/briefings/planning/data/air summary.pdf
2003.11.14 10:11 B G:\WEB\compliance\resources\briefings\planning\data\air\tvct.pdf --> mountain.epa.gov /public/data/oecaerth/web/resources/briefings/planning/data/air tvct.pdf
2003.11.14 10:11 B G:\WEB\compliance\resources\briefings\planning\data\air\tvpermitdata.pdf --> mountain.epa.gov /public/data/oecaerth/web/resources/briefings/planning/data/air tvpermitdata.pdf
2003.11.14 10:11 B G:\WEB\compliance\resources\briefings\planning\data\air\wheretofindit.pdf --> mountain.epa.gov /public/data/oecaerth/web/resources/briefings/planning/data/air wheretofindit.pdf
2005.01.10 19:50 B C:\Documents and Settings\Administrator\My Documents\xcompliance\resources\briefings\planning\data\air\WS_FTP.LOG <-- EPA Internet /public/data/oecaerth/web/resources/briefings/planning/data/air WS_FTP.LOG
2005.01.10 19:50 B C:\Documents and Settings\Administrator\My Documents\xcompliance\resources\briefings\planning\data\air\yearinafs.pdf <-- EPA Internet /public/data/oecaerth/web/resources/briefings/planning/data/air yearinafs.pdf
