Zp,Ap,Ztar,Atar,yp,ytar   82.  207.   82.  207.   2.9100000    .0000000
 Ymeas, rweak =  .0 .0
 option 2 1 1 2
 n1 3 5 11 8 4 3
 n2 5 5 11 8 4 3
 No pion correlation data -- fixing lampi
 139 data points read from pim.dat              sys err =  .0
 139 data points read from pip.dat              sys err =  .0
 124 data points read from kp.dat               sys err =  .0
 109 data points read from km.dat               sys err =  .0
   Degrees of freedom =    511 -  8 =    503.

 ***** Minimization by the Levenberg-Marquardt method *****


 ITERATION #  1
     T       140.0000000
     vT         .7613835
     et0       2.6525074
     muB/T     3.9709687
     tau       8.5000000
     R         8.0000000
     aT        -.9900000
     ycm        .0000541
     fs        1.0000000
     lampi      .9900000
     lamK      1.0000000
     normpi    1.0000000
     normK     1.0000000
 muS:   132.2335444        muI:  -14.5911648
 Projectile baryons:      .0117343     Target baryons: 1984.7738599
 Total baryon number: 1984.7855941     Isospin/Baryon:    -.1038647
 *** Calculating # of points, dof, chi^2, 
 chi^2/dof for each data set ...
 139 136.8238747553816 126403987.6367009 923844.5253994618
 139 136.8238747553816 90139862.43463629 658802.1468898715
 124 122.0587084148728 204622846.6543949 1676429.722317639
 109 107.293542074364 9946037.607394636 92699.31269955785
    chi^2 = 431112734.3331267        chi^2/dof = 857082.9708412063


 ITERATION #  2
     T       136.0760725
     vT         .7626213
     et0       2.6395191
     muB/T     4.0442631
     tau       6.5664299
     R         6.0754192
     aT        -.9900000
     ycm        .0000525
     fs        1.0116297
     lampi      .9900000
     lamK      1.0000000
     normpi    1.0000000
     normK     1.0000000
 muS:   125.6684791        muI:  -13.9931507
 Projectile baryons:      .0041952     Target baryons:  730.5507919
 Total baryon number:  730.5549871     Isospin/Baryon:    -.1038647
 *** Calculating # of points, dof, chi^2, 
 chi^2/dof for each data set ...
 139 136.8238747553816 16669586.7341406 121832.4416257255
 139 136.8238747553816 11763429.72403491 85974.97874596794
 124 122.0587084148728 26988959.62066024 221114.5765112131
 109 107.293542074364 1235627.666780643 11516.32840981466
    chi^2 = 56657603.7456164        chi^2/dof = 112639.3712636509
chi^2_min = ********************


 ITERATION #  3
     T       133.3674548
     vT         .7517432
     et0       2.6101525
     muB/T     4.0222487
     tau       5.2531327
     R         4.5682404
     aT        -.9900000
     ycm        .0000499
     fs         .9997080
     lampi      .9900000
     lamK      1.0000000
     normpi    1.0000000
     normK     1.0000000
 muS:   117.0081100        muI:  -13.1954952
 Projectile baryons:      .0014582     Target baryons:  267.1658610
 Total baryon number:  267.1673192     Isospin/Baryon:    -.1038647
 *** Calculating # of points, dof, chi^2, 
 chi^2/dof for each data set ...
 139 136.8238747553816 2094402.75890898 15307.29021271635
 139 136.8238747553816 1446623.957237713 10572.89131611012
 124 122.0587084148728 3383299.59790115 27718.62525696606
 109 107.293542074364 124007.0961783137 1155.774092091822
    chi^2 = 7048333.410226156        chi^2/dof = 14012.59127281542
chi^2_min = 7048333.410226155700


 ITERATION #  4
     T       129.0222509
     vT         .7230886
     et0       2.5312989
     muB/T     3.9049063
     tau       4.7492143
     R         3.5895636
     aT        -.9900000
     ycm        .0000434
     fs         .9901918
     lampi      .9900000
     lamK      1.0000000
     normpi    1.0000000
     normK     1.0000000
 muS:    99.4244547        muI:  -11.4229104
 Projectile baryons:      .0004557     Target baryons:   96.1765422
 Total baryon number:   96.1769979     Isospin/Baryon:    -.1038647
 *** Calculating # of points, dof, chi^2, 
 chi^2/dof for each data set ...
 139 136.8238747553816 233175.5649354809 1704.202321066847
 139 136.8238747553816 152329.3500556572 1113.324339980846
 124 122.0587084148728 389905.0157474559 3194.405551320303
 109 107.293542074364 8400.004835720523 78.28993873553517
    chi^2 = 783809.9355743146        chi^2/dof = 1558.270249650725
chi^2_min =  783809.935574314580


 ITERATION #  5
     T       121.1333149
     vT         .6880159
     et0       2.3300422
     muB/T     3.6820345
     tau       4.8518208
     R         3.3292683
     aT        -.9900000
     ycm        .0000273
     fs        1.0106750
     lampi      .9900000
     lamK      1.0000000
     normpi    1.0000000
     normK     1.0000000
 muS:    70.1639707        muI:   -8.0082430
 Projectile baryons:      .0001010     Target baryons:   33.8625774
 Total baryon number:   33.8626785     Isospin/Baryon:    -.1038647
 *** Calculating # of points, dof, chi^2, 
 chi^2/dof for each data set ...
 139 136.8238747553816 19192.45550665823 140.2712468198343
 139 136.8238747553816 10661.8976279401 77.92424857870607
 124 122.0587084148728 34368.39818757022 281.5726844393058
 109 107.293542074364 1265.480764308013 11.79456600874377
    chi^2 = 65488.23208647657        chi^2/dof = 130.1952924184425
chi^2_min =   65488.232086476570


 ITERATION #  6
     T       113.8812512
     vT         .6792045
     et0       2.0204953
     muB/T     3.3204826
     tau       4.8185758
     R         3.7456583
     aT        -.9900000
     ycm        .0000048
     fs        1.0618208
     lampi      .9900000
     lamK      1.0000000
     normpi    1.0000000
     normK     1.0000000
 muS:    42.7876059        muI:   -4.5679366
 Projectile baryons:      .0000069     Target baryons:   13.2110919
 Total baryon number:   13.2110987     Isospin/Baryon:    -.1038647
 *** Calculating # of points, dof, chi^2, 
 chi^2/dof for each data set ...
 139 136.8238747553816 984.4170061662611 7.19477509262353
 139 136.8238747553816 284.3135228484826 2.07795257484696
 124 122.0587084148728 1588.012269644501 13.01023327435933
 109 107.293542074364 729.4793366573885 6.7989118688224
    chi^2 = 3586.222135316633        chi^2/dof = 7.1296662729953
chi^2_min =    3586.222135316633


 ITERATION #  7
     T       115.0865390
     vT         .6626275
     et0       1.8714040
     muB/T     2.8602489
     tau       4.7177753
     R         3.7167559
     aT        -.9900000
     ycm       -.0000002
     fs        1.0303011
     lampi      .9900000
     lamK      1.0000000
     normpi    1.0000000
     normK     1.0000000
 muS:    32.3973877        muI:   -3.3988119
 Projectile baryons:     -.0000001     Target baryons:    8.3100979
 Total baryon number:    8.3100977     Isospin/Baryon:    -.1038647
 *** Calculating # of points, dof, chi^2, 
 chi^2/dof for each data set ...
 139 136.8238747553816 282.2135681519344 2.06260470737644
 139 136.8238747553816 76.32123491094728 .5578064138835199
 124 122.0587084148728 108.7194807422827 .8907146581688332
 109 107.293542074364 444.1471021519741 4.139551118968
    chi^2 = 911.4013859571386        chi^2/dof = 1.81193118480544
chi^2_min =     911.401385957139


 ITERATION #  8
     T       115.6959804
     vT         .6579731
     et0       1.8451582
     muB/T     2.7784058
     tau       4.7442014
     R         3.6650456
     aT        -.9900000
     ycm        .0000000
     fs        1.0164991
     lampi      .9900000
     lamK      1.0000000
     normpi    1.0000000
     normK     1.0000000
 muS:    31.2647872        muI:   -3.2839814
 Projectile baryons:      .0000000     Target baryons:    7.8317947
 Total baryon number:    7.8317947     Isospin/Baryon:    -.1038647
 *** Calculating # of points, dof, chi^2, 
 chi^2/dof for each data set ...
 139 136.8238747553816 295.233148769705 2.15776047343735
 139 136.8238747553816 87.80171137271264 .6417133817448713
 124 122.0587084148728 99.82477008073612 .8178422611308946
 109 107.293542074364 403.6988277813532 3.76256408332157
    chi^2 = 886.558458004507        chi^2/dof = 1.76254166601294
chi^2_min =     886.558458004507


 ITERATION #  9
     T       115.9666287
     vT         .6559647
     et0       1.8407747
     muB/T     2.7655271
     tau       4.7540005
     R         3.6411912
     aT        -.9900000
     ycm        .0000000
     fs        1.0118302
     lampi      .9900000
     lamK      1.0000000
     normpi    1.0000000
     normK     1.0000000
 muS:    31.3235510        muI:   -3.2966446
 Projectile baryons:      .0000000     Target baryons:    7.8254326
 Total baryon number:    7.8254326     Isospin/Baryon:    -.1038647
 *** Calculating # of points, dof, chi^2, 
 chi^2/dof for each data set ...
 139 136.8238747553816 299.9878945554174 2.19251132225093
 139 136.8238747553816 89.16051864901362 .651644450271693
 124 122.0587084148728 100.3944943115897 .822509885737548
 109 107.293542074364 396.6839405540091 3.69718375295199
    chi^2 = 886.2268480700298        chi^2/dof = 1.76188240172968
chi^2_min =     886.226848070030


 ITERATION #  10
     T       116.0576524
     vT         .6552871
     et0       1.8398569
     muB/T     2.7614537
     tau       4.7570993
     R         3.6329611
     aT        -.9900000
     ycm        .0000000
     fs        1.0103429
     lampi      .9900000
     lamK      1.0000000
     normpi    1.0000000
     normK     1.0000000
 muS:    31.3493225        muI:   -3.3015889
 Projectile baryons:      .0000000     Target baryons:    7.8262325
 Total baryon number:    7.8262325     Isospin/Baryon:    -.1038647
 *** Calculating # of points, dof, chi^2, 
 chi^2/dof for each data set ...
 139 136.8238747553816 301.326532956649 2.20229498320648
 139 136.8238747553816 89.36586514026942 .653145259188433
 124 122.0587084148728 100.4022586535136 .8225734972735433
 109 107.293542074364 395.0987620960343 3.68240953236678
    chi^2 = 886.1934188464664        chi^2/dof = 1.76181594204069
chi^2_min =     886.193418846466


 ITERATION #  11
     T       116.0850434
     vT         .6550831
     et0       1.8396033
     muB/T     2.7602481
     tau       4.7580812
     R         3.6304391
     aT        -.9900000
     ycm        .0000000
     fs        1.0099025
     lampi      .9900000
     lamK      1.0000000
     normpi    1.0000000
     normK     1.0000000
 muS:    31.3575422        muI:   -3.3031298
 Projectile baryons:      .0000000     Target baryons:    7.8266446
 Total baryon number:    7.8266446     Isospin/Baryon:    -.1038647
 *** Calculating # of points, dof, chi^2, 
 chi^2/dof for each data set ...
 139 136.8238747553816 301.7341661811975 2.205274238291
 139 136.8238747553816 89.41546877512149 .6535077955874406
 124 122.0587084148728 100.3945851984029 .8225106303531049
 109 107.293542074364 394.6431268180798 3.67816290885948
    chi^2 = 886.1873469728016        chi^2/dof = 1.76180387072128
chi^2_min =     886.187346972802


 ITERATION #  12
     T       116.0932448
     vT         .6550221
     et0       1.8395294
     muB/T     2.7598876
     tau       4.7583762
     R         3.6296823
     aT        -.9900000
     ycm        .0000000
     fs        1.0097713
     lampi      .9900000
     lamK      1.0000000
     normpi    1.0000000
     normK     1.0000000
 muS:    31.3600146        muI:   -3.3035925
 Projectile baryons:      .0000000     Target baryons:    7.8267752
 Total baryon number:    7.8267752     Isospin/Baryon:    -.1038647
 *** Calculating # of points, dof, chi^2, 
 chi^2/dof for each data set ...
 139 136.8238747553816 301.8559068141538 2.20616399991465
 139 136.8238747553816 89.42923689285511 .653608422161262
 124 122.0587084148728 100.3915257401195 .822485564888108
 109 107.293542074364 394.5092056547717 3.67691473342675
    chi^2 = 886.1858751019001        chi^2/dof = 1.76180094453658
chi^2_min =     886.185875101900


 ITERATION #  13
     T       116.0956911
     vT         .6550038
     et0       1.8395075
     muB/T     2.7597801
     tau       4.7584644
     R         3.6294564
     aT        -.9900000
     ycm        .0000000
     fs        1.0097322
     lampi      .9900000
     lamK      1.0000000
     normpi    1.0000000
     normK     1.0000000
 muS:    31.3607535        muI:   -3.3037307
 Projectile baryons:      .0000000     Target baryons:    7.8268148
 Total baryon number:    7.8268148     Isospin/Baryon:    -.1038647
 *** Calculating # of points, dof, chi^2, 
 chi^2/dof for each data set ...
 139 136.8238747553816 301.8922507537788 2.20642962563012
 139 136.8238747553816 89.43327367204876 .6536379256320624
 124 122.0587084148728 100.3905639906472 .8224776854874097
 109 107.293542074364 394.4693772418718 3.67654352363975
    chi^2 = 886.1854656583466        chi^2/dof = 1.76180013053349
chi^2_min =     886.185465658347


 ITERATION #  14
     T       116.0964205
     vT         .6549984
     et0       1.8395010
     muB/T     2.7597481
     tau       4.7584908
     R         3.6293890
     aT        -.9900000
     ycm        .0000000
     fs        1.0097205
     lampi      .9900000
     lamK      1.0000000
     normpi    1.0000000
     normK     1.0000000
 muS:    31.3609739        muI:   -3.3037719
 Projectile baryons:      .0000000     Target baryons:    7.8268267
 Total baryon number:    7.8268267     Isospin/Baryon:    -.1038647
 *** Calculating # of points, dof, chi^2, 
 chi^2/dof for each data set ...
 139 136.8238747553816 301.9030880628784 2.20650883190255
 139 136.8238747553816 89.43447163499268 .6536466811430877
 124 122.0587084148728 100.390273596731 .8224753063542863
 109 107.293542074364 394.4575129167826 3.67643294545527
    chi^2 = 886.1853462113846        chi^2/dof = 1.76179989306438
chi^2_min =     886.185346211385


 ITERATION #  15
     T       116.0966379
     vT         .6549968
     et0       1.8394990
     muB/T     2.7597385
     tau       4.7584986
     R         3.6293689
     aT        -.9900000
     ycm        .0000000
     fs        1.0097171
     lampi      .9900000
     lamK      1.0000000
     normpi    1.0000000
     normK     1.0000000
 muS:    31.3610396        muI:   -3.3037842
 Projectile baryons:      .0000000     Target baryons:    7.8268302
 Total baryon number:    7.8268302     Isospin/Baryon:    -.1038647
 *** Calculating # of points, dof, chi^2, 
 chi^2/dof for each data set ...
 139 136.8238747553816 301.9063190961687 2.20653244644567
 139 136.8238747553816 89.43482836613549 .6536492883718585
 124 122.0587084148728 100.3901867754611 .8224745950468261
 109 107.293542074364 394.4539765961335 3.6763999861496
    chi^2 = 886.1853108338988        chi^2/dof = 1.76179982273141
chi^2_min =     886.185310833899


 ITERATION #  16
     T       116.0967027
     vT         .6549963
     et0       1.8394984
     muB/T     2.7597357
     tau       4.7585009
     R         3.6293629
     aT        -.9900000
     ycm        .0000000
     fs        1.0097160
     lampi      .9900000
     lamK      1.0000000
     normpi    1.0000000
     normK     1.0000000
 muS:    31.3610592        muI:   -3.3037879
 Projectile baryons:      .0000000     Target baryons:    7.8268313
 Total baryon number:    7.8268313     Isospin/Baryon:    -.1038647
 *** Calculating # of points, dof, chi^2, 
 chi^2/dof for each data set ...
 139 136.8238747553816 301.9072823235742 2.20653948635305
 139 136.8238747553816 89.43493467983012 .6536500653831427
 124 122.0587084148728 100.3901608744971 .822474382845957
 109 107.293542074364 394.4529224301344 3.67639016108484
    chi^2 = 886.1853003080359        chi^2/dof = 1.76179980180524
chi^2_min =     886.185300308036


 ITERATION #  17
     T       116.0967221
     vT         .6549962
     et0       1.8394983
     muB/T     2.7597348
     tau       4.7585016
     R         3.6293611
     aT        -.9900000
     ycm        .0000000
     fs        1.0097157
     lampi      .9900000
     lamK      1.0000000
     normpi    1.0000000
     normK     1.0000000
 muS:    31.3610650        muI:   -3.3037890
 Projectile baryons:      .0000000     Target baryons:    7.8268316
 Total baryon number:    7.8268316     Isospin/Baryon:    -.1038647
 *** Calculating # of points, dof, chi^2, 
 chi^2/dof for each data set ...
 139 136.8238747553816 301.9075694736898 2.20654158503734
 139 136.8238747553816 89.43496637058939 .6536502970003172
 124 122.0587084148728 100.3901531518165 .8224743195757428
 109 107.293542074364 394.4526081758999 3.67638723216453
    chi^2 = 886.1852971719955        chi^2/dof = 1.76179979557057
chi^2_min =     886.185297171996

 Here is the BEST point !
 **********************************************

 Total chi^2 =  886.1852971719955
 chi^2/d.o.f =  1.76179979557057
 Probability of perfect model =  1.458754826259636E-23

 Fixed parameters:
   aT =   -.9900000
  lam =    .9900000
 lamK =   1.0000000
normpi=   1.0000000
normK =   1.0000000

 Variable parameters:
    T =  116.0967221 +/-   4.7443563 MeV
 vT/c =     .6549962 +/-    .0351741
  et0 =    1.8394983 +/-    .0520190
muB/T =    2.7597348 +/-    .2165570
  tau =    4.7585016 +/-    .4769438 fm/c
    R =    3.6293611 +/-    .4425652 fm
  ycm =     .0000000 +/-    .0147537
   fs =    1.0097157 +/-    .0803017

 Calculated Quantities:
 vs/c =     .0000000 +     .0147526    -.0147526
 vL/c =     .9507470 +     .0047584    -.0052531
  muB =  320.3961689 +   12.8662339  -14.3068247 MeV
   t1 =     .4758502 +     .0476537    -.0476614 fm/c
   t3 =   15.3515855 +    1.9022183   -1.8062704 fm/c
t2-t1 =    4.2826515 +     .4288833    -.4289523 fm/c
 dtau =    4.3989339 +     .4347739    -.4352336 fm/c
   z3 =   14.5954732 +    1.8578943   -1.7569746 fm
  muS =   31.3603390 +    2.3101529   -2.4008227 MeV
  muI =   -3.3032346 +     .3543962    -.3357200 MeV
 Bar# =    7.8268429 +     .5973833    -.5995857
Bproj =     .0000000 +     .0128194    -.0124876
Btarg =    7.8268429 +     .5834435    -.5925327
brdn1 =    .12693137 +    .04440827   -.03426236 fm^-3
brdn2 =    .01335858 +    .00328857   -.00294847 fm^-3

 The Covariance Matrix is:
 1.12039286383189 -7.489355265411543E-03 -4.311332701575690E-03
 -4.804759986159027E-02 -1.325459852329478E-03 -8.157459921319612E-02
 -1.998625620744525E-17 -1.819425433413341E-02
 -7.489355265411609E-03 6.158317512542924E-05 1.932513626154064E-05
 3.218444516614751E-04 -3.293267013352617E-04 7.322474057832040E-04
 1.568743120097077E-19 1.244081709473898E-04
 -4.311332701575646E-03 1.932513626154013E-05 1.346912176858044E-04
 1.907061387716393E-04 2.615937316179766E-04 9.512254469886880E-05
 9.230351161719026E-19 7.472433212389853E-05
 -4.804759986159027E-02 3.218444516614723E-04 1.907061387716411E-04
 2.334318236920925E-03 3.594877008648377E-05 3.487295063226481E-03
 8.835331768519591E-19 7.834578444249317E-04
 -1.325459852327284E-03 -3.293267013352764E-04 2.615937316179694E-04
 3.594877008638950E-05 1.132270551626769E-02 -6.353422428124799E-03
 -1.415770434040272E-18 -1.128718075824107E-05
 -8.157459921319738E-02 7.322474057832076E-04 9.512254469887617E-05
 3.487295063226535E-03 -6.353422428124636E-03 9.749227043534175E-03
 1.767339198917236E-18 1.305540620886624E-03
 -1.998625620744557E-17 1.568743120097088E-19 9.230351161719044E-19
 8.835331768519733E-19 -1.415770434040237E-18 1.767339198917240E-18
 1.083467185834328E-05 3.636897278209452E-19
 -1.819425433413341E-02 1.244081709473888E-04 7.472433212389921E-05
 7.834578444249317E-04 -1.128718075820607E-05 1.305540620886604E-03
 3.636897278209399E-19 3.209705300627848E-04

 The Curvature Matrix is:
 601.6886132767081 20726.69146700081 3114.493451068471
 411.2432629448858 3231.996511698458 4680.931606415121
 -1.215827417143679E-11 5418.31505241912
 20726.69146700081 1275077.211376081 104023.4409391124
 7768.298876434595 113453.4979383587 135942.9428877418
 -4.552983636144249E-11 88540.81276637054
 3114.493451068471 104023.4409391124 25739.46225441695 1230.10318385389
 17044.07248950347 25356.08916716318 -7.919459120975231E-10
 24695.09261100117
 411.2432629448858 7768.298876434595 1230.10318385389 3782.980106731523
 1459.012438555593 2180.272959727234 1.946887095982675E-12
 1963.213910335178
 3231.996511698458 113453.4979383587 17044.07248950347
 1459.012438555593 17948.01005418574 25935.78640133847
 -3.805885675943419E-11 26840.16645294685
 4680.931606415121 135942.9428877418 25356.08916716318
 2180.272959727234 25935.78640133847 39178.17730431832
 -1.158682194393623E-10 42978.45815249606
 -1.215827417143679E-11 -4.552983636144249E-11 -7.919459120975231E-10
 1.946887095982675E-12 -3.805885675943419E-11 -1.158682194393623E-10
 92296.28853318211 -1.265544396776149E-10
 5418.31505241912 88540.81276637054 24695.09261100117 1963.213910335178
 26840.16645294685 42978.45815249606 -1.265544396776149E-10
 91523.69464796724
