This file contains any messages produced by compilers while
running configure, to aid debugging if configure makes a mistake.

It was created by configure, which was
generated by GNU Autoconf 2.57.  Invocation command line was

  $ ./configure --prefix=/compsci/brule7/cshome/paras/charronupc

## --------- ##
## Platform. ##
## --------- ##

hostname = charron
uname -m = IP27
uname -r = 6.5
uname -s = IRIX64
uname -v = 01080747

/usr/bin/uname -p = mips
/bin/uname -X     = unknown

/bin/arch              = sgi
/usr/bin/arch -k       = R12000
/usr/convex/getsysinfo = unknown
hostinfo               = unknown
/bin/machine           = unknown
/usr/bin/oslevel       = unknown
/bin/universe          = unknown

PATH: .
PATH: /usr/local/gcc/bin
PATH: .
PATH: /usr/brule6/prof/paullu/rshlinuxmpich-1.2.1/bin
PATH: /usr/brule7/cshome/paras/bin
PATH: /usr/brule7/cshome/paras/bupc/bin
PATH: /usr/local/bin
PATH: /usr/local/X11/bin
PATH: /usr/bin/X11
PATH: /usr/gnu/bin
PATH: /usr/local/bin
PATH: /usr/TeX/bin
PATH: /usr/DWB/bin
PATH: /usr/ucb
PATH: /usr/bsd
PATH: /usr/bin
PATH: /bin
PATH: /usr/hosts
PATH: /usr/local/gradpub/sgi/bin
PATH: /usr/games/


## ----------- ##
## Core tests. ##
## ----------- ##

configure:1209: creating cache ./config.cache
configure:1322: checking build system type
configure:1340: result: mips-sgi-irix6.5
configure:1348: checking host system type
configure:1362: result: mips-sgi-irix6.5
configure:1370: checking target system type
configure:1384: result: mips-sgi-irix6.5
configure:1413: checking for a BSD-compatible install
configure:1467: result: /usr/gnu/bin/install -c
configure:1478: checking whether build environment is sane
configure:1521: result: yes
configure:1554: checking for gawk
configure:1570: found /usr/gnu/bin/gawk
configure:1580: result: gawk
configure:1590: checking whether make sets $(MAKE)
configure:1610: result: yes
configure:1836: checking for gcc
configure:1852: found /usr/local/gcc/bin/gcc
configure:1862: result: gcc
configure:2106: checking for C compiler version
configure:2109: gcc --version </dev/null >&5
3.0.3
configure:2112: $? = 0
configure:2114: gcc -v </dev/null >&5
Reading specs from /usr/local/gcc/bin/../lib/gcc-lib/mips-sgi-irix6.5/3.0.3/specs
Configured with: /usr/local/depot/gcc/gcc-3.0.3/src/orig/configure --prefix=/usr/local/gcc-3.0.3
Thread model: single
gcc version 3.0.3
configure:2117: $? = 0
configure:2119: gcc -V </dev/null >&5
gcc: argument to `-V' is missing
configure:2122: $? = 1
configure:2146: checking for C compiler default output
configure:2149: gcc    conftest.c  >&5
configure:2152: $? = 0
configure:2198: result: a.out
configure:2203: checking whether the C compiler works
configure:2209: ./a.out
configure:2212: $? = 0
configure:2229: result: yes
configure:2236: checking whether we are cross compiling
configure:2238: result: no
configure:2241: checking for suffix of executables
configure:2243: gcc -o conftest    conftest.c  >&5
configure:2246: $? = 0
configure:2271: result: 
configure:2277: checking for suffix of object files
configure:2299: gcc -c   conftest.c >&5
configure:2302: $? = 0
configure:2324: result: o
configure:2328: checking whether we are using the GNU C compiler
configure:2353: gcc -c   conftest.c >&5
configure:2356: $? = 0
configure:2359: test -s conftest.o
configure:2362: $? = 0
configure:2375: result: yes
configure:2381: checking whether gcc accepts -g
configure:2403: gcc -c -g  conftest.c >&5
configure:2406: $? = 0
configure:2409: test -s conftest.o
configure:2412: $? = 0
configure:2423: result: yes
configure:2440: checking for gcc option to accept ANSI C
configure:2501: gcc  -c -g -O2  conftest.c >&5
configure:2504: $? = 0
configure:2507: test -s conftest.o
configure:2510: $? = 0
configure:2528: result: none needed
configure:2546: gcc -c -g -O2  conftest.c >&5
conftest.c:2: parse error before "me"
configure:2549: $? = 1
configure: failed program was:
| #ifndef __cplusplus
|   choke me
| #endif
configure:2677: checking for style of include used by make
configure:2705: result: GNU
configure:2733: checking dependency style of gcc
configure:2795: result: gcc3
configure:2807: checking how to run the C preprocessor
configure:2843: gcc -E  conftest.c
configure:2849: $? = 0
configure:2881: gcc -E  conftest.c
configure:2882:28: ac_nonexistent.h: No such file or directory
configure:2887: $? = 1
configure: failed program was:
| #line 2872 "configure"
| /* confdefs.h.  */
| 
| #define PACKAGE_NAME ""
| #define PACKAGE_TARNAME ""
| #define PACKAGE_VERSION ""
| #define PACKAGE_STRING ""
| #define PACKAGE_BUGREPORT ""
| #define PACKAGE "berkeley_upc"
| #define VERSION "1.1.0"
| /* end confdefs.h.  */
| #include <ac_nonexistent.h>
configure:2925: result: gcc -E
configure:2950: gcc -E  conftest.c
configure:2956: $? = 0
configure:2988: gcc -E  conftest.c
configure:2989:28: ac_nonexistent.h: No such file or directory
configure:2994: $? = 1
configure: failed program was:
| #line 2979 "configure"
| /* confdefs.h.  */
| 
| #define PACKAGE_NAME ""
| #define PACKAGE_TARNAME ""
| #define PACKAGE_VERSION ""
| #define PACKAGE_STRING ""
| #define PACKAGE_BUGREPORT ""
| #define PACKAGE "berkeley_upc"
| #define VERSION "1.1.0"
| /* end confdefs.h.  */
| #include <ac_nonexistent.h>
configure:3039: checking for C compiler family
configure:3059: gcc -E  conftest.c
configure:3065: $? = 0
configure:3097: gcc -E  conftest.c
configure:3097:3: #error 
configure:3103: $? = 1
configure: failed program was:
| #line 3085 "configure"
| /* confdefs.h.  */
| 
| #define PACKAGE_NAME ""
| #define PACKAGE_TARNAME ""
| #define PACKAGE_VERSION ""
| #define PACKAGE_STRING ""
| #define PACKAGE_BUGREPORT ""
| #define PACKAGE "berkeley_upc"
| #define VERSION "1.1.0"
| /* end confdefs.h.  */
| 
| #ifndef __PGI
| # error
| #endif
configure:3135: gcc -E  conftest.c
configure:3135:3: #error 
configure:3141: $? = 1
configure: failed program was:
| #line 3123 "configure"
| /* confdefs.h.  */
| 
| #define PACKAGE_NAME ""
| #define PACKAGE_TARNAME ""
| #define PACKAGE_VERSION ""
| #define PACKAGE_STRING ""
| #define PACKAGE_BUGREPORT ""
| #define PACKAGE "berkeley_upc"
| #define VERSION "1.1.0"
| /* end confdefs.h.  */
| 
| #ifndef __xlC__
| # error
| #endif
configure:3173: gcc -E  conftest.c
configure:3173:3: #error 
configure:3179: $? = 1
configure: failed program was:
| #line 3161 "configure"
| /* confdefs.h.  */
| 
| #define PACKAGE_NAME ""
| #define PACKAGE_TARNAME ""
| #define PACKAGE_VERSION ""
| #define PACKAGE_STRING ""
| #define PACKAGE_BUGREPORT ""
| #define PACKAGE "berkeley_upc"
| #define VERSION "1.1.0"
| /* end confdefs.h.  */
| 
| #ifndef __KCC
| # error
| #endif
configure:3211: gcc -E  conftest.c
configure:3211:3: #error 
configure:3217: $? = 1
configure: failed program was:
| #line 3199 "configure"
| /* confdefs.h.  */
| 
| #define PACKAGE_NAME ""
| #define PACKAGE_TARNAME ""
| #define PACKAGE_VERSION ""
| #define PACKAGE_STRING ""
| #define PACKAGE_BUGREPORT ""
| #define PACKAGE "berkeley_upc"
| #define VERSION "1.1.0"
| /* end confdefs.h.  */
| 
| #ifndef __SUNPRO_C
| # error
| #endif
configure:3249: gcc -E  conftest.c
configure:3249:3: #error 
configure:3255: $? = 1
configure: failed program was:
| #line 3237 "configure"
| /* confdefs.h.  */
| 
| #define PACKAGE_NAME ""
| #define PACKAGE_TARNAME ""
| #define PACKAGE_VERSION ""
| #define PACKAGE_STRING ""
| #define PACKAGE_BUGREPORT ""
| #define PACKAGE "berkeley_upc"
| #define VERSION "1.1.0"
| /* end confdefs.h.  */
| 
| #ifndef _CRAYC
| # error
| #endif
configure:3287: gcc -E  conftest.c
configure:3287:3: #error 
configure:3293: $? = 1
configure: failed program was:
| #line 3275 "configure"
| /* confdefs.h.  */
| 
| #define PACKAGE_NAME ""
| #define PACKAGE_TARNAME ""
| #define PACKAGE_VERSION ""
| #define PACKAGE_STRING ""
| #define PACKAGE_BUGREPORT ""
| #define PACKAGE "berkeley_upc"
| #define VERSION "1.1.0"
| /* end confdefs.h.  */
| 
| #ifndef __INTEL_COMPILER
| # error
| #endif
configure:3325: gcc -E  conftest.c
configure:3325:3: #error 
configure:3331: $? = 1
configure: failed program was:
| #line 3313 "configure"
| /* confdefs.h.  */
| 
| #define PACKAGE_NAME ""
| #define PACKAGE_TARNAME ""
| #define PACKAGE_VERSION ""
| #define PACKAGE_STRING ""
| #define PACKAGE_BUGREPORT ""
| #define PACKAGE "berkeley_upc"
| #define VERSION "1.1.0"
| /* end confdefs.h.  */
| 
| #ifndef __DECC
| # error
| #endif
configure:3392: result: GNU
configure:3412: checking for flex
configure:3428: found /usr/gnu/bin/flex
configure:3438: result: flex
configure:3451: checking for yywrap in -lfl
configure:3482: gcc -o conftest -g -O2   conftest.c -lfl   >&5
ld32: FATAL   9  : I/O error (-lfl): No such file or directory
collect2: ld returned 32 exit status
configure:3485: $? = 1
configure: failed program was:
| #line 3458 "configure"
| /* confdefs.h.  */
| 
| #define PACKAGE_NAME ""
| #define PACKAGE_TARNAME ""
| #define PACKAGE_VERSION ""
| #define PACKAGE_STRING ""
| #define PACKAGE_BUGREPORT ""
| #define PACKAGE "berkeley_upc"
| #define VERSION "1.1.0"
| /* end confdefs.h.  */
| 
| /* Override any gcc2 internal prototype to avoid an error.  */
| #ifdef __cplusplus
| extern "C"
| #endif
| /* We use char because int might match the return type of a gcc2
|    builtin and then its argument prototype would still apply.  */
| char yywrap ();
| int
| main ()
| {
| yywrap ();
|   ;
|   return 0;
| }
configure:3503: result: no
configure:3508: checking for yywrap in -ll
configure:3539: gcc -o conftest -g -O2   conftest.c -ll   >&5
configure:3542: $? = 0
configure:3545: test -s conftest
configure:3548: $? = 0
configure:3560: result: yes
configure:3571: checking lex output file root
configure:3582: flex conftest.l
configure:3585: $? = 0
configure:3597: result: lex.yy
configure:3602: checking whether yytext is a pointer
configure:3618: gcc -o conftest -g -O2   conftest.c  -ll >&5
configure:3621: $? = 0
configure:3624: test -s conftest
configure:3627: $? = 0
configure:3640: result: yes
configure:3660: checking for egrep
configure:3670: result: grep -E
configure:3675: checking for ANSI C header files
configure:3701: gcc -c -g -O2  conftest.c >&5
configure:3704: $? = 0
configure:3707: test -s conftest.o
configure:3710: $? = 0
configure:3802: gcc -o conftest -g -O2   conftest.c  >&5
configure:3805: $? = 0
configure:3807: ./conftest
configure:3810: $? = 0
configure:3825: result: yes
configure:3849: checking for sys/types.h
configure:3866: gcc -c -g -O2  conftest.c >&5
configure:3869: $? = 0
configure:3872: test -s conftest.o
configure:3875: $? = 0
configure:3886: result: yes
configure:3849: checking for sys/stat.h
configure:3866: gcc -c -g -O2  conftest.c >&5
configure:3869: $? = 0
configure:3872: test -s conftest.o
configure:3875: $? = 0
configure:3886: result: yes
configure:3849: checking for stdlib.h
configure:3866: gcc -c -g -O2  conftest.c >&5
configure:3869: $? = 0
configure:3872: test -s conftest.o
configure:3875: $? = 0
configure:3886: result: yes
configure:3849: checking for string.h
configure:3866: gcc -c -g -O2  conftest.c >&5
configure:3869: $? = 0
configure:3872: test -s conftest.o
configure:3875: $? = 0
configure:3886: result: yes
configure:3849: checking for memory.h
configure:3866: gcc -c -g -O2  conftest.c >&5
configure:3869: $? = 0
configure:3872: test -s conftest.o
configure:3875: $? = 0
configure:3886: result: yes
configure:3849: checking for strings.h
configure:3866: gcc -c -g -O2  conftest.c >&5
configure:3869: $? = 0
configure:3872: test -s conftest.o
configure:3875: $? = 0
configure:3886: result: yes
configure:3849: checking for inttypes.h
configure:3866: gcc -c -g -O2  conftest.c >&5
configure:3869: $? = 0
configure:3872: test -s conftest.o
configure:3875: $? = 0
configure:3886: result: yes
configure:3849: checking for stdint.h
configure:3866: gcc -c -g -O2  conftest.c >&5
In file included from configure:3908:
/usr/include/stdint.h:5:2: #error This header file is to be used only for c99 mode compilations
configure:3869: $? = 1
configure: failed program was:
| #line 3854 "configure"
| /* confdefs.h.  */
| 
| #define PACKAGE_NAME ""
| #define PACKAGE_TARNAME ""
| #define PACKAGE_VERSION ""
| #define PACKAGE_STRING ""
| #define PACKAGE_BUGREPORT ""
| #define PACKAGE "berkeley_upc"
| #define VERSION "1.1.0"
| #define YYTEXT_POINTER 1
| #define STDC_HEADERS 1
| #define HAVE_SYS_TYPES_H 1
| #define HAVE_SYS_STAT_H 1
| #define HAVE_STDLIB_H 1
| #define HAVE_STRING_H 1
| #define HAVE_MEMORY_H 1
| #define HAVE_STRINGS_H 1
| #define HAVE_INTTYPES_H 1
| /* end confdefs.h.  */
| #include <stdio.h>
| #if HAVE_SYS_TYPES_H
| # include <sys/types.h>
| #endif
| #if HAVE_SYS_STAT_H
| # include <sys/stat.h>
| #endif
| #if STDC_HEADERS
| # include <stdlib.h>
| # include <stddef.h>
| #else
| # if HAVE_STDLIB_H
| #  include <stdlib.h>
| # endif
| #endif
| #if HAVE_STRING_H
| # if !STDC_HEADERS && HAVE_MEMORY_H
| #  include <memory.h>
| # endif
| # include <string.h>
| #endif
| #if HAVE_STRINGS_H
| # include <strings.h>
| #endif
| #if HAVE_INTTYPES_H
| # include <inttypes.h>
| #else
| # if HAVE_STDINT_H
| #  include <stdint.h>
| # endif
| #endif
| #if HAVE_UNISTD_H
| # include <unistd.h>
| #endif
| 
| #include <stdint.h>
configure:3886: result: no
configure:3849: checking for unistd.h
configure:3866: gcc -c -g -O2  conftest.c >&5
configure:3869: $? = 0
configure:3872: test -s conftest.o
configure:3875: $? = 0
configure:3886: result: yes
configure:3898: checking for void *
configure:3923: gcc -c -g -O2  conftest.c >&5
configure:3926: $? = 0
configure:3929: test -s conftest.o
configure:3932: $? = 0
configure:3943: result: yes
configure:3946: checking size of void *
configure:4221: gcc -o conftest -g -O2   conftest.c  >&5
configure:4224: $? = 0
configure:4226: ./conftest
configure:4229: $? = 0
configure:4252: result: 4
configure:4289: checking for perl5
configure:4307: found /usr/brule7/cshome/paras/bin/perl5
configure:4319: result: /usr/brule7/cshome/paras/bin/perl5
configure:4338: checking for perl version 5.005 or later
configure:4341: result: yes
configure:4354: checking for nm
configure:4372: found /usr/bin/nm
configure:4384: result: /usr/bin/nm
configure:4408: checking for ar
configure:4426: found /usr/bin/ar
configure:4438: result: /usr/bin/ar
configure:4462: checking for ranlib
configure:4495: result: no
configure:4505: error: cannot find ranlib

## ---------------- ##
## Cache variables. ##
## ---------------- ##

ac_cv_build=mips-sgi-irix6.5
ac_cv_build_alias=mips-sgi-irix6.5
ac_cv_c_compiler_gnu=yes
ac_cv_env_CC_set=''
ac_cv_env_CC_value=''
ac_cv_env_CFLAGS_set=''
ac_cv_env_CFLAGS_value=''
ac_cv_env_CPPFLAGS_set=''
ac_cv_env_CPPFLAGS_value=''
ac_cv_env_CPP_set=''
ac_cv_env_CPP_value=''
ac_cv_env_LDFLAGS_set=''
ac_cv_env_LDFLAGS_value=''
ac_cv_env_build_alias_set=''
ac_cv_env_build_alias_value=''
ac_cv_env_host_alias_set=''
ac_cv_env_host_alias_value=''
ac_cv_env_target_alias_set=''
ac_cv_env_target_alias_value=''
ac_cv_exeext=''
ac_cv_header_inttypes_h=yes
ac_cv_header_memory_h=yes
ac_cv_header_stdc=yes
ac_cv_header_stdint_h=no
ac_cv_header_stdlib_h=yes
ac_cv_header_string_h=yes
ac_cv_header_strings_h=yes
ac_cv_header_sys_stat_h=yes
ac_cv_header_sys_types_h=yes
ac_cv_header_unistd_h=yes
ac_cv_host=mips-sgi-irix6.5
ac_cv_host_alias=mips-sgi-irix6.5
ac_cv_lib_fl_yywrap=no
ac_cv_lib_l_yywrap=yes
ac_cv_objext=o
ac_cv_path_AR=/usr/bin/ar
ac_cv_path_NM=/usr/bin/nm
ac_cv_path_PERL=/usr/brule7/cshome/paras/bin/perl5
ac_cv_path_install='/usr/gnu/bin/install -c'
ac_cv_prog_AWK=gawk
ac_cv_prog_CPP='gcc -E'
ac_cv_prog_LEX=flex
ac_cv_prog_ac_ct_CC=gcc
ac_cv_prog_cc_g=yes
ac_cv_prog_cc_stdc=''
ac_cv_prog_egrep='grep -E'
ac_cv_prog_lex_root=lex.yy
ac_cv_prog_lex_yytext_pointer=yes
ac_cv_prog_make_make_set=yes
ac_cv_sizeof_void_p=4
ac_cv_target=mips-sgi-irix6.5
ac_cv_target_alias=mips-sgi-irix6.5
ac_cv_type_void_p=yes
am_cv_CC_dependencies_compiler_type=gcc3
upcr_cv_cc_family=GNU

## ----------------- ##
## Output variables. ##
## ----------------- ##

ACLOCAL='${SHELL} /usr/brule7/cshome/paras/charronupc/berkeley_upc-1.1.0/config-aux/missing --run aclocal-1.6'
AMDEPBACKSLASH='\'
AMDEP_FALSE='#'
AMDEP_TRUE=''
AMTAR='${SHELL} /usr/brule7/cshome/paras/charronupc/berkeley_upc-1.1.0/config-aux/missing --run tar'
AR='/usr/bin/ar'
AUTOCONF='${SHELL} /usr/brule7/cshome/paras/charronupc/berkeley_upc-1.1.0/config-aux/missing --run autoconf'
AUTOHEADER='${SHELL} /usr/brule7/cshome/paras/charronupc/berkeley_upc-1.1.0/config-aux/missing --run autoheader'
AUTOMAKE='${SHELL} /usr/brule7/cshome/paras/charronupc/berkeley_upc-1.1.0/config-aux/missing --run automake-1.6'
AWK='gawk'
BOURNE_SHELL='/bin/sh'
CC='gcc'
CCDEPMODE='depmode=gcc3'
CC_FAMILY='GNU'
CC_UNWRAPPED='gcc'
CC_WRAPPED='gcc'
CFLAGS='-g -O2'
CHAR_IS_SIGNED=''
CONDUITS=''
CONFIGURE_ARGS=''--prefix=/compsci/brule7/cshome/paras/charronupc''
CPP='gcc -E'
CPPFLAGS=''
DEFAULT_CONDUIT=''
DEFS=''
DEPDIR='.deps'
ECHO_C='ECHO_N=''
ECHO_T=''
EGREP='grep -E'
EXEEXT=''
EXESUFFIX=''
GASNET_BUILD_MAK_DIR=''
GASNET_INSTALL_MAK_DIR=''
GCC_AS_XLC=''
GMAKE=''
GNU_GCC=''
HAVE_BOOL=''
HAVE_CPP_INCLUDE_NEXT=''
HAVE_FENV_H=''
HAVE_INTTYPES_H=''
HAVE_LIMITS_H=''
HAVE_STDBOOL_H=''
HAVE_STDINT_H=''
INSTALL_DATA='${INSTALL} -m 644'
INSTALL_PREFIX='/compsci/brule7/cshome/paras/charronupc'
INSTALL_PROGRAM='${INSTALL}'
INSTALL_SCRIPT='${INSTALL}'
INSTALL_STRIP_PROGRAM='${SHELL} $(install_sh) -c -s'
LDFLAGS=''
LEX='flex'
LEXLIB='-ll'
LEX_OUTPUT_ROOT='lex.yy'
LIBOBJS=''
LIBS=''
LTLIBOBJS=''
MAKEINFO='${SHELL} /usr/brule7/cshome/paras/charronupc/berkeley_upc-1.1.0/config-aux/missing --run makeinfo'
MAKE_INCLUDE=''
NM='/usr/bin/nm'
OBJEXT='o'
PACKAGE='berkeley_upc'
PACKAGE_BUGREPORT=''
PACKAGE_NAME=''
PACKAGE_STRING=''
PACKAGE_TARNAME=''
PACKAGE_VERSION=''
PARSEQ='seq'
PATH_FENV_H=''
PATH_INTTYPES_H=''
PATH_LIMITS_H=''
PATH_SEPARATOR=':'
PATH_STDBOOL_H=''
PATH_STDINT_H=''
PERL='/usr/brule7/cshome/paras/bin/perl5'
PLATFORM_PREPROCESS=''
PRETRANS_CPPFLAGS=''
PTHREADS=''
RANLIB=''
RUNTIME_SPEC='2.0'
SET_MAKE=''
SHARED_HEAP_OFFSET=''
SHARED_HEAP_SIZE=''
SHELL='/bin/sh'
SIZEOF_CHAR=''
SIZEOF_INT=''
SIZEOF_LONG=''
SIZEOF_LONG_LONG=''
SIZEOF_PTRDIFF_T=''
SIZEOF_SHORT=''
SIZEOF_SIZE_T=''
SIZEOF_VOID_P=''
STRIP=''
TARGETLIBS=''
TOP_BUILDDIR='/usr/brule7/cshome/paras/charronupc/berkeley_upc-1.1.0'
TOP_SRCDIR='/usr/brule7/cshome/paras/charronupc/berkeley_upc-1.1.0'
UPCRI_PTR_BITS=''
UPCR_BUILD_MAK_DIR=''
UPCR_INSTALL_MAK_DIR=''
UPC_SPEC='200310L'
USE_GNU_PREPROC=''
VERSION='1.1.0'
ac_ct_CC='gcc'
ac_ct_STRIP=''
am__include='include'
am__quote=''
bindir='${exec_prefix}/bin'
build='mips-sgi-irix6.5'
build_alias=''
build_cpu='mips'
build_os='irix6.5'
build_vendor='sgi'
datadir='${prefix}/share'
exec_prefix='NONE'
host='mips-sgi-irix6.5'
host_alias=''
host_cpu='mips'
host_os='irix6.5'
host_vendor='sgi'
includedir='${prefix}/include'
infodir='${prefix}/info'
install_sh='/usr/brule7/cshome/paras/charronupc/berkeley_upc-1.1.0/config-aux/install-sh'
libdir='${exec_prefix}/lib'
libexecdir='${exec_prefix}/libexec'
localstatedir='${prefix}/var'
mandir='${prefix}/man'
oldincludedir='/usr/include'
prefix='/compsci/brule7/cshome/paras/charronupc'
program_transform_name='s,x,x,'
sbindir='${exec_prefix}/sbin'
sharedstatedir='${prefix}/com'
subdirs=' gasnet'
sysconfdir='${prefix}/etc'
target='mips-sgi-irix6.5'
target_alias=''
target_cpu='mips'
target_os='irix6.5'
target_vendor='sgi'

## ------------- ##
## Output files. ##
## ------------- ##

PERLSTART=''
cc_wrapper_mk='cc-wrapper.mk'

## ----------- ##
## confdefs.h. ##
## ----------- ##

#define HAVE_INTTYPES_H 1
#define HAVE_MEMORY_H 1
#define HAVE_STDLIB_H 1
#define HAVE_STRINGS_H 1
#define HAVE_STRING_H 1
#define HAVE_SYS_STAT_H 1
#define HAVE_SYS_TYPES_H 1
#define HAVE_UNISTD_H 1
#define PACKAGE "berkeley_upc"
#define PACKAGE_BUGREPORT ""
#define PACKAGE_NAME ""
#define PACKAGE_STRING ""
#define PACKAGE_TARNAME ""
#define PACKAGE_VERSION ""
#define SIZEOF_VOID_P 4
#define STDC_HEADERS 1
#define VERSION "1.1.0"
#define YYTEXT_POINTER 1

configure: exit 1
