This is TeX, Version 3.14159 (Web2c 7.0) (format=latex 97.10.10)  24 MAR 2000 07:53
**drafthms
(drafthms.tex
LaTeX2e <1996/12/01>
Babel <v3.6h> and hyphenation patterns for american, english, danish, french, g
erman, italian, norse, polish, portugese, russian, loaded.
(/afs/fnal.gov/products/UNIX/tex_files/v3_14159b/cache/inputs/latex209.def
File: latex209.def 1996/05/21 v0.51 Standard LaTeX file

Entering LaTeX 2.09 compatibility mode.
\footheight=\dimen102
\@maxsep=\dimen103
\@dblmaxsep=\dimen104
\@cla=\count79
\@clb=\count80
\mscount=\count81
(/afs/fnal.gov/products/UNIX/tex_files/v3_14159b/cache/inputs/tracefnt.sty
Package: tracefnt 1996/07/26 v3.0i Standard LaTeX package (font tracing)
\tracingfonts=\count82
LaTeX Info: Redefining \selectfont on input line 139.
)
\symbold=\mathgroup4
\symsans=\mathgroup5
\symtypewriter=\mathgroup6
\symitalic=\mathgroup7
\symsmallcaps=\mathgroup8
\symslanted=\mathgroup9
LaTeX Font Info:    Redeclaring math alphabet \mathbf on input line 306.
LaTeX Font Info:    Redeclaring math alphabet \mathsf on input line 307.
LaTeX Font Info:    Redeclaring math alphabet \mathtt on input line 308.
LaTeX Font Info:    Redeclaring math alphabet \mathit on input line 314.
LaTeX Info: Redefining \em on input line 324.

(/afs/fnal.gov/products/UNIX/tex_files/v3_14159b/cache/inputs/latexsym.sty
Package: latexsym 1996/11/20 v2.2d Standard LaTeX package (lasy symbols)
\symlasy=\mathgroup10
LaTeX Font Info:    Overwriting symbol font `lasy' in version `bold'
(Font)                  U/lasy/m/n --> U/lasy/b/n on input line 85.
)
LaTeX Font Info:    Redeclaring math delimiter \lgroup on input line 388.
LaTeX Font Info:    Redeclaring math delimiter \rgroup on input line 390.
LaTeX Font Info:    Redeclaring math delimiter \bracevert on input line 392.
)
(/afs/fnal.gov/products/UNIX/tex_files/v3_14159b/cache/inputs/article.cls
Document Class: article 1996/10/31 v1.3u Standard LaTeX document class
(/afs/fnal.gov/products/UNIX/tex_files/v3_14159b/cache/inputs/size12.clo
File: size12.clo 1996/10/31 v1.3u Standard LaTeX file (size option)
)
\c@part=\count83
\c@section=\count84
\c@subsection=\count85
\c@subsubsection=\count86
\c@paragraph=\count87
\c@subparagraph=\count88
\c@figure=\count89
\c@table=\count90
\abovecaptionskip=\skip41
\belowcaptionskip=\skip42
Compatibility mode: definition of \rm ignored.
Compatibility mode: definition of \sf ignored.
Compatibility mode: definition of \tt ignored.
Compatibility mode: definition of \bf ignored.
Compatibility mode: definition of \it ignored.
Compatibility mode: definition of \sl ignored.
Compatibility mode: definition of \sc ignored.
LaTeX Info: Redefining \cal on input line 542.
LaTeX Info: Redefining \mit on input line 543.
\bibindent=\dimen105
)
(/afs/fnal.gov/products/UNIX/tex_files/v3_14159b/cache/inputs/epsf.sty
\epsffilein=\read1
\epsfxsize=\dimen106
\epsfysize=\dimen107
\epsftsize=\dimen108
\epsfrsize=\dimen109
\epsftmp=\dimen110
\pspoints=\dimen111
)
(/afs/fnal.gov/products/UNIX/tex_files/v3_14159b/cache/inputs/epsfig.sty
Package: epsfig 1996/10/04 v1.7 (e)psfig emulation (SPQR)

(/afs/fnal.gov/products/UNIX/tex_files/v3_14159b/cache/inputs/graphicx.sty
Package: graphicx 1996/10/31 v1.0c Enhanced LaTeX Graphics (DPC,SPQR)

(/afs/fnal.gov/products/UNIX/tex_files/v3_14159b/cache/inputs/keyval.sty
Package: keyval 1995/09/21 v1.09 key=value parser (DPC)
)
(/afs/fnal.gov/products/UNIX/tex_files/v3_14159b/cache/inputs/graphics.sty
Package: graphics 1996/10/31 v1.0c Standard LaTeX Graphics (DPC,SPQR)

(/afs/fnal.gov/products/UNIX/tex_files/v3_14159b/cache/inputs/trig.sty
Package: trig 1994/10/16 v1.08 sin cos tan (DPC)
)
(/afs/fnal.gov/products/UNIX/tex_files/v3_14159b/cache/inputs/graphics.cfg)
Package graphics Info: Driver file: dvips.def on input line 82.

(/afs/fnal.gov/products/UNIX/tex_files/v3_14159b/cache/inputs/dvips.def
File: dvips.def 1996/12/12 v3.0d Driver-dependant file (DPC,SPQR)
))
\Gin@req@height=\dimen112
\Gin@req@width=\dimen113
)
\epsfxsize=\dimen114
\epsfysize=\dimen115
)
(hep_macro.tex) (drafthms.aux

LaTeX Warning: Label `fig:comparejlab' multiply defined.


LaTeX Warning: Label `gluon' multiply defined.


LaTeX Warning: Label `LSND' multiply defined.


LaTeX Warning: Label `ICANOE' multiply defined.


LaTeX Warning: Label `nutev-wma' multiply defined.


LaTeX Warning: Label `numcbook' multiply defined.


LaTeX Warning: Label `CHARMII' multiply defined.


LaTeX Warning: Label `ICANOE' multiply defined.


LaTeX Warning: Label `Shrock' multiply defined.


LaTeX Warning: Label `ccfr:bjking' multiply defined.


LaTeX Warning: Label `ccfr:mcfarland' multiply defined.


LaTeX Warning: Label `th:llsmith' multiply defined.


LaTeX Warning: Label `ex:ssqt' multiply defined.


LaTeX Warning: Label `th:paschos' multiply defined.


LaTeX Warning: Label `NuTeV:prelim' multiply defined.


LaTeX Warning: Label `ex:heidi' multiply defined.


LaTeX Warning: Label `ex:dah_ksm' multiply defined.


LaTeX Warning: Label `ex:bjking_det' multiply defined.


LaTeX Warning: Label `ph:arie-unki-ht' multiply defined.


LaTeX Warning: Label `ex:tev33_mw' multiply defined.


LaTeX Warning: Label `CHARM2' multiply defined.


LaTeX Warning: Label `bardin' multiply defined.


LaTeX Warning: Label `baur' multiply defined.


LaTeX Warning: Label `sather' multiply defined.


LaTeX Warning: Label `GLR' multiply defined.


LaTeX Warning: Label `Shrock' multiply defined.


LaTeX Warning: Label `Bolton' multiply defined.


LaTeX Warning: Label `NuTeVNHL' multiply defined.


LaTeX Warning: Label `NuTeVQ0' multiply defined.


LaTeX Warning: Label `PDB' multiply defined.


LaTeX Warning: Label `Shrock' multiply defined.


LaTeX Warning: Label `shrock' multiply defined.


LaTeX Warning: Label `frank' multiply defined.


LaTeX Warning: Label `ng' multiply defined.


LaTeX Warning: Label `beacom' multiply defined.


LaTeX Warning: Label `mu_e_limit' multiply defined.


LaTeX Warning: Label `mu_mu_limit' multiply defined.


LaTeX Warning: Label `star1' multiply defined.


LaTeX Warning: Label `star2' multiply defined.


LaTeX Warning: Label `norbert' multiply defined.


LaTeX Warning: Label `geer_2day' multiply defined.


LaTeX Warning: Label `PDG' multiply defined.


LaTeX Warning: Label `dreiner' multiply defined.


LaTeX Warning: Label `quigg' multiply defined.


LaTeX Warning: Label `emulsion' multiply defined.


LaTeX Warning: Label `Adler' multiply defined.


LaTeX Warning: Label `Boros' multiply defined.


LaTeX Warning: Label `Kulagin' multiply defined.


LaTeX Warning: Label `Eskola' multiply defined.


LaTeX Warning: Label `SAMPLE' multiply defined.


LaTeX Warning: Label `nutev-wma' multiply defined.


LaTeX Warning: Label `CHARMII' multiply defined.


LaTeX Warning: Label `numcbook' multiply defined.


LaTeX Warning: Label `ICANOE' multiply defined.


LaTeX Warning: Label `bruce' multiply defined.


LaTeX Warning: Label `E791' multiply defined.


LaTeX Warning: Label `CLEO' multiply defined.


LaTeX Warning: Label `BaBar' multiply defined.


LaTeX Warning: Label `brucehere' multiply defined.


LaTeX Warning: Label `nutev-wma' multiply defined.


LaTeX Warning: Label `numcbook' multiply defined.


LaTeX Warning: Label `CHARMII' multiply defined.


LaTeX Warning: Label `ICANOE' multiply defined.


LaTeX Warning: Label `ccfr:bjking' multiply defined.


LaTeX Warning: Label `ccfr:mcfarland' multiply defined.


LaTeX Warning: Label `th:llsmith' multiply defined.


LaTeX Warning: Label `ex:ssqt' multiply defined.


LaTeX Warning: Label `th:paschos' multiply defined.


LaTeX Warning: Label `NuTeV:prelim' multiply defined.


LaTeX Warning: Label `ex:heidi' multiply defined.


LaTeX Warning: Label `ex:dah_ksm' multiply defined.


LaTeX Warning: Label `ex:bjking_det' multiply defined.


LaTeX Warning: Label `ph:arie-unki-ht' multiply defined.


LaTeX Warning: Label `ex:tev33_mw' multiply defined.


LaTeX Warning: Label `CHARM2' multiply defined.


LaTeX Warning: Label `bardin' multiply defined.


LaTeX Warning: Label `baur' multiply defined.


LaTeX Warning: Label `sather' multiply defined.


LaTeX Warning: Label `GLR' multiply defined.


LaTeX Warning: Label `Shrock' multiply defined.


LaTeX Warning: Label `Bolton' multiply defined.


LaTeX Warning: Label `NuTeVNHL' multiply defined.


LaTeX Warning: Label `NuTeVQ0' multiply defined.


LaTeX Warning: Label `PDB' multiply defined.


LaTeX Warning: Label `Shrock' multiply defined.


LaTeX Warning: Label `shrock' multiply defined.


LaTeX Warning: Label `frank' multiply defined.


LaTeX Warning: Label `ng' multiply defined.


LaTeX Warning: Label `beacom' multiply defined.


LaTeX Warning: Label `mu_e_limit' multiply defined.


LaTeX Warning: Label `mu_mu_limit' multiply defined.


LaTeX Warning: Label `star1' multiply defined.


LaTeX Warning: Label `star2' multiply defined.


LaTeX Warning: Label `norbert' multiply defined.


LaTeX Warning: Label `geer_2day' multiply defined.


LaTeX Warning: Label `PDG' multiply defined.


LaTeX Warning: Label `dreiner' multiply defined.


LaTeX Warning: Label `quigg' multiply defined.


LaTeX Warning: Label `emulsion' multiply defined.

)
\openout1 = `drafthms.aux'.

LaTeX Font Info:    Checking defaults for OML/cmm/m/it on input line 88.
LaTeX Font Info:    ... okay on input line 88.
LaTeX Font Info:    Checking defaults for T1/cmr/m/n on input line 88.
LaTeX Font Info:    ... okay on input line 88.
LaTeX Font Info:    Checking defaults for OT1/cmr/m/n on input line 88.
LaTeX Font Info:    ... okay on input line 88.
LaTeX Font Info:    Checking defaults for OMS/cmsy/m/n on input line 88.
LaTeX Font Info:    ... okay on input line 88.
LaTeX Font Info:    Checking defaults for OMX/cmex/m/n on input line 88.
LaTeX Font Info:    ... okay on input line 88.
LaTeX Font Info:    Checking defaults for U/cmr/m/n on input line 88.
LaTeX Font Info:    ... okay on input line 88.
 [1

] (drafthms.toc [2])
\tf@toc=\write3
\openout3 = `drafthms.toc'.

 [3] [4

] [5]

LaTeX Warning: Citation `gaisser' on page 6 undefined on input line 328.

[6]
File: fluxes_fig.eps Graphic file (type eps)
 <fluxes_fig.eps>

LaTeX Warning: Reference `tau_ratio' on page 7 undefined on input line 404.

File: tau_ratio.eps Graphic file (type eps)
<tau_ratio.eps>

LaTeX Warning: Citation `CCFRsigma' on page 7 undefined on input line 419.

[7]
File: polarization.eps Graphic file (type eps)
 <polarization.eps>
File: minos_wbb.ps Graphic file (type eps)
 <minos_wbb.ps>
File: elept.ps Graphic file (type eps)
 <elept.ps>

LaTeX Warning: Reference `BGW99' on page 8 undefined on input line 478.


LaTeX Warning: Reference `BGW99' on page 8 undefined on input line 478.

[8] [9]

LaTeX Warning: Reference `rates_tab' on page 10 undefined on input line 509.


Overfull \hbox (36.54068pt too wide) in paragraph at lines 528--562
 [] 
 []

File: 20gev.eps Graphic file (type eps)
<20gev.eps>

LaTeX Warning: Citation `goodman' on page 10 undefined on input line 595.


LaTeX Warning: Citation `casper' on page 10 undefined on input line 601.

[10] [11]
Overfull \hbox (26.3488pt too wide) in paragraph at lines 617--655
 [] 
 []

File: flux_xy.ps Graphic file (type eps)
<flux_xy.ps>

LaTeX Warning: Reference `geer00' on page 12 undefined on input line 693.


LaTeX Warning: Reference `geer00' on page 12 undefined on input line 693.

File: flux_d.ps Graphic file (type eps)
<flux_d.ps>

LaTeX Warning: Reference `geer00' on page 12 undefined on input line 712.


LaTeX Warning: Reference `geer00' on page 12 undefined on input line 712.

[12]
File: nearspectra.ps Graphic file (type eps)
 <nearspectra.ps>
File: x.eps Graphic file (type eps)
 <x.eps> [13] [14]
File: eventrates.eps Graphic file (type eps)
 <eventrates.eps> [15] [16] [17

]
[18]

LaTeX Warning: Citation `mns' on page 19 undefined on input line 997.

[19]
File: prof.ps Graphic file (type eps)
 <prof.ps> [20] [21]
File: slacmue.eps Graphic file (type eps)
 <slacmue.eps>
File: cp.eps Graphic file (type eps)
 <cp.eps>
File: nuvbarnu.eps Graphic file (type eps)
 <nuvbarnu.eps>
File: snuvbarnu.eps Graphic file (type eps)
 <snuvbarnu.eps>
File: fgsme1.eps Graphic file (type eps)

<fgsme1.eps>
File: sme1.eps Graphic file (type eps)
 <sme1.eps> [22] [23] [24]
Underfull \hbox (badness 10000) in paragraph at lines 1390--1391

 []

[25]
Overfull \hbox (2.27808pt too wide) detected at line 1429
\OML/cmm/m/it/12 U \OT1/cmr/m/n/12 = []
 []


Overfull \hbox (5.59784pt too wide) detected at line 1504
[]
 []

[26] [27]
File: everything.eps Graphic file (type eps)
 <everything.eps> [28] [29] [30]
Overfull \hbox (45.34134pt too wide) in paragraph at lines 1744--1793
 [] 
 []

[31] [32] [33] [34

] [35]
File: mum.eps Graphic file (type eps)
 <mum.eps>
File: mup.eps Graphic file (type eps)
 <mup.eps> [36] [37] [38]
File: punch-charm-20.ps Graphic file (type eps)

<punch-charm-20.ps>
File: punch-charm-50.ps Graphic file (type eps)
 <punch-charm-50.ps> [39]
File: steveplot.ps Graphic file (type eps)
 <steveplot.ps>
File: pt2_gen.eps Graphic file (type eps)
 <pt2_gen.eps>
[40] [41]
File: icanoe_event.ps Graphic file (type eps)
 <icanoe_event.ps> [42] [43]
Overfull \hbox (21.9691pt too wide) in paragraph at lines 2448--2460
\OT1/cmr/m/n/12 neu-trino fac-tory we have con-sid-ered a de-tec-tor geom-e-try
 sim-i-lar to the CCFR/NuTeV
 []

File: unit-target-metric.eps Graphic file (type eps)
<unit-target-metric.eps> [44]
File: pttalk20.eps Graphic file (type eps)
 <pttalk20.eps>
File: pttalk50.eps Graphic file (type eps)
 <pttalk50.eps>
File: signalwriteplus20.eps Graphic file (type eps)

<signalwriteplus20.eps> [45]
Overfull \hbox (13.25804pt too wide) in paragraph at lines 2560--2574
[][]
 []

[46]
File: f2kevt.ps Graphic file (type eps)
 <f2kevt.ps> [47] [48]
File: muon-acc.ps Graphic file (type eps)
 <muon-acc.ps>

LaTeX Warning: `h' float specifier changed to `ht'.

[49]
File: forty_fig3.ps Graphic file (type eps)
 <forty_fig3.ps>

LaTeX Warning: `h' float specifier changed to `ht'.

[50] [51]
Overfull \hbox (4.38173pt too wide) in paragraph at lines 2889--2913
 [] 
 []

[52] [53]
File: fig_v1.ps Graphic file (type eps)
 <fig_v1.ps>

LaTeX Warning: `h' float specifier changed to `ht'.

File: fig_v2.ps Graphic file (type eps)
<fig_v2.ps>
File: fig_v3.ps Graphic file (type eps)
 <fig_v3.ps>
File: fig_v4.ps Graphic file (type eps)
 <fig_v4.ps> [54

] [55] [56] [57] [58]
File: fig_t1.ps Graphic file (type eps)
 <fig_t1.ps>
[59]
File: fig_t2.ps Graphic file (type eps)
 <fig_t2.ps>
File: fig_t3.ps Graphic file (type eps)
 <fig_t3.ps> [60] [61]
File: s2_contrib_to_ws_muons.eps Graphic file (type eps)
 <s2_contrib_to_ws_muons.eps> [62]
[63]
File: contgeers.eps Graphic file (type eps)
 <contgeers.eps>
File: contgeers2.eps Graphic file (type eps)
 <contgeers2.eps>
File: s15.ps Graphic file (type eps)
 <s15.ps>
File: s2_l7400_exclu_t13.eps Graphic file (type eps)
 <s2_l7400_exclu_t13.eps>
File: s13.ps Graphic file (type eps)

<s13.ps>
File: mu3-30gev_2800km_1234.eps Graphic file (type eps)
 <mu3-30gev_2800km_1234.eps>
File: 30gev_disap_fit.eps Graphic file (type eps)
 <30gev_disap_fit.eps>
File: newbob.eps Graphic file (type eps)
 <newbob.eps>
[64] [65] [66] [67]
File: s1_syst_err_732.eps Graphic file (type eps)
 <s1_syst_err_732.eps>
File: s1_comp_fit_mix23_diff_munorm.eps Graphic file (type eps)
 <s1_comp_fit_mix23_diff_munorm.eps>
File: s1_diff_dm_3500.eps Graphic file (type eps)

<s1_diff_dm_3500.eps>
File: s1_diff_dm_7344.eps Graphic file (type eps)
 <s1_diff_dm_7344.eps> [68] [69] [70]
File: kerry.eps Graphic file (type eps)
 <kerry.eps> [71]
File: cp_sensitivity_6c.ps Graphic file (type eps)

<cp_sensitivity_6c.ps>
File: s18.ps Graphic file (type eps)
 <s18.ps>
File: s22.ps Graphic file (type eps)
 <s22.ps> [72] [73] [74] [75] [76]
(nonosc_v13.tex
Underfull \hbox (badness 10000) in paragraph at lines 3--7

 []

[77]
LaTeX Font Info:    Try loading font information for OMS+cmr on input line 52.
 (/afs/fnal.gov/products/UNIX/tex_files/v3_14159b/cache/inputs/omscmr.fd
File: omscmr.fd 1997/01/14 v2.5a Standard LaTeX font definitions
)
LaTeX Font Info:    Font shape `OMS/cmr/m/n' in size <12> not available
(Font)              Font shape `OMS/cmsy/m/n' tried instead on input line 52.

[78]
File: diskin.eps Graphic file (type eps)
 <diskin.eps>

LaTeX Warning: Reference `diskin' on page 79 undefined on input line 160.

[79]
File: 10_comparejlab.eps Graphic file (type eps)
 <10_comparejlab.eps>
Overfull \hbox (27.19807pt too wide) in alignment at lines 227--241
 [][][] []
 []

[80] [81]

LaTeX Warning: Citation `VallageThesis' on page 82 undefined on input line 270.


[82] [83]
File: Kulagin.eps Graphic file (type eps)
 <Kulagin.eps> [84] [85]

LaTeX Warning: Reference `pol_tran' on page 86 undefined on input line 561.

[86]

LaTeX Warning: Citation `betadecays' on page 87 undefined on input line 650.

File: delta.eps Graphic file (type eps)
<delta.eps> [87] [88]

LaTeX Warning: Citation `ICE' on page 89 undefined on input line 730.

[89]
File: heavy-flavor-grv.eps Graphic file (type eps)
 <heavy-flavor-grv.eps>
File: charm-spect-grv.eps Graphic file (type eps)
 <charm-spect-grv.eps> [90] [91] [92]

LaTeX Warning: `h' float specifier changed to `ht'.

File: nue-sn.eps Graphic file (type eps)
<nue-sn.eps> [93]
File: nue-beam-sens.eps Graphic file (type eps)
 <nue-beam-sens.eps> [94]

LaTeX Warning: Citation `LL-SMITH' on page 95 undefined on input line 1094.


LaTeX Warning: Citation `ref:paschos' on page 95 undefined on input line 1109.

[95] [96]

LaTeX Warning: Reference `nutev-stw' on page 97 undefined on input line 1218.


Overfull \hbox (8.33981pt too wide) in paragraph at lines 1215--1220
\OT1/cmr/m/n/12 calorime-ter 200 gr/cm$[]$ thick would have a sta-tis-ti-cal se
n-si-tiv-ity of $^^A [][] \OML/cmm/m/it/12 ^^R[] []\OT1/cmr/m/n/12 0\OML/cmm/m/
it/12 :\OT1/cmr/m/n/12 0001$
 []

[97] [98]
File: mulimits.eps Graphic file (type eps)
 <mulimits.eps>
Overfull \hbox (25.29494pt too wide) in paragraph at lines 1347--1351
 [] 
 []

[99] [100]
File: mag_mom_signif.eps Graphic file (type eps)
 <mag_mom_signif.eps> [101] [102] [103]
Overfull \hbox (0.79292pt too wide) in paragraph at lines 1573--1582
[]\OT1/cmr/m/n/12 As a con-crete ex-am-ple of such an ex-otic process we con-si
der R-parity-violating
 []

[104]
File: exotic_decay.eps Graphic file (type eps)
 <exotic_decay.eps>
File: exotic_interaction.eps Graphic file (type eps)
 <exotic_interaction.eps>
File: exotic_detector.eps Graphic file (type eps)
 <exotic_detector.eps>
[105]
Overfull \hbox (5.2012pt too wide) in paragraph at lines 1680--1683
[]\OT1/cmr/m/n/12 Measure the spin con-tri-bu-tions of in-di-vid-ual quark spec
ies, in-clud-ing strange
 []

) [106] [107] [108

] [109] [110]
Underfull \hbox (badness 10000) in paragraph at lines 4270--4272
[]\OT1/cmr/m/n/12 MINOS Tech-ni-cal De-sign Re-port NuMI-L-337 TDR,
 []


Underfull \hbox (badness 10000) in paragraph at lines 4273--4275
[]\OT1/cmr/m/n/12 OPERA Progress Re-port, LNGS-LOI 19/99,
 []

[111] (refs5.tex [112]
Underfull \hbox (badness 1796) in paragraph at lines 26--29
\OT1/cmr/m/n/12 Johns Hop-kins Work-shop on Cur-rent Prob-lems in Par-ti-cle Th
e-ory,
 []

[113] [114]) [115] [116]
Underfull \hbox (badness 1796) in paragraph at lines 4523--4526
\OT1/cmr/m/n/12 Johns Hop-kins Work-shop on Cur-rent Prob-lems in Par-ti-cle Th
e-ory,
 []

[117] [118] [119] (drafthms.aux)

LaTeX Warning: There were undefined references.


LaTeX Warning: There were multiply-defined labels.

 ) 
Here is how much of TeX's memory you used:
 1391 strings out of 10903
 14128 string characters out of 70813
 72937 words of memory out of 263001
 4179 multiletter control sequences out of 10000+0
 22721 words of font info for 84 fonts, out of 100000 for 500
 45 hyphenation exceptions out of 1000
 34i,15n,21p,852b,291s stack positions out of 300i,100n,500p,3000b,4000s

Output written on drafthms.dvi (119 pages, 367680 bytes).
