Package build of shared-mime-info started.  (Sunday, 09 October 2005 05:31:47 EDT)
/bin/ls: /usr/src/autobuild.mezz/x86_64/00_LOGS/gnome/shared-mime-info/SRPMS/../: No such file or directory
Resetting chroot jail, please wait.
pkg-installer:  error: failed to open /etc/mtab: No such file or directory
pkg-installer:  error: failed to open /etc/mtab: No such file or directory
pkg-installer:  Setting up Install Process
pkg-installer:  Setting up Repos
pkg-installer:  Reading repository metadata in from local files
pkg-installer:  Parsing package install arguments
pkg-installer:  Resolving Dependencies
pkg-installer:  --> Populating transaction set with selected packages. Please wait.
pkg-installer:  ---> Downloading header for intltool to pack into transaction set.
pkg-installer:  ---> Package intltool.noarch 0:0.31-2.caos set to be updated
pkg-installer:  --> Running transaction check
pkg-installer:  --> Processing Dependency: perl-XML-Parser >= 2.31 for package: intltool
pkg-installer:  --> Restarting Dependency Resolution with new changes.
pkg-installer:  --> Populating transaction set with selected packages. Please wait.
pkg-installer:  ---> Downloading header for perl-XML-Parser to pack into transaction set.
pkg-installer:  ---> Package perl-XML-Parser.x86_64 0:2.34-3.caos set to be updated
pkg-installer:  --> Running transaction check
pkg-installer:  --> Processing Dependency: perl-URI for package: perl-XML-Parser
pkg-installer:  --> Processing Dependency: perl-libwww-perl for package: perl-XML-Parser
pkg-installer:  --> Restarting Dependency Resolution with new changes.
pkg-installer:  --> Populating transaction set with selected packages. Please wait.
pkg-installer:  ---> Downloading header for perl-URI to pack into transaction set.
pkg-installer:  ---> Package perl-URI.noarch 0:1.35-1.caos set to be updated
pkg-installer:  ---> Downloading header for perl-libwww-perl to pack into transaction set.
pkg-installer:  ---> Package perl-libwww-perl.noarch 0:5.79-3.caos set to be updated
pkg-installer:  --> Running transaction check
pkg-installer:  --> Processing Dependency: perl(HTML::Entities) for package: perl-libwww-perl
pkg-installer:  --> Processing Dependency: perl(HTML::Parser) for package: perl-libwww-perl
pkg-installer:  --> Restarting Dependency Resolution with new changes.
pkg-installer:  --> Populating transaction set with selected packages. Please wait.
pkg-installer:  ---> Downloading header for perl-HTML-Parser to pack into transaction set.
pkg-installer:  ---> Package perl-HTML-Parser.x86_64 0:3.35-5 set to be updated
pkg-installer:  --> Running transaction check
pkg-installer:  --> Processing Dependency: perl-HTML-Tagset >= 3.03 for package: perl-HTML-Parser
pkg-installer:  --> Processing Dependency: perl(HTML::Tagset) for package: perl-HTML-Parser
pkg-installer:  --> Restarting Dependency Resolution with new changes.
pkg-installer:  --> Populating transaction set with selected packages. Please wait.
pkg-installer:  ---> Downloading header for perl-HTML-Tagset to pack into transaction set.
pkg-installer:  ---> Package perl-HTML-Tagset.noarch 0:3.03-30.caos set to be updated
pkg-installer:  --> Running transaction check
pkg-installer:  
pkg-installer:  Dependencies Resolved
pkg-installer:  Transaction Listing:
pkg-installer:    Install: intltool.noarch 0:0.31-2.caos - current
pkg-installer:  
pkg-installer:  Performing the following to resolve dependencies:
pkg-installer:    Install: perl-HTML-Parser.x86_64 0:3.35-5 - current
pkg-installer:    Install: perl-HTML-Tagset.noarch 0:3.03-30.caos - current
pkg-installer:    Install: perl-URI.noarch 0:1.35-1.caos - current
pkg-installer:    Install: perl-XML-Parser.x86_64 0:2.34-3.caos - current
pkg-installer:    Install: perl-libwww-perl.noarch 0:5.79-3.caos - current
pkg-installer:  Total download size: 819 k
pkg-installer:  Downloading Packages:
pkg-installer:  Running Transaction Test
pkg-installer:  Finished Transaction Test
pkg-installer:  Transaction Test Succeeded
pkg-installer:  Running Transaction
pkg-installer:  
pkg-installer:  Installed: intltool.noarch 0:0.31-2.caos
pkg-installer:  Dependency Installed: perl-HTML-Parser.x86_64 0:3.35-5 perl-HTML-Tagset.noarch 0:3.03-30.caos perl-URI.noarch 0:1.35-1.caos perl-XML-Parser.x86_64 0:2.34-3.caos perl-libwww-perl.noarch 0:5.79-3.caos
pkg-installer:  Complete!
Executing(%prep): /bin/sh -e /var/tmp/rpm-tmp.20845
+ umask 022
+ cd /usr/src/autobuild.mezz/x86_64/00_LOGS/gnome/shared-mime-info/BUILD
+ LANG=C
+ export LANG
+ unset DISPLAY
+ cd /usr/src/autobuild.mezz/x86_64/00_LOGS/gnome/shared-mime-info/BUILD
+ rm -rf shared-mime-info-0.15
+ /bin/gzip -dc /usr/src/autobuild.mezz/x86_64/00_LOGS/gnome/shared-mime-info/SOURCES/shared-mime-info-0.15.tar.gz
+ tar -xf -
+ STATUS=0
+ '[' 0 -ne 0 ']'
+ cd shared-mime-info-0.15
+ CFLAGS=-O2
+ export CFLAGS
+ CXXFLAGS=-O2
+ export CXXFLAGS
+ FFLAGS=-O2
+ export FFLAGS
++ find . -name config.guess -o -name config.sub
+ for i in '$(find . -name config.guess -o -name config.sub)'
++ basename ./config.guess
+ '[' -f /usr/lib/rpm/caos/config.guess ']'
+ /bin/rm -f ./config.guess
++ basename ./config.guess
+ /bin/cp -fv /usr/lib/rpm/caos/config.guess ./config.guess
`/usr/lib/rpm/caos/config.guess' -> `./config.guess'
+ for i in '$(find . -name config.guess -o -name config.sub)'
++ basename ./config.sub
+ '[' -f /usr/lib/rpm/caos/config.sub ']'
+ /bin/rm -f ./config.sub
++ basename ./config.sub
+ /bin/cp -fv /usr/lib/rpm/caos/config.sub ./config.sub
`/usr/lib/rpm/caos/config.sub' -> `./config.sub'
+ ./configure --host=x86_64-caos-linux-gnu --build=x86_64-caos-linux-gnu --target=x86_64-caos-linux-gnu --program-prefix= --prefix=/usr --exec-prefix=/usr --bindir=/usr/bin --sbindir=/usr/sbin --sysconfdir=/etc --datadir=/usr/share --includedir=/usr/include --libdir=/usr/lib64 --libexecdir=/usr/libexec --localstatedir=/var --sharedstatedir=/usr/com --mandir=/usr/share/man --infodir=/usr/share/info --disable-update-mimedb
checking for a BSD-compatible install... /usr/bin/install -c
checking whether build environment is sane... yes
checking for gawk... gawk
checking whether make sets $(MAKE)... yes
checking for x86_64-caos-linux-gnu-gcc... no
checking for gcc... gcc
checking for C compiler default output file name... a.out
checking whether the C compiler works... yes
checking whether we are cross compiling... no
checking for suffix of executables... 
checking for suffix of object files... o
checking whether we are using the GNU C compiler... yes
checking whether gcc accepts -g... yes
checking for gcc option to accept ANSI C... none needed
checking for style of include used by make... GNU
checking dependency style of gcc... gcc3
checking for an ANSI C-conforming const... yes
checking for perl... /usr/bin/perl
checking for XML::Parser... ok
checking how to run the C preprocessor... gcc -E
checking for egrep... grep -E
checking for ANSI C header files... yes
checking for sys/types.h... yes
checking for sys/stat.h... yes
checking for stdlib.h... yes
checking for string.h... yes
checking for memory.h... yes
checking for strings.h... yes
checking for inttypes.h... yes
checking for stdint.h... yes
checking for unistd.h... yes
checking locale.h usability... yes
checking locale.h presence... yes
checking for locale.h... yes
checking for LC_MESSAGES... yes
checking libintl.h usability... yes
checking libintl.h presence... yes
checking for libintl.h... yes
checking for dgettext in libc... yes
checking for bind_textdomain_codeset... yes
checking for msgfmt... /usr/bin/msgfmt
checking for dcgettext... yes
checking for gmsgfmt... /usr/bin/msgfmt
checking for xgettext... /usr/bin/xgettext
checking for catalogs to be installed...  az cs cy de el fi fr hu ko nl nn no sv sr
checking for pkg-config... /usr/bin/pkg-config
checking for 		  libxml-2.0 >= 2.4                   glib-2.0 >= 2.0.0... yes
checking ALL_CFLAGS... -I/usr/include/glib-2.0 -I/usr/lib64/glib-2.0/include -I/usr/include/libxml2  
checking ALL_LIBS... -lxml2 -lpthread -lz -lm -lglib-2.0  
./configure: line 5062: ALL_CFLAGS: command not found
./configure: line 5063: ALL_LIBS: command not found
configure: creating ./config.status
config.status: creating Makefile
config.status: creating shared-mime-info.pc
config.status: creating po/Makefile.in
config.status: creating config.h
config.status: executing depfiles commands
config.status: executing default-1 commands
config.status: executing default-2 commands
+ exit 0
Executing(%build): /bin/sh -e /var/tmp/rpm-tmp.8011
+ umask 022
+ cd /usr/src/autobuild.mezz/x86_64/00_LOGS/gnome/shared-mime-info/BUILD
+ cd shared-mime-info-0.15
+ LANG=C
+ export LANG
+ unset DISPLAY
+ '[' '' '!=' '' ']'
+ make
make  all-recursive
make[1]: Entering directory `/usr/src/autobuild.mezz/x86_64/00_LOGS/gnome/shared-mime-info/BUILD/shared-mime-info-0.15'
Making all in po
make[2]: Entering directory `/usr/src/autobuild.mezz/x86_64/00_LOGS/gnome/shared-mime-info/BUILD/shared-mime-info-0.15/po'
make[2]: Nothing to be done for `all'.
make[2]: Leaving directory `/usr/src/autobuild.mezz/x86_64/00_LOGS/gnome/shared-mime-info/BUILD/shared-mime-info-0.15/po'
make[2]: Entering directory `/usr/src/autobuild.mezz/x86_64/00_LOGS/gnome/shared-mime-info/BUILD/shared-mime-info-0.15'
if gcc -DHAVE_CONFIG_H -I. -I. -I.     -I/usr/include/glib-2.0 -I/usr/lib64/glib-2.0/include -I/usr/include/libxml2   -MT update-mime-database.o -MD -MP -MF ".deps/update-mime-database.Tpo" -c -o update-mime-database.o update-mime-database.c; \
then mv -f ".deps/update-mime-database.Tpo" ".deps/update-mime-database.Po"; else rm -f ".deps/update-mime-database.Tpo"; exit 1; fi
gcc  -I/usr/include/glib-2.0 -I/usr/lib64/glib-2.0/include -I/usr/include/libxml2    -lxml2 -lpthread -lz -lm -lglib-2.0   -o update-mime-database  update-mime-database.o  
LC_ALL=C ./intltool-merge -x -u -c ./po/.intltool-merge-cache ./po freedesktop.org.xml.in freedesktop.org.xml
Generating and caching the translation database
Merging translations into freedesktop.org.xml.
CREATED freedesktop.org.xml
make[2]: Leaving directory `/usr/src/autobuild.mezz/x86_64/00_LOGS/gnome/shared-mime-info/BUILD/shared-mime-info-0.15'
make[1]: Leaving directory `/usr/src/autobuild.mezz/x86_64/00_LOGS/gnome/shared-mime-info/BUILD/shared-mime-info-0.15'
+ exit 0
Executing(%install): /bin/sh -e /var/tmp/rpm-tmp.90950
+ umask 022
+ cd /usr/src/autobuild.mezz/x86_64/00_LOGS/gnome/shared-mime-info/BUILD
+ cd shared-mime-info-0.15
+ LANG=C
+ export LANG
+ unset DISPLAY
+ rm -rf /var/tmp/mezzanine-buildroot.29210/shared-mime-info.2930
+ make DESTDIR=/var/tmp/mezzanine-buildroot.29210/shared-mime-info.2930 install
Making install in po
make[1]: Entering directory `/usr/src/autobuild.mezz/x86_64/00_LOGS/gnome/shared-mime-info/BUILD/shared-mime-info-0.15/po'
if test -r ".././mkinstalldirs"; then \
  .././mkinstalldirs /var/tmp/mezzanine-buildroot.29210/shared-mime-info.2930/usr/share; \
else \
  /bin/sh ../mkinstalldirs /var/tmp/mezzanine-buildroot.29210/shared-mime-info.2930/usr/share; \
fi
mkdir -p -- /var/tmp/mezzanine-buildroot.29210/shared-mime-info.2930/usr/share
mkdir -p -- /var/tmp/mezzanine-buildroot.29210/shared-mime-info.2930/usr/share/locale/az/LC_MESSAGES
installing az.gmo as /var/tmp/mezzanine-buildroot.29210/shared-mime-info.2930/usr/share/locale/az/LC_MESSAGES/shared-mime-info.mo
mkdir -p -- /var/tmp/mezzanine-buildroot.29210/shared-mime-info.2930/usr/share/locale/cs/LC_MESSAGES
installing cs.gmo as /var/tmp/mezzanine-buildroot.29210/shared-mime-info.2930/usr/share/locale/cs/LC_MESSAGES/shared-mime-info.mo
mkdir -p -- /var/tmp/mezzanine-buildroot.29210/shared-mime-info.2930/usr/share/locale/cy/LC_MESSAGES
installing cy.gmo as /var/tmp/mezzanine-buildroot.29210/shared-mime-info.2930/usr/share/locale/cy/LC_MESSAGES/shared-mime-info.mo
mkdir -p -- /var/tmp/mezzanine-buildroot.29210/shared-mime-info.2930/usr/share/locale/de/LC_MESSAGES
installing de.gmo as /var/tmp/mezzanine-buildroot.29210/shared-mime-info.2930/usr/share/locale/de/LC_MESSAGES/shared-mime-info.mo
mkdir -p -- /var/tmp/mezzanine-buildroot.29210/shared-mime-info.2930/usr/share/locale/el/LC_MESSAGES
installing el.gmo as /var/tmp/mezzanine-buildroot.29210/shared-mime-info.2930/usr/share/locale/el/LC_MESSAGES/shared-mime-info.mo
mkdir -p -- /var/tmp/mezzanine-buildroot.29210/shared-mime-info.2930/usr/share/locale/fi/LC_MESSAGES
installing fi.gmo as /var/tmp/mezzanine-buildroot.29210/shared-mime-info.2930/usr/share/locale/fi/LC_MESSAGES/shared-mime-info.mo
mkdir -p -- /var/tmp/mezzanine-buildroot.29210/shared-mime-info.2930/usr/share/locale/fr/LC_MESSAGES
installing fr.gmo as /var/tmp/mezzanine-buildroot.29210/shared-mime-info.2930/usr/share/locale/fr/LC_MESSAGES/shared-mime-info.mo
mkdir -p -- /var/tmp/mezzanine-buildroot.29210/shared-mime-info.2930/usr/share/locale/hu/LC_MESSAGES
installing hu.gmo as /var/tmp/mezzanine-buildroot.29210/shared-mime-info.2930/usr/share/locale/hu/LC_MESSAGES/shared-mime-info.mo
mkdir -p -- /var/tmp/mezzanine-buildroot.29210/shared-mime-info.2930/usr/share/locale/ko/LC_MESSAGES
installing ko.gmo as /var/tmp/mezzanine-buildroot.29210/shared-mime-info.2930/usr/share/locale/ko/LC_MESSAGES/shared-mime-info.mo
mkdir -p -- /var/tmp/mezzanine-buildroot.29210/shared-mime-info.2930/usr/share/locale/nl/LC_MESSAGES
installing nl.gmo as /var/tmp/mezzanine-buildroot.29210/shared-mime-info.2930/usr/share/locale/nl/LC_MESSAGES/shared-mime-info.mo
mkdir -p -- /var/tmp/mezzanine-buildroot.29210/shared-mime-info.2930/usr/share/locale/nn/LC_MESSAGES
installing nn.gmo as /var/tmp/mezzanine-buildroot.29210/shared-mime-info.2930/usr/share/locale/nn/LC_MESSAGES/shared-mime-info.mo
mkdir -p -- /var/tmp/mezzanine-buildroot.29210/shared-mime-info.2930/usr/share/locale/no/LC_MESSAGES
installing no.gmo as /var/tmp/mezzanine-buildroot.29210/shared-mime-info.2930/usr/share/locale/no/LC_MESSAGES/shared-mime-info.mo
mkdir -p -- /var/tmp/mezzanine-buildroot.29210/shared-mime-info.2930/usr/share/locale/sv/LC_MESSAGES
installing sv.gmo as /var/tmp/mezzanine-buildroot.29210/shared-mime-info.2930/usr/share/locale/sv/LC_MESSAGES/shared-mime-info.mo
mkdir -p -- /var/tmp/mezzanine-buildroot.29210/shared-mime-info.2930/usr/share/locale/sr/LC_MESSAGES
installing sr.gmo as /var/tmp/mezzanine-buildroot.29210/shared-mime-info.2930/usr/share/locale/sr/LC_MESSAGES/shared-mime-info.mo
if test "shared-mime-info" = "glib"; then \
  if test -r ".././mkinstalldirs"; then \
    .././mkinstalldirs /var/tmp/mezzanine-buildroot.29210/shared-mime-info.2930/usr/share/glib-2.0/gettext/po; \
  else \
    /bin/sh ../mkinstalldirs /var/tmp/mezzanine-buildroot.29210/shared-mime-info.2930/usr/share/glib-2.0/gettext/po; \
  fi; \
  /usr/bin/install -c -m 644 ./Makefile.in.in \
		  /var/tmp/mezzanine-buildroot.29210/shared-mime-info.2930/usr/share/glib-2.0/gettext/po/Makefile.in.in; \
else \
  : ; \
fi
make[1]: Leaving directory `/usr/src/autobuild.mezz/x86_64/00_LOGS/gnome/shared-mime-info/BUILD/shared-mime-info-0.15/po'
make[1]: Entering directory `/usr/src/autobuild.mezz/x86_64/00_LOGS/gnome/shared-mime-info/BUILD/shared-mime-info-0.15'
make[2]: Entering directory `/usr/src/autobuild.mezz/x86_64/00_LOGS/gnome/shared-mime-info/BUILD/shared-mime-info-0.15'
test -z "/usr/bin" || mkdir -p -- . "/var/tmp/mezzanine-buildroot.29210/shared-mime-info.2930/usr/bin"
  /usr/bin/install -c 'update-mime-database' '/var/tmp/mezzanine-buildroot.29210/shared-mime-info.2930/usr/bin/update-mime-database'
test -z "/usr/share/man/man1" || mkdir -p -- . "/var/tmp/mezzanine-buildroot.29210/shared-mime-info.2930/usr/share/man/man1"
 /usr/bin/install -c -m 644 './update-mime-database.1' '/var/tmp/mezzanine-buildroot.29210/shared-mime-info.2930/usr/share/man/man1/update-mime-database.1'
test -z "/usr/share/mime/packages" || mkdir -p -- . "/var/tmp/mezzanine-buildroot.29210/shared-mime-info.2930/usr/share/mime/packages"
 /usr/bin/install -c -m 644 'freedesktop.org.xml' '/var/tmp/mezzanine-buildroot.29210/shared-mime-info.2930/usr/share/mime/packages/freedesktop.org.xml'
test -z "/usr/lib64/pkgconfig" || mkdir -p -- . "/var/tmp/mezzanine-buildroot.29210/shared-mime-info.2930/usr/lib64/pkgconfig"
 /usr/bin/install -c -m 644 'shared-mime-info.pc' '/var/tmp/mezzanine-buildroot.29210/shared-mime-info.2930/usr/lib64/pkgconfig/shared-mime-info.pc'
make  install-data-hook
make[3]: Entering directory `/usr/src/autobuild.mezz/x86_64/00_LOGS/gnome/shared-mime-info/BUILD/shared-mime-info-0.15'
make[3]: Nothing to be done for `install-data-hook'.
make[3]: Leaving directory `/usr/src/autobuild.mezz/x86_64/00_LOGS/gnome/shared-mime-info/BUILD/shared-mime-info-0.15'
make[2]: Leaving directory `/usr/src/autobuild.mezz/x86_64/00_LOGS/gnome/shared-mime-info/BUILD/shared-mime-info-0.15'
make[1]: Leaving directory `/usr/src/autobuild.mezz/x86_64/00_LOGS/gnome/shared-mime-info/BUILD/shared-mime-info-0.15'
+ /usr/lib/rpm/caos/find-lang.sh /var/tmp/mezzanine-buildroot.29210/shared-mime-info.2930 shared-mime-info
+ /usr/lib/rpm/caos/brp-compress
+ /usr/lib/rpm/caos/brp-strip /usr/bin/strip
+ /usr/lib/rpm/caos/brp-strip-static-archive /usr/bin/strip
+ /usr/lib/rpm/caos/brp-strip-comment-note /usr/bin/strip /usr/bin/objdump
Processing files: shared-mime-info-0.15-1.caos
Executing(%doc): /bin/sh -e /var/tmp/rpm-tmp.90950
+ umask 022
+ cd /usr/src/autobuild.mezz/x86_64/00_LOGS/gnome/shared-mime-info/BUILD
+ cd shared-mime-info-0.15
+ DOCDIR=/var/tmp/mezzanine-buildroot.29210/shared-mime-info.2930/usr/share/doc/shared-mime-info-0.15
+ export DOCDIR
+ rm -rf /var/tmp/mezzanine-buildroot.29210/shared-mime-info.2930/usr/share/doc/shared-mime-info-0.15
+ /bin/mkdir -p /var/tmp/mezzanine-buildroot.29210/shared-mime-info.2930/usr/share/doc/shared-mime-info-0.15
+ cp -pr README NEWS shared-mime-info-spec.xml /var/tmp/mezzanine-buildroot.29210/shared-mime-info.2930/usr/share/doc/shared-mime-info-0.15
+ exit 0
Requires(interp): /bin/sh
Requires(rpmlib): rpmlib(CompressedFileNames) <= 3.0.4-1 rpmlib(PayloadFilesHavePrefix) <= 4.0-1
Requires(post): /bin/sh
Checking for unpackaged file(s): /usr/lib/rpm/check-files /var/tmp/mezzanine-buildroot.29210/shared-mime-info.2930
warning: Could not canonicalize hostname: x86_64-build.caosity.org
Wrote: /usr/src/autobuild.mezz/x86_64/00_LOGS/gnome/shared-mime-info/SRPMS/shared-mime-info-0.15-1.caos.src.rpm
Wrote: /usr/src/autobuild.mezz/x86_64/00_LOGS/gnome/shared-mime-info/RPMS/x86_64/shared-mime-info-0.15-1.caos.x86_64.rpm
Executing(%clean): /bin/sh -e /var/tmp/rpm-tmp.94867
+ umask 022
+ cd /usr/src/autobuild.mezz/x86_64/00_LOGS/gnome/shared-mime-info/BUILD
+ cd shared-mime-info-0.15
+ rm -rf /var/tmp/mezzanine-buildroot.29210/shared-mime-info.2930
+ exit 0
Package build for shared-mime-info completed successfully.  (Sunday, 09 October 2005 05:32:08 EDT)
