Package build of gtk2-engines-wonderland started.  (Sunday, 09 October 2005 04:02:46 EDT)
/bin/ls: /usr/src/autobuild.mezz/x86_64/00_LOGS/gnome/gtk2-engines-wonderland/SRPMS/../: No such file or directory
Resetting chroot jail, please wait.
pkg-installer:  Setting up Install Process
pkg-installer:  Setting up Repos
pkg-installer:  Reading repository metadata in from local files
pkg-installer:  Parsing package install arguments
pkg-installer:  Nothing to do
Executing(%prep): /bin/sh -e /var/tmp/rpm-tmp.43124
+ umask 022
+ cd /usr/src/autobuild.mezz/x86_64/00_LOGS/gnome/gtk2-engines-wonderland/BUILD
+ LANG=C
+ export LANG
+ unset DISPLAY
+ cd /usr/src/autobuild.mezz/x86_64/00_LOGS/gnome/gtk2-engines-wonderland/BUILD
+ rm -rf gtk2-engines-wonderland
+ /bin/gzip -dc /usr/src/autobuild.mezz/x86_64/00_LOGS/gnome/gtk2-engines-wonderland/SOURCES/gtk2-engines-wonderland_1.0.orig.tar.gz
+ tar -xf -
+ STATUS=0
+ '[' 0 -ne 0 ']'
+ cd gtk2-engines-wonderland
+ exit 0
Executing(%build): /bin/sh -e /var/tmp/rpm-tmp.43124
+ umask 022
+ cd /usr/src/autobuild.mezz/x86_64/00_LOGS/gnome/gtk2-engines-wonderland/BUILD
+ cd gtk2-engines-wonderland
+ LANG=C
+ export LANG
+ unset DISPLAY
+ CFLAGS=-O2
+ CXXFLAGS=-O2
+ export CFLAGS CXXFLAGS
+ CFLAGS=-O2
+ export CFLAGS
+ CXXFLAGS=-O2
+ export CXXFLAGS
+ FFLAGS=-O2
+ export FFLAGS
++ find . -name config.guess -o -name config.sub
+ for i in '$(find . -name config.guess -o -name config.sub)'
++ basename ./config.guess
+ '[' -f /usr/lib/rpm/caos/config.guess ']'
+ /bin/rm -f ./config.guess
++ basename ./config.guess
+ /bin/cp -fv /usr/lib/rpm/caos/config.guess ./config.guess
`/usr/lib/rpm/caos/config.guess' -> `./config.guess'
+ for i in '$(find . -name config.guess -o -name config.sub)'
++ basename ./config.sub
+ '[' -f /usr/lib/rpm/caos/config.sub ']'
+ /bin/rm -f ./config.sub
++ basename ./config.sub
+ /bin/cp -fv /usr/lib/rpm/caos/config.sub ./config.sub
`/usr/lib/rpm/caos/config.sub' -> `./config.sub'
+ ./configure --host=x86_64-caos-linux-gnu --build=x86_64-caos-linux-gnu --target=x86_64-caos-linux-gnu --program-prefix= --prefix=/usr --exec-prefix=/usr --bindir=/usr/bin --sbindir=/usr/sbin --sysconfdir=/etc --datadir=/usr/share --includedir=/usr/include --libdir=/usr/lib64 --libexecdir=/usr/libexec --localstatedir=/var --sharedstatedir=/usr/com --mandir=/usr/share/man --infodir=/usr/share/info
creating cache ./config.cache
checking for c++... c++
checking whether the C++ compiler (c++ -O2 ) works... yes
checking whether the C++ compiler (c++ -O2 ) is a cross-compiler... no
checking whether we are using GNU C++... yes
checking whether c++ accepts -g... yes
checking for mawk... no
checking for gawk... gawk
checking for gcc... gcc
checking whether the C compiler (gcc -O2 ) works... yes
checking whether the C compiler (gcc -O2 ) is a cross-compiler... no
checking whether we are using GNU C... yes
checking whether gcc accepts -g... yes
checking how to run the C preprocessor... gcc -E
checking for a BSD compatible install... /usr/bin/install -c
checking whether ln -s works... yes
checking whether make sets ${MAKE}... yes
checking for ranlib... ranlib
checking for Cygwin environment... no
checking for mingw32 environment... no
checking host system type... x86_64-caos-linux-gnu
checking build system type... x86_64-caos-linux-gnu
checking for ld used by GCC... /usr/bin/ld
checking if the linker (/usr/bin/ld) is GNU ld... yes
checking for /usr/bin/ld option to reload object files... -r
checking for BSD-compatible nm... /usr/bin/nm -B
checking for a sed that does not truncate output... /bin/sed
checking how to recognise dependent libraries... file_magic ELF [0-9][0-9]*-bit [LM]SB (shared object|dynamic lib )
checking for object suffix... o
checking for executable suffix... no
checking command to parse /usr/bin/nm -B output... ok
checking for dlfcn.h... yes
checking for file... /usr/bin/file
checking for ranlib... (cached) ranlib
checking for strip... strip
checking for objdir... .libs
checking for gcc option to produce PIC... -fPIC
checking if gcc PIC flag -fPIC works... yes
checking if gcc static flag -static works... yes
checking if gcc supports -c -o file.o... yes
checking if gcc supports -c -o file.lo... yes
checking if gcc supports -fno-rtti -fno-exceptions... yes
checking whether the linker (/usr/bin/ld) supports shared libraries... yes
checking how to hardcode library paths into programs... immediate
checking whether stripping libraries is possible... yes
checking dynamic linker characteristics... GNU/Linux ld.so
checking if libtool supports shared libraries... yes
checking whether to build shared libraries... yes
checking whether to build static libraries... yes
checking whether -lc should be explicitly linked in... no
checking for ANSI C header files... yes
checking for string.h... yes
checking for pkg-config... /usr/bin/pkg-config
checking for gtk+-2.0 >= 2.0.0... yes
checking GTK2_CFLAGS... -DXTHREADS -D_REENTRANT -DXUSE_MTSAFE_API -I/usr/include/glib-2.0 -I/usr/lib64/glib-2.0/include -I/usr/include/pango-1.0 -I/usr/X11R6/include -I/usr/include/freetype2 -I/usr/include/freetype2/config -I/usr/include/gtk-2.0 -I/usr/include/atk-1.0 -I/usr/lib64/gtk-2.0/include  
checking GTK2_LIBS... -Wl,--export-dynamic -lgtk-x11-2.0 -lgdk-x11-2.0 -latk-1.0 -lgdk_pixbuf-2.0 -lm -lpangoxft-1.0 -lpangox-1.0 -lpango-1.0 -lgobject-2.0 -lgmodule-2.0 -ldl -lglib-2.0  
updating cache ./config.cache
creating ./config.status
creating Makefile
creating Theme/Makefile
creating Theme/gtk-2.0/Makefile
+ /usr/bin/make
Making all in Theme
make[1]: Entering directory `/usr/src/autobuild.mezz/x86_64/00_LOGS/gnome/gtk2-engines-wonderland/BUILD/gtk2-engines-wonderland/Theme'
Making all in gtk-2.0
make[2]: Entering directory `/usr/src/autobuild.mezz/x86_64/00_LOGS/gnome/gtk2-engines-wonderland/BUILD/gtk2-engines-wonderland/Theme/gtk-2.0'
make[2]: Nothing to be done for `all'.
make[2]: Leaving directory `/usr/src/autobuild.mezz/x86_64/00_LOGS/gnome/gtk2-engines-wonderland/BUILD/gtk2-engines-wonderland/Theme/gtk-2.0'
make[2]: Entering directory `/usr/src/autobuild.mezz/x86_64/00_LOGS/gnome/gtk2-engines-wonderland/BUILD/gtk2-engines-wonderland/Theme'
/bin/sh ../libtool --mode=compile gcc -DHAVE_DLFCN_H=1 -DSTDC_HEADERS=1 -DHAVE_STRING_H=1  -I. -I.  -DXTHREADS -D_REENTRANT -DXUSE_MTSAFE_API -I/usr/include/glib-2.0 -I/usr/lib64/glib-2.0/include -I/usr/include/pango-1.0 -I/usr/X11R6/include -I/usr/include/freetype2 -I/usr/include/freetype2/config -I/usr/include/gtk-2.0 -I/usr/include/atk-1.0 -I/usr/lib64/gtk-2.0/include      -O2 -c bluecurve_rc_style.c
mkdir .libs
gcc -DHAVE_DLFCN_H=1 -DSTDC_HEADERS=1 -DHAVE_STRING_H=1 -I. -I. -DXTHREADS -D_REENTRANT -DXUSE_MTSAFE_API -I/usr/include/glib-2.0 -I/usr/lib64/glib-2.0/include -I/usr/include/pango-1.0 -I/usr/X11R6/include -I/usr/include/freetype2 -I/usr/include/freetype2/config -I/usr/include/gtk-2.0 -I/usr/include/atk-1.0 -I/usr/lib64/gtk-2.0/include -O2 -Wp,-MD,.deps/bluecurve_rc_style.pp -c bluecurve_rc_style.c     -fPIC -DPIC -o .libs/bluecurve_rc_style.lo
gcc -DHAVE_DLFCN_H=1 -DSTDC_HEADERS=1 -DHAVE_STRING_H=1 -I. -I. -DXTHREADS -D_REENTRANT -DXUSE_MTSAFE_API -I/usr/include/glib-2.0 -I/usr/lib64/glib-2.0/include -I/usr/include/pango-1.0 -I/usr/X11R6/include -I/usr/include/freetype2 -I/usr/include/freetype2/config -I/usr/include/gtk-2.0 -I/usr/include/atk-1.0 -I/usr/lib64/gtk-2.0/include -O2 -Wp,-MD,.deps/bluecurve_rc_style.pp -c bluecurve_rc_style.c -o bluecurve_rc_style.o >/dev/null 2>&1
mv -f .libs/bluecurve_rc_style.lo bluecurve_rc_style.lo
/bin/sh ../libtool --mode=compile gcc -DHAVE_DLFCN_H=1 -DSTDC_HEADERS=1 -DHAVE_STRING_H=1  -I. -I.  -DXTHREADS -D_REENTRANT -DXUSE_MTSAFE_API -I/usr/include/glib-2.0 -I/usr/lib64/glib-2.0/include -I/usr/include/pango-1.0 -I/usr/X11R6/include -I/usr/include/freetype2 -I/usr/include/freetype2/config -I/usr/include/gtk-2.0 -I/usr/include/atk-1.0 -I/usr/lib64/gtk-2.0/include      -O2 -c bluecurve_style.c
rm -f .libs/bluecurve_style.lo
gcc -DHAVE_DLFCN_H=1 -DSTDC_HEADERS=1 -DHAVE_STRING_H=1 -I. -I. -DXTHREADS -D_REENTRANT -DXUSE_MTSAFE_API -I/usr/include/glib-2.0 -I/usr/lib64/glib-2.0/include -I/usr/include/pango-1.0 -I/usr/X11R6/include -I/usr/include/freetype2 -I/usr/include/freetype2/config -I/usr/include/gtk-2.0 -I/usr/include/atk-1.0 -I/usr/lib64/gtk-2.0/include -O2 -Wp,-MD,.deps/bluecurve_style.pp -c bluecurve_style.c     -fPIC -DPIC -o .libs/bluecurve_style.lo
gcc -DHAVE_DLFCN_H=1 -DSTDC_HEADERS=1 -DHAVE_STRING_H=1 -I. -I. -DXTHREADS -D_REENTRANT -DXUSE_MTSAFE_API -I/usr/include/glib-2.0 -I/usr/lib64/glib-2.0/include -I/usr/include/pango-1.0 -I/usr/X11R6/include -I/usr/include/freetype2 -I/usr/include/freetype2/config -I/usr/include/gtk-2.0 -I/usr/include/atk-1.0 -I/usr/lib64/gtk-2.0/include -O2 -Wp,-MD,.deps/bluecurve_style.pp -c bluecurve_style.c -o bluecurve_style.o >/dev/null 2>&1
mv -f .libs/bluecurve_style.lo bluecurve_style.lo
/bin/sh ../libtool --mode=compile gcc -DHAVE_DLFCN_H=1 -DSTDC_HEADERS=1 -DHAVE_STRING_H=1  -I. -I.  -DXTHREADS -D_REENTRANT -DXUSE_MTSAFE_API -I/usr/include/glib-2.0 -I/usr/lib64/glib-2.0/include -I/usr/include/pango-1.0 -I/usr/X11R6/include -I/usr/include/freetype2 -I/usr/include/freetype2/config -I/usr/include/gtk-2.0 -I/usr/include/atk-1.0 -I/usr/lib64/gtk-2.0/include      -O2 -c bluecurve_theme_main.c
rm -f .libs/bluecurve_theme_main.lo
gcc -DHAVE_DLFCN_H=1 -DSTDC_HEADERS=1 -DHAVE_STRING_H=1 -I. -I. -DXTHREADS -D_REENTRANT -DXUSE_MTSAFE_API -I/usr/include/glib-2.0 -I/usr/lib64/glib-2.0/include -I/usr/include/pango-1.0 -I/usr/X11R6/include -I/usr/include/freetype2 -I/usr/include/freetype2/config -I/usr/include/gtk-2.0 -I/usr/include/atk-1.0 -I/usr/lib64/gtk-2.0/include -O2 -Wp,-MD,.deps/bluecurve_theme_main.pp -c bluecurve_theme_main.c     -fPIC -DPIC -o .libs/bluecurve_theme_main.lo
gcc -DHAVE_DLFCN_H=1 -DSTDC_HEADERS=1 -DHAVE_STRING_H=1 -I. -I. -DXTHREADS -D_REENTRANT -DXUSE_MTSAFE_API -I/usr/include/glib-2.0 -I/usr/lib64/glib-2.0/include -I/usr/include/pango-1.0 -I/usr/X11R6/include -I/usr/include/freetype2 -I/usr/include/freetype2/config -I/usr/include/gtk-2.0 -I/usr/include/atk-1.0 -I/usr/lib64/gtk-2.0/include -O2 -Wp,-MD,.deps/bluecurve_theme_main.pp -c bluecurve_theme_main.c -o bluecurve_theme_main.o >/dev/null 2>&1
mv -f .libs/bluecurve_theme_main.lo bluecurve_theme_main.lo
/bin/sh ../libtool --mode=link gcc  -O2  -o libbluecurve.la -rpath /usr/lib64/gtk-2.0/2.4.0/engines -module -avoid-version bluecurve_rc_style.lo bluecurve_style.lo bluecurve_theme_main.lo -Wl,--export-dynamic -lgtk-x11-2.0 -lgdk-x11-2.0 -latk-1.0 -lgdk_pixbuf-2.0 -lm -lpangoxft-1.0 -lpangox-1.0 -lpango-1.0 -lgobject-2.0 -lgmodule-2.0 -ldl -lglib-2.0   
rm -fr .libs/libbluecurve.la .libs/libbluecurve.* .libs/libbluecurve.*
gcc -shared  bluecurve_rc_style.lo bluecurve_style.lo bluecurve_theme_main.lo  -lgtk-x11-2.0 -lgdk-x11-2.0 -latk-1.0 -lgdk_pixbuf-2.0 -lm -lpangoxft-1.0 -lpangox-1.0 -lpango-1.0 -lgobject-2.0 -lgmodule-2.0 -ldl -lglib-2.0  -Wl,--export-dynamic -Wl,-soname -Wl,libbluecurve.so -o .libs/libbluecurve.so
ar cru .libs/libbluecurve.a  bluecurve_rc_style.o bluecurve_style.o bluecurve_theme_main.o 
ranlib .libs/libbluecurve.a
creating libbluecurve.la
(cd .libs && rm -f libbluecurve.la && ln -s ../libbluecurve.la libbluecurve.la)
make[2]: Leaving directory `/usr/src/autobuild.mezz/x86_64/00_LOGS/gnome/gtk2-engines-wonderland/BUILD/gtk2-engines-wonderland/Theme'
make[1]: Leaving directory `/usr/src/autobuild.mezz/x86_64/00_LOGS/gnome/gtk2-engines-wonderland/BUILD/gtk2-engines-wonderland/Theme'
make[1]: Entering directory `/usr/src/autobuild.mezz/x86_64/00_LOGS/gnome/gtk2-engines-wonderland/BUILD/gtk2-engines-wonderland'
make[1]: Nothing to be done for `all-am'.
make[1]: Leaving directory `/usr/src/autobuild.mezz/x86_64/00_LOGS/gnome/gtk2-engines-wonderland/BUILD/gtk2-engines-wonderland'
+ exit 0
Executing(%install): /bin/sh -e /var/tmp/rpm-tmp.20645
+ umask 022
+ cd /usr/src/autobuild.mezz/x86_64/00_LOGS/gnome/gtk2-engines-wonderland/BUILD
+ cd gtk2-engines-wonderland
+ LANG=C
+ export LANG
+ unset DISPLAY
+ /usr/bin/make install DESTDIR=/var/tmp/mezzanine-buildroot.29210/gtk2-engines-wonderland.14572
Making install in Theme
make[1]: Entering directory `/usr/src/autobuild.mezz/x86_64/00_LOGS/gnome/gtk2-engines-wonderland/BUILD/gtk2-engines-wonderland/Theme'
Making install in gtk-2.0
make[2]: Entering directory `/usr/src/autobuild.mezz/x86_64/00_LOGS/gnome/gtk2-engines-wonderland/BUILD/gtk2-engines-wonderland/Theme/gtk-2.0'
make[3]: Entering directory `/usr/src/autobuild.mezz/x86_64/00_LOGS/gnome/gtk2-engines-wonderland/BUILD/gtk2-engines-wonderland/Theme/gtk-2.0'
make[3]: Nothing to be done for `install-exec-am'.
/bin/sh ../../mkinstalldirs /var/tmp/mezzanine-buildroot.29210/gtk2-engines-wonderland.14572/usr/share/themes/Bluecurve/gtk-2.0
mkdir /var/tmp/mezzanine-buildroot.29210/gtk2-engines-wonderland.14572/usr
mkdir /var/tmp/mezzanine-buildroot.29210/gtk2-engines-wonderland.14572/usr/share
mkdir /var/tmp/mezzanine-buildroot.29210/gtk2-engines-wonderland.14572/usr/share/themes
mkdir /var/tmp/mezzanine-buildroot.29210/gtk2-engines-wonderland.14572/usr/share/themes/Bluecurve
mkdir /var/tmp/mezzanine-buildroot.29210/gtk2-engines-wonderland.14572/usr/share/themes/Bluecurve/gtk-2.0
 /usr/bin/install -c -m 644 ./gtkrc /var/tmp/mezzanine-buildroot.29210/gtk2-engines-wonderland.14572/usr/share/themes/Bluecurve/gtk-2.0/gtkrc
make[3]: Leaving directory `/usr/src/autobuild.mezz/x86_64/00_LOGS/gnome/gtk2-engines-wonderland/BUILD/gtk2-engines-wonderland/Theme/gtk-2.0'
make[2]: Leaving directory `/usr/src/autobuild.mezz/x86_64/00_LOGS/gnome/gtk2-engines-wonderland/BUILD/gtk2-engines-wonderland/Theme/gtk-2.0'
make[2]: Entering directory `/usr/src/autobuild.mezz/x86_64/00_LOGS/gnome/gtk2-engines-wonderland/BUILD/gtk2-engines-wonderland/Theme'
make[3]: Entering directory `/usr/src/autobuild.mezz/x86_64/00_LOGS/gnome/gtk2-engines-wonderland/BUILD/gtk2-engines-wonderland/Theme'
make[3]: Nothing to be done for `install-exec-am'.
/bin/sh ../mkinstalldirs /var/tmp/mezzanine-buildroot.29210/gtk2-engines-wonderland.14572/usr/lib64/gtk-2.0/2.4.0/engines
mkdir /var/tmp/mezzanine-buildroot.29210/gtk2-engines-wonderland.14572/usr/lib64
mkdir /var/tmp/mezzanine-buildroot.29210/gtk2-engines-wonderland.14572/usr/lib64/gtk-2.0
mkdir /var/tmp/mezzanine-buildroot.29210/gtk2-engines-wonderland.14572/usr/lib64/gtk-2.0/2.4.0
mkdir /var/tmp/mezzanine-buildroot.29210/gtk2-engines-wonderland.14572/usr/lib64/gtk-2.0/2.4.0/engines
/bin/sh ../libtool  --mode=install /usr/bin/install -c libbluecurve.la /var/tmp/mezzanine-buildroot.29210/gtk2-engines-wonderland.14572/usr/lib64/gtk-2.0/2.4.0/engines/libbluecurve.la
/usr/bin/install -c .libs/libbluecurve.so /var/tmp/mezzanine-buildroot.29210/gtk2-engines-wonderland.14572/usr/lib64/gtk-2.0/2.4.0/engines/libbluecurve.so
/usr/bin/install -c .libs/libbluecurve.lai /var/tmp/mezzanine-buildroot.29210/gtk2-engines-wonderland.14572/usr/lib64/gtk-2.0/2.4.0/engines/libbluecurve.la
/usr/bin/install -c .libs/libbluecurve.a /var/tmp/mezzanine-buildroot.29210/gtk2-engines-wonderland.14572/usr/lib64/gtk-2.0/2.4.0/engines/libbluecurve.a
ranlib /var/tmp/mezzanine-buildroot.29210/gtk2-engines-wonderland.14572/usr/lib64/gtk-2.0/2.4.0/engines/libbluecurve.a
chmod 644 /var/tmp/mezzanine-buildroot.29210/gtk2-engines-wonderland.14572/usr/lib64/gtk-2.0/2.4.0/engines/libbluecurve.a
libtool: install: warning: remember to run `libtool --finish /usr/lib64/gtk-2.0/2.4.0/engines'
make[3]: Leaving directory `/usr/src/autobuild.mezz/x86_64/00_LOGS/gnome/gtk2-engines-wonderland/BUILD/gtk2-engines-wonderland/Theme'
make[2]: Leaving directory `/usr/src/autobuild.mezz/x86_64/00_LOGS/gnome/gtk2-engines-wonderland/BUILD/gtk2-engines-wonderland/Theme'
make[1]: Leaving directory `/usr/src/autobuild.mezz/x86_64/00_LOGS/gnome/gtk2-engines-wonderland/BUILD/gtk2-engines-wonderland/Theme'
make[1]: Entering directory `/usr/src/autobuild.mezz/x86_64/00_LOGS/gnome/gtk2-engines-wonderland/BUILD/gtk2-engines-wonderland'
make[2]: Entering directory `/usr/src/autobuild.mezz/x86_64/00_LOGS/gnome/gtk2-engines-wonderland/BUILD/gtk2-engines-wonderland'
make[2]: Nothing to be done for `install-exec-am'.
make[2]: Nothing to be done for `install-data-am'.
make[2]: Leaving directory `/usr/src/autobuild.mezz/x86_64/00_LOGS/gnome/gtk2-engines-wonderland/BUILD/gtk2-engines-wonderland'
make[1]: Leaving directory `/usr/src/autobuild.mezz/x86_64/00_LOGS/gnome/gtk2-engines-wonderland/BUILD/gtk2-engines-wonderland'
+ /usr/lib/rpm/caos/brp-compress
+ /usr/lib/rpm/caos/brp-strip /usr/bin/strip
+ /usr/lib/rpm/caos/brp-strip-static-archive /usr/bin/strip
+ /usr/lib/rpm/caos/brp-strip-comment-note /usr/bin/strip /usr/bin/objdump
Processing files: gtk2-engines-wonderland-1.0-1.caos
Executing(%doc): /bin/sh -e /var/tmp/rpm-tmp.19965
+ umask 022
+ cd /usr/src/autobuild.mezz/x86_64/00_LOGS/gnome/gtk2-engines-wonderland/BUILD
+ cd gtk2-engines-wonderland
+ DOCDIR=/var/tmp/mezzanine-buildroot.29210/gtk2-engines-wonderland.14572/usr/share/doc/gtk2-engines-wonderland-1.0
+ export DOCDIR
+ rm -rf /var/tmp/mezzanine-buildroot.29210/gtk2-engines-wonderland.14572/usr/share/doc/gtk2-engines-wonderland-1.0
+ /bin/mkdir -p /var/tmp/mezzanine-buildroot.29210/gtk2-engines-wonderland.14572/usr/share/doc/gtk2-engines-wonderland-1.0
+ cp -pr README INSTALL COPYING AUTHORS NEWS ChangeLog /var/tmp/mezzanine-buildroot.29210/gtk2-engines-wonderland.14572/usr/share/doc/gtk2-engines-wonderland-1.0
+ exit 0
Provides: libbluecurve.so()(64bit)
Requires(rpmlib): rpmlib(CompressedFileNames) <= 3.0.4-1 rpmlib(PayloadFilesHavePrefix) <= 4.0-1
Checking for unpackaged file(s): /usr/lib/rpm/check-files /var/tmp/mezzanine-buildroot.29210/gtk2-engines-wonderland.14572
warning: Could not canonicalize hostname: x86_64-build.caosity.org
Wrote: /usr/src/autobuild.mezz/x86_64/00_LOGS/gnome/gtk2-engines-wonderland/SRPMS/gtk2-engines-wonderland-1.0-1.caos.src.rpm
Wrote: /usr/src/autobuild.mezz/x86_64/00_LOGS/gnome/gtk2-engines-wonderland/RPMS/x86_64/gtk2-engines-wonderland-1.0-1.caos.x86_64.rpm
Executing(%clean): /bin/sh -e /var/tmp/rpm-tmp.19965
+ umask 022
+ cd /usr/src/autobuild.mezz/x86_64/00_LOGS/gnome/gtk2-engines-wonderland/BUILD
+ cd gtk2-engines-wonderland
+ test x/var/tmp/mezzanine-buildroot.29210/gtk2-engines-wonderland.14572 '!=' x
+ rm -rf /var/tmp/mezzanine-buildroot.29210/gtk2-engines-wonderland.14572
+ exit 0
Package build for gtk2-engines-wonderland completed successfully.  (Sunday, 09 October 2005 04:03:06 EDT)
