Package build of boa started.  (Sunday, 09 October 2005 18:34:42 EDT)
/bin/ls: /usr/src/autobuild.mezz/x86_64/00_LOGS/services/boa/SRPMS/../: No such file or directory
Resetting chroot jail, please wait.
pkg-installer:  error: failed to open /etc/mtab: No such file or directory
pkg-installer:  error: failed to open /etc/mtab: No such file or directory
pkg-installer:  Setting up Install Process
pkg-installer:  Setting up Repos
pkg-installer:  Reading repository metadata in from local files
pkg-installer:  Parsing package install arguments
pkg-installer:  Resolving Dependencies
pkg-installer:  --> Populating transaction set with selected packages. Please wait.
pkg-installer:  ---> Downloading header for tetex to pack into transaction set.
pkg-installer:  ---> Package tetex.x86_64 0:2.0.2-15.caos set to be updated
pkg-installer:  --> Running transaction check
pkg-installer:  --> Processing Dependency: tetex-fonts = 2.0.2 for package: tetex
pkg-installer:  --> Processing Dependency: dialog for package: tetex
pkg-installer:  --> Processing Dependency: ed for package: tetex
pkg-installer:  --> Processing Dependency: tmpwatch for package: tetex
pkg-installer:  --> Restarting Dependency Resolution with new changes.
pkg-installer:  --> Populating transaction set with selected packages. Please wait.
pkg-installer:  ---> Downloading header for ed to pack into transaction set.
pkg-installer:  ---> Package ed.x86_64 0:0.2-35.caos set to be updated
pkg-installer:  ---> Downloading header for dialog to pack into transaction set.
pkg-installer:  ---> Package dialog.x86_64 0:1.0-2 set to be updated
pkg-installer:  ---> Downloading header for tmpwatch to pack into transaction set.
pkg-installer:  ---> Package tmpwatch.x86_64 0:2.9.0-2.1.caos set to be updated
pkg-installer:  ---> Downloading header for tetex-fonts to pack into transaction set.
pkg-installer:  ---> Package tetex-fonts.x86_64 0:2.0.2-15.caos set to be updated
pkg-installer:  --> Running transaction check
pkg-installer:  
pkg-installer:  Dependencies Resolved
pkg-installer:  Transaction Listing:
pkg-installer:    Install: tetex.x86_64 0:2.0.2-15.caos - testing
pkg-installer:  
pkg-installer:  Performing the following to resolve dependencies:
pkg-installer:    Install: dialog.x86_64 0:1.0-2 - testing
pkg-installer:    Install: ed.x86_64 0:0.2-35.caos - testing
pkg-installer:    Install: tetex-fonts.x86_64 0:2.0.2-15.caos - testing
pkg-installer:    Install: tmpwatch.x86_64 0:2.9.0-2.1.caos - testing
pkg-installer:  Total download size: 30 M
pkg-installer:  Downloading Packages:
pkg-installer:  Running Transaction Test
pkg-installer:  Finished Transaction Test
pkg-installer:  Transaction Test Succeeded
pkg-installer:  Running Transaction
pkg-installer:  
pkg-installer:  Installed: tetex.x86_64 0:2.0.2-15.caos
pkg-installer:  Dependency Installed: dialog.x86_64 0:1.0-2 ed.x86_64 0:0.2-35.caos tetex-fonts.x86_64 0:2.0.2-15.caos tmpwatch.x86_64 0:2.9.0-2.1.caos
pkg-installer:  Complete!
Executing(%prep): /bin/sh -e /var/tmp/rpm-tmp.57170
+ umask 022
+ cd /usr/src/autobuild.mezz/x86_64/00_LOGS/services/boa/BUILD
+ LANG=C
+ export LANG
+ unset DISPLAY
+ cd /usr/src/autobuild.mezz/x86_64/00_LOGS/services/boa/BUILD
+ rm -rf boa-0.94.14rc21
+ /usr/bin/bzip2 -dc /usr/src/autobuild.mezz/x86_64/00_LOGS/services/boa/SOURCES/boa-0.94.14rc21.tar.bz2
+ tar -xf -
+ STATUS=0
+ '[' 0 -ne 0 ']'
+ cd boa-0.94.14rc21
+ echo 'Patch #0 (boa-0.94.14rc20-config.patch):'
Patch #0 (boa-0.94.14rc20-config.patch):
+ patch -p1 -s
+ sed -i -e 's|\@end titlepage||g' docs/boa.texi
+ exit 0
Executing(%build): /bin/sh -e /var/tmp/rpm-tmp.57170
+ umask 022
+ cd /usr/src/autobuild.mezz/x86_64/00_LOGS/services/boa/BUILD
+ cd boa-0.94.14rc21
+ LANG=C
+ export LANG
+ unset DISPLAY
+ CFLAGS=-O2
+ export CFLAGS
+ CXXFLAGS=-O2
+ export CXXFLAGS
+ FFLAGS=-O2
+ export FFLAGS
++ find . -name config.guess -o -name config.sub
+ for i in '$(find . -name config.guess -o -name config.sub)'
++ basename ./config.guess
+ '[' -f /usr/lib/rpm/caos/config.guess ']'
+ /bin/rm -f ./config.guess
++ basename ./config.guess
+ /bin/cp -fv /usr/lib/rpm/caos/config.guess ./config.guess
`/usr/lib/rpm/caos/config.guess' -> `./config.guess'
+ for i in '$(find . -name config.guess -o -name config.sub)'
++ basename ./config.sub
+ '[' -f /usr/lib/rpm/caos/config.sub ']'
+ /bin/rm -f ./config.sub
++ basename ./config.sub
+ /bin/cp -fv /usr/lib/rpm/caos/config.sub ./config.sub
`/usr/lib/rpm/caos/config.sub' -> `./config.sub'
+ ./configure --host=x86_64-caos-linux-gnu --build=x86_64-caos-linux-gnu --target=x86_64-caos-linux-gnu --program-prefix= --prefix=/usr --exec-prefix=/usr --bindir=/usr/bin --sbindir=/usr/sbin --sysconfdir=/etc --datadir=/usr/share --includedir=/usr/include --libdir=/usr/lib64 --libexecdir=/usr/libexec --localstatedir=/var --sharedstatedir=/usr/com --mandir=/usr/share/man --infodir=/usr/share/info --enable-access-control --with-poll
checking build system type... x86_64-caos-linux-gnu
checking host system type... x86_64-caos-linux-gnu
checking for x86_64-caos-linux-gnu-gcc... no
checking for gcc... gcc
checking for C compiler default output file name... a.out
checking whether the C compiler works... yes
checking whether we are cross compiling... no
checking for suffix of executables... 
checking for suffix of object files... o
checking whether we are using the GNU C compiler... yes
checking whether gcc accepts -g... yes
checking for gcc option to accept ANSI C... none needed
checking how to run the C preprocessor... gcc -E
checking whether gcc recognizes __func__... yes
checking for GNU make... make
checking for library containing socket... none required
checking for library containing inet_aton... none required
checking for library containing gethostname... none required
checking for library containing gethostbyname... none required
checking for dirent.h that defines DIR... yes
checking for library containing opendir... none required
checking for egrep... grep -E
checking for ANSI C header files... yes
checking for sys/wait.h that is POSIX.1 compatible... yes
checking for sys/types.h... yes
checking for sys/stat.h... yes
checking for stdlib.h... yes
checking for string.h... yes
checking for memory.h... yes
checking for strings.h... yes
checking for inttypes.h... yes
checking for stdint.h... yes
checking for unistd.h... yes
checking fcntl.h usability... yes
checking fcntl.h presence... yes
checking for fcntl.h... yes
checking sys/fcntl.h usability... yes
checking sys/fcntl.h presence... yes
checking for sys/fcntl.h... yes
checking limits.h usability... yes
checking limits.h presence... yes
checking for limits.h... yes
checking sys/time.h usability... yes
checking sys/time.h presence... yes
checking for sys/time.h... yes
checking getopt.h usability... yes
checking getopt.h presence... yes
checking for getopt.h... yes
checking for unistd.h... (cached) yes
checking for an ANSI C-conforming const... yes
checking for uid_t in sys/types.h... yes
checking for off_t... yes
checking for pid_t... yes
checking for size_t... yes
checking whether time.h and sys/time.h may both be included... yes
checking whether struct tm is in sys/time.h or time.h... time.h
checking whether sa_family_t is defined... yes
checking for working POSIX fnmatch... yes
checking for working memcmp... yes
checking for stdlib.h... (cached) yes
checking for unistd.h... (cached) yes
checking for getpagesize... yes
checking for working mmap... yes
checking for function prototypes... yes
checking whether setvbuf arguments are reversed... no
checking for getcwd... yes
checking for strdup... yes
checking for strstr... yes
checking for strcspn... yes
checking for strtol... yes
checking for gethostname... yes
checking for gethostbyname... yes
checking for socket... yes
checking for inet_aton... yes
checking for herror... yes
checking for inet_addr... yes
checking for scandir... yes
checking for alphasort... yes
checking for madvise... yes
checking for tm.tm_gmtoff... yes
checking for tm.tm_zone... yes
checking for sockaddr_in.sin_len... no
checking compile and link profiling code... no
checking whether to enable gunzip support... yes
checking for gunzip... /bin/gunzip
checking whether to enable access control support... yes
checking whether to compile and link debugging code... yes
checking whether to disable verbose/debug logging... yes
checking whether to link with the Dmalloc memory debugger/profiler... no
checking whether to link with the Electric Fence memory debugger... no
checking whether to enable the use of the sendfile(2) system call... yes
checking sys/sendfile.h usability... yes
checking sys/sendfile.h presence... yes
checking for sys/sendfile.h... yes
checking for sendfile... yes
checking whether to use poll or select... trying poll
checking sys/poll.h usability... yes
checking sys/poll.h presence... yes
checking for sys/poll.h... yes
checking for poll... yes
configure: creating ./config.status
config.status: creating Makefile
config.status: creating src/Makefile
config.status: creating docs/Makefile
config.status: creating src/config.h
+ make
(cd src && make )
make[1]: Entering directory `/usr/src/autobuild.mezz/x86_64/00_LOGS/services/boa/BUILD/boa-0.94.14rc21/src'
gcc  -O2 -pipe -DACCESS_CONTROL -Wall -I. -I.  -c -o alias.o alias.c
gcc  -O2 -pipe -DACCESS_CONTROL -Wall -I. -I.  -c -o boa.o boa.c
gcc  -O2 -pipe -DACCESS_CONTROL -Wall -I. -I.  -c -o buffer.o buffer.c
gcc  -O2 -pipe -DACCESS_CONTROL -Wall -I. -I.  -c -o cgi.o cgi.c
gcc  -O2 -pipe -DACCESS_CONTROL -Wall -I. -I.  -c -o cgi_header.o cgi_header.c
gcc  -O2 -pipe -DACCESS_CONTROL -Wall -I. -I.  -c -o config.o config.c
gcc  -O2 -pipe -DACCESS_CONTROL -Wall -I. -I.  -c -o escape.o escape.c
gcc  -O2 -pipe -DACCESS_CONTROL -Wall -I. -I.  -c -o get.o get.c
gcc  -O2 -pipe -DACCESS_CONTROL -Wall -I. -I.  -c -o hash.o hash.c
gcc  -O2 -pipe -DACCESS_CONTROL -Wall -I. -I.  -c -o ip.o ip.c
gcc  -O2 -pipe -DACCESS_CONTROL -Wall -I. -I.  -c -o log.o log.c
gcc  -O2 -pipe -DACCESS_CONTROL -Wall -I. -I.  -c -o mmap_cache.o mmap_cache.c
gcc  -O2 -pipe -DACCESS_CONTROL -Wall -I. -I.  -c -o pipe.o pipe.c
gcc  -O2 -pipe -DACCESS_CONTROL -Wall -I. -I.  -c -o queue.o queue.c
gcc  -O2 -pipe -DACCESS_CONTROL -Wall -I. -I.  -c -o range.o range.c
gcc  -O2 -pipe -DACCESS_CONTROL -Wall -I. -I.  -c -o read.o read.c
gcc  -O2 -pipe -DACCESS_CONTROL -Wall -I. -I.  -c -o request.o request.c
gcc  -O2 -pipe -DACCESS_CONTROL -Wall -I. -I.  -c -o response.o response.c
gcc  -O2 -pipe -DACCESS_CONTROL -Wall -I. -I.  -c -o signals.o signals.c
gcc  -O2 -pipe -DACCESS_CONTROL -Wall -I. -I.  -c -o util.o util.c
gcc  -O2 -pipe -DACCESS_CONTROL -Wall -I. -I.  -c -o sublog.o sublog.c
gcc  -O2 -pipe -DACCESS_CONTROL -Wall -I. -I.  -c -o poll.o poll.c
gcc  -O2 -pipe -DACCESS_CONTROL -Wall -I. -I.  -c -o access.o access.c
gcc  -O2 -pipe -DACCESS_CONTROL -Wall -I. -I.  -c -o timestamp.o timestamp.c
gcc  -o boa alias.o boa.o buffer.o cgi.o cgi_header.o config.o escape.o get.o hash.o ip.o log.o mmap_cache.o pipe.o queue.o range.o read.o request.o response.o signals.o util.o sublog.o poll.o access.o timestamp.o -g 
gcc  -O2 -pipe -DACCESS_CONTROL -Wall -I. -I.  -c -o index_dir.o index_dir.c
gcc  -o boa_indexer index_dir.o escape.o -g 
make[1]: Leaving directory `/usr/src/autobuild.mezz/x86_64/00_LOGS/services/boa/BUILD/boa-0.94.14rc21/src'
+ make -C docs
make: Entering directory `/usr/src/autobuild.mezz/x86_64/00_LOGS/services/boa/BUILD/boa-0.94.14rc21/docs'
makeinfo --html --number-sections --no-split -o - boa.texi | \
        sed -e 's/Node:.*//' | sed -e 's/Next:.*//' | \
        sed -e 's/Previous:.*//' | sed -e 's/Up:.*//' > boa.html
texi2dvi --clean boa.texi
This is TeX, Version 3.14159 (Web2C 7.4.5)

(/usr/src/autobuild.mezz/x86_64/00_LOGS/services/boa/BUILD/boa-0.94.14rc21/docs
/boa.texi (/usr/share/texmf/tex/texinfo/texinfo.tex
Loading texinfo [version 2003-02-03.16]: Basics, pdf, fonts, page headings,
tables, conditionals, indexing, sectioning, toc, environments, defuns, macros,
cross references, (/usr/share/texmf/tex/generic/misc/epsf.tex) localization,
and turning on texinfo input format.) [1] [-1] Chapter 1 Chapter 2 [2] [3]
[4] [5] [6] [7]
Overfull \hbox (143.65878pt too wide) in paragraph at lines 485--495
[]@textrm The Febru-ary 2000 hoo-rah from CERT ad-vi-sory CA-2000-02 (@texttt h
ttp://www.cert.org/advisories/CA-2000-02.html[]@textrm )|
Chapter 3 [8] [9] Appendix A [10]
Underfull \hbox (badness 10000) in paragraph at lines 642--646
[]@textrm This pro-gram is dis-tributed un-der the GNU Gen-eral Pub-lic Li-cens
e

Underfull \hbox (badness 10000) in paragraph at lines 706--712
[]@textrm Links to doc-u-ments rel-e-vant to Boa (@texttt http://www.boa.org/[]
@textrm ) de-vel-op-ment
[11]
Underfull \hbox (badness 10000) in paragraph at lines 713--715
[]@texttt http://www.yahoo.com/Computers_and_Internet/Software/Internet/World_W
ide_

Overfull \hbox (24.96149pt too wide) in paragraph at lines 723--725
 []@texttt http://www.w3.org/pub/WWW/Protocols/HTTP/1.1/draft-ietf-http-v11-spe
c-07.txt[] |
[12] [13] )
(@end occurred inside a group at level 1)
(see the transcript file for additional information)
Output written on boa.dvi (14 pages, 34024 bytes).
Transcript written on boa.log.
This is TeX, Version 3.14159 (Web2C 7.4.5)

(/usr/src/autobuild.mezz/x86_64/00_LOGS/services/boa/BUILD/boa-0.94.14rc21/docs
/boa.texi (/usr/share/texmf/tex/texinfo/texinfo.tex
Loading texinfo [version 2003-02-03.16]: Basics, pdf, fonts, page headings,
tables, conditionals, indexing, sectioning, toc, environments, defuns, macros,
cross references, (/usr/share/texmf/tex/generic/misc/epsf.tex) localization,
and turning on texinfo input format.) (./boa.aux) [1] (./boa.toc) [-1]
Chapter 1 Chapter 2 [2] [3] [4] [5] [6] [7]
Overfull \hbox (143.65878pt too wide) in paragraph at lines 485--495
[]@textrm The Febru-ary 2000 hoo-rah from CERT ad-vi-sory CA-2000-02 (@texttt h
ttp://www.cert.org/advisories/CA-2000-02.html[]@textrm )|
Chapter 3 [8] [9] Appendix A [10]
Underfull \hbox (badness 10000) in paragraph at lines 642--646
[]@textrm This pro-gram is dis-tributed un-der the GNU Gen-eral Pub-lic Li-cens
e

Underfull \hbox (badness 10000) in paragraph at lines 706--712
[]@textrm Links to doc-u-ments rel-e-vant to Boa (@texttt http://www.boa.org/[]
@textrm ) de-vel-op-ment
[11]
Underfull \hbox (badness 10000) in paragraph at lines 713--715
[]@texttt http://www.yahoo.com/Computers_and_Internet/Software/Internet/World_W
ide_

Overfull \hbox (24.96149pt too wide) in paragraph at lines 723--725
 []@texttt http://www.w3.org/pub/WWW/Protocols/HTTP/1.1/draft-ietf-http-v11-spe
c-07.txt[] |
[12] [13] )
(@end occurred inside a group at level 1)
(see the transcript file for additional information)
Output written on boa.dvi (14 pages, 40348 bytes).
Transcript written on boa.log.
makeinfo --number-sections boa.texi
makeinfo --no-headers --no-split -o boa.txt boa.texi
make: Leaving directory `/usr/src/autobuild.mezz/x86_64/00_LOGS/services/boa/BUILD/boa-0.94.14rc21/docs'
+ exit 0
Executing(%install): /bin/sh -e /var/tmp/rpm-tmp.3467
+ umask 022
+ cd /usr/src/autobuild.mezz/x86_64/00_LOGS/services/boa/BUILD
+ cd boa-0.94.14rc21
+ LANG=C
+ export LANG
+ unset DISPLAY
+ rm -rf /var/tmp/mezzanine-buildroot.9138/boa.28885
+ install -m 755 -D src/boa /var/tmp/mezzanine-buildroot.9138/boa.28885/usr/sbin/boa
+ install -m 755 -D src/boa_indexer /var/tmp/mezzanine-buildroot.9138/boa.28885/usr/lib64/boa/boa_indexer
+ install -m 644 -D docs/boa.8 /var/tmp/mezzanine-buildroot.9138/boa.28885/usr/share/man/man8/boa.8
+ install -m 644 -D examples/boa.conf /var/tmp/mezzanine-buildroot.9138/boa.28885/etc/boa/boa.conf
+ install -m 644 -D contrib/rpm/boa.logrotate /var/tmp/mezzanine-buildroot.9138/boa.28885/etc/logrotate.d/boa
+ install -m 755 -D /usr/src/autobuild.mezz/x86_64/00_LOGS/services/boa/SOURCES/boa.init /var/tmp/mezzanine-buildroot.9138/boa.28885/etc/rc.d/init.d/boa
+ install -m 755 -D /usr/src/autobuild.mezz/x86_64/00_LOGS/services/boa/SOURCES/boa.sysconfig /var/tmp/mezzanine-buildroot.9138/boa.28885/etc/sysconfig/boa
+ mkdir -p /var/tmp/mezzanine-buildroot.9138/boa.28885//srv/www/html
+ mkdir -p /var/tmp/mezzanine-buildroot.9138/boa.28885//var/log/boa
+ install -m 644 /usr/src/autobuild.mezz/x86_64/00_LOGS/services/boa/SOURCES/index.html /usr/src/autobuild.mezz/x86_64/00_LOGS/services/boa/SOURCES/greyboa.png /usr/src/autobuild.mezz/x86_64/00_LOGS/services/boa/SOURCES/caos.png /var/tmp/mezzanine-buildroot.9138/boa.28885/srv/www/html/
+ /usr/lib/rpm/caos/brp-compress
+ /usr/lib/rpm/caos/brp-strip /usr/bin/strip
+ /usr/lib/rpm/caos/brp-strip-static-archive /usr/bin/strip
+ /usr/lib/rpm/caos/brp-strip-comment-note /usr/bin/strip /usr/bin/objdump
Processing files: boa-0.94.14-0.rc21.3
Executing(%doc): /bin/sh -e /var/tmp/rpm-tmp.3467
+ umask 022
+ cd /usr/src/autobuild.mezz/x86_64/00_LOGS/services/boa/BUILD
+ cd boa-0.94.14rc21
+ DOCDIR=/var/tmp/mezzanine-buildroot.9138/boa.28885/usr/share/doc/boa-0.94.14
+ export DOCDIR
+ rm -rf /var/tmp/mezzanine-buildroot.9138/boa.28885/usr/share/doc/boa-0.94.14
+ /bin/mkdir -p /var/tmp/mezzanine-buildroot.9138/boa.28885/usr/share/doc/boa-0.94.14
+ cp -pr docs/boa.html docs/boa_banner.png docs/boa.txt COPYING CREDITS README examples/ /var/tmp/mezzanine-buildroot.9138/boa.28885/usr/share/doc/boa-0.94.14
+ exit 0
Provides: config(boa) = 0.94.14-0.rc21.3 webserver
Requires(interp): /bin/sh /bin/sh /bin/sh /bin/sh
Requires(rpmlib): rpmlib(CompressedFileNames) <= 3.0.4-1 rpmlib(PayloadFilesHavePrefix) <= 4.0-1
Requires(pre): /bin/sh
Requires(post): /bin/sh
Requires(preun): /bin/sh
Requires(postun): /bin/sh
Checking for unpackaged file(s): /usr/lib/rpm/check-files /var/tmp/mezzanine-buildroot.9138/boa.28885
warning: Could not canonicalize hostname: x86_64-build.caosity.org
Wrote: /usr/src/autobuild.mezz/x86_64/00_LOGS/services/boa/SRPMS/boa-0.94.14-0.rc21.3.src.rpm
Wrote: /usr/src/autobuild.mezz/x86_64/00_LOGS/services/boa/RPMS/x86_64/boa-0.94.14-0.rc21.3.x86_64.rpm
Executing(%clean): /bin/sh -e /var/tmp/rpm-tmp.3467
+ umask 022
+ cd /usr/src/autobuild.mezz/x86_64/00_LOGS/services/boa/BUILD
+ cd boa-0.94.14rc21
+ rm -rf /var/tmp/mezzanine-buildroot.9138/boa.28885
+ exit 0
Package build for boa completed successfully.  (Sunday, 09 October 2005 18:36:24 EDT)
