#
#----- (test) empartfit v00-03-13
#
<--> (GNUmakefile.main        ; __empartfit__           ) _test_    Mon Aug 25 18:50:43 CDT 2008 empartfit ()
<--> (ctest_rules.mk          ; __empartfit__           ) _ctest_   Mon Aug 25 18:50:44 CDT 2008 empartfit ()
<--> (ctest_rules.mk          ; __empartfit__           ) _ctcmp_   Mon Aug 25 18:50:44 CDT 2008 empartfit ()
<--> (ctest_rules.mk          ; __empartfit__           ) _ctcmp_   Mon Aug 25 18:50:44 CDT 2008 empartfit (/dat)
<--> (ctest_rules.mk          ; __empartfit__           ) _ctcmp_   Mon Aug 25 18:50:44 CDT 2008 empartfit (/src)
<--> (ctest_rules.mk          ; __empartfit__           ) Compiling test for component D0ProbTable.
<--> (ctest_rules.mk          ; __empartfit__           ) Compiling test for component D0Parameter.
<--> (ctest_rules.mk          ; __empartfit__           ) Compiling test for component EMpartFit.
<--> (ctest_rules.mk          ; __empartfit__           ) Compiling test for component Parameter.
<--> (ctest_rules.mk          ; __empartfit__           ) Compiling test for component GetFunctions.
<--> (ctest_rules.mk          ; __empartfit__           ) _ctlnk_   Mon Aug 25 18:50:51 CDT 2008 empartfit ()
<--> (ctest_rules.mk          ; __empartfit__           ) _ctlnk_   Mon Aug 25 18:50:51 CDT 2008 empartfit (/dat)
<--> (ctest_rules.mk          ; __empartfit__           ) _ctlnk_   Mon Aug 25 18:50:51 CDT 2008 empartfit (/src)
<--> (ctest_rules.mk          ; __empartfit__           ) Linking test for component D0ProbTable.
<--> (ctest_rules.mk          ; __empartfit__           ) Linking test for component D0Parameter.
<--> (ctest_rules.mk          ; __empartfit__           ) Linking test for component EMpartFit.
<--> (ctest_rules.mk          ; __empartfit__           ) Linking test for component Parameter.
/shared/D0/dist5/releases/p18.13.02/lib/Linux2.4-GCC_3_4/libem_util.a(EMTrackMatch_MC.o)(.text+0x374d): In function `__static_initialization_and_destruction_0':
/shared/D0/dist5/releases/p18.13.02/tmp/Linux2.4-GCC_3_4/em_evt/EMparticleChunk_ref.hpp:10: undefined reference to `d0omhash_emidcLcLEMparticleChunk_60ce7f50'
/shared/D0/dist5/releases/p18.13.02/lib/Linux2.4-GCC_3_4/libem_util.a(EMTrackMatch_MC.o)(.text+0x3762):/shared/D0/dist5/releases/p18.13.02/tmp/Linux2.4-GCC_3_4/em_evt/EMparticleChunk_ref.hpp:10: undefined reference to `d0omhash_kinemcLcLD0PhysObjChunklEemidcLcLEMparticlegR_eb13f077'
/shared/D0/dist5/releases/p18.13.02/lib/Linux2.4-GCC_3_4/libem_util.a(EMTrackMatch_MC.o)(.text+0x378d): In function `__static_initialization_and_destruction_0':
/shared/D0/dist5/releases/p18.13.02/tmp/Linux2.4-GCC_3_4/em_evt/EMparticle_ref.hpp:11: undefined reference to `d0omhash_emidcLcLEMpartComparePT_14a74a86'
/shared/D0/dist5/releases/p18.13.02/lib/Linux2.4-GCC_3_4/libem_util.a(EMTrackMatch_MC.o)(.text+0x37a2):/shared/D0/dist5/releases/p18.13.02/tmp/Linux2.4-GCC_3_4/em_evt/EMparticle_ref.hpp:11: undefined reference to `d0omhash_emidcLcLEMparticle_7b866ba4'
/shared/D0/dist5/releases/p18.13.02/lib/Linux2.4-GCC_3_4/libem_util.a(EMTrackMatch_MC.o)(.text+0x37b7):/shared/D0/dist5/releases/p18.13.02/tmp/Linux2.4-GCC_3_4/em_evt/EMparticle_ref.hpp:11: undefined reference to `d0omhash_emidcLcLcompareCPSE_07c8f8fe'
/shared/D0/dist5/releases/p18.13.02/lib/Linux2.4-GCC_3_4/libem_util.a(EMTrackMatch_MC.o)(.text+0x37e5): In function `__static_initialization_and_destruction_0':
/shared/D0/dist5/releases/p18.13.02/tmp/Linux2.4-GCC_3_4/em_evt/EMQualityInfo_ref.hpp:13: undefined reference to `d0omhash_emidcLcLEMQualityInfocLcLCalXtra_QuantH_7ccbaac9'
/shared/D0/dist5/releases/p18.13.02/lib/Linux2.4-GCC_3_4/libem_util.a(EMTrackMatch_MC.o)(.text+0x37fa):/shared/D0/dist5/releases/p18.13.02/tmp/Linux2.4-GCC_3_4/em_evt/EMQualityInfo_ref.hpp:13: undefined reference to `d0omhash_emidcLcLEMQualityInfocLcLHitsOnTheRoad_debbd6e3'
/shared/D0/dist5/releases/p18.13.02/lib/Linux2.4-GCC_3_4/libem_util.a(EMTrackMatch_MC.o)(.text+0x3810):/shared/D0/dist5/releases/p18.13.02/tmp/Linux2.4-GCC_3_4/em_evt/EMQualityInfo_ref.hpp:13: undefined reference to `d0omhash_emidcLcLEMQualityInfo_288c4d3a'
/shared/D0/dist5/releases/p18.13.02/lib/Linux2.4-GCC_3_4/libem_util.a(EMTrackMatch_MC.o)(.text+0x3825):/shared/D0/dist5/releases/p18.13.02/tmp/Linux2.4-GCC_3_4/em_evt/EMQualityInfo_ref.hpp:13: undefined reference to `d0omhash_emidcLcLEMQualityInfocLcLPSXtra_QuantH_e1da1ec5'
/shared/D0/dist5/releases/p18.13.02/lib/Linux2.4-GCC_3_4/libem_util.a(EMTrackMatch_MC.o)(.text+0x383a):/shared/D0/dist5/releases/p18.13.02/tmp/Linux2.4-GCC_3_4/em_evt/EMQualityInfo_ref.hpp:13: undefined reference to `d0omhash_emidcLcLEMQualityInfocLcLHitsOnTheRoad_EMCPS_b9da600d'
/shared/D0/dist5/releases/p18.13.02/lib/Linux2.4-GCC_3_4/libem_util.a(EMTrackMatch_MC.o)(.text+0x3868): In function `__static_initialization_and_destruction_0':
/shared/D0/dist5/releases/p18.13.02/tmp/Linux2.4-GCC_3_4/em_evt/EMCluster_ref.hpp:10: undefined reference to `d0omhash_emidcLcLEMCluster_67e1b96d'
/shared/D0/dist5/releases/p18.13.02/lib/Linux2.4-GCC_3_4/libem_util.a(EMTrackMatch_MC.o)(.text+0x387d):/shared/D0/dist5/releases/p18.13.02/tmp/Linux2.4-GCC_3_4/em_evt/EMCluster_ref.hpp:10: undefined reference to `d0omhash_emidcLcLEMClustercLcLEXYZ_41138441'
/shared/D0/dist5/releases/p18.13.02/lib/Linux2.4-GCC_3_4/libem_util.a(EMTrackMatch_MC.o)(.text+0x38a8): In function `__static_initialization_and_destruction_0':
/shared/D0/dist5/releases/p18.13.02/tmp/Linux2.4-GCC_3_4/jet_evt/LeBob_ref.hpp:9: undefined reference to `d0omhash_jetidcLcLLeBob_8a4652ee'
/shared/D0/dist5/releases/p18.13.02/lib/Linux2.4-GCC_3_4/libem_util.a(EMTrackMatch_MC.o)(.text+0x38d0): In function `__static_initialization_and_destruction_0':
/shared/D0/dist5/releases/p18.13.02/tmp/Linux2.4-GCC_3_4/jet_evt/JetChunk_ref.hpp:10: undefined reference to `d0omhash_jetidcLcLJetChunk_94a7f3b4'
/shared/D0/dist5/releases/p18.13.02/lib/Linux2.4-GCC_3_4/libem_util.a(EMTrackMatch_MC.o)(.text+0x38e5):/shared/D0/dist5/releases/p18.13.02/tmp/Linux2.4-GCC_3_4/jet_evt/JetChunk_ref.hpp:10: undefined reference to `d0omhash_kinemcLcLD0PhysObjChunklEjetidcLcLJetgR_a387cef4'
/shared/D0/dist5/releases/p18.13.02/lib/Linux2.4-GCC_3_4/libem_util.a(EMTrackMatch_MC.o)(.text+0x3910): In function `__static_initialization_and_destruction_0':
/shared/D0/dist5/releases/p18.13.02/tmp/Linux2.4-GCC_3_4/jet_evt/JetAlgoInfo_ref.hpp:9: undefined reference to `d0omhash_jetidcLcLJetAlgoInfo_2032856b'
/shared/D0/dist5/releases/p18.13.02/lib/Linux2.4-GCC_3_4/libem_util.a(EMTrackMatch_MC.o)(.text+0x3938): In function `__static_initialization_and_destruction_0':
/shared/D0/dist5/releases/p18.13.02/tmp/Linux2.4-GCC_3_4/jet_evt/Jet_ref.hpp:10: undefined reference to `d0omhash_jetidcLcLJet_ec94f976'
/shared/D0/dist5/releases/p18.13.02/lib/Linux2.4-GCC_3_4/libem_util.a(EMTrackMatch_MC.o)(.text+0x394d):/shared/D0/dist5/releases/p18.13.02/tmp/Linux2.4-GCC_3_4/jet_evt/Jet_ref.hpp:10: undefined reference to `d0omhash_jetidcLcLJetPtOrder_0c374270'
/shared/D0/dist5/releases/p18.13.02/lib/Linux2.4-GCC_3_4/libem_util.a(EMTrackMatch_MC.o)(.gnu.linkonce.d._ZTVN5jetid8JetChunkE+0x8):/shared/D0/dist5/releases/p18.13.02/include/Exceptions/ZMexHandler.icc:96: undefined reference to `jetid::JetChunk::~JetChunk()'
/shared/D0/dist5/releases/p18.13.02/lib/Linux2.4-GCC_3_4/libem_util.a(EMTrackMatch_MC.o)(.gnu.linkonce.d._ZTVN5jetid8JetChunkE+0xc):/shared/D0/dist5/releases/p18.13.02/include/chpart_evt/ChargedParticle.hpp:349: undefined reference to `jetid::JetChunk::~JetChunk()'
/shared/D0/dist5/releases/p18.13.02/lib/Linux2.4-GCC_3_4/libem_util.a(EMTrackMatch_MC.o)(.gnu.linkonce.d._ZTVN5jetid8JetChunkE+0x14):/shared/D0/dist5/releases/p18.13.02/include/CLHEP/Vector/ThreeVector.icc:39: undefined reference to `jetid::JetChunk::activate()'
/shared/D0/dist5/releases/p18.13.02/lib/Linux2.4-GCC_3_4/libem_util.a(EMTrackMatch_MC.o)(.gnu.linkonce.t._ZNK5jetid8JetChunk10printChunkERSo+0x3e): In function `jetid::JetChunk::printChunk(std::basic_ostream<char, std::char_traits<char> >&) const':
/d0/usr/products/gcc/Linux-2-4/v3_4_3_dzero/bin/../lib/gcc/i686-pc-linux-gnu/3.4.3/../../../../include/c++/3.4.3/bits/stl_vector.h:564: undefined reference to `jetid::LeBob::print(std::basic_ostream<char, std::char_traits<char> >&) const'
/shared/D0/dist5/releases/p18.13.02/lib/Linux2.4-GCC_3_4/libem_util.a(EMTrackMatch_MC.o)(.gnu.linkonce.t._ZNK5jetid8JetChunk10printChunkERSo+0x53): In function `jetid::JetChunk::printChunk(std::basic_ostream<char, std::char_traits<char> >&) const':
/shared/D0/dist5/releases/p18.13.02/include/edm/LinkIndexUtils.hpp:133: undefined reference to `jetid::operator<<(std::basic_ostream<char, std::char_traits<char> >&, jetid::JetAlgoInfo const&)'
collect2: ld returned 1 exit status
gmake[4]: *** [/shared/D0/dist5/releases/p18.13.02/tmp/Linux2.4-GCC_3_4/empartfit/ctest/EMpartFit.linked] Error 127
gmake[4]: *** Waiting for unfinished jobs....
/shared/D0/dist5/releases/p18.13.02/lib/Linux2.4-GCC_3_4/libem_util.a(EMTrackMatch_MC.o)(.text+0x374d): In function `__static_initialization_and_destruction_0':
/shared/D0/dist5/releases/p18.13.02/tmp/Linux2.4-GCC_3_4/em_evt/EMparticleChunk_ref.hpp:10: undefined reference to `d0omhash_emidcLcLEMparticleChunk_60ce7f50'
/shared/D0/dist5/releases/p18.13.02/lib/Linux2.4-GCC_3_4/libem_util.a(EMTrackMatch_MC.o)(.text+0x3762):/shared/D0/dist5/releases/p18.13.02/tmp/Linux2.4-GCC_3_4/em_evt/EMparticleChunk_ref.hpp:10: undefined reference to `d0omhash_kinemcLcLD0PhysObjChunklEemidcLcLEMparticlegR_eb13f077'
/shared/D0/dist5/releases/p18.13.02/lib/Linux2.4-GCC_3_4/libem_util.a(EMTrackMatch_MC.o)(.text+0x378d): In function `__static_initialization_and_destruction_0':
/shared/D0/dist5/releases/p18.13.02/tmp/Linux2.4-GCC_3_4/em_evt/EMparticle_ref.hpp:11: undefined reference to `d0omhash_emidcLcLEMpartComparePT_14a74a86'
/shared/D0/dist5/releases/p18.13.02/lib/Linux2.4-GCC_3_4/libem_util.a(EMTrackMatch_MC.o)(.text+0x37a2):/shared/D0/dist5/releases/p18.13.02/tmp/Linux2.4-GCC_3_4/em_evt/EMparticle_ref.hpp:11: undefined reference to `d0omhash_emidcLcLEMparticle_7b866ba4'
/shared/D0/dist5/releases/p18.13.02/lib/Linux2.4-GCC_3_4/libem_util.a(EMTrackMatch_MC.o)(.text+0x37b7):/shared/D0/dist5/releases/p18.13.02/tmp/Linux2.4-GCC_3_4/em_evt/EMparticle_ref.hpp:11: undefined reference to `d0omhash_emidcLcLcompareCPSE_07c8f8fe'
/shared/D0/dist5/releases/p18.13.02/lib/Linux2.4-GCC_3_4/libem_util.a(EMTrackMatch_MC.o)(.text+0x37e5): In function `__static_initialization_and_destruction_0':
/shared/D0/dist5/releases/p18.13.02/tmp/Linux2.4-GCC_3_4/em_evt/EMQualityInfo_ref.hpp:13: undefined reference to `d0omhash_emidcLcLEMQualityInfocLcLCalXtra_QuantH_7ccbaac9'
/shared/D0/dist5/releases/p18.13.02/lib/Linux2.4-GCC_3_4/libem_util.a(EMTrackMatch_MC.o)(.text+0x37fa):/shared/D0/dist5/releases/p18.13.02/tmp/Linux2.4-GCC_3_4/em_evt/EMQualityInfo_ref.hpp:13: undefined reference to `d0omhash_emidcLcLEMQualityInfocLcLHitsOnTheRoad_debbd6e3'
/shared/D0/dist5/releases/p18.13.02/lib/Linux2.4-GCC_3_4/libem_util.a(EMTrackMatch_MC.o)(.text+0x3810):/shared/D0/dist5/releases/p18.13.02/tmp/Linux2.4-GCC_3_4/em_evt/EMQualityInfo_ref.hpp:13: undefined reference to `d0omhash_emidcLcLEMQualityInfo_288c4d3a'
/shared/D0/dist5/releases/p18.13.02/lib/Linux2.4-GCC_3_4/libem_util.a(EMTrackMatch_MC.o)(.text+0x3825):/shared/D0/dist5/releases/p18.13.02/tmp/Linux2.4-GCC_3_4/em_evt/EMQualityInfo_ref.hpp:13: undefined reference to `d0omhash_emidcLcLEMQualityInfocLcLPSXtra_QuantH_e1da1ec5'
/shared/D0/dist5/releases/p18.13.02/lib/Linux2.4-GCC_3_4/libem_util.a(EMTrackMatch_MC.o)(.text+0x383a):/shared/D0/dist5/releases/p18.13.02/tmp/Linux2.4-GCC_3_4/em_evt/EMQualityInfo_ref.hpp:13: undefined reference to `d0omhash_emidcLcLEMQualityInfocLcLHitsOnTheRoad_EMCPS_b9da600d'
/shared/D0/dist5/releases/p18.13.02/lib/Linux2.4-GCC_3_4/libem_util.a(EMTrackMatch_MC.o)(.text+0x3868): In function `__static_initialization_and_destruction_0':
/shared/D0/dist5/releases/p18.13.02/tmp/Linux2.4-GCC_3_4/em_evt/EMCluster_ref.hpp:10: undefined reference to `d0omhash_emidcLcLEMCluster_67e1b96d'
/shared/D0/dist5/releases/p18.13.02/lib/Linux2.4-GCC_3_4/libem_util.a(EMTrackMatch_MC.o)(.text+0x387d):/shared/D0/dist5/releases/p18.13.02/tmp/Linux2.4-GCC_3_4/em_evt/EMCluster_ref.hpp:10: undefined reference to `d0omhash_emidcLcLEMClustercLcLEXYZ_41138441'
/shared/D0/dist5/releases/p18.13.02/lib/Linux2.4-GCC_3_4/libem_util.a(EMTrackMatch_MC.o)(.text+0x38a8): In function `__static_initialization_and_destruction_0':
/shared/D0/dist5/releases/p18.13.02/tmp/Linux2.4-GCC_3_4/jet_evt/LeBob_ref.hpp:9: undefined reference to `d0omhash_jetidcLcLLeBob_8a4652ee'
/shared/D0/dist5/releases/p18.13.02/lib/Linux2.4-GCC_3_4/libem_util.a(EMTrackMatch_MC.o)(.text+0x38d0): In function `__static_initialization_and_destruction_0':
/shared/D0/dist5/releases/p18.13.02/tmp/Linux2.4-GCC_3_4/jet_evt/JetChunk_ref.hpp:10: undefined reference to `d0omhash_jetidcLcLJetChunk_94a7f3b4'
/shared/D0/dist5/releases/p18.13.02/lib/Linux2.4-GCC_3_4/libem_util.a(EMTrackMatch_MC.o)(.text+0x38e5):/shared/D0/dist5/releases/p18.13.02/tmp/Linux2.4-GCC_3_4/jet_evt/JetChunk_ref.hpp:10: undefined reference to `d0omhash_kinemcLcLD0PhysObjChunklEjetidcLcLJetgR_a387cef4'
/shared/D0/dist5/releases/p18.13.02/lib/Linux2.4-GCC_3_4/libem_util.a(EMTrackMatch_MC.o)(.text+0x3910): In function `__static_initialization_and_destruction_0':
/shared/D0/dist5/releases/p18.13.02/tmp/Linux2.4-GCC_3_4/jet_evt/JetAlgoInfo_ref.hpp:9: undefined reference to `d0omhash_jetidcLcLJetAlgoInfo_2032856b'
/shared/D0/dist5/releases/p18.13.02/lib/Linux2.4-GCC_3_4/libem_util.a(EMTrackMatch_MC.o)(.text+0x3938): In function `__static_initialization_and_destruction_0':
/shared/D0/dist5/releases/p18.13.02/tmp/Linux2.4-GCC_3_4/jet_evt/Jet_ref.hpp:10: undefined reference to `d0omhash_jetidcLcLJet_ec94f976'
/shared/D0/dist5/releases/p18.13.02/lib/Linux2.4-GCC_3_4/libem_util.a(EMTrackMatch_MC.o)(.text+0x394d):/shared/D0/dist5/releases/p18.13.02/tmp/Linux2.4-GCC_3_4/jet_evt/Jet_ref.hpp:10: undefined reference to `d0omhash_jetidcLcLJetPtOrder_0c374270'
/shared/D0/dist5/releases/p18.13.02/lib/Linux2.4-GCC_3_4/libem_util.a(EMTrackMatch_MC.o)(.gnu.linkonce.d._ZTVN5jetid8JetChunkE+0x8):/shared/D0/dist5/releases/p18.13.02/include/Exceptions/ZMexHandler.icc:96: undefined reference to `jetid::JetChunk::~JetChunk()'
/shared/D0/dist5/releases/p18.13.02/lib/Linux2.4-GCC_3_4/libem_util.a(EMTrackMatch_MC.o)(.gnu.linkonce.d._ZTVN5jetid8JetChunkE+0xc):/shared/D0/dist5/releases/p18.13.02/include/chpart_evt/ChargedParticle.hpp:349: undefined reference to `jetid::JetChunk::~JetChunk()'
/shared/D0/dist5/releases/p18.13.02/lib/Linux2.4-GCC_3_4/libem_util.a(EMTrackMatch_MC.o)(.gnu.linkonce.d._ZTVN5jetid8JetChunkE+0x14):/shared/D0/dist5/releases/p18.13.02/include/CLHEP/Vector/ThreeVector.icc:39: undefined reference to `jetid::JetChunk::activate()'
/shared/D0/dist5/releases/p18.13.02/lib/Linux2.4-GCC_3_4/libem_util.a(EMTrackMatch_MC.o)(.gnu.linkonce.t._ZNK5jetid8JetChunk10printChunkERSo+0x3e): In function `jetid::JetChunk::printChunk(std::basic_ostream<char, std::char_traits<char> >&) const':
/d0/usr/products/gcc/Linux-2-4/v3_4_3_dzero/bin/../lib/gcc/i686-pc-linux-gnu/3.4.3/../../../../include/c++/3.4.3/bits/stl_vector.h:564: undefined reference to `jetid::LeBob::print(std::basic_ostream<char, std::char_traits<char> >&) const'
/shared/D0/dist5/releases/p18.13.02/lib/Linux2.4-GCC_3_4/libem_util.a(EMTrackMatch_MC.o)(.gnu.linkonce.t._ZNK5jetid8JetChunk10printChunkERSo+0x53): In function `jetid::JetChunk::printChunk(std::basic_ostream<char, std::char_traits<char> >&) const':
/shared/D0/dist5/releases/p18.13.02/include/edm/LinkIndexUtils.hpp:133: undefined reference to `jetid::operator<<(std::basic_ostream<char, std::char_traits<char> >&, jetid::JetAlgoInfo const&)'
collect2: ld returned 1 exit status
gmake[4]: *** [/shared/D0/dist5/releases/p18.13.02/tmp/Linux2.4-GCC_3_4/empartfit/ctest/Parameter.linked] Error 127
<--> (ctest_rules.mk          ; __empartfit__           ) _ctrun_   Mon Aug 25 18:51:06 CDT 2008 empartfit ()
<--> (ctest_rules.mk          ; __empartfit__           ) _ctrun_   Mon Aug 25 18:51:06 CDT 2008 empartfit (/src)
<--> (ctest_rules.mk          ; __empartfit__           ) _ctrun_   Mon Aug 25 18:51:06 CDT 2008 empartfit (/dat)
gmake[4]: *** No rule to make target `/shared/D0/dist5/releases/p18.13.02/tmp/Linux2.4-GCC_3_4/empartfit/ctest/EMpartFit.linked', needed by `/shared/D0/dist5/releases/p18.13.02/tmp/Linux2.4-GCC_3_4/empartfit/ctest/EMpartFit/ok.out'.  Stop.
gmake[4]: *** Waiting for unfinished jobs....
<--> (ctest_rules.mk          ; __empartfit__           ) Running test for component D0ProbTable.
<--> (ctest_rules.mk          ; __empartfit__           ) Running test for component D0Parameter.
<--> (ctest_rules.mk          ; __empartfit__           ) _itest_   Mon Aug 25 18:51:08 CDT 2008 empartfit ()
<--> (ctest_rules.mk          ; __empartfit__           ) _itcmp_   Mon Aug 25 18:51:08 CDT 2008 empartfit ()
<--> (ctest_rules.mk          ; __empartfit__           ) _itcmp_   Mon Aug 25 18:51:08 CDT 2008 empartfit (/src)
<--> (ctest_rules.mk          ; __empartfit__           ) _itcmp_   Mon Aug 25 18:51:08 CDT 2008 empartfit (/dat)
<--> (ctest_rules.mk          ; __empartfit__           ) _itlnk_   Mon Aug 25 18:51:09 CDT 2008 empartfit ()
<--> (ctest_rules.mk          ; __empartfit__           ) _itlnk_   Mon Aug 25 18:51:09 CDT 2008 empartfit (/src)
<--> (ctest_rules.mk          ; __empartfit__           ) _itlnk_   Mon Aug 25 18:51:09 CDT 2008 empartfit (/dat)
<--> (ctest_rules.mk          ; __empartfit__           ) _itrun_   Mon Aug 25 18:51:09 CDT 2008 empartfit ()
<--> (ctest_rules.mk          ; __empartfit__           ) _itrun_   Mon Aug 25 18:51:10 CDT 2008 empartfit (/src)
<--> (ctest_rules.mk          ; __empartfit__           ) _itrun_   Mon Aug 25 18:51:10 CDT 2008 empartfit (/dat)
