2004.08.04 14:58 B G:\WEB\compliance\resources\briefings\planning\data\air\2004conf\afs2004attendees.pdf --> intranet.epa.gov /public/data/oecaftpx/web/compliance/resources/briefings/planning/data/air/2004conf afs2004attendees.pdf
2004.08.04 14:58 B G:\WEB\compliance\resources\briefings\planning\data\air\2004conf\afsfundamentals.pdf --> intranet.epa.gov /public/data/oecaftpx/web/compliance/resources/briefings/planning/data/air/2004conf afsfundamentals.pdf
2004.08.04 14:58 B G:\WEB\compliance\resources\briefings\planning\data\air\2004conf\afsicrrenewal.pdf --> intranet.epa.gov /public/data/oecaftpx/web/compliance/resources/briefings/planning/data/air/2004conf afsicrrenewal.pdf
2004.08.04 14:58 B G:\WEB\compliance\resources\briefings\planning\data\air\2004conf\afsmodernization.pdf --> intranet.epa.gov /public/data/oecaftpx/web/compliance/resources/briefings/planning/data/air/2004conf afsmodernization.pdf
2004.08.04 14:58 B G:\WEB\compliance\resources\briefings\planning\data\air\2004conf\afstrainingcurriculum.pdf --> intranet.epa.gov /public/data/oecaftpx/web/compliance/resources/briefings/planning/data/air/2004conf afstrainingcurriculum.pdf
2004.08.04 14:58 B G:\WEB\compliance\resources\briefings\planning\data\air\2004conf\batchtraining.pdf --> intranet.epa.gov /public/data/oecaftpx/web/compliance/resources/briefings/planning/data/air/2004conf batchtraining.pdf
2004.08.04 14:58 B G:\WEB\compliance\resources\briefings\planning\data\air\2004conf\cms.pdf --> intranet.epa.gov /public/data/oecaftpx/web/compliance/resources/briefings/planning/data/air/2004conf cms.pdf
2004.08.04 14:58 B G:\WEB\compliance\resources\briefings\planning\data\air\2004conf\cmstraining.pdf --> intranet.epa.gov /public/data/oecaftpx/web/compliance/resources/briefings/planning/data/air/2004conf cmstraining.pdf
2004.08.04 14:58 B G:\WEB\compliance\resources\briefings\planning\data\air\2004conf\hpv.pdf --> intranet.epa.gov /public/data/oecaftpx/web/compliance/resources/briefings/planning/data/air/2004conf hpv.pdf
2004.08.04 14:58 B G:\WEB\compliance\resources\briefings\planning\data\air\2004conf\mact.pdf --> intranet.epa.gov /public/data/oecaftpx/web/compliance/resources/briefings/planning/data/air/2004conf mact.pdf
2004.08.04 14:58 B G:\WEB\compliance\resources\briefings\planning\data\air\2004conf\otis.pdf --> intranet.epa.gov /public/data/oecaftpx/web/compliance/resources/briefings/planning/data/air/2004conf otis.pdf
2004.08.04 14:58 B G:\WEB\compliance\resources\briefings\planning\data\air\2004conf\otisechowatchlist.pdf --> intranet.epa.gov /public/data/oecaftpx/web/compliance/resources/briefings/planning/data/air/2004conf otisechowatchlist.pdf
2004.08.04 14:58 B G:\WEB\compliance\resources\briefings\planning\data\air\2004conf\preparingeffectiveproposals.pdf --> intranet.epa.gov /public/data/oecaftpx/web/compliance/resources/briefings/planning/data/air/2004conf preparingeffectiveproposals.pdf
2004.08.04 14:58 B G:\WEB\compliance\resources\briefings\planning\data\air\2004conf\recap.pdf --> intranet.epa.gov /public/data/oecaftpx/web/compliance/resources/briefings/planning/data/air/2004conf recap.pdf
2004.08.04 14:58 B G:\WEB\compliance\resources\briefings\planning\data\air\2004conf\security.pdf --> intranet.epa.gov /public/data/oecaftpx/web/compliance/resources/briefings/planning/data/air/2004conf security.pdf
2004.08.04 14:58 B G:\WEB\compliance\resources\briefings\planning\data\air\2004conf\srmgmtrpts.pdf --> intranet.epa.gov /public/data/oecaftpx/web/compliance/resources/briefings/planning/data/air/2004conf srmgmtrpts.pdf
2004.08.04 14:58 B G:\WEB\compliance\resources\briefings\planning\data\air\2004conf\staggrants.pdf --> intranet.epa.gov /public/data/oecaftpx/web/compliance/resources/briefings/planning/data/air/2004conf staggrants.pdf
2004.08.04 14:58 B G:\WEB\compliance\resources\briefings\planning\data\air\2004conf\stagoverview.pdf --> intranet.epa.gov /public/data/oecaftpx/web/compliance/resources/briefings/planning/data/air/2004conf stagoverview.pdf
2004.08.04 14:58 B G:\WEB\compliance\resources\briefings\planning\data\air\2004conf\statereviewframework.pdf --> intranet.epa.gov /public/data/oecaftpx/web/compliance/resources/briefings/planning/data/air/2004conf statereviewframework.pdf
2004.08.04 14:58 B G:\WEB\compliance\resources\briefings\planning\data\air\2004conf\tempoimplementation.pdf --> intranet.epa.gov /public/data/oecaftpx/web/compliance/resources/briefings/planning/data/air/2004conf tempoimplementation.pdf
2004.08.04 14:59 B G:\WEB\compliance\resources\briefings\planning\data\air\2004conf\theyearinafs.pdf --> intranet.epa.gov /public/data/oecaftpx/web/compliance/resources/briefings/planning/data/air/2004conf theyearinafs.pdf
2004.08.04 14:59 B G:\WEB\compliance\resources\briefings\planning\data\air\2004conf\uiburdenreduction.pdf --> intranet.epa.gov /public/data/oecaftpx/web/compliance/resources/briefings/planning/data/air/2004conf uiburdenreduction.pdf
2004.08.05 15:09 B G:\WEB\compliance\resources\briefings\planning\data\air\2004conf\hpv.pdf --> intranet.epa.gov /public/data/oecaftpx/web/compliance/resources/briefings/planning/data/air/2004conf hpv.pdf
2004.08.05 15:09 B G:\WEB\compliance\resources\briefings\planning\data\air\2004conf\afstrainingcurriculum.pdf --> intranet.epa.gov /public/data/oecaftpx/web/compliance/resources/briefings/planning/data/air/2004conf afstrainingcurriculum.pdf
2004.08.05 15:09 B G:\WEB\compliance\resources\briefings\planning\data\air\2004conf\afsfundamentals.pdf --> intranet.epa.gov /public/data/oecaftpx/web/compliance/resources/briefings/planning/data/air/2004conf afsfundamentals.pdf
2004.08.05 15:09 B G:\WEB\compliance\resources\briefings\planning\data\air\2004conf\uiburdenreduction.pdf --> intranet.epa.gov /public/data/oecaftpx/web/compliance/resources/briefings/planning/data/air/2004conf uiburdenreduction.pdf
2004.08.05 15:10 B G:\WEB\compliance\resources\briefings\planning\data\air\2004conf\theyearinafs.pdf --> intranet.epa.gov /public/data/oecaftpx/web/compliance/resources/briefings/planning/data/air/2004conf theyearinafs.pdf
2004.08.05 15:10 B G:\WEB\compliance\resources\briefings\planning\data\air\2004conf\tempoimplementation.pdf --> intranet.epa.gov /public/data/oecaftpx/web/compliance/resources/briefings/planning/data/air/2004conf tempoimplementation.pdf
2004.08.05 15:10 B G:\WEB\compliance\resources\briefings\planning\data\air\2004conf\statereviewframework.pdf --> intranet.epa.gov /public/data/oecaftpx/web/compliance/resources/briefings/planning/data/air/2004conf statereviewframework.pdf
2004.08.05 15:10 B G:\WEB\compliance\resources\briefings\planning\data\air\2004conf\srmgmtrpts.pdf --> intranet.epa.gov /public/data/oecaftpx/web/compliance/resources/briefings/planning/data/air/2004conf srmgmtrpts.pdf
2004.08.05 15:10 B G:\WEB\compliance\resources\briefings\planning\data\air\2004conf\security.pdf --> intranet.epa.gov /public/data/oecaftpx/web/compliance/resources/briefings/planning/data/air/2004conf security.pdf
2004.08.05 15:10 B G:\WEB\compliance\resources\briefings\planning\data\air\2004conf\recap.pdf --> intranet.epa.gov /public/data/oecaftpx/web/compliance/resources/briefings/planning/data/air/2004conf recap.pdf
2004.08.05 15:10 B G:\WEB\compliance\resources\briefings\planning\data\air\2004conf\preparingeffectiveproposals.pdf --> intranet.epa.gov /public/data/oecaftpx/web/compliance/resources/briefings/planning/data/air/2004conf preparingeffectiveproposals.pdf
2004.08.05 15:10 B G:\WEB\compliance\resources\briefings\planning\data\air\2004conf\otis.pdf --> intranet.epa.gov /public/data/oecaftpx/web/compliance/resources/briefings/planning/data/air/2004conf otis.pdf
2004.08.05 15:10 B G:\WEB\compliance\resources\briefings\planning\data\air\2004conf\mact.pdf --> intranet.epa.gov /public/data/oecaftpx/web/compliance/resources/briefings/planning/data/air/2004conf mact.pdf
2004.08.05 15:10 B G:\WEB\compliance\resources\briefings\planning\data\air\2004conf\cmstraining.pdf --> intranet.epa.gov /public/data/oecaftpx/web/compliance/resources/briefings/planning/data/air/2004conf cmstraining.pdf
2004.08.05 15:10 B G:\WEB\compliance\resources\briefings\planning\data\air\2004conf\otisechowatchlist.pdf --> intranet.epa.gov /public/data/oecaftpx/web/compliance/resources/briefings/planning/data/air/2004conf otisechowatchlist.pdf
2004.08.05 15:10 B G:\WEB\compliance\resources\briefings\planning\data\air\2004conf\batchtraining.pdf --> intranet.epa.gov /public/data/oecaftpx/web/compliance/resources/briefings/planning/data/air/2004conf batchtraining.pdf
2004.08.05 15:10 B G:\WEB\compliance\resources\briefings\planning\data\air\2004conf\afsmodernization.pdf --> intranet.epa.gov /public/data/oecaftpx/web/compliance/resources/briefings/planning/data/air/2004conf afsmodernization.pdf
2004.08.05 15:10 B G:\WEB\compliance\resources\briefings\planning\data\air\2004conf\afsicrrenewal.pdf --> intranet.epa.gov /public/data/oecaftpx/web/compliance/resources/briefings/planning/data/air/2004conf afsicrrenewal.pdf
2004.08.06 10:15 B G:\WEB\compliance\resources\briefings\planning\data\air\2004conf\preparingeffectiveproposals.pdf --> intranet.epa.gov /public/data/oecaftpx/web/compliance/resources/briefings/planning/data/air/2004conf preparingeffectiveproposals.pdf
2004.08.23 09:57 B G:\web\compliance\resources\briefings\planning\data\air\2004conf\afs2004attendees.pdf --> mountain.epa.gov /public/data/oecaerth/web/resources/briefings/planning/data/air/2004conf afs2004attendees.pdf
2004.08.23 09:57 B G:\web\compliance\resources\briefings\planning\data\air\2004conf\afsfundamentals.pdf --> mountain.epa.gov /public/data/oecaerth/web/resources/briefings/planning/data/air/2004conf afsfundamentals.pdf
2004.08.23 09:57 B G:\web\compliance\resources\briefings\planning\data\air\2004conf\afsicrrenewal.pdf --> mountain.epa.gov /public/data/oecaerth/web/resources/briefings/planning/data/air/2004conf afsicrrenewal.pdf
2004.08.23 09:57 B G:\web\compliance\resources\briefings\planning\data\air\2004conf\afsmodernization.pdf --> mountain.epa.gov /public/data/oecaerth/web/resources/briefings/planning/data/air/2004conf afsmodernization.pdf
2004.08.23 09:57 B G:\web\compliance\resources\briefings\planning\data\air\2004conf\afstrainingcurriculum.pdf --> mountain.epa.gov /public/data/oecaerth/web/resources/briefings/planning/data/air/2004conf afstrainingcurriculum.pdf
2004.08.23 09:58 B G:\web\compliance\resources\briefings\planning\data\air\2004conf\batchtraining.pdf --> mountain.epa.gov /public/data/oecaerth/web/resources/briefings/planning/data/air/2004conf batchtraining.pdf
2004.08.23 09:58 B G:\web\compliance\resources\briefings\planning\data\air\2004conf\cms.pdf --> mountain.epa.gov /public/data/oecaerth/web/resources/briefings/planning/data/air/2004conf cms.pdf
2004.08.23 09:58 B G:\web\compliance\resources\briefings\planning\data\air\2004conf\cmstraining.pdf --> mountain.epa.gov /public/data/oecaerth/web/resources/briefings/planning/data/air/2004conf cmstraining.pdf
2004.08.23 09:58 B G:\web\compliance\resources\briefings\planning\data\air\2004conf\hpv.pdf --> mountain.epa.gov /public/data/oecaerth/web/resources/briefings/planning/data/air/2004conf hpv.pdf
2004.08.23 09:58 B G:\web\compliance\resources\briefings\planning\data\air\2004conf\mact.pdf --> mountain.epa.gov /public/data/oecaerth/web/resources/briefings/planning/data/air/2004conf mact.pdf
2004.08.23 09:58 B G:\web\compliance\resources\briefings\planning\data\air\2004conf\otis.pdf --> mountain.epa.gov /public/data/oecaerth/web/resources/briefings/planning/data/air/2004conf otis.pdf
2004.08.23 09:58 B G:\web\compliance\resources\briefings\planning\data\air\2004conf\otisechowatchlist.pdf --> mountain.epa.gov /public/data/oecaerth/web/resources/briefings/planning/data/air/2004conf otisechowatchlist.pdf
2004.08.23 09:58 B G:\web\compliance\resources\briefings\planning\data\air\2004conf\preparingeffectiveproposals.pdf --> mountain.epa.gov /public/data/oecaerth/web/resources/briefings/planning/data/air/2004conf preparingeffectiveproposals.pdf
2004.08.23 09:58 B G:\web\compliance\resources\briefings\planning\data\air\2004conf\recap.pdf --> mountain.epa.gov /public/data/oecaerth/web/resources/briefings/planning/data/air/2004conf recap.pdf
2004.08.23 09:58 B G:\web\compliance\resources\briefings\planning\data\air\2004conf\security.pdf --> mountain.epa.gov /public/data/oecaerth/web/resources/briefings/planning/data/air/2004conf security.pdf
2004.08.23 09:58 B G:\web\compliance\resources\briefings\planning\data\air\2004conf\srmgmtrpts.pdf --> mountain.epa.gov /public/data/oecaerth/web/resources/briefings/planning/data/air/2004conf srmgmtrpts.pdf
2004.08.23 09:58 B G:\web\compliance\resources\briefings\planning\data\air\2004conf\stag grants.pdf --> mountain.epa.gov /public/data/oecaerth/web/resources/briefings/planning/data/air/2004conf stag grants.pdf
2004.08.23 09:58 B G:\web\compliance\resources\briefings\planning\data\air\2004conf\statereviewframework.pdf --> mountain.epa.gov /public/data/oecaerth/web/resources/briefings/planning/data/air/2004conf statereviewframework.pdf
2004.08.23 09:58 B G:\web\compliance\resources\briefings\planning\data\air\2004conf\tempoimplementation.pdf --> mountain.epa.gov /public/data/oecaerth/web/resources/briefings/planning/data/air/2004conf tempoimplementation.pdf
2004.08.23 09:59 B G:\web\compliance\resources\briefings\planning\data\air\2004conf\theyearinafs.pdf --> mountain.epa.gov /public/data/oecaerth/web/resources/briefings/planning/data/air/2004conf theyearinafs.pdf
2004.08.23 09:59 B G:\web\compliance\resources\briefings\planning\data\air\2004conf\uiburdenreduction.pdf --> mountain.epa.gov /public/data/oecaerth/web/resources/briefings/planning/data/air/2004conf uiburdenreduction.pdf
2005.03.03 08:03 B C:\docket\resources\briefings\planning\data\air\2004conf\ws_ftp.log <-- EPA Internet /public/data/oecaerth/web/resources/briefings/planning/data/air/2004conf ws_ftp.log
106.02.28 13:08 B E:\02_28_06-resources\resources\briefings\planning\data\air\2004conf\WS_FTP.LOG <-- EPA Internet /public/data/oecaerth/web/resources/briefings/planning/data/air/2004conf WS_FTP.LOG
106.03.02 00:22 B E:\compliance\resources\briefings\planning\data\air\2004conf\afs2004attendees.pdf --> mountain.epa.gov /public/data/oecaerth/web/resources/briefings/planning/data/air/2004conf afs2004attendees.pdf
106.03.02 00:22 B E:\compliance\resources\briefings\planning\data\air\2004conf\afsfundamentals.pdf --> mountain.epa.gov /public/data/oecaerth/web/resources/briefings/planning/data/air/2004conf afsfundamentals.pdf
106.03.02 00:22 B E:\compliance\resources\briefings\planning\data\air\2004conf\afsicrrenewal.pdf --> mountain.epa.gov /public/data/oecaerth/web/resources/briefings/planning/data/air/2004conf afsicrrenewal.pdf
106.03.02 00:22 B E:\compliance\resources\briefings\planning\data\air\2004conf\afsmodernization.pdf --> mountain.epa.gov /public/data/oecaerth/web/resources/briefings/planning/data/air/2004conf afsmodernization.pdf
106.03.02 00:22 B E:\compliance\resources\briefings\planning\data\air\2004conf\afstrainingcurriculum.pdf --> mountain.epa.gov /public/data/oecaerth/web/resources/briefings/planning/data/air/2004conf afstrainingcurriculum.pdf
106.03.02 00:22 B E:\compliance\resources\briefings\planning\data\air\2004conf\batchtraining.pdf --> mountain.epa.gov /public/data/oecaerth/web/resources/briefings/planning/data/air/2004conf batchtraining.pdf
106.03.02 00:22 B E:\compliance\resources\briefings\planning\data\air\2004conf\cms.pdf --> mountain.epa.gov /public/data/oecaerth/web/resources/briefings/planning/data/air/2004conf cms.pdf
106.03.02 00:22 B E:\compliance\resources\briefings\planning\data\air\2004conf\cmstraining.pdf --> mountain.epa.gov /public/data/oecaerth/web/resources/briefings/planning/data/air/2004conf cmstraining.pdf
106.03.02 00:22 B E:\compliance\resources\briefings\planning\data\air\2004conf\hpv.pdf --> mountain.epa.gov /public/data/oecaerth/web/resources/briefings/planning/data/air/2004conf hpv.pdf
106.03.02 00:22 B E:\compliance\resources\briefings\planning\data\air\2004conf\mact.pdf --> mountain.epa.gov /public/data/oecaerth/web/resources/briefings/planning/data/air/2004conf mact.pdf
106.03.02 00:22 B E:\compliance\resources\briefings\planning\data\air\2004conf\otis.pdf --> mountain.epa.gov /public/data/oecaerth/web/resources/briefings/planning/data/air/2004conf otis.pdf
106.03.02 00:22 B E:\compliance\resources\briefings\planning\data\air\2004conf\otisechowatchlist.pdf --> mountain.epa.gov /public/data/oecaerth/web/resources/briefings/planning/data/air/2004conf otisechowatchlist.pdf
106.03.02 00:22 B E:\compliance\resources\briefings\planning\data\air\2004conf\preparingeffectiveproposals.pdf --> mountain.epa.gov /public/data/oecaerth/web/resources/briefings/planning/data/air/2004conf preparingeffectiveproposals.pdf
106.03.02 00:22 B E:\compliance\resources\briefings\planning\data\air\2004conf\recap.pdf --> mountain.epa.gov /public/data/oecaerth/web/resources/briefings/planning/data/air/2004conf recap.pdf
106.03.02 00:22 B E:\compliance\resources\briefings\planning\data\air\2004conf\security.pdf --> mountain.epa.gov /public/data/oecaerth/web/resources/briefings/planning/data/air/2004conf security.pdf
106.03.02 00:22 B E:\compliance\resources\briefings\planning\data\air\2004conf\srmgmtrpts.pdf --> mountain.epa.gov /public/data/oecaerth/web/resources/briefings/planning/data/air/2004conf srmgmtrpts.pdf
106.03.02 00:22 B E:\compliance\resources\briefings\planning\data\air\2004conf\stag grants.pdf --> mountain.epa.gov /public/data/oecaerth/web/resources/briefings/planning/data/air/2004conf stag grants.pdf
106.03.02 00:22 B E:\compliance\resources\briefings\planning\data\air\2004conf\staggrants.pdf --> mountain.epa.gov /public/data/oecaerth/web/resources/briefings/planning/data/air/2004conf staggrants.pdf
106.03.02 00:22 B E:\compliance\resources\briefings\planning\data\air\2004conf\stagoverview.pdf --> mountain.epa.gov /public/data/oecaerth/web/resources/briefings/planning/data/air/2004conf stagoverview.pdf
106.03.02 00:22 B E:\compliance\resources\briefings\planning\data\air\2004conf\statereviewframework.pdf --> mountain.epa.gov /public/data/oecaerth/web/resources/briefings/planning/data/air/2004conf statereviewframework.pdf
106.03.02 00:22 B E:\compliance\resources\briefings\planning\data\air\2004conf\tempoimplementation.pdf --> mountain.epa.gov /public/data/oecaerth/web/resources/briefings/planning/data/air/2004conf tempoimplementation.pdf
106.03.02 00:24 B E:\compliance\resources\briefings\planning\data\air\2004conf\theyearinafs.pdf --> mountain.epa.gov /public/data/oecaerth/web/resources/briefings/planning/data/air/2004conf theyearinafs.pdf
106.03.02 00:24 B E:\compliance\resources\briefings\planning\data\air\2004conf\uiburdenreduction.pdf --> mountain.epa.gov /public/data/oecaerth/web/resources/briefings/planning/data/air/2004conf uiburdenreduction.pdf
