01.11.2005 Tue    15:11:54      Run # 001
Test Pulse 100 mV for Channel 0

01.11.2005 Tue    15:13:37      Run # 002
Test Pulse 100 mV for Channel 0

01.11.2005 Tue    15:13:56      Run # 003
Test Pulse 100 mV for Channel 0

01.11.2005 Tue    15:15:14      Run # 004
Test Pulse 100 mV for Channel 0

01.11.2005 ??    18:04:26      Run # 005
Normal generator

11.11.2005 ??    12:59:47      Run # 005
PERVOE VKLUCHENIE!
11.11.2005 ??    13:56:02      Run # 005
PERVOE VKLUCHENIE!
11.11.2005 ??    16:14:11      Run # 005
PERVOE VKLUCHENIE!
11.11.2005 ??    16:19:31      Run # 011
PERVOE VKLUCHENIE!
11.11.2005 ??    16:20:11      Run # 011
PERVOE VKLUCHENIE!
11.11.2005 ??    16:20:24      Run # 011
PERVOE VKLUCHENIE!
11.11.2005 ??    16:20:31      Run # 011
PERVOE VKLUCHENIE!
11.11.2005 ??    16:25:55      Run # 011
PERVOE VKLUCHENIE!
11.11.2005 ??    16:26:32      Run # 011
PERVOE VKLUCHENIE!
11.11.2005 ??    16:29:14      Run # 011
PERVOE VKLUCHENIE!
11.11.2005 ??    16:29:56      Run # 011
PERVOE VKLUCHENIE!
11.11.2005 ??    16:31:46      Run # 011
PERVOE VKLUCHENIE!
11.11.2005 ??    17:52:39      Run # 011

11.11.2005 ??    17:53:48      Run # 011

11.11.2005 ??    18:02:24      Run # 011

11.11.2005 ??    18:04:34      Run # 011

11.11.2005 ??    18:40:11      Run # 012

11.11.2005 ??    18:40:17      Run # 012

11.11.2005 ??    18:54:19      Run # 013

11.11.2005 ??    19:01:03      Run # 013

11.11.2005 ??    19:03:02      Run # 013

12.11.2005 ??    09:07:13      Run # 014
Stoit poglotitelnaya hrenovina pered calorimetrom
12.11.2005 ??    09:39:37      Run # 015
Stoit poglotitlb pered puchkom.
12.11.2005 ??    09:50:04      Run # 015
Stoit poglotitlb pered calorimetrom
6, 8 otvalilsya HV
12.11.2005 ??    10:01:55      Run # 015
Stoit poglotitlb pered calorimetrom
6, 8 otvalilsya HV
12.11.2005 ??    10:04:13      Run # 015
Stoit poglotitlb pered calorimetrom
6, 8 otvalilsya HV
12.11.2005 ??    11:28:55      Run # 016
diapazon 0:5V s poglotitelem pered calorim
12.11.2005 ??    12:08:55      Run # 017
diapazon 0:5V s poglotitelem pered calorim
12.11.2005 ??    12:13:32      Run # 017
diapazon 0:5V s poglotitelem pered calorim
12.11.2005 ??    12:14:28      Run # 017
diapazon 0:5V s poglotitelem pered calorim
12.11.2005 ??    12:42:01      Run # 018
Test run - kak zapisivayutsya dannie? S vichetom pedestalov ili bez?
12.11.2005 ??    12:47:51      Run # 018
test_run2
12.11.2005 ??    12:48:30      Run # 018
test_run2
12.11.2005 ??    13:25:25      Run # 018

12.11.2005 ??    13:26:01      Run # 019

12.11.2005 ??    13:26:25      Run # 019

12.11.2005 ??    14:47:20      Run # 019

12.11.2005 ??    14:48:23      Run # 019

12.11.2005 ??    16:39:05      Run # 019

12.11.2005 ??    16:40:06      Run # 019

12.11.2005 ??    19:04:50      Run # 020

12.11.2005 ??    21:11:38      Run # 022
Run 22 boevoy rezhim s poglotitelem pered calorimetrom
12.11.2005 ??    21:13:19      Run # 022
Run 22 boevoy rezhim s poglotitelem pered calorimetrom
12.11.2005 ??    21:18:03      Run # 022
Run 22 boevoy rezhim s poglotitelem pered calorimetrom
12.11.2005 ??    21:23:58      Run # 022
Run 22 boevoy rezhim s poglotitelem pered calorimetrom
12.11.2005 ??    21:30:23      Run # 022
Run 22 boevoy rezhim s poglotitelem pered calorimetrom
12.11.2005 ??    21:32:25      Run # 023
Run 22 boevoy rezhim s poglotitelem pered calorimetrom
-5+5 V
13.11.2005 ??    01:20:49      Run # 023

13.11.2005 ??    01:23:56      Run # 024

13.11.2005 ??    01:31:11      Run # 025

13.11.2005 ??    04:26:43      Run # 026

13.11.2005 ??    05:37:37      Run # 026

13.11.2005 ??    05:38:10      Run # 026

13.11.2005 ??    05:38:27      Run # 026

13.11.2005 ??    05:48:23      Run # 026

13.11.2005 ??    05:48:46      Run # 027

13.11.2005 ??    06:06:12      Run # 027

13.11.2005 ??    06:06:45      Run # 027

13.11.2005 ??    06:43:52      Run # 027

13.11.2005 ??    06:44:46      Run # 028

13.11.2005 ??    07:27:53      Run # 028

13.11.2005 ??    07:43:38      Run # 029

13.11.2005 ??    07:46:30      Run # 029

13.11.2005 ??    07:58:18      Run # 029

13.11.2005 ??    08:07:15      Run # 029

13.11.2005 ??    08:25:13      Run # 029

13.11.2005 ??    09:10:56      Run # 029

13.11.2005 ??    10:06:39      Run # 029

13.11.2005 ??    10:34:01      Run # 029

13.11.2005 ??    14:50:27      Run # 029

13.11.2005 ??    16:21:28      Run # 030
Test pulse mip
13.11.2005 ??    21:10:29      Run # 032
chistiy puchok
13.11.2005 ??    21:57:01      Run # 032

13.11.2005 ??    21:57:37      Run # 033

13.11.2005 ??    22:57:38      Run # 033

13.11.2005 ??    23:07:20      Run # 033

13.11.2005 ??    23:09:41      Run # 033

13.11.2005 ??    23:15:21      Run # 033

13.11.2005 ??    23:18:24      Run # 033

13.11.2005 ??    23:26:47      Run # 033

13.11.2005 ??    23:30:10      Run # 033

13.11.2005 ??    23:38:53      Run # 033

13.11.2005 ??    23:43:15      Run # 033

13.11.2005 ??    23:45:21      Run # 033

13.11.2005 ??    23:53:52      Run # 033

14.11.2005 ??    00:03:16      Run # 034

14.11.2005 ??    00:04:15      Run # 034

14.11.2005 ??    00:08:06      Run # 034

14.11.2005 ??    00:17:06      Run # 034

14.11.2005 ??    00:26:19      Run # 034

14.11.2005 ??    00:39:13      Run # 034

14.11.2005 ??    00:40:38      Run # 035
Both paddles are now in front of the box
14.11.2005 ??    00:42:36      Run # 035
Both paddles are now in front of the box
14.11.2005 ??    00:44:00      Run # 036
Both paddles are now in front of the box
14.11.2005 ??    00:44:58      Run # 036
Both paddles are now in front of the box
14.11.2005 ??    00:47:05      Run # 036
Both paddles are now in front of the box
14.11.2005 ??    00:47:52      Run # 036
Both paddles are now in front of the box
14.11.2005 ??    00:48:51      Run # 036
Both paddles are now in front of the box
14.11.2005 ??    00:51:25      Run # 036
Both paddles are now in front of the box
14.11.2005 ??    00:52:30      Run # 036
Both paddles are now in front of the box
14.11.2005 ??    00:55:35      Run # 036
Both paddles are now in front of the box
14.11.2005 ??    00:57:17      Run # 036
Both paddles are now in front of the box
14.11.2005 ??    00:58:56      Run # 036
Both paddles are now in front of the box
14.11.2005 ??    00:59:30      Run # 036
Both paddles are now in front of the box
14.11.2005 ??    01:00:21      Run # 036
Both paddles are now in front of the box
14.11.2005 ??    01:01:19      Run # 037
Both paddles are now in front of the box
0 5 V
14.11.2005 ??    01:01:59      Run # 037
Both paddles are now in front of the box
0 5 V
14.11.2005 ??    01:02:11      Run # 037
Both paddles are now in front of the box
0 5 V
14.11.2005 ??    01:03:07      Run # 037
Both paddles are now in front of the box
0 5 V
14.11.2005 ??    01:04:04      Run # 037
Both paddles are now in front of the box
0 5 V
14.11.2005 ??    01:05:23      Run # 037
Both paddles are now in front of the box
0 5 V
14.11.2005 ??    01:08:28      Run # 037
Both paddles are now in front of the box
0 5 V
14.11.2005 ??    01:09:48      Run # 037
Both paddles are now in front of the box
0 5 V
14.11.2005 ??    01:10:28      Run # 038
Both paddles are now in front of the box
-5 5 V
14.11.2005 ??    01:11:06      Run # 038
Both paddles are now in front of the box
-5 5 V
14.11.2005 ??    01:11:27      Run # 038
Both paddles are now in front of the box
-5 5 V
14.11.2005 ??    01:11:45      Run # 038
Both paddles are now in front of the box
-5 5 V
14.11.2005 ??    02:48:11      Run # 038

14.11.2005 ??    03:07:37      Run # 038

14.11.2005 ??    03:11:15      Run # 038

14.11.2005 ??    03:11:58      Run # 038

14.11.2005 ??    03:12:30      Run # 038

14.11.2005 ??    03:13:09      Run # 038

14.11.2005 ??    03:14:29      Run # 038

14.11.2005 ??    03:14:57      Run # 038

14.11.2005 ??    03:15:17      Run # 038

14.11.2005 ??    03:15:56      Run # 038

14.11.2005 ??    03:16:45      Run # 038

14.11.2005 ??    03:17:12      Run # 038

14.11.2005 ??    03:17:41      Run # 038

14.11.2005 ??    03:18:04      Run # 038

14.11.2005 ??    03:18:13      Run # 038

14.11.2005 ??    03:18:23      Run # 038

14.11.2005 ??    03:18:33      Run # 038

14.11.2005 ??    03:18:42      Run # 038

14.11.2005 ??    03:18:51      Run # 038

14.11.2005 ??    03:19:01      Run # 038

14.11.2005 ??    03:19:11      Run # 038

14.11.2005 ??    03:20:40      Run # 038

14.11.2005 ??    03:21:11      Run # 038

14.11.2005 ??    03:21:49      Run # 038

14.11.2005 ??    03:22:16      Run # 038

14.11.2005 ??    03:23:09      Run # 038

14.11.2005 ??    03:23:15      Run # 038

14.11.2005 ??    03:23:54      Run # 038

14.11.2005 ??    03:24:24      Run # 038

14.11.2005 ??    03:24:34      Run # 038

14.11.2005 ??    03:24:50      Run # 038

14.11.2005 ??    03:24:54      Run # 038

14.11.2005 ??    03:25:04      Run # 038

14.11.2005 ??    03:25:14      Run # 038

14.11.2005 ??    03:26:11      Run # 038

14.11.2005 ??    03:26:24      Run # 038

14.11.2005 ??    03:28:01      Run # 038

14.11.2005 ??    03:29:35      Run # 038

14.11.2005 ??    03:29:58      Run # 038

14.11.2005 ??    03:31:16      Run # 038

14.11.2005 ??    03:31:49      Run # 038

14.11.2005 ??    03:32:16      Run # 038

14.11.2005 ??    03:32:36      Run # 038

14.11.2005 ??    03:33:05      Run # 038

14.11.2005 ??    03:33:44      Run # 038

14.11.2005 ??    03:34:05      Run # 038

14.11.2005 ??    03:34:33      Run # 038

14.11.2005 ??    03:35:52      Run # 038

14.11.2005 ??    03:36:33      Run # 038

14.11.2005 ??    03:36:50      Run # 038

14.11.2005 ??    03:37:10      Run # 038

14.11.2005 ??    03:38:29      Run # 038

14.11.2005 ??    03:39:17      Run # 038

14.11.2005 ??    03:39:56      Run # 038

14.11.2005 ??    03:41:43      Run # 038

14.11.2005 ??    03:42:21      Run # 038

14.11.2005 ??    03:42:53      Run # 038

14.11.2005 ??    03:43:15      Run # 038

14.11.2005 ??    03:44:19      Run # 038

14.11.2005 ??    03:46:39      Run # 038

14.11.2005 ??    03:51:06      Run # 038

14.11.2005 ??    03:51:59      Run # 038

14.11.2005 ??    03:52:28      Run # 038

14.11.2005 ??    03:53:11      Run # 038

14.11.2005 ??    03:53:21      Run # 038

14.11.2005 ??    03:53:39      Run # 038

14.11.2005 ??    03:53:58      Run # 038

14.11.2005 ??    03:54:29      Run # 038

14.11.2005 ??    03:54:36      Run # 038

14.11.2005 ??    03:55:01      Run # 038

14.11.2005 ??    03:55:30      Run # 038

14.11.2005 ??    03:55:49      Run # 038

14.11.2005 ??    03:56:04      Run # 038

14.11.2005 ??    03:56:43      Run # 038

14.11.2005 ??    03:57:03      Run # 038

14.11.2005 ??    03:57:38      Run # 038

14.11.2005 ??    03:57:52      Run # 038

14.11.2005 ??    03:58:12      Run # 038

14.11.2005 ??    03:59:09      Run # 038

14.11.2005 ??    04:00:00      Run # 038

14.11.2005 ??    04:00:23      Run # 038

14.11.2005 ??    04:00:39      Run # 038

14.11.2005 ??    04:00:58      Run # 038

14.11.2005 ??    04:01:18      Run # 038

14.11.2005 ??    04:01:56      Run # 038

14.11.2005 ??    04:02:26      Run # 038

14.11.2005 ??    04:02:46      Run # 038

14.11.2005 ??    04:03:19      Run # 038

14.11.2005 ??    04:03:35      Run # 038

14.11.2005 ??    04:04:04      Run # 038

14.11.2005 ??    04:04:23      Run # 038

14.11.2005 ??    04:04:44      Run # 038

14.11.2005 ??    04:05:33      Run # 038

14.11.2005 ??    04:05:51      Run # 038

14.11.2005 ??    04:06:11      Run # 038

14.11.2005 ??    04:07:18      Run # 038

14.11.2005 ??    04:07:57      Run # 038

14.11.2005 ??    04:08:38      Run # 038

14.11.2005 ??    04:09:17      Run # 038

14.11.2005 ??    04:10:15      Run # 038

14.11.2005 ??    04:10:35      Run # 038

14.11.2005 ??    04:11:34      Run # 038

14.11.2005 ??    04:11:54      Run # 038

14.11.2005 ??    04:12:24      Run # 038

14.11.2005 ??    04:12:42      Run # 038

14.11.2005 ??    04:13:13      Run # 038

14.11.2005 ??    04:13:32      Run # 038

14.11.2005 ??    04:13:51      Run # 038

14.11.2005 ??    04:14:11      Run # 038

14.11.2005 ??    04:14:43      Run # 038

14.11.2005 ??    04:15:20      Run # 038

14.11.2005 ??    04:16:08      Run # 038

14.11.2005 ??    04:16:28      Run # 038

14.11.2005 ??    04:17:29      Run # 038

14.11.2005 ??    04:17:58      Run # 038

14.11.2005 ??    04:19:14      Run # 038

14.11.2005 ??    04:19:42      Run # 038

14.11.2005 ??    04:20:03      Run # 038

14.11.2005 ??    04:20:43      Run # 038

14.11.2005 ??    04:21:49      Run # 038

14.11.2005 ??    04:22:22      Run # 038

14.11.2005 ??    04:22:40      Run # 038

14.11.2005 ??    04:22:59      Run # 038

14.11.2005 ??    04:23:49      Run # 038

14.11.2005 ??    04:24:28      Run # 038

14.11.2005 ??    04:24:48      Run # 038

14.11.2005 ??    04:26:05      Run # 038

14.11.2005 ??    04:26:19      Run # 038

14.11.2005 ??    04:26:26      Run # 038

14.11.2005 ??    04:26:35      Run # 038

14.11.2005 ??    04:27:05      Run # 038

14.11.2005 ??    04:27:43      Run # 038

14.11.2005 ??    04:28:04      Run # 038

14.11.2005 ??    04:28:14      Run # 038

14.11.2005 ??    04:28:51      Run # 038

14.11.2005 ??    04:29:11      Run # 038

14.11.2005 ??    04:30:11      Run # 038

14.11.2005 ??    04:30:30      Run # 038

14.11.2005 ??    04:32:19      Run # 038

14.11.2005 ??    04:32:30      Run # 038

14.11.2005 ??    04:32:48      Run # 038

14.11.2005 ??    04:33:17      Run # 038

14.11.2005 ??    04:33:48      Run # 038

14.11.2005 ??    04:34:45      Run # 038

14.11.2005 ??    04:35:15      Run # 038

14.11.2005 ??    04:36:15      Run # 038

14.11.2005 ??    04:36:23      Run # 038

14.11.2005 ??    04:37:02      Run # 038

14.11.2005 ??    04:38:20      Run # 038

14.11.2005 ??    04:39:29      Run # 038

14.11.2005 ??    04:41:15      Run # 038

14.11.2005 ??    04:41:35      Run # 038

14.11.2005 ??    04:42:55      Run # 038

14.11.2005 ??    04:44:12      Run # 038

14.11.2005 ??    04:46:27      Run # 038

14.11.2005 ??    04:47:09      Run # 038

14.11.2005 ??    04:47:59      Run # 038

14.11.2005 ??    04:48:48      Run # 038

14.11.2005 ??    04:49:15      Run # 038

14.11.2005 ??    04:50:14      Run # 038

14.11.2005 ??    04:51:52      Run # 038

14.11.2005 ??    04:52:21      Run # 038

14.11.2005 ??    04:53:42      Run # 038

14.11.2005 ??    04:55:08      Run # 038

14.11.2005 ??    04:55:37      Run # 038

14.11.2005 ??    04:56:46      Run # 038

14.11.2005 ??    04:57:05      Run # 038

14.11.2005 ??    04:58:43      Run # 038

14.11.2005 ??    04:59:03      Run # 038

14.11.2005 ??    05:02:47      Run # 038

14.11.2005 ??    05:03:20      Run # 038

14.11.2005 ??    05:03:55      Run # 038

14.11.2005 ??    05:04:05      Run # 038

14.11.2005 ??    05:04:14      Run # 038

14.11.2005 ??    05:04:25      Run # 038

14.11.2005 ??    05:04:34      Run # 038

14.11.2005 ??    05:04:44      Run # 038

14.11.2005 ??    05:04:53      Run # 038

14.11.2005 ??    05:05:04      Run # 038

14.11.2005 ??    05:05:13      Run # 038

14.11.2005 ??    05:05:23      Run # 038

14.11.2005 ??    05:05:34      Run # 038

14.11.2005 ??    05:05:46      Run # 038

14.11.2005 ??    05:05:53      Run # 038

14.11.2005 ??    05:06:02      Run # 038

14.11.2005 ??    05:06:12      Run # 038

14.11.2005 ??    05:06:21      Run # 038

14.11.2005 ??    05:06:32      Run # 038

14.11.2005 ??    05:06:41      Run # 038

14.11.2005 ??    05:06:51      Run # 038

14.11.2005 ??    05:07:11      Run # 038

14.11.2005 ??    05:07:50      Run # 038

14.11.2005 ??    05:12:34      Run # 038

14.11.2005 ??    05:13:34      Run # 038

14.11.2005 ??    05:14:34      Run # 039
Postavlen plastik rebrom k puchku 10 sm tolshinoy
14.11.2005 ??    05:15:36      Run # 039
Postavlen plastik rebrom k puchku 10 sm tolshinoy
14.11.2005 ??    05:18:56      Run # 039
Postavlen plastik rebrom k puchku 10 sm tolshinoy
14.11.2005 ??    05:31:13      Run # 040
Postavlen plastik rebrom k puchku 10 sm tolshinoy
14.11.2005 ??    05:31:49      Run # 040
Postavlen plastik rebrom k puchku 10 sm tolshinoy. Puchik v storone na 6 cm.
14.11.2005 ??    05:45:04      Run # 040
Postavlen plastik rebrom k puchku 10 sm tolshinoy. Puchik v storone na 6 cm.
14.11.2005 ??    06:11:14      Run # 040
Postavlen plastik rebrom k puchku 10 sm tolshinoy. Puchik v storone na 6 cm.
14.11.2005 ??    06:49:50      Run # 041
Postavlen plastik rebrom k puchku 10 sm tolshinoy. Ubran poglotitl
14.11.2005 ??    07:43:25      Run # 041
Postavlen plastik rebrom k puchku 10 sm tolshinoy. Ubran poglotitl
14.11.2005 ??    07:56:50      Run # 041
Postavlen plastik rebrom k puchku 10 sm tolshinoy. Ubran poglotitl
14.11.2005 ??    08:21:32      Run # 041
Postavlen plastik rebrom k puchku 10 sm tolshinoy. Ubran poglotitl
14.11.2005 ??    08:34:53      Run # 042

14.11.2005 ??    08:35:10      Run # 042

14.11.2005 ??    08:35:25      Run # 042

14.11.2005 ??    08:35:38      Run # 042

14.11.2005 ??    08:36:24      Run # 042

14.11.2005 ??    08:36:44      Run # 042
Bez bolvanki pered detectorom
14.11.2005 ??    08:37:53      Run # 042
Bez bolvanki pered detectorom
14.11.2005 ??    08:38:14      Run # 042
Bez bolvanki pered detectorom
14.11.2005 ??    08:39:20      Run # 042
Bez bolvanki pered detectorom
14.11.2005 ??    08:40:28      Run # 042
Bez bolvanki pered detectorom
14.11.2005 ??    16:29:27      Run # 042

14.11.2005 ??    19:22:09      Run # 042

14.11.2005 ??    19:46:01      Run # 042

14.11.2005 ??    19:47:31      Run # 043
Protons, Trigger goes through G5-63 generator. Additional delay ~300 ns.
14.11.2005 ??    19:48:06      Run # 043
Protons, Trigger goes through G5-63 generator. Additional delay ~300 ns.
14.11.2005 ??    19:49:51      Run # 043
Protons, Trigger goes through G5-63 generator. Additional delay ~300 ns.
14.11.2005 ??    19:51:18      Run # 043
Protons, Trigger goes through G5-63 generator. Additional delay ~300 ns.
14.11.2005 ??    19:51:41      Run # 043
Protons, Trigger goes through G5-63 generator. Additional delay ~300 ns.
14.11.2005 ??    19:52:18      Run # 043
Protons, Trigger goes through G5-63 generator. Additional delay ~300 ns.
14.11.2005 ??    19:52:37      Run # 043
Protons, Trigger goes through G5-63 generator. Additional delay ~300 ns.
14.11.2005 ??    19:53:32      Run # 043
Protons, Trigger goes through G5-63 generator. Additional delay ~300 ns.
14.11.2005 ??    20:12:19      Run # 044
Protons, Trigger goes through G5-63 generator. Additional delay ~300 ns.
14.11.2005 ??    21:39:08      Run # 045
Range = -1,+2V
14.11.2005 ??    22:27:53      Run # 045
Range = -1,+2V
14.11.2005 ??    22:37:24      Run # 046
Range = -1,+2V
15.11.2005 ??    00:17:30      Run # 047
Trig delay 632 ns
15.11.2005 ??    00:27:27      Run # 048
Trig delay 832 ns
15.11.2005 ??    00:36:03      Run # 049
Trig delay 1032 ns
15.11.2005 ??    00:41:20      Run # 049
Trig delay 1032 ns
15.11.2005 ??    00:45:04      Run # 050
Trig delay 1232 ns
15.11.2005 ??    01:05:49      Run # 051
Trig delay 1632 ns
15.11.2005 ??    01:17:56      Run # 052
Trig delay 232 ns
15.11.2005 ??    01:34:08      Run # 052
Standard Trig delay 432 ns
15.11.2005 ??    01:34:19      Run # 053
Standard Trig delay 432 ns
15.11.2005 ??    02:33:16      Run # 054
In-plane paddles.
15.11.2005 ??    08:41:05      Run # 054
In-plane paddles.
15.11.2005 ??    11:12:36      Run # 056
T&H scan delay -4000 ns
15.11.2005 ??    11:14:48      Run # 056
T&H scan delay -3500 ns
15.11.2005 ??    11:17:06      Run # 058
T&H scan delay -3000 ns
15.11.2005 ??    11:18:00      Run # 058
T&H scan delay -2500 ns
15.11.2005 ??    11:18:45      Run # 059
T&H scan delay -2500 ns
15.11.2005 ??    11:20:02      Run # 060
T&H scan delay -2500 ns
15.11.2005 ??    11:23:02      Run # 061
T&H scan delay -1500 ns
15.11.2005 ??    11:25:03      Run # 062
T&H scan delay -1200 ns
15.11.2005 ??    11:25:46      Run # 063
T&H scan delay -1000 ns
15.11.2005 ??    11:26:34      Run # 064
T&H scan delay -800 ns
15.11.2005 ??    11:27:36      Run # 065
T&H scan delay -600 ns
15.11.2005 ??    11:28:35      Run # 066
T&H scan delay -400 ns
15.11.2005 ??    11:29:49      Run # 067
T&H scan delay -200 ns
15.11.2005 ??    11:31:30      Run # 067
T&H scan delay -000 ns
15.11.2005 ??    11:31:44      Run # 068
T&H scan delay -000 ns
15.11.2005 ??    11:32:38      Run # 068
T&H scan delay -000 ns
15.11.2005 ??    11:34:12      Run # 069
T&H scan delay +200 ns
15.11.2005 ??    11:34:50      Run # 070
T&H scan delay +400 ns
15.11.2005 ??    11:35:52      Run # 071
T&H scan delay +600 ns
15.11.2005 ??    11:36:28      Run # 072
T&H scan delay +800 ns
