Package build of libcap started.  (Tuesday, 11 October 2005 00:58:29 EDT)
/bin/ls: /usr/src/autobuild.mezz/x86_64/00_LOGS/syslib/libcap/SRPMS/../: No such file or directory
Resetting chroot jail, please wait.
Executing(%prep): /bin/sh -e /var/tmp/rpm-tmp.84093
+ umask 022
+ cd /usr/src/autobuild.mezz/x86_64/00_LOGS/syslib/libcap/BUILD
+ LANG=C
+ export LANG
+ unset DISPLAY
+ cd /usr/src/autobuild.mezz/x86_64/00_LOGS/syslib/libcap/BUILD
+ rm -rf libcap-1.10
+ /usr/bin/bzip2 -dc /usr/src/autobuild.mezz/x86_64/00_LOGS/syslib/libcap/SOURCES/libcap-1.10.tar.bz2
+ tar -xf -
+ STATUS=0
+ '[' 0 -ne 0 ']'
+ cd libcap-1.10
+ echo 'Patch #0 (libcap-1.10-ia64.patch):'
Patch #0 (libcap-1.10-ia64.patch):
+ patch -p1 -b --suffix .ia64 -s
+ echo 'Patch #1 (libcap-1.10-userland.patch):'
Patch #1 (libcap-1.10-userland.patch):
+ patch -p1 -b --suffix .userland -s
+ echo 'Patch #2 (libcap-1.10-shared.patch):'
Patch #2 (libcap-1.10-shared.patch):
+ patch -p1 -b --suffix .shared -s
+ exit 0
Executing(%build): /bin/sh -e /var/tmp/rpm-tmp.57599
+ umask 022
+ cd /usr/src/autobuild.mezz/x86_64/00_LOGS/syslib/libcap/BUILD
+ cd libcap-1.10
+ LANG=C
+ export LANG
+ unset DISPLAY
+ make PREFIX=/usr LIBDIR=/usr/lib64
make -C libcap CC='gcc' CFLAGS='-Dlinux -D_POSIX_SOURCE -Wall -Wwrite-strings -Wpointer-arith -Wcast-qual -Wcast-align -Wtraditional -Wstrict-prototypes -Wmissing-prototypes -Wnested-externs -Winline -Wshadow -g   -I/usr/src/autobuild.mezz/x86_64/00_LOGS/syslib/libcap/BUILD/libcap-1.10/libcap/include' LD='ld' LIBS='-L/usr/src/autobuild.mezz/x86_64/00_LOGS/syslib/libcap/BUILD/libcap-1.10/libcap -lcap' LDFLAGS='-s ' VERSION='1' MINOR='10' LIBDIR='/usr/lib64' INCDIR='/usr/include' SBINDIR='/sbin' MANDIR='/usr/man' all
make[1]: Entering directory `/usr/src/autobuild.mezz/x86_64/00_LOGS/syslib/libcap/BUILD/libcap-1.10/libcap'
=> making cap_names.c from <linux/capability.h>
gcc -Dlinux -D_POSIX_SOURCE -Wall -Wwrite-strings -Wpointer-arith -Wcast-qual -Wcast-align -Wtraditional -Wstrict-prototypes -Wmissing-prototypes -Wnested-externs -Winline -Wshadow -g   -I/usr/src/autobuild.mezz/x86_64/00_LOGS/syslib/libcap/BUILD/libcap-1.10/libcap/include -s  _makenames.c -o _makenames
_makenames.c: In function `main':
_makenames.c:30: warning: traditional C rejects ISO C style function definitions
_makenames.c:48: warning: traditional C rejects string constant concatenation
_makenames.c:60: warning: traditional C rejects string constant concatenation
./_makenames > cap_names.h
gcc -Dlinux -D_POSIX_SOURCE -Wall -Wwrite-strings -Wpointer-arith -Wcast-qual -Wcast-align -Wtraditional -Wstrict-prototypes -Wmissing-prototypes -Wnested-externs -Winline -Wshadow -g   -I/usr/src/autobuild.mezz/x86_64/00_LOGS/syslib/libcap/BUILD/libcap-1.10/libcap/include -fpic -c cap_alloc.c -o cap_alloc.o
In file included from cap_alloc.c:12:
libcap.h:57:3: warning: suggest hiding #error from traditional C with an indented #
libcap.h:58:3: warning: suggest hiding #error from traditional C with an indented #
cap_alloc.c: In function `cap_init':
cap_alloc.c:19: warning: traditional C rejects ISO C style function definitions
cap_alloc.c: In function `_libcap_strdup':
cap_alloc.c:46: warning: traditional C rejects ISO C style function definitions
cap_alloc.c: In function `cap_dup':
cap_alloc.c:73: warning: traditional C rejects ISO C style function definitions
cap_alloc.c: In function `cap_free':
cap_alloc.c:99: warning: traditional C rejects ISO C style function definitions
gcc -Dlinux -D_POSIX_SOURCE -Wall -Wwrite-strings -Wpointer-arith -Wcast-qual -Wcast-align -Wtraditional -Wstrict-prototypes -Wmissing-prototypes -Wnested-externs -Winline -Wshadow -g   -I/usr/src/autobuild.mezz/x86_64/00_LOGS/syslib/libcap/BUILD/libcap-1.10/libcap/include -fpic -c cap_proc.c -o cap_proc.o
In file included from cap_proc.c:11:
libcap.h:57:3: warning: suggest hiding #error from traditional C with an indented #
libcap.h:58:3: warning: suggest hiding #error from traditional C with an indented #
cap_proc.c: In function `cap_get_proc':
cap_proc.c:14: warning: traditional C rejects ISO C style function definitions
cap_proc.c: In function `cap_set_proc':
cap_proc.c:32: warning: traditional C rejects ISO C style function definitions
cap_proc.c: In function `capgetp':
cap_proc.c:52: warning: traditional C rejects ISO C style function definitions
cap_proc.c: In function `capsetp':
cap_proc.c:73: warning: traditional C rejects ISO C style function definitions
gcc -Dlinux -D_POSIX_SOURCE -Wall -Wwrite-strings -Wpointer-arith -Wcast-qual -Wcast-align -Wtraditional -Wstrict-prototypes -Wmissing-prototypes -Wnested-externs -Winline -Wshadow -g   -I/usr/src/autobuild.mezz/x86_64/00_LOGS/syslib/libcap/BUILD/libcap-1.10/libcap/include -fpic -c cap_extint.c -o cap_extint.o
In file included from cap_extint.c:12:
libcap.h:57:3: warning: suggest hiding #error from traditional C with an indented #
libcap.h:58:3: warning: suggest hiding #error from traditional C with an indented #
cap_extint.c: In function `cap_size':
cap_extint.c:35: warning: traditional C rejects ISO C style function definitions
cap_extint.c: In function `cap_copy_ext':
cap_extint.c:46: warning: traditional C rejects ISO C style function definitions
cap_extint.c: In function `cap_copy_int':
cap_extint.c:89: warning: traditional C rejects ISO C style function definitions
gcc -Dlinux -D_POSIX_SOURCE -Wall -Wwrite-strings -Wpointer-arith -Wcast-qual -Wcast-align -Wtraditional -Wstrict-prototypes -Wmissing-prototypes -Wnested-externs -Winline -Wshadow -g   -I/usr/src/autobuild.mezz/x86_64/00_LOGS/syslib/libcap/BUILD/libcap-1.10/libcap/include -fpic -c cap_flag.c -o cap_flag.o
In file included from cap_flag.c:12:
libcap.h:57:3: warning: suggest hiding #error from traditional C with an indented #
libcap.h:58:3: warning: suggest hiding #error from traditional C with an indented #
cap_flag.c: In function `cap_get_flag':
cap_flag.c:22: warning: traditional C rejects ISO C style function definitions
cap_flag.c: In function `cap_set_flag':
cap_flag.c:52: warning: traditional C rejects ISO C style function definitions
cap_flag.c: In function `cap_clear':
cap_flag.c:93: warning: traditional C rejects ISO C style function definitions
gcc -Dlinux -D_POSIX_SOURCE -Wall -Wwrite-strings -Wpointer-arith -Wcast-qual -Wcast-align -Wtraditional -Wstrict-prototypes -Wmissing-prototypes -Wnested-externs -Winline -Wshadow -g   -I/usr/src/autobuild.mezz/x86_64/00_LOGS/syslib/libcap/BUILD/libcap-1.10/libcap/include -fpic -c cap_text.c -o cap_text.o
In file included from cap_text.c:14:
libcap.h:57:3: warning: suggest hiding #error from traditional C with an indented #
libcap.h:58:3: warning: suggest hiding #error from traditional C with an indented #
cap_text.c: In function `_setbits':
cap_text.c:33: warning: traditional C rejects ISO C style function definitions
cap_text.c: In function `_clrbits':
cap_text.c:41: warning: traditional C rejects ISO C style function definitions
cap_text.c: In function `namcmp':
cap_text.c:48: warning: traditional C rejects ISO C style function definitions
cap_text.c: In function `lookupname':
cap_text.c:59: warning: traditional C rejects ISO C style function definitions
cap_text.c:62: warning: cast discards qualifiers from pointer target type
cap_text.c: In function `cap_from_text':
cap_text.c:80: warning: traditional C rejects ISO C style function definitions
cap_text.c:100: warning: traditional C rejects automatic aggregate initialization
cap_text.c: In function `getstateflags':
cap_text.c:224: warning: traditional C rejects ISO C style function definitions
cap_text.c: In function `cap_to_text':
cap_text.c:240: warning: traditional C rejects ISO C style function definitions
cap_text.c:243: warning: traditional C rejects automatic aggregate initialization
gcc -Dlinux -D_POSIX_SOURCE -Wall -Wwrite-strings -Wpointer-arith -Wcast-qual -Wcast-align -Wtraditional -Wstrict-prototypes -Wmissing-prototypes -Wnested-externs -Winline -Wshadow -g   -I/usr/src/autobuild.mezz/x86_64/00_LOGS/syslib/libcap/BUILD/libcap-1.10/libcap/include -fpic -c cap_sys.c -o cap_sys.o
In file included from cap_sys.c:10:
libcap.h:57:3: warning: suggest hiding #error from traditional C with an indented #
libcap.h:58:3: warning: suggest hiding #error from traditional C with an indented #
gcc -Wl,-soname,libcap.so.1 -Wl,-x -shared -o libcap.so.1.10 cap_alloc.o cap_proc.o cap_extint.o cap_flag.o cap_text.o cap_sys.o
ln -sf libcap.so.1.10 libcap.so.1
ln -sf libcap.so.1 libcap.so
make[1]: Leaving directory `/usr/src/autobuild.mezz/x86_64/00_LOGS/syslib/libcap/BUILD/libcap-1.10/libcap'
make -C progs CC='gcc' CFLAGS='-Dlinux -D_POSIX_SOURCE -Wall -Wwrite-strings -Wpointer-arith -Wcast-qual -Wcast-align -Wtraditional -Wstrict-prototypes -Wmissing-prototypes -Wnested-externs -Winline -Wshadow -g   -I/usr/src/autobuild.mezz/x86_64/00_LOGS/syslib/libcap/BUILD/libcap-1.10/libcap/include' LD='ld' LIBS='-L/usr/src/autobuild.mezz/x86_64/00_LOGS/syslib/libcap/BUILD/libcap-1.10/libcap -lcap' LDFLAGS='-s ' VERSION='1' MINOR='10' LIBDIR='/usr/lib64' INCDIR='/usr/include' SBINDIR='/sbin' MANDIR='/usr/man' all
make[1]: Entering directory `/usr/src/autobuild.mezz/x86_64/00_LOGS/syslib/libcap/BUILD/libcap-1.10/progs'
gcc -Dlinux -D_POSIX_SOURCE -Wall -Wwrite-strings -Wpointer-arith -Wcast-qual -Wcast-align -Wtraditional -Wstrict-prototypes -Wmissing-prototypes -Wnested-externs -Winline -Wshadow -g   -I/usr/src/autobuild.mezz/x86_64/00_LOGS/syslib/libcap/BUILD/libcap-1.10/libcap/include -c getpcaps.c -o getpcaps.o
getpcaps.c: In function `usage':
getpcaps.c:18: warning: traditional C rejects ISO C style function definitions
getpcaps.c:24: warning: traditional C rejects string constant concatenation
getpcaps.c: In function `main':
getpcaps.c:29: warning: traditional C rejects ISO C style function definitions
getpcaps.c:43: warning: traditional C rejects string constant concatenation
getpcaps.c:51: warning: traditional C rejects string constant concatenation
gcc -s  -o getpcaps getpcaps.o -L/usr/src/autobuild.mezz/x86_64/00_LOGS/syslib/libcap/BUILD/libcap-1.10/libcap -lcap
gcc -Dlinux -D_POSIX_SOURCE -Wall -Wwrite-strings -Wpointer-arith -Wcast-qual -Wcast-align -Wtraditional -Wstrict-prototypes -Wmissing-prototypes -Wnested-externs -Winline -Wshadow -g   -I/usr/src/autobuild.mezz/x86_64/00_LOGS/syslib/libcap/BUILD/libcap-1.10/libcap/include -c setpcaps.c -o setpcaps.o
setpcaps.c: In function `usage':
setpcaps.c:19: warning: traditional C rejects ISO C style function definitions
setpcaps.c:28: warning: traditional C rejects string constant concatenation
setpcaps.c: In function `read_caps':
setpcaps.c:35: warning: traditional C rejects ISO C style function definitions
setpcaps.c: In function `main':
setpcaps.c:67: warning: traditional C rejects ISO C style function definitions
gcc -s  -o setpcaps setpcaps.o -L/usr/src/autobuild.mezz/x86_64/00_LOGS/syslib/libcap/BUILD/libcap-1.10/libcap -lcap
gcc -Dlinux -D_POSIX_SOURCE -Wall -Wwrite-strings -Wpointer-arith -Wcast-qual -Wcast-align -Wtraditional -Wstrict-prototypes -Wmissing-prototypes -Wnested-externs -Winline -Wshadow -g   -I/usr/src/autobuild.mezz/x86_64/00_LOGS/syslib/libcap/BUILD/libcap-1.10/libcap/include -c execcap.c -o execcap.o
execcap.c: In function `usage':
execcap.c:18: warning: traditional C rejects ISO C style function definitions
execcap.c:26: warning: traditional C rejects string constant concatenation
execcap.c:28: warning: implicit declaration of function `exit'
execcap.c:28: warning: nested extern declaration of `exit'
execcap.c: At top level:
execcap.c:32: warning: return type of 'main' is not `int'
execcap.c: In function `main':
execcap.c:32: warning: traditional C rejects ISO C style function definitions
gcc -s  -o execcap execcap.o -L/usr/src/autobuild.mezz/x86_64/00_LOGS/syslib/libcap/BUILD/libcap-1.10/libcap -lcap
gcc -Dlinux -D_POSIX_SOURCE -Wall -Wwrite-strings -Wpointer-arith -Wcast-qual -Wcast-align -Wtraditional -Wstrict-prototypes -Wmissing-prototypes -Wnested-externs -Winline -Wshadow -g   -I/usr/src/autobuild.mezz/x86_64/00_LOGS/syslib/libcap/BUILD/libcap-1.10/libcap/include -c sucap.c -o sucap.o
sucap.c: In function `usage':
sucap.c:25: warning: traditional C rejects ISO C style function definitions
sucap.c:33: warning: traditional C rejects string constant concatenation
sucap.c:35: warning: implicit declaration of function `exit'
sucap.c:35: warning: nested extern declaration of `exit'
sucap.c: In function `wait_on_fd':
sucap.c:41: warning: traditional C rejects ISO C style function definitions
sucap.c: At top level:
sucap.c:52: warning: return type of 'main' is not `int'
sucap.c: In function `main':
sucap.c:52: warning: traditional C rejects ISO C style function definitions
sucap.c:74: warning: nested extern declaration of `exit'
sucap.c:84: warning: nested extern declaration of `exit'
sucap.c:92: warning: nested extern declaration of `exit'
sucap.c:97: warning: nested extern declaration of `exit'
sucap.c:105: warning: nested extern declaration of `exit'
sucap.c:119: warning: nested extern declaration of `exit'
sucap.c:134: warning: nested extern declaration of `exit'
sucap.c:161: warning: nested extern declaration of `exit'
gcc -s  -o sucap sucap.o -L/usr/src/autobuild.mezz/x86_64/00_LOGS/syslib/libcap/BUILD/libcap-1.10/libcap -lcap
make[1]: Leaving directory `/usr/src/autobuild.mezz/x86_64/00_LOGS/syslib/libcap/BUILD/libcap-1.10/progs'
make -C doc CC='gcc' CFLAGS='-Dlinux -D_POSIX_SOURCE -Wall -Wwrite-strings -Wpointer-arith -Wcast-qual -Wcast-align -Wtraditional -Wstrict-prototypes -Wmissing-prototypes -Wnested-externs -Winline -Wshadow -g   -I/usr/src/autobuild.mezz/x86_64/00_LOGS/syslib/libcap/BUILD/libcap-1.10/libcap/include' LD='ld' LIBS='-L/usr/src/autobuild.mezz/x86_64/00_LOGS/syslib/libcap/BUILD/libcap-1.10/libcap -lcap' LDFLAGS='-s ' VERSION='1' MINOR='10' LIBDIR='/usr/lib64' INCDIR='/usr/include' SBINDIR='/sbin' MANDIR='/usr/man' all
make[1]: Entering directory `/usr/src/autobuild.mezz/x86_64/00_LOGS/syslib/libcap/BUILD/libcap-1.10/doc'
make[1]: Nothing to be done for `all'.
make[1]: Leaving directory `/usr/src/autobuild.mezz/x86_64/00_LOGS/syslib/libcap/BUILD/libcap-1.10/doc'
+ exit 0
Executing(%install): /bin/sh -e /var/tmp/rpm-tmp.97469
+ umask 022
+ cd /usr/src/autobuild.mezz/x86_64/00_LOGS/syslib/libcap/BUILD
+ cd libcap-1.10
+ LANG=C
+ export LANG
+ unset DISPLAY
+ rm -rf /var/tmp/mezzanine-buildroot.16197/libcap.11886
+ make install FAKEROOT=/var/tmp/mezzanine-buildroot.16197/libcap.11886 LIBDIR=/var/tmp/mezzanine-buildroot.16197/libcap.11886/lib64 SBINDIR=/var/tmp/mezzanine-buildroot.16197/libcap.11886//usr/sbin INCDIR=/var/tmp/mezzanine-buildroot.16197/libcap.11886//usr/include MANDIR=/var/tmp/mezzanine-buildroot.16197/libcap.11886//usr/share/man/ COPTFLAG=-O2
make -C libcap CC='gcc' CFLAGS='-Dlinux -D_POSIX_SOURCE -Wall -Wwrite-strings -Wpointer-arith -Wcast-qual -Wcast-align -Wtraditional -Wstrict-prototypes -Wmissing-prototypes -Wnested-externs -Winline -Wshadow -g  -O2 -I/usr/src/autobuild.mezz/x86_64/00_LOGS/syslib/libcap/BUILD/libcap-1.10/libcap/include' LD='ld' LIBS='-L/usr/src/autobuild.mezz/x86_64/00_LOGS/syslib/libcap/BUILD/libcap-1.10/libcap -lcap' LDFLAGS='-s ' VERSION='1' MINOR='10' LIBDIR='/var/tmp/mezzanine-buildroot.16197/libcap.11886/lib64' INCDIR='/var/tmp/mezzanine-buildroot.16197/libcap.11886//usr/include' SBINDIR='/var/tmp/mezzanine-buildroot.16197/libcap.11886//usr/sbin' MANDIR='/var/tmp/mezzanine-buildroot.16197/libcap.11886//usr/share/man/' install
make[1]: Entering directory `/usr/src/autobuild.mezz/x86_64/00_LOGS/syslib/libcap/BUILD/libcap-1.10/libcap'
mkdir -p -m 0755 /var/tmp/mezzanine-buildroot.16197/libcap.11886//usr/include/sys
install -m 0644 include/sys/capability.h /var/tmp/mezzanine-buildroot.16197/libcap.11886//usr/include/sys
mkdir -p -m 0755 /var/tmp/mezzanine-buildroot.16197/libcap.11886/lib64
install -m 0644 libcap.so.1.10 /var/tmp/mezzanine-buildroot.16197/libcap.11886/lib64/libcap.so.1.10
ln -sf libcap.so.1.10 /var/tmp/mezzanine-buildroot.16197/libcap.11886/lib64/libcap.so.1
ln -sf libcap.so.1 /var/tmp/mezzanine-buildroot.16197/libcap.11886/lib64/libcap.so
/sbin/ldconfig
make[1]: Leaving directory `/usr/src/autobuild.mezz/x86_64/00_LOGS/syslib/libcap/BUILD/libcap-1.10/libcap'
make -C progs CC='gcc' CFLAGS='-Dlinux -D_POSIX_SOURCE -Wall -Wwrite-strings -Wpointer-arith -Wcast-qual -Wcast-align -Wtraditional -Wstrict-prototypes -Wmissing-prototypes -Wnested-externs -Winline -Wshadow -g  -O2 -I/usr/src/autobuild.mezz/x86_64/00_LOGS/syslib/libcap/BUILD/libcap-1.10/libcap/include' LD='ld' LIBS='-L/usr/src/autobuild.mezz/x86_64/00_LOGS/syslib/libcap/BUILD/libcap-1.10/libcap -lcap' LDFLAGS='-s ' VERSION='1' MINOR='10' LIBDIR='/var/tmp/mezzanine-buildroot.16197/libcap.11886/lib64' INCDIR='/var/tmp/mezzanine-buildroot.16197/libcap.11886//usr/include' SBINDIR='/var/tmp/mezzanine-buildroot.16197/libcap.11886//usr/sbin' MANDIR='/var/tmp/mezzanine-buildroot.16197/libcap.11886//usr/share/man/' install
make[1]: Entering directory `/usr/src/autobuild.mezz/x86_64/00_LOGS/syslib/libcap/BUILD/libcap-1.10/progs'
mkdir -p -m 0755 /var/tmp/mezzanine-buildroot.16197/libcap.11886//usr/sbin
for p in getpcaps setpcaps execcap sucap ; do \
	install -s -m 0755 $p /var/tmp/mezzanine-buildroot.16197/libcap.11886//usr/sbin ; \
done
make[1]: Leaving directory `/usr/src/autobuild.mezz/x86_64/00_LOGS/syslib/libcap/BUILD/libcap-1.10/progs'
make -C doc CC='gcc' CFLAGS='-Dlinux -D_POSIX_SOURCE -Wall -Wwrite-strings -Wpointer-arith -Wcast-qual -Wcast-align -Wtraditional -Wstrict-prototypes -Wmissing-prototypes -Wnested-externs -Winline -Wshadow -g  -O2 -I/usr/src/autobuild.mezz/x86_64/00_LOGS/syslib/libcap/BUILD/libcap-1.10/libcap/include' LD='ld' LIBS='-L/usr/src/autobuild.mezz/x86_64/00_LOGS/syslib/libcap/BUILD/libcap-1.10/libcap -lcap' LDFLAGS='-s ' VERSION='1' MINOR='10' LIBDIR='/var/tmp/mezzanine-buildroot.16197/libcap.11886/lib64' INCDIR='/var/tmp/mezzanine-buildroot.16197/libcap.11886//usr/include' SBINDIR='/var/tmp/mezzanine-buildroot.16197/libcap.11886//usr/sbin' MANDIR='/var/tmp/mezzanine-buildroot.16197/libcap.11886//usr/share/man/' install
make[1]: Entering directory `/usr/src/autobuild.mezz/x86_64/00_LOGS/syslib/libcap/BUILD/libcap-1.10/doc'
mkdir -p -m 755 /var/tmp/mezzanine-buildroot.16197/libcap.11886//usr/share/man//man2 /var/tmp/mezzanine-buildroot.16197/libcap.11886//usr/share/man//man3
for man in \
	/var/tmp/mezzanine-buildroot.16197/libcap.11886//usr/share/man//man2 capget.2 capset.2 \
	/var/tmp/mezzanine-buildroot.16197/libcap.11886//usr/share/man//man3 cap_init.3 cap_free.3 cap_dup.3 cap_clear.3 cap_get_flag.3 cap_set_flag.3 cap_get_proc.3 cap_set_proc.3 cap_copy_ext.3 cap_size.3 cap_copy_int.3 cap_from_text.3 cap_to_text.3 _cap_names.3 capsetp.3 capgetp.3 \
	; \
do \
	case $man in \
	/*)	sub=$man ; continue ;; \
	esac; \
	install -m 644 $man $sub ; \
done
make[1]: Leaving directory `/usr/src/autobuild.mezz/x86_64/00_LOGS/syslib/libcap/BUILD/libcap-1.10/doc'
+ chmod +x /var/tmp/mezzanine-buildroot.16197/libcap.11886/lib64/libcap.so.1 /var/tmp/mezzanine-buildroot.16197/libcap.11886/lib64/libcap.so.1.10
+ /usr/lib/rpm/caos/brp-compress
+ /usr/lib/rpm/caos/brp-strip /usr/bin/strip
+ /usr/lib/rpm/caos/brp-strip-static-archive /usr/bin/strip
+ /usr/lib/rpm/caos/brp-strip-comment-note /usr/bin/strip /usr/bin/objdump
Processing files: libcap-1.10-20
Provides: libcap.so.1()(64bit)
Requires(interp): /sbin/ldconfig /sbin/ldconfig
Requires(rpmlib): rpmlib(CompressedFileNames) <= 3.0.4-1 rpmlib(PayloadFilesHavePrefix) <= 4.0-1
Requires(post): /sbin/ldconfig
Requires(postun): /sbin/ldconfig
Processing files: libcap-devel-1.10-20
Requires(rpmlib): rpmlib(CompressedFileNames) <= 3.0.4-1 rpmlib(PayloadFilesHavePrefix) <= 4.0-1
Checking for unpackaged file(s): /usr/lib/rpm/check-files /var/tmp/mezzanine-buildroot.16197/libcap.11886
warning: Could not canonicalize hostname: x86_64-build.caosity.org
Wrote: /usr/src/autobuild.mezz/x86_64/00_LOGS/syslib/libcap/SRPMS/libcap-1.10-20.src.rpm
Wrote: /usr/src/autobuild.mezz/x86_64/00_LOGS/syslib/libcap/RPMS/x86_64/libcap-1.10-20.x86_64.rpm
Wrote: /usr/src/autobuild.mezz/x86_64/00_LOGS/syslib/libcap/RPMS/x86_64/libcap-devel-1.10-20.x86_64.rpm
Executing(%clean): /bin/sh -e /var/tmp/rpm-tmp.97469
+ umask 022
+ cd /usr/src/autobuild.mezz/x86_64/00_LOGS/syslib/libcap/BUILD
+ cd libcap-1.10
+ rm -rf /var/tmp/mezzanine-buildroot.16197/libcap.11886
+ exit 0
Package build for libcap completed successfully.  (Tuesday, 11 October 2005 00:58:31 EDT)
