This is TeX, Version 3.1415 (C version 6.1) (format=latex 96.2.16)  24 NOV 1997 14:41
**2-0.tex
(2-0.tex
LaTeX2e <1995/12/01> patch level 1
(/cdf/code-IRIX-5.3/freeware/tex_files/3.1415i/cache/inputs/latex209.def
File: latex209.def 1995/12/08 v0.50 Standard LaTeX file

Entering LaTeX 2.09 compatibility mode.
\footheight=\dimen102
\@maxsep=\dimen103
\@dblmaxsep=\dimen104
\@cla=\count79
\@clb=\count80
\mscount=\count81
(/cdf/code-IRIX-5.3/freeware/tex_files/3.1415i/cache/inputs/tracefnt.sty
Package: tracefnt 1995/11/28v3.0g Standard LaTeX package (font tracing)
\tracingfonts=\count82
LaTeX Info: Redefining \selectfont on input line 138.
)
\symbold=\mathgroup4
\symsans=\mathgroup5
\symtypewriter=\mathgroup6
\symitalic=\mathgroup7
\symsmallcaps=\mathgroup8
\symslanted=\mathgroup9
LaTeX Font Info:    Redeclaring math alphabet \mathbf on input line 299.
LaTeX Font Info:    Redeclaring math alphabet \mathsf on input line 300.
LaTeX Font Info:    Redeclaring math alphabet \mathtt on input line 301.
LaTeX Font Info:    Redeclaring math alphabet \mathit on input line 307.
LaTeX Info: Redefining \em on input line 317.

(/cdf/code-IRIX-5.3/freeware/tex_files/3.1415i/cache/inputs/latexsym.sty
Package: latexsym 1995/11/28 v2.2c Standard LaTeX package (lasy symbols)
\symlasy=\mathgroup10
LaTeX Font Info:    Overwriting symbol font `lasy' in version `bold'
(Font)                  U/lasy/m/n --> U/lasy/b/n on input line 85.
)
LaTeX Font Info:    Redeclaring math delimiter \lgroup on input line 382.
LaTeX Font Info:    Redeclaring math delimiter \rgroup on input line 384.
LaTeX Font Info:    Redeclaring math delimiter \bracevert on input line 386.
)
(/cdf/code-IRIX-5.3/freeware/tex_files/3.1415i/cache/inputs/article.cls
Document Class: article 1995/12/20 v1.3q Standard LaTeX document class
(/cdf/code-IRIX-5.3/freeware/tex_files/3.1415i/cache/inputs/size10.clo
File: size10.clo 1995/11/30 v1.3p Standard LaTeX file (size option)
)
\c@part=\count83
\c@section=\count84
\c@subsection=\count85
\c@subsubsection=\count86
\c@paragraph=\count87
\c@subparagraph=\count88
\c@figure=\count89
\c@table=\count90
\abovecaptionskip=\skip41
\belowcaptionskip=\skip42
Compatibility mode: definition of \rm ignored.
Compatibility mode: definition of \sf ignored.
Compatibility mode: definition of \tt ignored.
Compatibility mode: definition of \bf ignored.
Compatibility mode: definition of \it ignored.
Compatibility mode: definition of \sl ignored.
Compatibility mode: definition of \sc ignored.
LaTeX Info: Redefining \cal on input line 542.
LaTeX Info: Redefining \mit on input line 543.
\bibindent=\dimen105
)
(/cdf/code-IRIX-5.3/freeware/tex_files/3.1415i/cache/inputs/times.sty
Package: times 1995/08/16 5.2 Times PSNFSS2e package
)
(/cdf/code-IRIX-5.3/freeware/tex_files/3.1415i/cache/inputs/epsf.sty
\epsffilein=\read1
\epsfxsize=\dimen106
\epsfysize=\dimen107
\epsftsize=\dimen108
\epsfrsize=\dimen109
\epsftmp=\dimen110
\pspoints=\dimen111
)
\leftmarginisav=\skip43
 (2-0.aux)
LaTeX Font Info:    Checking defaults for OML/cmm/m/it on input line 14.
LaTeX Font Info:    ... okay on input line 14.
LaTeX Font Info:    Checking defaults for T1/cmr/m/n on input line 14.
LaTeX Font Info:    ... okay on input line 14.
LaTeX Font Info:    Checking defaults for OT1/cmr/m/n on input line 14.
LaTeX Font Info:    ... okay on input line 14.
LaTeX Font Info:    Checking defaults for OMS/cmsy/m/n on input line 14.
LaTeX Font Info:    ... okay on input line 14.
LaTeX Font Info:    Checking defaults for OMX/cmex/m/n on input line 14.
LaTeX Font Info:    ... okay on input line 14.
LaTeX Font Info:    Checking defaults for U/cmr/m/n on input line 14.
LaTeX Font Info:    ... okay on input line 14.
LaTeX Font Info:    Try loading font information for OT1+ptm on input line 14.
(/cdf/code-IRIX-5.3/freeware/tex_files/3.1415i/cache/inputs/OT1ptm.fd)
LaTeX Font Info:    Try loading font information for OT1+pcr on input line 15.

(/cdf/code-IRIX-5.3/freeware/tex_files/3.1415i/cache/inputs/OT1pcr.fd)
LaTeX Font Info:    Font shape `OT1/ptm/bx/n' in size <14.4> not available
(Font)              Font shape `OT1/ptm/b/n' tried instead on input line 19.
LaTeX Font Info:    Font shape `OT1/ptm/bx/n' in size <12> not available
(Font)              Font shape `OT1/ptm/b/n' tried instead on input line 42.
LaTeX Font Info:    Font shape `OT1/ptm/bx/n' in size <10> not available
(Font)              Font shape `OT1/ptm/b/n' tried instead on input line 54.
 [1

]
LaTeX Font Info:    External font `cmex10' loaded for size
(Font)              <7> on input line 81.
LaTeX Font Info:    External font `cmex10' loaded for size
(Font)              <5> on input line 81.
LaTeX Font Info:    Try loading font information for U+lasy on input line 81.

(/cdf/code-IRIX-5.3/freeware/tex_files/3.1415i/cache/inputs/Ulasy.fd
File: Ulasy.fd 1995/11/28 v2.2cLaTeX symbol font definitions
) [2]
Underfull \hbox (badness 10000) in paragraph at lines 262--279

 []


Underfull \hbox (badness 10000) in paragraph at lines 262--279

 []


Underfull \hbox (badness 10000) in paragraph at lines 262--279

 []


Underfull \hbox (badness 10000) in paragraph at lines 262--279

 []


Underfull \hbox (badness 10000) in paragraph at lines 262--279

 []


Underfull \hbox (badness 10000) in paragraph at lines 262--279

 []


Underfull \hbox (badness 10000) in paragraph at lines 262--279

 []


Underfull \hbox (badness 10000) in paragraph at lines 262--279

 []


Underfull \hbox (badness 10000) in paragraph at lines 262--279

 []

[3]
Overfull \hbox (5.48178pt too wide) in paragraph at lines 337--340
[][]\OT1/ptm/m/n/10 Ed Bar-sotti, David Berg, Kurt Biery, John De-Voy, Robert D
own-ing, Robert
 []


Overfull \hbox (20.3881pt too wide) in paragraph at lines 345--346
[][]\OT1/ptm/m/n/10 Hirofumi Fu-jii, Ya-sushi Na-gasaka, Masa-haru No-machi, Yo
shiji
 []

[4]
Underfull \hbox (badness 10000) in paragraph at lines 430--431

 []


Underfull \hbox (badness 10000) in paragraph at lines 437--438

 []


Underfull \hbox (badness 10000) in paragraph at lines 449--450

 []


Underfull \hbox (badness 10000) in paragraph at lines 470--471

 []


Underfull \hbox (badness 10000) in paragraph at lines 476--477

 []


Underfull \hbox (badness 10000) in paragraph at lines 481--482

 []

[5]
Underfull \hbox (badness 10000) in paragraph at lines 495--496

 []


Underfull \hbox (badness 10000) in paragraph at lines 503--504

 []


Underfull \hbox (badness 10000) in paragraph at lines 512--513

 []

[6] [7] [8] [9] [10] [11]
Underfull \hbox (badness 10000) in paragraph at lines 980--981

 []

[12] [13]
Underfull \hbox (badness 10000) in paragraph at lines 1141--1144

 []


Underfull \hbox (badness 10000) in paragraph at lines 1145--1148

 []

[14]
Underfull \hbox (badness 10000) in paragraph at lines 1231--1232

 []


Underfull \hbox (badness 10000) in paragraph at lines 1233--1236

 []


Underfull \hbox (badness 10000) in paragraph at lines 1237--1240

 []

[15]
Underfull \hbox (badness 10000) in paragraph at lines 1317--1318

 []


Underfull \hbox (badness 10000) in paragraph at lines 1319--1321

 []


Underfull \hbox (badness 10000) in paragraph at lines 1322--1324

 []


Underfull \hbox (badness 10000) in paragraph at lines 1325--1327

 []


Underfull \hbox (badness 10000) in paragraph at lines 1328--1330

 []


Underfull \hbox (badness 10000) in paragraph at lines 1331--1333

 []


Underfull \hbox (badness 10000) in paragraph at lines 1334--1336

 []


Underfull \hbox (badness 10000) in paragraph at lines 1337--1340

 []


Underfull \hbox (badness 10000) in paragraph at lines 1341--1344

 []

[16]
LaTeX Font Info:    Try loading font information for OMS+ptm on input line 1415
.
LaTeX Font Info:    No file OMSptm.fd. on input line 1415.
LaTeX Font Warning: Font shape `OMS/ptm/bx/n' undefined
(Font)              using `OMS/cmsy/m/n' instead
(Font)              for symbol `textbraceleft' on input line 1415.

Underfull \hbox (badness 10000) in paragraph at lines 1415--1423

 []

[17]
Underfull \hbox (badness 10000) in paragraph at lines 1554--1555

 []

[18] [19]
Underfull \hbox (badness 10000) in paragraph at lines 1708--1709

 []

[20]
Underfull \hbox (badness 10000) in paragraph at lines 1771--1772

 []


Underfull \hbox (badness 10000) in paragraph at lines 1773--1776

 []

[21]
Underfull \hbox (badness 10000) in paragraph at lines 1832--1835

 []

[22] [23]
Underfull \hbox (badness 10000) in paragraph at lines 1951--1952

 []

[24]
Underfull \hbox (badness 10000) in paragraph at lines 1996--1997

 []


Underfull \hbox (badness 10000) in paragraph at lines 2045--2046

 []

[25] [26]
Underfull \hbox (badness 10000) in paragraph at lines 2159--2160

 []

[27]
Underfull \hbox (badness 10000) in paragraph at lines 2212--2213

 []


Underfull \hbox (badness 10000) in paragraph at lines 2214--2215

 []


Underfull \hbox (badness 10000) in paragraph at lines 2216--2219

 []


Underfull \hbox (badness 10000) in paragraph at lines 2216--2219

 []


Underfull \hbox (badness 10000) in paragraph at lines 2267--2269

 []

[28] [29]
Underfull \hbox (badness 10000) in paragraph at lines 2382--2383

 []

[30]
Underfull \hbox (badness 10000) in paragraph at lines 2429--2430

 []


Underfull \hbox (badness 10000) in paragraph at lines 2431--2433

 []


Underfull \hbox (badness 10000) in paragraph at lines 2434--2437

 []


Underfull \hbox (badness 10000) in paragraph at lines 2434--2437

 []


Overfull \hbox (2.23961pt too wide) in paragraph at lines 2469--2472
[]  \OT1/ptm/b/n/10 Ex-e-cu-tion Sta-tus \OT1/ptm/m/n/10 Upon suc-cess, the met
hod shall com-plete nor-mally. A VI-SIONex-cep-tion (page 101[]) shall be throw
n
 []


Underfull \hbox (badness 10000) in paragraph at lines 2489--2491

 []

[31] [32]
Underfull \hbox (badness 10000) in paragraph at lines 2597--2598

 []

[33] [34]
Underfull \hbox (badness 10000) in paragraph at lines 2698--2699

 []

[35]
LaTeX Font Warning: Font shape `OMS/ptm/m/n' undefined
(Font)              using `OMS/cmsy/m/n' instead
(Font)              for symbol `textbraceleft' on input line 2839.
 [36] [37]
Overfull \hbox (4.3714pt too wide) in paragraph at lines 2918--2920
[][]\OT1/ptm/m/n/10 the Com-po-nent Man-age-ment API, which al-lows com-po-nent
 "house-keep-ing" and ac-cess to any component-specific
 []

[38] [39]
Underfull \hbox (badness 10000) in paragraph at lines 3103--3104

 []

[40]
Underfull \hbox (badness 10000) in paragraph at lines 3137--3138

 []

[41]
Underfull \hbox (badness 10000) in paragraph at lines 3243--3244

 []

[42]
Underfull \hbox (badness 10000) in paragraph at lines 3299--3300

 []


Underfull \hbox (badness 10000) in paragraph at lines 3301--3303

 []


Underfull \hbox (badness 10000) in paragraph at lines 3304--3307

 []


Underfull \hbox (badness 10000) in paragraph at lines 3304--3307

 []

[43]
Underfull \hbox (badness 10000) in paragraph at lines 3366--3369

 []


Underfull \hbox (badness 10000) in paragraph at lines 3381--3382

 []

[44]
Underfull \hbox (badness 10000) in paragraph at lines 3491--3492

 []

[45]
Underfull \hbox (badness 10000) in paragraph at lines 3541--3542

 []


Underfull \hbox (badness 10000) in paragraph at lines 3543--3545

 []


Underfull \hbox (badness 10000) in paragraph at lines 3546--3549

 []


Underfull \hbox (badness 10000) in paragraph at lines 3546--3549

 []


Underfull \hbox (badness 10000) in paragraph at lines 3604--3607

 []

[46] [47]
Underfull \hbox (badness 10000) in paragraph at lines 3708--3709

 []

[48]
Underfull \hbox (badness 10000) in paragraph at lines 3744--3744
[]\OT1/ptm/m/n/10 The name of the first pa-ram-e-ter the com-po-nent
 []


Underfull \hbox (badness 10000) in paragraph at lines 3754--3755

 []

[49] [50] [51]
Underfull \hbox (badness 10000) in paragraph at lines 3978--3979

 []

[52]
Underfull \hbox (badness 10000) in paragraph at lines 4020--4021

 []

[53]
Overfull \hbox (4.24501pt too wide) in paragraph at lines 4120--4120
[]                \OT1/pcr/m/n/10 /* we want to see the "best" transfer type th
e master can do */[] 
 []


Underfull \hbox (badness 10000) in paragraph at lines 4124--4125

 []


Underfull \hbox (badness 10000) in paragraph at lines 4170--4171

 []

[54]
Underfull \hbox (badness 10000) in paragraph at lines 4172--4173

 []


Underfull \hbox (badness 10000) in paragraph at lines 4174--4177

 []


Underfull \hbox (badness 10000) in paragraph at lines 4174--4177

 []


Underfull \hbox (badness 10000) in paragraph at lines 4221--4223

 []

[55] [56]
Underfull \hbox (badness 10000) in paragraph at lines 4331--4332

 []


Underfull \hbox (badness 10000) in paragraph at lines 4375--4376

 []

[57]
Underfull \hbox (badness 10000) in paragraph at lines 4377--4379

 []


Underfull \hbox (badness 10000) in paragraph at lines 4380--4383

 []


Underfull \hbox (badness 10000) in paragraph at lines 4380--4383

 []


Underfull \hbox (badness 10000) in paragraph at lines 4431--4433

 []

[58] [59]
Underfull \hbox (badness 10000) in paragraph at lines 4530--4531

 []

[60]
Underfull \hbox (badness 1009) in paragraph at lines 4561--4563
\OT1/ptm/m/n/10 This op-tion shall have the value 3 for com-pli-ance with this
 []


Underfull \hbox (badness 10000) in paragraph at lines 4599--4600

 []

[61] [62] [63]
Underfull \hbox (badness 10000) in paragraph at lines 4809--4810

 []

[64] [65]
Underfull \hbox (badness 10000) in paragraph at lines 4888--4889

 []


Underfull \hbox (badness 10000) in paragraph at lines 4906--4907

 []

[66] [67]
Underfull \hbox (badness 10000) in paragraph at lines 4979--4980

 []


Underfull \hbox (badness 10000) in paragraph at lines 4998--4999

 []


Underfull \hbox (badness 10000) in paragraph at lines 5021--5022

 []

[68] [69]
Underfull \hbox (badness 10000) in paragraph at lines 5082--5083

 []


Underfull \hbox (badness 10000) in paragraph at lines 5100--5101

 []

[70] [71]
Underfull \hbox (badness 10000) in paragraph at lines 5203--5204

 []


Underfull \hbox (badness 10000) in paragraph at lines 5245--5246

 []

[72]
Underfull \hbox (badness 10000) in paragraph at lines 5291--5292

 []

[73] [74]
Underfull \hbox (badness 10000) in paragraph at lines 5389--5390

 []

[75] [76] [77]
Underfull \hbox (badness 10000) in paragraph at lines 5622--5623

 []


Underfull \hbox (badness 10000) in paragraph at lines 5683--5684

 []

[78] [79]
Underfull \hbox (badness 10000) in paragraph at lines 5798--5799

 []


Underfull \hbox (badness 10000) in paragraph at lines 5834--5835

 []

[80]
Underfull \hbox (badness 10000) in paragraph at lines 5867--5868

 []

[81]
Underfull \hbox (badness 10000) in paragraph at lines 5959--5960

 []

[82] [83]
Underfull \hbox (badness 10000) in paragraph at lines 6064--6065

 []


Underfull \hbox (badness 10000) in paragraph at lines 6110--6111

 []

[84]
Underfull \hbox (badness 10000) in paragraph at lines 6112--6113

 []


Underfull \hbox (badness 10000) in paragraph at lines 6136--6138

 []

[85]
Underfull \hbox (badness 10000) in paragraph at lines 6245--6246

 []


Underfull \hbox (badness 10000) in paragraph at lines 6290--6291

 []

[86]
Underfull \hbox (badness 10000) in paragraph at lines 6292--6294

 []


Underfull \hbox (badness 10000) in paragraph at lines 6336--6338

 []

[87]
Underfull \hbox (badness 10000) in paragraph at lines 6435--6436

 []

[88] [89] [90] [91] [92] [93] [94] [95] [96] [97] [98] [99]
Underfull \hbox (badness 10000) in paragraph at lines 6971--6971
[]\OT1/ptm/b/n/10 Decimal
 []


Underfull \hbox (badness 1132) in paragraph at lines 6973--6973
[]\OT1/ptm/m/n/10 An er-ror oc-curred com-mu-ni-cat-ing with the
 []

[100]
Underfull \hbox (badness 2103) in paragraph at lines 7021--7023
\OT1/ptm/m/n/10 was spec-i-fied, de-not-ing that the ap-pli-ca-tion sim-ply
 []

[101]
Underfull \hbox (badness 10000) in paragraph at lines 7055--7055
[]\OT1/ptm/m/n/10 Yes, un-less
 []


Underfull \hbox (badness 10000) in paragraph at lines 7055--7055
\OT1/ptm/m/n/10 us-ing "am"
 []


Underfull \hbox (badness 5711) in paragraph at lines 7055--7055
[]\OT1/ptm/m/n/10 With "priv" and "space", de-fines
 []


Underfull \hbox (badness 10000) in paragraph at lines 7056--7056
[]\OT1/ptm/m/n/10 No (de-faults
 []


Underfull \hbox (badness 2460) in paragraph at lines 7056--7057
[]\OT1/ptm/m/n/10 With "ad-dr-type" and "space", de-
 []


Underfull \hbox (badness 10000) in paragraph at lines 7058--7058
[]\OT1/ptm/m/n/10 No (de-faults
 []


Underfull \hbox (badness 10000) in paragraph at lines 7058--7060
\OT1/ptm/m/n/10 AM code ("p" or "P"
 []


Underfull \hbox (badness 10000) in paragraph at lines 7061--7061
[]\OT1/ptm/m/n/10 Yes, un-less
 []


Underfull \hbox (badness 10000) in paragraph at lines 7061--7061
\OT1/ptm/m/n/10 us-ing
 []


Underfull \hbox (badness 3323) in paragraph at lines 7061--7061
[]\OT1/ptm/m/n/10 Any in-te-ger in dec-i-mal, hex (use
 []


Underfull \hbox (badness 10000) in paragraph at lines 7062--7062
[]\OT1/ptm/m/n/10 No (de-faults
 []


Underfull \hbox (badness 3323) in paragraph at lines 7062--7062
[]\OT1/ptm/m/n/10 Any in-te-ger in dec-i-mal, hex (use
 []


Underfull \hbox (badness 10000) in paragraph at lines 7062--7062
[]\OT1/ptm/m/n/10 Starting ad-dress on
 []


Underfull \hbox (badness 3323) in paragraph at lines 7063--7063
[]\OT1/ptm/m/n/10 Any in-te-ger in dec-i-mal, hex (use
 []


Underfull \hbox (badness 10000) in paragraph at lines 7065--7065
[]\OT1/ptm/m/n/10 No (de-faults
 []


Underfull \hbox (badness 3323) in paragraph at lines 7065--7065
[]\OT1/ptm/m/n/10 Any in-te-ger in dec-i-mal, hex (use
 []


Underfull \hbox (badness 10000) in paragraph at lines 7083--7083
[]\OT1/ptm/m/n/10 A32 user-mode data space ac-cess start-ing at
 []


Underfull \hbox (badness 10000) in paragraph at lines 7130--7131
[][]\OT1/ptm/m/n/10 "ROR": Release-On-Request (re-lease only
 []

[102]
Underfull \hbox (badness 10000) in paragraph at lines 7150--7151

 []


Underfull \hbox (badness 10000) in paragraph at lines 7162--7163

 []

[103] [104]
Underfull \hbox (badness 10000) in paragraph at lines 7205--7205
[]\OT1/ptm/m/n/10 No (de-faults
 []


Underfull \hbox (badness 10000) in paragraph at lines 7205--7205
[]\OT1/ptm/m/n/10 Specifies the func-tion within the
 []


Underfull \hbox (badness 4441) in paragraph at lines 7206--7206
[]\OT1/ptm/m/n/10 No (may al-
 []


Underfull \hbox (badness 5832) in paragraph at lines 7206--7206
\OT1/ptm/m/n/10 ready be set
 []


Underfull \hbox (badness 3323) in paragraph at lines 7206--7206
[]\OT1/ptm/m/n/10 Any in-te-ger in dec-i-mal, hex (use
 []


Underfull \hbox (badness 2393) in paragraph at lines 7206--7206
[]\OT1/ptm/m/n/10 The AM (Ad-dress Mod-i-fier) code
 []


Underfull \hbox (badness 4441) in paragraph at lines 7207--7207
[]\OT1/ptm/m/n/10 No (may al-
 []


Underfull \hbox (badness 5832) in paragraph at lines 7207--7207
\OT1/ptm/m/n/10 ready be set
 []


Underfull \hbox (badness 3323) in paragraph at lines 7207--7207
[]\OT1/ptm/m/n/10 Any in-te-ger in dec-i-mal, hex (use
 []


Underfull \hbox (badness 10000) in paragraph at lines 7208--7208
[]\OT1/ptm/m/n/10 No (de-faults
 []


Underfull \hbox (badness 3323) in paragraph at lines 7208--7208
[]\OT1/ptm/m/n/10 Any in-te-ger in dec-i-mal, hex (use
 []


Underfull \hbox (badness 1748) in paragraph at lines 7246--7246
[]\OT1/ptm/m/n/10 The ac-tual XAM code pro-grammed in the
 []

[105] [106]
Underfull \hbox (badness 10000) in paragraph at lines 7281--7281
[]\OT1/ptm/m/n/10 No (de-faults
 []


Underfull \hbox (badness 10000) in paragraph at lines 7282--7283
[]\OT1/ptm/m/n/10 "io", "mem", "mem-
 []


Underfull \hbox (badness 10000) in paragraph at lines 7284--7284
[]\OT1/ptm/m/n/10 No (de-faults
 []


Underfull \hbox (badness 10000) in paragraph at lines 7284--7286
[]\OT1/ptm/m/n/10 Specifies which of the \OMS/ptm/m/n/10 f\OT1/ptm/m/n/10 space
\OMS/ptm/m/n/10 g
 []

[107]
Underfull \hbox (badness 10000) in paragraph at lines 7356--7356
[]\OT1/ptm/m/n/10 No (de-faults
 []


Underfull \hbox (badness 10000) in paragraph at lines 7356--7356
[]\OT1/ptm/m/n/10 Specifies which In-dus-try-Pack
 []

[108] (2-0.aux)
LaTeX Font Warning: Some font shapes were not available, defaults substituted.
 ) 
Here is how much of TeX's memory you used:
 566 strings out of 10945
 6432 string characters out of 73456
 57210 words of memory out of 262141
 3417 multiletter control sequences out of 9500
 12222 words of font info for 43 fonts, out of 100000 for 255
 14 hyphenation exceptions out of 607
 23i,10n,19p,211b,239s stack positions out of 300i,40n,60p,3000b,4000s

Output written on 2-0.dvi (108 pages, 269248 bytes).
