Wed Mar 2 14:03:26 CST 2005
	cups-1.1.22-0.rc1.9.6.x86_64.rpm
	cups-devel-1.1.22-0.rc1.9.6.x86_64.rpm
	cups-libs-1.1.22-0.rc1.9.6.x86_64.rpm
	emacs-21.3-19.EL.1.x86_64.rpm
	emacs-common-21.3-19.EL.1.x86_64.rpm
	emacs-el-21.3-19.EL.1.x86_64.rpm
	emacs-leim-21.3-19.EL.1.x86_64.rpm
	emacs-nox-21.3-19.EL.1.x86_64.rpm
	enscript-1.6.1-28.3.x86_64.rpm
	ethereal-0.10.9-1.EL4.1.x86_64.rpm
	ethereal-gnome-0.10.9-1.EL4.1.x86_64.rpm
	exim-4.43-1.RHEL4.3.x86_64.rpm
	exim-doc-4.43-1.RHEL4.3.x86_64.rpm
	exim-mon-4.43-1.RHEL4.3.x86_64.rpm
	exim-sa-4.43-1.RHEL4.3.x86_64.rpm
	firefox-1.0.1-1.4.3.x86_64.rpm
	gpdf-2.8.2-4.3.x86_64.rpm
	htdig-3.2.0b6-3.40.1.x86_64.rpm
	htdig-web-3.2.0b6-3.40.1.x86_64.rpm
	ImageMagick-6.0.7.1-6.x86_64.rpm
	ImageMagick-c++-6.0.7.1-6.x86_64.rpm
	ImageMagick-c++-devel-6.0.7.1-6.x86_64.rpm
	ImageMagick-devel-6.0.7.1-6.x86_64.rpm
	ImageMagick-perl-6.0.7.1-6.x86_64.rpm
	kdegraphics-3.3.1-3.3.x86_64.rpm
	kdegraphics-devel-3.3.1-3.3.x86_64.rpm
	kdelibs-3.3.1-3.3.x86_64.rpm
	kdelibs-devel-3.3.1-3.3.x86_64.rpm
	kernel-2.6.9-5.0.3.EL.x86_64.rpm
	kernel-devel-2.6.9-5.0.3.EL.x86_64.rpm
	kernel-smp-2.6.9-5.0.3.EL.x86_64.rpm
	kernel-smp-devel-2.6.9-5.0.3.EL.x86_64.rpm
	krb5-devel-1.3.4-10.x86_64.rpm
	krb5-libs-1.3.4-10.x86_64.rpm
	krb5-server-1.3.4-10.x86_64.rpm
	krb5-workstation-1.3.4-10.x86_64.rpm
	libtiff-3.6.1-8.x86_64.rpm
	libtiff-devel-3.6.1-8.x86_64.rpm
	mailman-2.1.5-31.rhel4.x86_64.rpm
	mod_python-3.1.3-5.1.x86_64.rpm
	perl-5.8.5-12.1.x86_64.rpm
	perl-DBI-1.40-8.x86_64.rpm
	perl-suidperl-5.8.5-12.1.1.x86_64.rpm
	php-4.3.9-3.2.x86_64.rpm
	php-devel-4.3.9-3.2.x86_64.rpm
	php-domxml-4.3.9-3.2.x86_64.rpm
	php-gd-4.3.9-3.2.x86_64.rpm
	php-imap-4.3.9-3.2.x86_64.rpm
	php-ldap-4.3.9-3.2.x86_64.rpm
	php-mbstring-4.3.9-3.2.x86_64.rpm
	php-mysql-4.3.9-3.2.x86_64.rpm
	php-ncurses-4.3.9-3.2.x86_64.rpm
	php-odbc-4.3.9-3.2.x86_64.rpm
	php-pear-4.3.9-3.2.x86_64.rpm
	php-pgsql-4.3.9-3.2.x86_64.rpm
	php-snmp-4.3.9-3.2.x86_64.rpm
	php-xmlrpc-4.3.9-3.2.x86_64.rpm
	postgresql-7.4.7-2.RHEL4.1.x86_64.rpm
	postgresql-contrib-7.4.7-2.RHEL4.1.x86_64.rpm
	postgresql-devel-7.4.7-2.RHEL4.1.x86_64.rpm
	postgresql-docs-7.4.7-2.RHEL4.1.x86_64.rpm
	postgresql-jdbc-7.4.7-2.RHEL4.1.x86_64.rpm
	postgresql-libs-7.4.7-2.RHEL4.1.x86_64.rpm
	postgresql-pl-7.4.7-2.RHEL4.1.x86_64.rpm
	postgresql-python-7.4.7-2.RHEL4.1.x86_64.rpm
	postgresql-server-7.4.7-2.RHEL4.1.x86_64.rpm
	postgresql-tcl-7.4.7-2.RHEL4.1.x86_64.rpm
	postgresql-test-7.4.7-2.RHEL4.1.x86_64.rpm
	python-2.3.4-14.1.x86_64.rpm
	python-devel-2.3.4-14.1.x86_64.rpm
	python-docs-2.3.4-14.1.x86_64.rpm
	python-tools-2.3.4-14.1.x86_64.rpm
	squid-2.5.STABLE6-3.4E.3.x86_64.rpm
	squirrelmail-1.4.3a-9.EL4.noarch.rpm
	thunderbird-1.0-1.1.EL4.x86_64.rpm
	tkinter-2.3.4-14.1.x86_64.rpm
	vim-common-6.3.046-0.40E.4.x86_64.rpm
	vim-enhanced-6.3.046-0.40E.4.x86_64.rpm
	vim-minimal-6.3.046-0.40E.4.x86_64.rpm
	vim-X11-6.3.046-0.40E.4.x86_64.rpm
	xpdf-3.00-11.5.x86_64.rpm
Thu Mar 3 17:47:40 CST 2005
	HelixPlayer-1.0.3-1.i386.rpm
Fri Mar 11 17:32:31 CST 2005
	gaim-1.1.4-1.EL4.x86_64.rpm
	libaio-0.3.103-3.x86_64.rpm
	libaio-devel-0.3.103-3.x86_64.rpm
	mozilla-1.7.3-19.EL4.x86_64.rpm
	mozilla-chat-1.7.3-19.EL4.x86_64.rpm
	mozilla-devel-1.7.3-19.EL4.x86_64.rpm
	mozilla-dom-inspector-1.7.3-19.EL4.x86_64.rpm
	mozilla-js-debugger-1.7.3-19.EL4.x86_64.rpm
	mozilla-mail-1.7.3-19.EL4.x86_64.rpm
	mozilla-nspr-1.7.3-19.EL4.x86_64.rpm
	mozilla-nspr-devel-1.7.3-19.EL4.x86_64.rpm
	mozilla-nss-1.7.3-19.EL4.x86_64.rpm
	mozilla-nss-devel-1.7.3-19.EL4.x86_64.rpm
Tue Mar 15 13:59:44 CST 2005
Wed Mar 16 14:20:52 CST 2005
	postfix-2.1.5-4.2.RHEL4.x86_64.rpm
	postfix-pflogsumm-2.1.5-4.2.RHEL4.x86_64.rpm
	squid-2.5.STABLE6-3.4E.5.x86_64.rpm
	tetex-2.0.2-22.EL4.4.x86_64.rpm
	tetex-afm-2.0.2-22.EL4.4.x86_64.rpm
	tetex-doc-2.0.2-22.EL4.4.x86_64.rpm
	tetex-dvips-2.0.2-22.EL4.4.x86_64.rpm
	tetex-fonts-2.0.2-22.EL4.4.x86_64.rpm
	tetex-latex-2.0.2-22.EL4.4.x86_64.rpm
	tetex-xdvi-2.0.2-22.EL4.4.x86_64.rpm
Thu Mar 24 14:22:30 CST 2005
	devhelp-0.9.2-2.4.3.x86_64.rpm
	devhelp-devel-0.9.2-2.4.3.x86_64.rpm
	ethereal-0.10.10-1.EL4.1.x86_64.rpm
	ethereal-gnome-0.10.10-1.EL4.1.x86_64.rpm
	firefox-1.0.2-1.4.1.x86_64.rpm
	ImageMagick-6.0.7.1-10.x86_64.rpm
	ImageMagick-c++-6.0.7.1-10.x86_64.rpm
	ImageMagick-c++-devel-6.0.7.1-10.x86_64.rpm
	ImageMagick-devel-6.0.7.1-10.x86_64.rpm
	ImageMagick-perl-6.0.7.1-10.x86_64.rpm
	ipsec-tools-0.3.3-6.x86_64.rpm
	kdelibs-devel-3.3.1-3.6.x86_64.rpm
	kdelibs-3.3.1-3.6.i386.rpm
	kdelibs-3.3.1-3.6.x86_64.rpm
	libexif-0.5.12-5.1.i386.rpm
	libexif-devel-0.5.12-5.1.x86_64.rpm
	mailman-2.1.5-33.rhel4.x86_64.rpm
	mozilla-1.7.6-1.4.1.x86_64.rpm
	mozilla-chat-1.7.6-1.4.1.x86_64.rpm
	mozilla-devel-1.7.6-1.4.1.x86_64.rpm
	mozilla-dom-inspector-1.7.6-1.4.1.x86_64.rpm
	mozilla-js-debugger-1.7.6-1.4.1.x86_64.rpm
	mozilla-mail-1.7.6-1.4.1.x86_64.rpm
	mozilla-nspr-1.7.6-1.4.1.x86_64.rpm
	mozilla-nspr-devel-1.7.6-1.4.1.x86_64.rpm
	mozilla-nss-1.7.6-1.4.1.x86_64.rpm
	mozilla-nss-devel-1.7.6-1.4.1.x86_64.rpm
	thunderbird-1.0.2-1.4.1.x86_64.rpm
Thu Mar 24 14:53:29 CST 2005
	anaconda-10.1.1.13-2SL.x86_64.rpm
	anaconda-runtime-10.1.1.13-2SL.x86_64.rpm
Fri Mar 25 17:20:40 CST 2005
	evolution-2.0.2-14.x86_64.rpm
	evolution-devel-2.0.2-14.x86_64.rpm
Tue Mar 29 10:34:19 CST 2005
	mysql-4.1.10a-1.RHEL4.1.i386.rpm
	mysql-4.1.10a-1.RHEL4.1.x86_64.rpm
	mysql-bench-4.1.10a-1.RHEL4.1.x86_64.rpm
	mysql-devel-4.1.10a-1.RHEL4.1.x86_64.rpm
	mysql-server-4.1.10a-1.RHEL4.1.x86_64.rpm
	telnet-0.17-31.EL4.2.x86_64.rpm
	telnet-server-0.17-31.EL4.2.x86_64.rpm
Mon Apr 4 14:47:30 CDT 2005
	krb5-devel-1.3.4-12.x86_64.rpm
	krb5-libs-1.3.4-12.x86_64.rpm
	krb5-server-1.3.4-12.x86_64.rpm
	krb5-workstation-1.3.4-12.x86_64.rpm
Mon Apr 4 15:15:23 CDT 2005
	gtk2-2.4.13-14.x86_64.rpm
	gtk2-devel-2.4.13-14.x86_64.rpm
	up2date-4.4.5.6-2.x86_64.rpm
	up2date-gnome-4.4.5.6-2.x86_64.rpm
Tue Apr 5 11:26:32 CDT 2005
	curl-7.12.1-5.rhel4.i386.rpm
	curl-7.12.1-5.rhel4.x86_64.rpm
	curl-devel-7.12.1-5.rhel4.x86_64.rpm
	gdk-pixbuf-0.22.0-16.el4.i386.rpm
	gdk-pixbuf-0.22.0-16.el4.x86_64.rpm
	gdk-pixbuf-devel-0.22.0-16.el4.x86_64.rpm
Tue Apr 12 13:32:03 CDT 2005
	gaim-1.2.1-4.el4.x86_64.rpm
Tue Apr 12 13:37:47 CDT 2005
	anaconda-10.1.1.13-6SL.x86_64.rpm
	anaconda-runtime-10.1.1.13-6SL.x86_64.rpm
Tue Apr 12 13:45:11 CDT 2005
Tue Apr 12 13:49:08 CDT 2005
Tue Apr 19 13:57:58 CDT 2005
	anaconda-10.1.1.13-7SL.x86_64.rpm
	anaconda-runtime-10.1.1.13-7SL.x86_64.rpm
Wed Apr 20 09:12:34 CDT 2005
	kernel-2.6.9-5.0.5.EL.x86_64.rpm
	kernel-devel-2.6.9-5.0.5.EL.x86_64.rpm
	kernel-doc-2.6.9-5.0.5.EL.noarch.rpm
	kernel-smp-2.6.9-5.0.5.EL.x86_64.rpm
	kernel-smp-devel-2.6.9-5.0.5.EL.x86_64.rpm
	xloadimage-4.1-34.RHEL4.x86_64.rpm
Wed Apr 20 17:30:47 CDT 2005
	HelixPlayer-1.0.4-1.1.EL4.2.i386.rpm
Thu Apr 21 10:00:57 CDT 2005
	firefox-1.0.3-1.4.1.x86_64.rpm
Thu Jun 23 15:54:25 CDT 2005
	apr-0.9.4-24.3.x86_64.rpm
	apr-devel-0.9.4-24.3.x86_64.rpm
	apt-sourceslist-41-1.SL.x86_64.rpm
	arpwatch-2.1a13-10.RHEL4.x86_64.rpm
	authconfig-4.6.10-rhel4.1.x86_64.rpm
	authconfig-gtk-4.6.10-rhel4.1.x86_64.rpm
	autofs-4.1.3-131.x86_64.rpm
	binutils-2.15.92.0.2-13.x86_64.rpm
	bootparamd-0.17-19.RHEL4.x86_64.rpm
	bzip2-1.0.2-13.EL4.2.x86_64.rpm
	bzip2-devel-1.0.2-13.EL4.2.x86_64.rpm
	bzip2-libs-1.0.2-13.EL4.2.i386.rpm
	bzip2-libs-1.0.2-13.EL4.2.x86_64.rpm
	chkconfig-1.3.13.2-1.x86_64.rpm
	coreutils-5.2.1-31.1.x86_64.rpm
	crash-3.10-11.x86_64.rpm
	cvs-1.11.17-7.RHEL4.x86_64.rpm
	cyrus-imapd-2.2.12-3.RHEL4.1.x86_64.rpm
	cyrus-imapd-devel-2.2.12-3.RHEL4.1.x86_64.rpm
	cyrus-imapd-murder-2.2.12-3.RHEL4.1.x86_64.rpm
	cyrus-imapd-nntp-2.2.12-3.RHEL4.1.x86_64.rpm
	cyrus-imapd-utils-2.2.12-3.RHEL4.1.x86_64.rpm
	dbus-0.22-12.EL.2.i386.rpm
	dbus-0.22-12.EL.2.x86_64.rpm
	dbus-devel-0.22-12.EL.2.x86_64.rpm
	dbus-glib-0.22-12.EL.2.i386.rpm
	dbus-glib-0.22-12.EL.2.x86_64.rpm
	dbus-python-0.22-12.EL.2.x86_64.rpm
	dbus-x11-0.22-12.EL.2.x86_64.rpm
	devhelp-0.9.2-2.4.4.x86_64.rpm
	devhelp-0.9.2-2.4.5.x86_64.rpm
	devhelp-devel-0.9.2-2.4.4.x86_64.rpm
	devhelp-devel-0.9.2-2.4.5.x86_64.rpm
	device-mapper-1.01.01-1.RHEL4.x86_64.rpm
	diskdumputils-1.0.1-5.x86_64.rpm
	e2fsprogs-1.35-12.1.EL4.x86_64.rpm
	e2fsprogs-devel-1.35-12.1.EL4.x86_64.rpm
	elfutils-0.97-7.x86_64.rpm
	elfutils-devel-0.97-7.x86_64.rpm
	elfutils-libelf-0.97-7.x86_64.rpm
	elfutils-libelf-devel-0.97-7.x86_64.rpm
	elinks-0.9.2-3.2.x86_64.rpm
	ethereal-0.10.11-1.EL4.1.x86_64.rpm
	ethereal-gnome-0.10.11-1.EL4.1.x86_64.rpm
Thu Jun 23 16:00:19 CDT 2005
	evolution-2.0.2-16.x86_64.rpm
	evolution-connector-2.0.2-5.x86_64.rpm
	evolution-data-server-1.0.2-7.x86_64.rpm
	evolution-data-server-devel-1.0.2-7.x86_64.rpm
	evolution-devel-2.0.2-16.x86_64.rpm
	firefox-1.0.4-1.4.1.x86_64.rpm
	fonts-xorg-100dpi-6.8.1.1-1.EL.1.noarch.rpm
	fonts-xorg-75dpi-6.8.1.1-1.EL.1.noarch.rpm
	fonts-xorg-base-6.8.1.1-1.EL.1.noarch.rpm
	fonts-xorg-cyrillic-6.8.1.1-1.EL.1.noarch.rpm
	fonts-xorg-ISO8859-14-100dpi-6.8.1.1-1.EL.1.noarch.rpm
	fonts-xorg-ISO8859-14-75dpi-6.8.1.1-1.EL.1.noarch.rpm
	fonts-xorg-ISO8859-15-100dpi-6.8.1.1-1.EL.1.noarch.rpm
	fonts-xorg-ISO8859-15-75dpi-6.8.1.1-1.EL.1.noarch.rpm
	fonts-xorg-ISO8859-2-100dpi-6.8.1.1-1.EL.1.noarch.rpm
	fonts-xorg-ISO8859-2-75dpi-6.8.1.1-1.EL.1.noarch.rpm
	fonts-xorg-ISO8859-9-100dpi-6.8.1.1-1.EL.1.noarch.rpm
	fonts-xorg-ISO8859-9-75dpi-6.8.1.1-1.EL.1.noarch.rpm
	fonts-xorg-syriac-6.8.1.1-1.EL.1.noarch.rpm
	fonts-xorg-truetype-6.8.1.1-1.EL.1.noarch.rpm
	gaim-1.2.1-6.el4.x86_64.rpm
	gaim-1.3.1-0.el4.x86_64.rpm
	gdb-6.3.0.0-0.31.x86_64.rpm
	gdm-2.6.0.5-7.rhel4.1.x86_64.rpm
	gedit-2.8.1-4.x86_64.rpm
	gedit-devel-2.8.1-4.x86_64.rpm
	gftp-2.0.17-5.x86_64.rpm
	gnutls-1.0.20-3.2.1.i386.rpm
	gnutls-1.0.20-3.2.1.x86_64.rpm
	gnutls-devel-1.0.20-3.2.1.x86_64.rpm
	gsl-1.5-2.rhel4.x86_64.rpm
	gsl-devel-1.5-2.rhel4.x86_64.rpm
	gzip-1.3.3-15.rhel4.x86_64.rpm
	hotplug-2004_04_01-7.5.x86_64.rpm
	httpd-2.0.52-12.ent.x86_64.rpm
	httpd-devel-2.0.52-12.ent.x86_64.rpm
	httpd-manual-2.0.52-12.ent.x86_64.rpm
	httpd-suexec-2.0.52-12.ent.x86_64.rpm
	hwbrowser-0.19-0.EL4.2.noarch.rpm
	hwdata-0.146.10.EL-1.noarch.rpm
	iiimf-csconv-12.1-13.EL.x86_64.rpm
	iiimf-docs-12.1-13.EL.x86_64.rpm
	iiimf-emacs-12.1-13.EL.x86_64.rpm
	iiimf-gnome-im-switcher-12.1-13.EL.x86_64.rpm
	iiimf-gtk-12.1-13.EL.x86_64.rpm
	iiimf-le-canna-12.1-13.EL.x86_64.rpm
	iiimf-le-hangul-12.1-13.EL.x86_64.rpm
	iiimf-le-sun-thai-12.1-13.EL.x86_64.rpm
	iiimf-le-unit-12.1-13.EL.x86_64.rpm
	iiimf-libs-12.1-13.EL.x86_64.rpm
	iiimf-libs-devel-12.1-13.EL.x86_64.rpm
	iiimf-server-12.1-13.EL.x86_64.rpm
	iiimf-x-12.1-13.EL.x86_64.rpm
	ImageMagick-6.0.7.1-12.x86_64.rpm
	ImageMagick-c++-6.0.7.1-12.x86_64.rpm
	ImageMagick-c++-devel-6.0.7.1-12.x86_64.rpm
	ImageMagick-devel-6.0.7.1-12.x86_64.rpm
	ImageMagick-perl-6.0.7.1-12.x86_64.rpm
	initscripts-7.93.13.EL-2.x86_64.rpm
	kdelibs-3.3.1-3.10.i386.rpm
	kdelibs-3.3.1-3.10.x86_64.rpm
	kdelibs-devel-3.3.1-3.10.x86_64.rpm
	kernel-2.6.9-11.EL.x86_64.rpm
	kernel-devel-2.6.9-11.EL.x86_64.rpm
	kernel-smp-2.6.9-11.EL.x86_64.rpm
	kernel-smp-devel-2.6.9-11.EL.x86_64.rpm
	kernel-utils-2.4-13.1.66.x86_64.rpm
	kudzu-1.1.95.11-2.x86_64.rpm
	kudzu-devel-1.1.95.11-2.x86_64.rpm
	libpcap-0.8.3-10.RHEL4.i386.rpm
	libpcap-0.8.3-10.RHEL4.x86_64.rpm
	libtool-1.5.6-4.EL4.1.x86_64.rpm
	libtool-libs-1.5.6-4.EL4.1.x86_64.rpm
	lsof-4.72-1.1.x86_64.rpm
	lvm2-2.01.08-1.0.RHEL4.x86_64.rpm
	man-pages-ja-20041215-1.EL4.0.noarch.rpm
	mikmod-3.1.6-32.EL4.i386.rpm
	mikmod-3.1.6-32.EL4.x86_64.rpm
	mikmod-devel-3.1.6-32.EL4.x86_64.rpm
	mkinitrd-4.2.1.3-1.x86_64.rpm
	mod_auth_mysql-2.6.1-2.2.x86_64.rpm
	mod_ssl-2.0.52-12.ent.x86_64.rpm
	mozilla-1.7.8-1.4.1.x86_64.rpm
	mozilla-chat-1.7.8-1.4.1.x86_64.rpm
	mozilla-devel-1.7.8-1.4.1.x86_64.rpm
	mozilla-dom-inspector-1.7.8-1.4.1.x86_64.rpm
	mozilla-js-debugger-1.7.8-1.4.1.x86_64.rpm
	mozilla-mail-1.7.8-1.4.1.x86_64.rpm
	mozilla-nspr-1.7.8-1.4.1.x86_64.rpm
	mozilla-nspr-devel-1.7.8-1.4.1.x86_64.rpm
	mozilla-nss-1.7.8-1.4.1.x86_64.rpm
	mozilla-nss-devel-1.7.8-1.4.1.x86_64.rpm
	mysql-4.1.10a-2.RHEL4.1.x86_64.rpm
	mysql-bench-4.1.10a-2.RHEL4.1.x86_64.rpm
	mysql-devel-4.1.10a-2.RHEL4.1.x86_64.rpm
	mysql-server-4.1.10a-2.RHEL4.1.x86_64.rpm
	nasm-0.98.38-3.EL4.x86_64.rpm
	nasm-doc-0.98.38-3.EL4.x86_64.rpm
	nasm-rdoff-0.98.38-3.EL4.x86_64.rpm
	netdump-0.7.7-3.x86_64.rpm
	netdump-server-0.7.7-3.x86_64.rpm
	net-tools-1.60-37.EL4.6.x86_64.rpm
	nss_ldap-226-6.x86_64.rpm
	ntsysv-1.3.13.2-1.x86_64.rpm
	openmotif21-2.1.30-11.RHEL4.4.i386.rpm
	openmotif-2.2.3-9.RHEL4.1.i386.rpm
	openmotif-2.2.3-9.RHEL4.1.x86_64.rpm
	openmotif-devel-2.2.3-9.RHEL4.1.x86_64.rpm
	openssh-3.9p1-8.RHEL4.4.x86_64.rpm
	openssh-askpass-3.9p1-8.RHEL4.4.x86_64.rpm
	openssh-askpass-gnome-3.9p1-8.RHEL4.4.x86_64.rpm
	openssh-clients-3.9p1-8.RHEL4.4.x86_64.rpm
	openssh-server-3.9p1-8.RHEL4.4.x86_64.rpm
	openssl096b-0.9.6b-22.3.i386.rpm
	openssl096b-0.9.6b-22.3.x86_64.rpm
	openssl-0.9.7a-43.2.i686.rpm
	openssl-0.9.7a-43.2.x86_64.rpm
	openssl-devel-0.9.7a-43.2.x86_64.rpm
	openssl-perl-0.9.7a-43.2.x86_64.rpm
	pam-0.77-66.5.x86_64.rpm
	pam-devel-0.77-66.5.x86_64.rpm
	pango-1.6.0-9.x86_64.rpm
	pango-devel-1.6.0-9.x86_64.rpm
	pciutils-2.1.99.test8-3.1.x86_64.rpm
	pciutils-devel-2.1.99.test8-3.1.x86_64.rpm
	pcmcia-cs-3.2.7-3.2.x86_64.rpm
	perl-Cyrus-2.2.12-3.RHEL4.1.x86_64.rpm
	php-4.3.9-3.6.x86_64.rpm
	php-devel-4.3.9-3.6.x86_64.rpm
	php-domxml-4.3.9-3.6.x86_64.rpm
	php-gd-4.3.9-3.6.x86_64.rpm
	php-imap-4.3.9-3.6.x86_64.rpm
	php-ldap-4.3.9-3.6.x86_64.rpm
	php-mbstring-4.3.9-3.6.x86_64.rpm
	php-mysql-4.3.9-3.6.x86_64.rpm
	php-ncurses-4.3.9-3.6.x86_64.rpm
	php-odbc-4.3.9-3.6.x86_64.rpm
	php-pear-4.3.9-3.6.x86_64.rpm
	php-pgsql-4.3.9-3.6.x86_64.rpm
	php-snmp-4.3.9-3.6.x86_64.rpm
	php-xmlrpc-4.3.9-3.6.x86_64.rpm
	policycoreutils-1.18.1-4.3.x86_64.rpm
	popt-1.9.1-9_nonptl.x86_64.rpm
	postgresql-7.4.8-1.RHEL4.1.x86_64.rpm
	postgresql-contrib-7.4.8-1.RHEL4.1.x86_64.rpm
	postgresql-devel-7.4.8-1.RHEL4.1.x86_64.rpm
	postgresql-docs-7.4.8-1.RHEL4.1.x86_64.rpm
	postgresql-jdbc-7.4.8-1.RHEL4.1.x86_64.rpm
	postgresql-libs-7.4.8-1.RHEL4.1.i386.rpm
	postgresql-libs-7.4.8-1.RHEL4.1.x86_64.rpm
	postgresql-odbc-7.3-8.RHEL4.1.x86_64.rpm
	postgresql-pl-7.4.8-1.RHEL4.1.x86_64.rpm
	postgresql-python-7.4.8-1.RHEL4.1.x86_64.rpm
	postgresql-server-7.4.8-1.RHEL4.1.x86_64.rpm
	postgresql-tcl-7.4.8-1.RHEL4.1.x86_64.rpm
	postgresql-test-7.4.8-1.RHEL4.1.x86_64.rpm
	procps-3.2.3-8.1.x86_64.rpm
	psacct-6.3.2-35.rhel4.x86_64.rpm
	redhat-lsb-1.3-10.EL.x86_64.rpm
	rpm-4.3.3-9_nonptl.x86_64.rpm
	rpm-build-4.3.3-9_nonptl.x86_64.rpm
	rpm-devel-4.3.3-9_nonptl.x86_64.rpm
	rpm-libs-4.3.3-9_nonptl.x86_64.rpm
	rpm-python-4.3.3-9_nonptl.x86_64.rpm
	rsh-0.17-25.3.x86_64.rpm
	rsh-server-0.17-25.3.x86_64.rpm
	selinux-policy-targeted-1.17.30-2.88.noarch.rpm
	selinux-policy-targeted-sources-1.17.30-2.88.noarch.rpm
	sharutils-4.2.1-22.2.x86_64.rpm
	squid-2.5.STABLE6-3.4E.9.x86_64.rpm
	strace-4.5.9-2.EL4.x86_64.rpm
	sysreport-1.3.15-2.noarch.rpm
	system-config-kickstart-2.5.16.1-1.noarch.rpm
	system-config-lvm-0.9.24-1.0.noarch.rpm
	tcpdump-3.8.2-10.RHEL4.x86_64.rpm
	telnet-0.17-31.EL4.3.x86_64.rpm
	telnet-server-0.17-31.EL4.3.x86_64.rpm
	ttfonts-ja-1.2-36.EL4.0.noarch.rpm
	tzdata-2005f-1.EL4.noarch.rpm
	xorg-x11-6.8.2-1.EL.13.6.x86_64.rpm
	xorg-x11-deprecated-libs-6.8.2-1.EL.13.6.i386.rpm
	xorg-x11-deprecated-libs-6.8.2-1.EL.13.6.x86_64.rpm
	xorg-x11-deprecated-libs-devel-6.8.2-1.EL.13.6.x86_64.rpm
	xorg-x11-devel-6.8.2-1.EL.13.6.i386.rpm
	xorg-x11-devel-6.8.2-1.EL.13.6.x86_64.rpm
	xorg-x11-doc-6.8.2-1.EL.13.6.x86_64.rpm
	xorg-x11-font-utils-6.8.2-1.EL.13.6.x86_64.rpm
	xorg-x11-libs-6.8.2-1.EL.13.6.i386.rpm
	xorg-x11-libs-6.8.2-1.EL.13.6.x86_64.rpm
	xorg-x11-Mesa-libGL-6.8.2-1.EL.13.6.i386.rpm
	xorg-x11-Mesa-libGL-6.8.2-1.EL.13.6.x86_64.rpm
	xorg-x11-Mesa-libGLU-6.8.2-1.EL.13.6.i386.rpm
	xorg-x11-Mesa-libGLU-6.8.2-1.EL.13.6.x86_64.rpm
	xorg-x11-sdk-6.8.2-1.EL.13.6.x86_64.rpm
	xorg-x11-tools-6.8.2-1.EL.13.6.x86_64.rpm
	xorg-x11-twm-6.8.2-1.EL.13.6.x86_64.rpm
	xorg-x11-xauth-6.8.2-1.EL.13.6.x86_64.rpm
	xorg-x11-xdm-6.8.2-1.EL.13.6.x86_64.rpm
	xorg-x11-Xdmx-6.8.2-1.EL.13.6.x86_64.rpm
	xorg-x11-xfs-6.8.2-1.EL.13.6.x86_64.rpm
	xorg-x11-Xnest-6.8.2-1.EL.13.6.x86_64.rpm
	xorg-x11-Xvfb-6.8.2-1.EL.13.6.x86_64.rpm
	apr-0.9.4-24.3.i386.rpm
	device-mapper-1.01.01-1.RHEL4.i386.rpm
	e2fsprogs-1.35-12.1.EL4.i386.rpm
	elfutils-0.97-7.i386.rpm
	elfutils-libelf-0.97-7.i386.rpm
	evolution-data-server-1.0.2-7.i386.rpm
	gsl-1.5-2.rhel4.i386.rpm
	libtool-libs-1.5.6-4.EL4.1.i386.rpm
	mozilla-nspr-1.7.8-1.4.1.i386.rpm
	mozilla-nss-1.7.8-1.4.1.i386.rpm
	mysql-4.1.10a-2.RHEL4.1.i386.rpm
	nss_ldap-226-6.i386.rpm
	pam-0.77-66.5.i386.rpm
	pam-devel-0.77-66.5.i386.rpm
	pango-1.6.0-9.i386.rpm
	popt-1.9.1-9_nonptl.i386.rpm
	redhat-lsb-1.3-10.EL.i386.rpm
Wed Jul 13 10:04:52 CDT 2005
	freeradius-1.0.1-3.RHEL4.x86_64.rpm
	freeradius-mysql-1.0.1-3.RHEL4.x86_64.rpm
	freeradius-postgresql-1.0.1-3.RHEL4.x86_64.rpm
	freeradius-unixODBC-1.0.1-3.RHEL4.x86_64.rpm
	HelixPlayer-1.0.5-0.EL4.1.i386.rpm
	krb5-devel-1.3.4-17.x86_64.rpm
	krb5-libs-1.3.4-17.i386.rpm
	krb5-libs-1.3.4-17.x86_64.rpm
	krb5-server-1.3.4-17.x86_64.rpm
	krb5-workstation-1.3.4-17.x86_64.rpm
	php-devel-4.3.9-3.7.x86_64.rpm
	php-domxml-4.3.9-3.7.x86_64.rpm
	php-gd-4.3.9-3.7.x86_64.rpm
	php-imap-4.3.9-3.7.x86_64.rpm
	php-ldap-4.3.9-3.7.x86_64.rpm
	php-mbstring-4.3.9-3.7.x86_64.rpm
	php-mysql-4.3.9-3.7.x86_64.rpm
	php-ncurses-4.3.9-3.7.x86_64.rpm
	php-odbc-4.3.9-3.7.x86_64.rpm
	php-pear-4.3.9-3.7.x86_64.rpm
	php-pgsql-4.3.9-3.7.x86_64.rpm
	php-snmp-4.3.9-3.7.x86_64.rpm
	php-xmlrpc-4.3.9-3.7.x86_64.rpm
	spamassassin-3.0.4-1.el4.x86_64.rpm
	sudo-1.6.7p5-30.1.1.x86_64.rpm
	zlib-1.2.1.2-1.1.i386.rpm
	zlib-1.2.1.2-1.1.x86_64.rpm
	zlib-devel-1.2.1.2-1.1.x86_64.rpm
Wed Jul 13 10:08:32 CDT 2005
Fri Jul 22 13:58:21 CDT 2005
	anaconda-10.1.1.19-1SL.x86_64.rpm
	anaconda-runtime-10.1.1.19-1SL.x86_64.rpm
	cpio-2.5-8.RHEL4.x86_64.rpm
	devhelp-0.9.2-2.4.6.x86_64.rpm
	devhelp-devel-0.9.2-2.4.6.x86_64.rpm
	firefox-1.0.6-1.4.1.x86_64.rpm
	kdenetwork-3.3.1-2.3.x86_64.rpm
	kdenetwork-devel-3.3.1-2.3.x86_64.rpm
	kdenetwork-nowlistening-3.3.1-2.3.x86_64.rpm
	kernel-doc-2.6.9-11.EL.noarch.rpm
	kernel-hugemem-devel-2.6.9-11.EL.i686.rpm
	mozilla-1.7.10-1.4.1.x86_64.rpm
	mozilla-chat-1.7.10-1.4.1.x86_64.rpm
	mozilla-devel-1.7.10-1.4.1.x86_64.rpm
	mozilla-dom-inspector-1.7.10-1.4.1.x86_64.rpm
	mozilla-js-debugger-1.7.10-1.4.1.x86_64.rpm
	mozilla-mail-1.7.10-1.4.1.x86_64.rpm
	mozilla-nspr-1.7.10-1.4.1.x86_64.rpm
	mozilla-nspr-devel-1.7.10-1.4.1.x86_64.rpm
	mozilla-nss-1.7.10-1.4.1.x86_64.rpm
	mozilla-nss-devel-1.7.10-1.4.1.x86_64.rpm
	thunderbird-1.0.6-1.4.1.x86_64.rpm
	zlib-1.2.1.2-1.2.x86_64.rpm
	zlib-devel-1.2.1.2-1.2.x86_64.rpm
Fri Jul 22 14:11:08 CDT 2005
	mozilla-nspr-1.7.10-1.4.1.i386.rpm
	mozilla-nss-1.7.10-1.4.1.i386.rpm
	zlib-1.2.1.2-1.2.i386.rpm
	zlib-devel-1.2.1.2-1.2.i386.rpm
Wed Jul 27 14:18:18 CDT 2005
	fetchmail-6.2.5-6.el4.2.x86_64.rpm
	httpd-2.0.52-12.1.ent.x86_64.rpm
	httpd-devel-2.0.52-12.1.ent.x86_64.rpm
	httpd-manual-2.0.52-12.1.ent.x86_64.rpm
	httpd-suexec-2.0.52-12.1.ent.x86_64.rpm
	kdelibs-3.3.1-3.11.x86_64.rpm
	kdelibs-3.3.1-3.11.i386.rpm
	kdelibs-devel-3.3.1-3.11.x86_64.rpm
	mod_ssl-2.0.52-12.1.ent.x86_64.rpm
Fri Jul 29 14:06:08 CDT 2005
	glibc-2.3.4-2.9.x86_64.rpm
	glibc-2.3.4-2.9.i686.rpm
	glibc-devel-2.3.4-2.9.i386.rpm
	glibc-common-2.3.4-2.9.x86_64.rpm
	glibc-devel-2.3.4-2.9.x86_64.rpm
	glibc-headers-2.3.4-2.9.x86_64.rpm
	glibc-profile-2.3.4-2.9.x86_64.rpm
	glibc-utils-2.3.4-2.9.x86_64.rpm
	libaio-0.3.103-3.i386.rpm
	nptl-devel-2.3.4-2.9.x86_64.rpm
	nscd-2.3.4-2.9.x86_64.rpm
	dhclient-3.0.1-38_EL4.x86_64.rpm
	dhcp-3.0.1-38_EL4.x86_64.rpm
	dhcp-devel-3.0.1-38_EL4.x86_64.rpm
	openoffice.org-1.1.2-24.6.0.EL4.i386.rpm
	openoffice.org-i18n-1.1.2-24.6.0.EL4.i386.rpm
	openoffice.org-libs-1.1.2-24.6.0.EL4.i386.rpm
Mon Aug 1 15:55:28 CDT 2005
	cpp-3.4.3-22.1.x86_64.rpm
	gcc-3.4.3-22.1.x86_64.rpm
	gcc-c++-3.4.3-22.1.x86_64.rpm
	gcc-g77-3.4.3-22.1.x86_64.rpm
	gcc-java-3.4.3-22.1.x86_64.rpm
	gcc-objc-3.4.3-22.1.x86_64.rpm
	libf2c-3.4.3-22.1.x86_64.rpm
	libgcc-3.4.3-22.1.x86_64.rpm
	libgcj-3.4.3-22.1.x86_64.rpm
	libgcj-devel-3.4.3-22.1.x86_64.rpm
	libobjc-3.4.3-22.1.x86_64.rpm
	libstdc++-3.4.3-22.1.x86_64.rpm
	libstdc++-devel-3.4.3-22.1.x86_64.rpm
Mon Aug 1 15:58:30 CDT 2005
	libf2c-3.4.3-22.1.i386.rpm
	libgcc-3.4.3-22.1.i386.rpm
	libgcj-3.4.3-22.1.i386.rpm
	libobjc-3.4.3-22.1.i386.rpm
	libstdc++-3.4.3-22.1.i386.rpm
	libstdc++-devel-3.4.3-22.1.i386.rpm
Mon Aug 1 16:00:44 CDT 2005
	libgnat-3.4.3-22.1.i386.rpm
Tue Aug 2 09:53:01 CDT 2005
Tue Aug 2 13:53:04 CDT 2005
Mon Aug 8 14:57:28 CDT 2005
	dmraid-1.0.0.rc6.1-3_RHEL4_U1.i386.rpm
	irb-1.8.1-7.EL4.1.x86_64.rpm
	ruby-1.8.1-7.EL4.1.x86_64.rpm
	ruby-devel-1.8.1-7.EL4.1.x86_64.rpm
	ruby-docs-1.8.1-7.EL4.1.x86_64.rpm
	ruby-libs-1.8.1-7.EL4.1.x86_64.rpm
	ruby-mode-1.8.1-7.EL4.1.x86_64.rpm
	ruby-tcltk-1.8.1-7.EL4.1.x86_64.rpm
	squirrelmail-1.4.3a-11.EL4.noarch.rpm
	squirrelmail-1.4.3a-12.EL4.noarch.rpm
Mon Aug 8 15:59:23 CDT 2005
	ruby-libs-1.8.1-7.EL4.1.i386.rpm
