2005.10.17 11:35 B k:\fam\swcc\intell\web_swcc\information\newsreleases\documents\_notes\ncaf061705.pdf.mno <-- swcc_webfiles /information/newsreleases/documents/_notes ncaf061705.pdf.mno
2005.10.17 11:35 B k:\fam\swcc\intell\web_swcc\information\newsreleases\documents\_notes\ncnf061805.pdf.mno <-- swcc_webfiles /information/newsreleases/documents/_notes ncnf061805.pdf.mno
2005.10.17 11:35 B k:\fam\swcc\intell\web_swcc\information\newsreleases\documents\_notes\ngnf061405-fork.pdf.mno <-- swcc_webfiles /information/newsreleases/documents/_notes ngnf061405-fork.pdf.mno
2005.10.17 11:35 B k:\fam\swcc\intell\web_swcc\information\newsreleases\documents\_notes\nlnf061605.pdf.mno <-- swcc_webfiles /information/newsreleases/documents/_notes nlnf061605.pdf.mno
2005.10.17 11:35 B k:\fam\swcc\intell\web_swcc\information\newsreleases\documents\_notes\nphd062805.pdf.mno <-- swcc_webfiles /information/newsreleases/documents/_notes nphd062805.pdf.mno
2005.10.17 11:35 B k:\fam\swcc\intell\web_swcc\information\newsreleases\documents\_notes\nswa061505.pdf.mno <-- swcc_webfiles /information/newsreleases/documents/_notes nswa061505.pdf.mno
2005.10.17 11:35 B k:\fam\swcc\intell\web_swcc\information\newsreleases\documents\_notes\prev_cnf_062805.pdf.mno <-- swcc_webfiles /information/newsreleases/documents/_notes prev_cnf_062805.pdf.mno
2005.10.17 11:35 B k:\fam\swcc\intell\web_swcc\information\newsreleases\documents\_notes\prev_knf_062705.pdf.mno <-- swcc_webfiles /information/newsreleases/documents/_notes prev_knf_062705.pdf.mno
2005.10.17 11:35 B k:\fam\swcc\intell\web_swcc\information\newsreleases\documents\_notes\prev_nswa_070605.doc.mno <-- swcc_webfiles /information/newsreleases/documents/_notes prev_nswa_070605.doc.mno
2005.10.17 11:35 B k:\fam\swcc\intell\web_swcc\information\newsreleases\documents\_notes\prev_swa_062305.pdf.mno <-- swcc_webfiles /information/newsreleases/documents/_notes prev_swa_062305.pdf.mno
2005.10.17 11:35 B k:\fam\swcc\intell\web_swcc\information\newsreleases\documents\_notes\related_062905.pdf.mno <-- swcc_webfiles /information/newsreleases/documents/_notes related_062905.pdf.mno
2005.10.17 11:35 B k:\fam\swcc\intell\web_swcc\information\newsreleases\documents\_notes\related_cofknf071105.pdf.mno <-- swcc_webfiles /information/newsreleases/documents/_notes related_cofknf071105.pdf.mno
2005.10.17 11:35 B k:\fam\swcc\intell\web_swcc\information\newsreleases\documents\_notes\related_gnf_062705.pdf.mno <-- swcc_webfiles /information/newsreleases/documents/_notes related_gnf_062705.pdf.mno
2005.10.17 11:35 B k:\fam\swcc\intell\web_swcc\information\newsreleases\documents\_notes\rx_caf083005.pdf.mno <-- swcc_webfiles /information/newsreleases/documents/_notes rx_caf083005.pdf.mno
2005.10.17 11:35 B k:\fam\swcc\intell\web_swcc\information\newsreleases\documents\_notes\rx_caf091305.pdf.mno <-- swcc_webfiles /information/newsreleases/documents/_notes rx_caf091305.pdf.mno
2005.10.17 11:35 B k:\fam\swcc\intell\web_swcc\information\newsreleases\documents\_notes\rx_gcp072805.pdf.mno <-- swcc_webfiles /information/newsreleases/documents/_notes rx_gcp072805.pdf.mno
2005.10.17 11:35 B k:\fam\swcc\intell\web_swcc\information\newsreleases\documents\_notes\rx_gcp091305.pdf.mno <-- swcc_webfiles /information/newsreleases/documents/_notes rx_gcp091305.pdf.mno
2005.10.17 11:35 B k:\fam\swcc\intell\web_swcc\information\newsreleases\documents\_notes\rx_gcp092905.pdf.mno <-- swcc_webfiles /information/newsreleases/documents/_notes rx_gcp092905.pdf.mno
2005.10.17 11:35 B k:\fam\swcc\intell\web_swcc\information\newsreleases\documents\_notes\rx_gcp100305.pdf.mno <-- swcc_webfiles /information/newsreleases/documents/_notes rx_gcp100305.pdf.mno
2005.10.17 11:35 B k:\fam\swcc\intell\web_swcc\information\newsreleases\documents\_notes\rx_gcp101205.pdf.mno <-- swcc_webfiles /information/newsreleases/documents/_notes rx_gcp101205.pdf.mno
2005.10.17 11:35 B k:\fam\swcc\intell\web_swcc\information\newsreleases\documents\_notes\rx_gnf100305.pdf.mno <-- swcc_webfiles /information/newsreleases/documents/_notes rx_gnf100305.pdf.mno
2005.10.17 11:35 B k:\fam\swcc\intell\web_swcc\information\newsreleases\documents\_notes\rx_gnf101205.pdf.mno <-- swcc_webfiles /information/newsreleases/documents/_notes rx_gnf101205.pdf.mno
2005.10.17 11:35 B k:\fam\swcc\intell\web_swcc\information\newsreleases\documents\_notes\rx_gnf_062305.pdf.mno <-- swcc_webfiles /information/newsreleases/documents/_notes rx_gnf_062305.pdf.mno
2005.10.17 11:35 B k:\fam\swcc\intell\web_swcc\information\newsreleases\documents\_notes\rx_knf091605.pdf.mno <-- swcc_webfiles /information/newsreleases/documents/_notes rx_knf091605.pdf.mno
2005.10.17 11:35 B k:\fam\swcc\intell\web_swcc\information\newsreleases\documents\_notes\rx_knf092105.pdf.mno <-- swcc_webfiles /information/newsreleases/documents/_notes rx_knf092105.pdf.mno
2005.10.17 11:35 B k:\fam\swcc\intell\web_swcc\information\newsreleases\documents\_notes\rx_knf101305.pdf.mno <-- swcc_webfiles /information/newsreleases/documents/_notes rx_knf101305.pdf.mno
2005.10.17 11:35 B k:\fam\swcc\intell\web_swcc\information\newsreleases\documents\_notes\rx_knf_063005.pdf.mno <-- swcc_webfiles /information/newsreleases/documents/_notes rx_knf_063005.pdf.mno
2005.10.17 11:35 B k:\fam\swcc\intell\web_swcc\information\newsreleases\documents\_notes\rx_lnf092705.pdf.mno <-- swcc_webfiles /information/newsreleases/documents/_notes rx_lnf092705.pdf.mno
2005.10.17 11:35 B k:\fam\swcc\intell\web_swcc\information\newsreleases\documents\_notes\rx_pnf071805.pdf.mno <-- swcc_webfiles /information/newsreleases/documents/_notes rx_pnf071805.pdf.mno
2005.10.17 11:35 B k:\fam\swcc\intell\web_swcc\information\newsreleases\documents\_notes\rx_pnf081805.pdf.mno <-- swcc_webfiles /information/newsreleases/documents/_notes rx_pnf081805.pdf.mno
2005.10.17 11:35 B k:\fam\swcc\intell\web_swcc\information\newsreleases\documents\_notes\rx_pnf082605.pdf.mno <-- swcc_webfiles /information/newsreleases/documents/_notes rx_pnf082605.pdf.mno
2005.10.17 11:35 B k:\fam\swcc\intell\web_swcc\information\newsreleases\documents\_notes\rx_pnf090905.pdf.mno <-- swcc_webfiles /information/newsreleases/documents/_notes rx_pnf090905.pdf.mno
2005.10.17 11:35 B k:\fam\swcc\intell\web_swcc\information\newsreleases\documents\_notes\rx_pnf091305.pdf.mno <-- swcc_webfiles /information/newsreleases/documents/_notes rx_pnf091305.pdf.mno
2005.10.17 11:35 B k:\fam\swcc\intell\web_swcc\information\newsreleases\documents\_notes\rx_pnf091305_000.pdf.mno <-- swcc_webfiles /information/newsreleases/documents/_notes rx_pnf091305_000.pdf.mno
2005.10.17 11:35 B k:\fam\swcc\intell\web_swcc\information\newsreleases\documents\_notes\rx_pnf092105.pdf.mno <-- swcc_webfiles /information/newsreleases/documents/_notes rx_pnf092105.pdf.mno
2005.10.17 11:35 B k:\fam\swcc\intell\web_swcc\information\newsreleases\documents\_notes\rx_pnf100305.pdf.mno <-- swcc_webfiles /information/newsreleases/documents/_notes rx_pnf100305.pdf.mno
2005.10.17 11:35 B k:\fam\swcc\intell\web_swcc\information\newsreleases\documents\_notes\rx_snf082905.pdf.mno <-- swcc_webfiles /information/newsreleases/documents/_notes rx_snf082905.pdf.mno
2005.10.17 11:35 B k:\fam\swcc\intell\web_swcc\information\newsreleases\documents\_notes\rx_snf083105.pdf.mno <-- swcc_webfiles /information/newsreleases/documents/_notes rx_snf083105.pdf.mno
2005.10.17 11:35 B k:\fam\swcc\intell\web_swcc\information\newsreleases\documents\_notes\rx_snf091205.pdf.mno <-- swcc_webfiles /information/newsreleases/documents/_notes rx_snf091205.pdf.mno
2005.10.17 11:35 B k:\fam\swcc\intell\web_swcc\information\newsreleases\documents\_notes\rx_snf091505.pdf.mno <-- swcc_webfiles /information/newsreleases/documents/_notes rx_snf091505.pdf.mno
2005.10.17 11:35 B k:\fam\swcc\intell\web_swcc\information\newsreleases\documents\_notes\rx_snf091605.pdf.mno <-- swcc_webfiles /information/newsreleases/documents/_notes rx_snf091605.pdf.mno
2005.10.17 11:35 B k:\fam\swcc\intell\web_swcc\information\newsreleases\documents\_notes\rx_snf092005.pdf.mno <-- swcc_webfiles /information/newsreleases/documents/_notes rx_snf092005.pdf.mno
2005.10.17 11:35 B k:\fam\swcc\intell\web_swcc\information\newsreleases\documents\_notes\rx_snf092605.pdf.mno <-- swcc_webfiles /information/newsreleases/documents/_notes rx_snf092605.pdf.mno
2005.10.17 11:35 B k:\fam\swcc\intell\web_swcc\information\newsreleases\documents\_notes\rx_snf100705.pdf.mno <-- swcc_webfiles /information/newsreleases/documents/_notes rx_snf100705.pdf.mno
2005.10.17 11:35 B k:\fam\swcc\intell\web_swcc\information\newsreleases\documents\_notes\rx_snf101405.pdf.mno <-- swcc_webfiles /information/newsreleases/documents/_notes rx_snf101405.pdf.mno
2005.10.17 11:35 B k:\fam\swcc\intell\web_swcc\information\newsreleases\documents\_notes\suppression_asd092905.pdf.mno <-- swcc_webfiles /information/newsreleases/documents/_notes suppression_asd092905.pdf.mno
2005.10.17 11:35 B k:\fam\swcc\intell\web_swcc\information\newsreleases\documents\_notes\suppression_azstrip082305.pdf.mno <-- swcc_webfiles /information/newsreleases/documents/_notes suppression_azstrip082305.pdf.mno
2005.10.17 11:35 B k:\fam\swcc\intell\web_swcc\information\newsreleases\documents\_notes\suppression_caf070705.pdf.mno <-- swcc_webfiles /information/newsreleases/documents/_notes suppression_caf070705.pdf.mno
2005.10.17 11:35 B k:\fam\swcc\intell\web_swcc\information\newsreleases\documents\_notes\suppression_caf070705_map.pdf.mno <-- swcc_webfiles /information/newsreleases/documents/_notes suppression_caf070705_map.pdf.mno
2005.10.17 11:35 B k:\fam\swcc\intell\web_swcc\information\newsreleases\documents\_notes\suppression_caf091705.pdf.mno <-- swcc_webfiles /information/newsreleases/documents/_notes suppression_caf091705.pdf.mno
2005.10.17 11:35 B k:\fam\swcc\intell\web_swcc\information\newsreleases\documents\_notes\suppression_caf0918-1000.pdf.mno <-- swcc_webfiles /information/newsreleases/documents/_notes suppression_caf0918-1000.pdf.mno
2005.10.17 11:35 B k:\fam\swcc\intell\web_swcc\information\newsreleases\documents\_notes\suppression_caf0918-2200.pdf.mno <-- swcc_webfiles /information/newsreleases/documents/_notes suppression_caf0918-2200.pdf.mno
2005.10.17 11:35 B k:\fam\swcc\intell\web_swcc\information\newsreleases\documents\_notes\suppression_caf091805-1400.pdf.mno <-- swcc_webfiles /information/newsreleases/documents/_notes suppression_caf091805-1400.pdf.mno
2005.10.17 11:35 B k:\fam\swcc\intell\web_swcc\information\newsreleases\documents\_notes\suppression_caf091805-1800.pdf.mno <-- swcc_webfiles /information/newsreleases/documents/_notes suppression_caf091805-1800.pdf.mno
2005.10.17 11:35 B k:\fam\swcc\intell\web_swcc\information\newsreleases\documents\_notes\suppression_caf091905.pdf.mno <-- swcc_webfiles /information/newsreleases/documents/_notes suppression_caf091905.pdf.mno
2005.10.17 11:35 B k:\fam\swcc\intell\web_swcc\information\newsreleases\documents\_notes\suppression_caf092005-1400.pdf.mno <-- swcc_webfiles /information/newsreleases/documents/_notes suppression_caf092005-1400.pdf.mno
2005.10.17 11:35 B k:\fam\swcc\intell\web_swcc\information\newsreleases\documents\_notes\suppression_caf092105-0600.pdf.mno <-- swcc_webfiles /information/newsreleases/documents/_notes suppression_caf092105-0600.pdf.mno
2005.10.17 11:35 B k:\fam\swcc\intell\web_swcc\information\newsreleases\documents\_notes\suppression_caf092605.pdf.mno <-- swcc_webfiles /information/newsreleases/documents/_notes suppression_caf092605.pdf.mno
2005.10.17 11:35 B k:\fam\swcc\intell\web_swcc\information\newsreleases\documents\_notes\suppression_caf092605a.pdf.mno <-- swcc_webfiles /information/newsreleases/documents/_notes suppression_caf092605a.pdf.mno
2005.10.17 11:35 B k:\fam\swcc\intell\web_swcc\information\newsreleases\documents\_notes\suppression_caf_070805pm.pdf.mno <-- swcc_webfiles /information/newsreleases/documents/_notes suppression_caf_070805pm.pdf.mno
2005.10.17 11:35 B k:\fam\swcc\intell\web_swcc\information\newsreleases\documents\_notes\suppression_cnf071005-0900.pdf.mno <-- swcc_webfiles /information/newsreleases/documents/_notes suppression_cnf071005-0900.pdf.mno
2005.10.17 11:35 B k:\fam\swcc\intell\web_swcc\information\newsreleases\documents\_notes\suppression_cnf072605.pdf.mno <-- swcc_webfiles /information/newsreleases/documents/_notes suppression_cnf072605.pdf.mno
2005.10.17 11:35 B k:\fam\swcc\intell\web_swcc\information\newsreleases\documents\_notes\suppression_cnf080405-barfoot.pdf.mno <-- swcc_webfiles /information/newsreleases/documents/_notes suppression_cnf080405-barfoot.pdf.mno
2005.10.17 11:35 B k:\fam\swcc\intell\web_swcc\information\newsreleases\documents\_notes\suppression_cnf080405.pdf.mno <-- swcc_webfiles /information/newsreleases/documents/_notes suppression_cnf080405.pdf.mno
2005.10.17 11:35 B k:\fam\swcc\intell\web_swcc\information\newsreleases\documents\_notes\suppression_cnf_070805-aztec.pdf.mno <-- swcc_webfiles /information/newsreleases/documents/_notes suppression_cnf_070805-aztec.pdf.mno
2005.10.17 11:35 B k:\fam\swcc\intell\web_swcc\information\newsreleases\documents\_notes\suppression_gnf083005.pdf.mno <-- swcc_webfiles /information/newsreleases/documents/_notes suppression_gnf083005.pdf.mno
2005.10.17 11:35 B k:\fam\swcc\intell\web_swcc\information\newsreleases\documents\_notes\suppression_gnf091405.pdf.mno <-- swcc_webfiles /information/newsreleases/documents/_notes suppression_gnf091405.pdf.mno
2005.10.17 11:35 B k:\fam\swcc\intell\web_swcc\information\newsreleases\documents\_notes\suppression_ncaf_070605.doc.mno <-- swcc_webfiles /information/newsreleases/documents/_notes suppression_ncaf_070605.doc.mno
2005.10.17 11:35 B k:\fam\swcc\intell\web_swcc\information\newsreleases\documents\_notes\suppression_phd_062305.pdf.mno <-- swcc_webfiles /information/newsreleases/documents/_notes suppression_phd_062305.pdf.mno
2005.10.17 11:36 B k:\fam\swcc\intell\web_swcc\information\newsreleases\documents\_notes\suppression_phd_062705.pdf.mno <-- swcc_webfiles /information/newsreleases/documents/_notes suppression_phd_062705.pdf.mno
2005.10.17 11:36 B k:\fam\swcc\intell\web_swcc\information\newsreleases\documents\_notes\suppression_phd_humbug_062505-0830.pdf.mno <-- swcc_webfiles /information/newsreleases/documents/_notes suppression_phd_humbug_062505-0830.pdf.mno
2005.10.17 11:36 B k:\fam\swcc\intell\web_swcc\information\newsreleases\documents\_notes\suppression_phd_humbug_062505.pdf.mno <-- swcc_webfiles /information/newsreleases/documents/_notes suppression_phd_humbug_062505.pdf.mno
2005.10.17 11:36 B k:\fam\swcc\intell\web_swcc\information\newsreleases\documents\_notes\suppression_phd_humbug_062605pm.pdf.mno <-- swcc_webfiles /information/newsreleases/documents/_notes suppression_phd_humbug_062605pm.pdf.mno
2005.10.17 11:36 B k:\fam\swcc\intell\web_swcc\information\newsreleases\documents\_notes\suppression_phd_perkins_062305.pdf.mno <-- swcc_webfiles /information/newsreleases/documents/_notes suppression_phd_perkins_062305.pdf.mno
2005.10.17 11:36 B k:\fam\swcc\intell\web_swcc\information\newsreleases\documents\_notes\suppression_pnf071805.pdf.mno <-- swcc_webfiles /information/newsreleases/documents/_notes suppression_pnf071805.pdf.mno
2005.10.17 11:36 B k:\fam\swcc\intell\web_swcc\information\newsreleases\documents\_notes\suppression_pnf_caveck-062505.pdf.mno <-- swcc_webfiles /information/newsreleases/documents/_notes suppression_pnf_caveck-062505.pdf.mno
2005.10.17 11:36 B k:\fam\swcc\intell\web_swcc\information\newsreleases\documents\_notes\suppression_snf0713.pdf.mno <-- swcc_webfiles /information/newsreleases/documents/_notes suppression_snf0713.pdf.mno
2005.10.17 11:36 B k:\fam\swcc\intell\web_swcc\information\newsreleases\documents\_notes\suppression_snf071305pm.pdf.mno <-- swcc_webfiles /information/newsreleases/documents/_notes suppression_snf071305pm.pdf.mno
2005.10.17 11:36 B k:\fam\swcc\intell\web_swcc\information\newsreleases\documents\_notes\suppression_tnf071805.pdf.mno <-- swcc_webfiles /information/newsreleases/documents/_notes suppression_tnf071805.pdf.mno
2005.10.17 11:36 B k:\fam\swcc\intell\web_swcc\information\newsreleases\documents\_notes\suppression_tnf_062605.pdf.mno <-- swcc_webfiles /information/newsreleases/documents/_notes suppression_tnf_062605.pdf.mno
2005.10.17 11:36 B k:\fam\swcc\intell\web_swcc\information\newsreleases\documents\_notes\suppression_tnf_062805.pdf.mno <-- swcc_webfiles /information/newsreleases/documents/_notes suppression_tnf_062805.pdf.mno
2005.10.17 11:36 B k:\fam\swcc\intell\web_swcc\information\newsreleases\documents\_notes\suppression_tnf_three_062705.pdf.mno <-- swcc_webfiles /information/newsreleases/documents/_notes suppression_tnf_three_062705.pdf.mno
2005.10.17 11:36 B k:\fam\swcc\intell\web_swcc\information\newsreleases\documents\_notes\suppression_tnf_three_062805.pdf.mno <-- swcc_webfiles /information/newsreleases/documents/_notes suppression_tnf_three_062805.pdf.mno
2005.10.17 11:36 B k:\fam\swcc\intell\web_swcc\information\newsreleases\documents\_notes\suppression_tnf_zane_062505-1800.pdf.mno <-- swcc_webfiles /information/newsreleases/documents/_notes suppression_tnf_zane_062505-1800.pdf.mno
2005.10.17 11:36 B k:\fam\swcc\intell\web_swcc\information\newsreleases\documents\_notes\suppression_tnf_zane_062505.pdf.mno <-- swcc_webfiles /information/newsreleases/documents/_notes suppression_tnf_zane_062505.pdf.mno
2005.10.17 11:36 B k:\fam\swcc\intell\web_swcc\information\newsreleases\documents\_notes\wfu_gnf062905.pdf.mno <-- swcc_webfiles /information/newsreleases/documents/_notes wfu_gnf062905.pdf.mno
2005.10.17 11:36 B k:\fam\swcc\intell\web_swcc\information\newsreleases\documents\_notes\wfu_gnf_062305.pdf.mno <-- swcc_webfiles /information/newsreleases/documents/_notes wfu_gnf_062305.pdf.mno
2005.10.17 11:36 B k:\fam\swcc\intell\web_swcc\information\newsreleases\documents\_notes\wfu_gnf_062405.pdf.mno <-- swcc_webfiles /information/newsreleases/documents/_notes wfu_gnf_062405.pdf.mno
2005.10.17 11:36 B k:\fam\swcc\intell\web_swcc\information\newsreleases\documents\_notes\wfu_gnf_070205.pdf.mno <-- swcc_webfiles /information/newsreleases/documents/_notes wfu_gnf_070205.pdf.mno
2005.10.17 11:36 B k:\fam\swcc\intell\web_swcc\information\newsreleases\documents\_notes\wfu_knf092105.pdf.mno <-- swcc_webfiles /information/newsreleases/documents/_notes wfu_knf092105.pdf.mno
2005.10.17 11:36 B k:\fam\swcc\intell\web_swcc\information\newsreleases\documents\_notes\wfu_nknf070705.doc.mno <-- swcc_webfiles /information/newsreleases/documents/_notes wfu_nknf070705.doc.mno
2005.10.17 11:36 B k:\fam\swcc\intell\web_swcc\information\newsreleases\documents\_notes\wfu_tusayan_070605.doc.mno <-- swcc_webfiles /information/newsreleases/documents/_notes wfu_tusayan_070605.doc.mno
