<!-- Title: Eve shift. Sat Sep 22, 2007 -->
<!-- SciCo: Phil Schlabach -->
<!-- DAQAce: Francesco Crescioli -->
<!-- MonAce: &nbsp; -->
<!-- CO: &nbsp; -->
<!-- OpManager: Phil Schlabach -->
<!-- Notes: -->
work in the hall:  silicon, WHA


<!-- Date: Sat Sep 22 16:12:54.468 2007 -->
Fabio, Fotis are out for the day; they'll access tomorrow for the dead WHA channel.
<!-- Author: Phil -->


<!-- Date: Sat Sep 22 16:44:52.036 2007 -->
Silicon work in the hall is done for the weekend; they've returned their keys. The lift key has been returned.
<!-- Author: Phil -->


<!-- Date: Sat Sep 22 17:04:04.033 2007 -->
<h3>Silicon Checkout II</h3> 
<p> We have  finished installing power supplies in crates  13 and 14 
(SE corner). This completes the east SVX. We have put in place all  east ISL modules (7) but they need to be checked and cabled. The L00 wedge that was a JC-failure candidate was actually a PS failure .  Monday we will continue  working  on the SE corner for which we need the cryo lift and the lift outside the muon wall (some work remains in the NE, though).  </p> 
<p> 
For the moment we have been able to check succesfully: 
<pre> 
SVX  61 of 70 
ISL  15 of 30 
L00  6 of 12 
</pre>  
</p>
<!-- Author: The PS silis -->


<!-- Date: Sat Sep 22 17:47:09.244 2007 -->
still running cosmics
<!-- Author: Phil -->

<!-- Date: Sat Sep 22 18:19:37.692 2007 -->
Run <A HREF=/java/cdfdb/servlet/RunSummary?RUN_NUMBER=250009>250009</A>
 Terminated at 2007.09.22 18:19:06
<!-- Author: RunControl -->


<!-- Date: Sat Sep 22 18:19:38.963 2007 -->
Run <A HREF=/java/cdfdb/servlet/RunSummary?RUN_NUMBER=250009>250009</A>
TERMINATE: done; no problems
<!-- Author: Francesco Crescioli -->


<!-- Date: Sat Sep 22 18:23:58.664 2007 -->
Run <A HREF=/java/cdfdb/servlet/RunSummary?RUN_NUMBER=250010>250010</A>
ACTIVATE: RunSet: ACE_QIE 
<!-- Author: Francesco Crescioli -->


<!-- Date: Sat Sep 22 18:23:59.734 2007 -->
Run <A HREF=/java/cdfdb/servlet/RunSummary?RUN_NUMBER=250010>250010</A>
CALIBRATION: <U><B>calqie</B></U> calibration <A HREF=http://www-cdfonline.fnal.gov/internal/daq/Calibrations/web.html#calqie target=_calibresults>results</A> ready for review
<!-- Author: CDFCALIB -->
<!-- Comment: Sat Sep 22 18;38;17 comment by...Francesco -->
Good. As Glenn I noticed too the increase of the PHA channels 0 and 1 listed wrt a week ago. Anyhow everything else is ok with  WHA 8E ch3 and CEM 5W ch19 slightly over 5.
<!-- Date: Sat Sep 22 18:24:10.281 2007 -->
Run <A HREF=/java/cdfdb/servlet/RunSummary?RUN_NUMBER=250004>250004</A>
CALIBRATION: <U><B>toftac</B></U> calibration <A HREF=http://www-cdfonline.fnal.gov/internal/daq/Calibrations/web.html#toftac target=_calibresults>results</A> ready for review
<!-- Author: CDFCALIB -->
<!-- Comment: Sat Sep 22 18;31;20 comment by...Francesco -->
This are the TOF_TAC_CALIB results from the calibration done by Glenn this morning which never showed up. There is some problem with this calibration results and elog.
<!-- Date: Sat Sep 22 18:24:26.499 2007 -->
COT heartbeat alarm
<!-- Author: Francesco :: (run <a href='/java/cdfdb/servlet/RunSummary?RUN_NUMBER=250010' target=_top>250010</a>) -->


<!-- Date: Sat Sep 22 18:30:07.189 2007 -->
When turning on HV on PEM it did an alarm on crate 1 wedge 1 but it solved by himself in less than a minute
<!-- Author: Francesco :: (run <a href='/java/cdfdb/servlet/RunSummary?RUN_NUMBER=250011' target=_top>250011</a>) -->

<!-- Date: Sat Sep 22 18:30:32.648 2007 -->
Run <A HREF=/java/cdfdb/servlet/RunSummary?RUN_NUMBER=250011>250011</A>
ACTIVATE: RunSet: CALIB_CLC_QIE 
<!-- Author: Francesco Crescioli -->


<!-- Date: Sat Sep 22 18:30:49.719 2007 -->
Run <A HREF=/java/cdfdb/servlet/RunSummary?RUN_NUMBER=250011>250011</A>
CALIBRATION: <U><B>clcqie</B></U> calibration <A HREF=http://www-cdfonline.fnal.gov/internal/daq/Calibrations/web.html#clcqie target=_calibresults>results</A> ready for review
<!-- Author: CDFCALIB -->
<!-- Comment: Sat Sep 22 18;39;34 comment by...Francesco -->
good
<!-- Date: Sat Sep 22 18:31:43.859 2007 -->
Run <A HREF=/java/cdfdb/servlet/RunSummary?RUN_NUMBER=250011>250011</A>
TERMINATE: done
<!-- Author: Francesco Crescioli -->


<!-- Date: Sat Sep 22 18:33:52.639 2007 -->
Run <A HREF=/java/cdfdb/servlet/RunSummary?RUN_NUMBER=250012>250012</A>
ACTIVATE: RunSet: CALIB_QIE_FWD 
<!-- Author: Francesco Crescioli -->


<!-- Date: Sat Sep 22 18:34:24.259 2007 -->
Run <A HREF=/java/cdfdb/servlet/RunSummary?RUN_NUMBER=250012>250012</A>
TERMINATE: done
<!-- Author: Francesco Crescioli -->


<!-- Date: Sat Sep 22 18:34:25.709 2007 -->
Run <A HREF=/java/cdfdb/servlet/RunSummary?RUN_NUMBER=250012>250012</A>
CALIBRATION: <U><B>bscqie</B></U> calibration <A HREF=http://www-cdfonline.fnal.gov/internal/daq/Calibrations/web.html#bscqie target=_calibresults>results</A> ready for review
<!-- Author: CDFCALIB -->
<!-- Comment: Sat Sep 22 18;40;43 comment by...Francesco -->
good
<!-- Date: Sat Sep 22 18:35:32.427 2007 -->
Jean had reported that there was a COT heartbeat alarm every 15 min. We had none since coming on shift until 10-15 min. ago. Now we've had two. They disappear after a minute or so.
<!-- Author: Phil -->
<!-- Comment: Sat Sep 22 18;41;20 comment by...Phil -->
another
<!-- Comment: Sat Sep 22 18;45;29 comment by...Phil -->
again
<!-- Comment: Sat Sep 22 18;52;28 comment by...Phil -->
again
<!-- Comment: Sat Sep 22 19;15;22 comment by...Phil -->
again
<!-- Comment: Sat Sep 22 19;18;46 comment by...Phil -->
checked the COT computer display again, nothing out of the ordinary seen
<!-- Comment: Sat Sep 22 19;32;27 comment by...Phil -->
again
<!-- Comment: Sat Sep 22 19;40;30 comment by...Phil -->
again
<!-- Comment: Sat Sep 22 19;48;31 comment by...Phil -->
again
<!-- Date: Sat Sep 22 18:37:57.563 2007 -->
Ricardo reports that while working on the SE SVX crates today, he observes an black connector going into the SE CMX crate to be "cocked". That sounds like the input cable coming from the detector is not properly latched on one side at the ASD input. This has been known to happen. I will report it to the proponents.
<!-- Author: Phil -->





<!-- Date: Sat Sep 22 18:45:01.071 2007 -->
Run <A HREF=/java/cdfdb/servlet/RunSummary?RUN_NUMBER=250013>250013</A>
TERMINATE: done
<!-- Author: Francesco Crescioli -->



<!-- Date: Sat Sep 22 18:46:31.996 2007 -->
Run <A HREF=/java/cdfdb/servlet/RunSummary?RUN_NUMBER=250014>250014</A>
ACTIVATE: RunSet: BOTHPLUGS_MM_C 
<!-- Author: Francesco Crescioli -->


<!-- Date: Sat Sep 22 18:47:38.953 2007 -->
Run <A HREF=/java/cdfdb/servlet/RunSummary?RUN_NUMBER=250014>250014</A>
TERMINATE: done
<!-- Author: Francesco Crescioli -->


<!-- Date: Sat Sep 22 18:48:39.734 2007 -->
Run <A HREF=/java/cdfdb/servlet/RunSummary?RUN_NUMBER=250014>250014</A>
CALIBRATION: <U><B>pluglaser</B></U> calibration <A HREF=http://www-cdfonline.fnal.gov/internal/daq/Calibrations/web.html#pluglaser target=_calibresults>results</A> ready for review
<!-- Author: CDFCALIB -->
<!-- Comment: Sat Sep 22 19;00;50 comment by...Francesco -->
good
<!-- Date: Sat Sep 22 18:50:16.730 2007 -->
Like yesterday I got a DAQERRMON_WRONG_MODE_ERROR (false, we are running in cosmics mode) and a crash from TrigMon (succesfully restarted). I don't really know if they are related and both related to pluglaser calibration, but it's a coincidence to note.
<!-- Author: Francesco :: (run <a href='/java/cdfdb/servlet/RunSummary?RUN_NUMBER=250015' target=_top>250015</a>) -->
<!-- Comment: Sat Sep 22 18;53;58 comment by...Francesco -->
TrigMon crashed again somewhere near the end of this last (250015) pluglaser calibration. Same XTRPSimModule error as yesterday
<!-- Date: Sat Sep 22 18:52:09.134 2007 -->
Run <A HREF=/java/cdfdb/servlet/RunSummary?RUN_NUMBER=250015>250015</A>
ACTIVATE: RunSet: BOTHPLUGS_MM 
<!-- Author: Francesco Crescioli -->


<!-- Date: Sat Sep 22 18:52:10.252 2007 -->
Run <A HREF=/java/cdfdb/servlet/RunSummary?RUN_NUMBER=250015>250015</A>
TERMINATE: done
<!-- Author: Francesco Crescioli -->




<!-- Date: Sat Sep 22 19:00:22.378 2007 -->
Run <A HREF=/java/cdfdb/servlet/RunSummary?RUN_NUMBER=250016>250016</A>
 Activated at 2007.09.22 18:59:54
<!-- Author: RunControl -->


<!-- Date: Sat Sep 22 19:00:50.236 2007 -->
Run <A HREF=/java/cdfdb/servlet/RunSummary?RUN_NUMBER=250016>250016</A>
ACTIVATE: RunSet: ACE_CALORIMETER_MINIMAL  Trigger: SUMET5 [7,957,639] shutdown condition
<!-- Author: Francesco Crescioli -->



<!-- Date: Sat Sep 22 19:09:08.879 2007 -->
Run <A HREF=/java/cdfdb/servlet/RunSummary?RUN_NUMBER=250016>250016</A>
 Terminated at 2007.09.22 19:08:27
<!-- Author: RunControl -->


<!-- Date: Sat Sep 22 19:09:33.419 2007 -->
Run <A HREF=/java/cdfdb/servlet/RunSummary?RUN_NUMBER=250016>250016</A>
TERMINATE: done; L1A 59Hz avg
<!-- Author: Francesco Crescioli -->


<!-- Date: Sat Sep 22 19:12:52.566 2007 -->
Run <A HREF=/java/cdfdb/servlet/RunSummary?RUN_NUMBER=250017>250017</A>
CALIBRATION: <U><B>tofqie</B></U> calibration <A HREF=http://www-cdfonline.fnal.gov/internal/daq/Calibrations/web.html#tofqie target=_calibresults>results</A> ready for review
<!-- Author: CDFCALIB -->
<!-- Comment: Sat Sep 22 19;16;17 comment by...Francesco -->
bad; wcal04 known problems
<!-- Date: Sat Sep 22 19:13:12.347 2007 -->
Water alarm, but it's green now. The only value near to the limit is Pump Discharge Pressure floating around 206 psig with hi limit 220 psig. 
<!-- Author: Francesco :: (run <a href='/java/cdfdb/servlet/RunSummary?RUN_NUMBER=250017' target=_top>250017</a>) -->

<!-- Date: Sat Sep 22 19:14:44.780 2007 -->
Run <A HREF=/java/cdfdb/servlet/RunSummary?RUN_NUMBER=250017>250017</A>
ACTIVATE: RunSet: ACE_TOF_QIE_NEW 
<!-- Author: Francesco Crescioli -->


<!-- Date: Sat Sep 22 19:14:45.241 2007 -->
Run <A HREF=/java/cdfdb/servlet/RunSummary?RUN_NUMBER=250017>250017</A>
TERMINATE: done
<!-- Author: Francesco Crescioli -->




<!-- Date: Sat Sep 22 19:17:31.074 2007 -->
Run <A HREF=/java/cdfdb/servlet/RunSummary?RUN_NUMBER=250018>250018</A>
ACTIVATE: RunSet: SMQIECALIB 
<!-- Author: Francesco Crescioli -->


<!-- Date: Sat Sep 22 19:17:32.815 2007 -->
Run <A HREF=/java/cdfdb/servlet/RunSummary?RUN_NUMBER=250018>250018</A>
TERMINATE: done
<!-- Author: Francesco Crescioli -->



<!-- Date: Sat Sep 22 19:19:44.811 2007 -->
Run <A HREF=/java/cdfdb/servlet/RunSummary?RUN_NUMBER=250018>250018</A>
CALIBRATION: <U><B>smx</B></U> calibration <A HREF=http://www-cdfonline.fnal.gov/internal/daq/Calibrations/web.html#smx target=_calibresults>results</A> ready for review
<!-- Author: CDFCALIB -->
<!-- Comment: Sat Sep 22 19;24;28 comment by...Francesco -->
good
<!-- Date: Sat Sep 22 19:23:42.494 2007 -->
Run <A HREF=/java/cdfdb/servlet/RunSummary?RUN_NUMBER=250019>250019</A>
CALIBRATION: <U><B>cemled</B></U> calibration <A HREF=http://www-cdfonline.fnal.gov/internal/daq/Calibrations/web.html#cemled target=_calibresults>results</A> ready for review
<!-- Author: CDFCALIB -->
<!-- Comment: Sat Sep 22 19;25;31 comment by...Francesco -->
Bad, wedges 11,10,9 west all white, 5,6 west 2R white
<!-- Date: Sat Sep 22 19:23:43.725 2007 -->
Run <A HREF=/java/cdfdb/servlet/RunSummary?RUN_NUMBER=250019>250019</A>
TERMINATE: done
<!-- Author: Francesco Crescioli -->


<!-- Date: Sat Sep 22 19:23:44.145 2007 -->
Run <A HREF=/java/cdfdb/servlet/RunSummary?RUN_NUMBER=250019>250019</A>
ACTIVATE: RunSet: ACE_LED_ALL 
<!-- Author: Francesco Crescioli -->



<!-- Date: Sat Sep 22 19:24:52.437 2007 -->
Run <A HREF=/java/cdfdb/servlet/RunSummary?RUN_NUMBER=250020>250020</A>
ACTIVATE: RunSet: COTCALIB_ACE 
<!-- Author: Francesco Crescioli -->



<!-- Date: Sat Sep 22 19:26:44.445 2007 -->
Run <A HREF=/java/cdfdb/servlet/RunSummary?RUN_NUMBER=250020>250020</A>
CALIBRATION: <U><B>cot</B></U> calibration <A HREF=http://www-cdfonline.fnal.gov/internal/daq/Calibrations/web.html#cot target=_calibresults>results</A> ready for review
<!-- Author: CDFCALIB -->
<!-- Comment: Sat Sep 22 19;29;02 comment by...Francesco -->
good
<!-- Date: Sat Sep 22 19:26:45.401 2007 -->
Run <A HREF=/java/cdfdb/servlet/RunSummary?RUN_NUMBER=250020>250020</A>
TERMINATE: done
<!-- Author: Francesco Crescioli -->



<!-- Date: Sat Sep 22 19:29:57.529 2007 -->
Run <A HREF=/java/cdfdb/servlet/RunSummary?RUN_NUMBER=250021>250021</A>
ACTIVATE: RunSet: XEF_ALL 
<!-- Author: Francesco Crescioli -->


<!-- Date: Sat Sep 22 19:31:09.963 2007 -->
Run <A HREF=/java/cdfdb/servlet/RunSummary?RUN_NUMBER=250021>250021</A>
TERMINATE: done
<!-- Author: Francesco Crescioli -->


<!-- Date: Sat Sep 22 19:31:10.583 2007 -->
Run <A HREF=/java/cdfdb/servlet/RunSummary?RUN_NUMBER=250021>250021</A>
CALIBRATION: <U><B>calxef</B></U> calibration <A HREF=http://www-cdfonline.fnal.gov/internal/daq/Calibrations/web.html#calxef target=_calibresults>results</A> ready for review
<!-- Author: CDFCALIB -->
<!-- Comment: Sat Sep 22 19;33;51 comment by...Francesco -->
bad, 11,10,9 west all white

<!-- Date: Sat Sep 22 19:34:34.069 2007 -->
Run <A HREF=/java/cdfdb/servlet/RunSummary?RUN_NUMBER=250022>250022</A>
TERMINATE: done; muon HV off
<!-- Author: Francesco Crescioli -->
<!-- Comment: Sat Sep 22 19;37;11 comment by...Francesco -->
Also in this case I got a DAQERRMON error and after a while TrigMon crashed. Restarted.
<!-- Date: Sat Sep 22 19:36:01.734 2007 -->
Run <A HREF=/java/cdfdb/servlet/RunSummary?RUN_NUMBER=250023>250023</A>
ACTIVATE: RunSet: TOF_TAC_CALIB 
<!-- Author: Francesco Crescioli -->




<!-- Date: Sat Sep 22 19:42:37.041 2007 -->
Run <A HREF=/java/cdfdb/servlet/RunSummary?RUN_NUMBER=250023>250023</A>
CALIBRATION: <U><B>toftac</B></U> calibration <A HREF=http://www-cdfonline.fnal.gov/internal/daq/Calibrations/web.html#toftac target=_calibresults>results</A> ready for review
<!-- Author: CDFCALIB -->
<!-- Comment: Sat Sep 22 19;45;52 comment by...Francesco -->
bad; wcal04 known problems
<!-- Comment: Sat Sep 22 19;46;29 comment by...Francesco -->
These time the results arrived perfectly a little while after the calibration.
<!-- Date: Sat Sep 22 19:44:58.644 2007 -->
Run <A HREF=/java/cdfdb/servlet/RunSummary?RUN_NUMBER=250023>250023</A>
TERMINATE: done
<!-- Author: Francesco Crescioli -->






<!-- Date: Sat Sep 22 19:51:24.131 2007 -->
Noticed some csl confusion. Some of the consumers were on the wrong run in the status windows of the display, other in unknown status. From the logs on the console instead I could read events with the current run number. 
<p> 
I tried to stop them all and XMon badly crashed (glibc double-linked something error, the console closed before I could paste the error). 
<p> 
Now I'm restarting them all.
<!-- Author: Francesco -->

<!-- Date: Sat Sep 22 19:55:35.686 2007 -->
Run <A HREF=/java/cdfdb/servlet/RunSummary?RUN_NUMBER=250024>250024</A>
ACTIVATE: RunSet: L2TORTURE  Trigger: L2_TORTURE [19,952,639] 
<!-- Author: Francesco Crescioli -->
<!-- Comment: Sat Sep 22 19;58;05 comment by...Francesco -->
After the usual start of the run L2PULSAR_NODELOST error I issued the HRR that usually solve the problem. This time the b0cot14 gone in DTO and evb2b turned red. I try to issue another HRR.

<!-- Comment: Sat Sep 22 20;02;25 comment by...Francesco -->
Seems that the second HRR did the job

<!-- Date: Sat Sep 22 20:36:24.390 2007 -->
Run <A HREF=/java/cdfdb/servlet/RunSummary?RUN_NUMBER=250024>250024</A>
TERMINATE: done; all normal
<!-- Author: Francesco Crescioli -->


<!-- Date: Sat Sep 22 20:39:46.423 2007 -->
Run <A HREF=/java/cdfdb/servlet/RunSummary?RUN_NUMBER=250025>250025</A>
ACTIVATE: RunSet: ACE_QIE 
<!-- Author: Francesco Crescioli -->


<!-- Date: Sat Sep 22 20:39:47.469 2007 -->
Run <A HREF=/java/cdfdb/servlet/RunSummary?RUN_NUMBER=250025>250025</A>
CALIBRATION: <U><B>calqie</B></U> calibration <A HREF=http://www-cdfonline.fnal.gov/internal/daq/Calibrations/web.html#calqie target=_calibresults>results</A> ready for review
<!-- Author: CDFCALIB -->


<!-- Date: Sat Sep 22 20:39:48.267 2007 -->
Run <A HREF=/java/cdfdb/servlet/RunSummary?RUN_NUMBER=250025>250025</A>
TERMINATE: done
<!-- Author: Francesco Crescioli -->



<!-- Date: Sat Sep 22 20:41:00.678 2007 -->
COT heartbeat alarm. Seems related to the start of calibrations, because in 45m of L2_TORTURE we didn't have any alarm and just after I run the CALQIE calibration COT heartbeat went purple.  
<!-- Author: Francesco :: (run <a href='/java/cdfdb/servlet/RunSummary?RUN_NUMBER=250025' target=_top>250025</a>) -->

<!-- Date: Sat Sep 22 20:43:07.016 2007 -->
Run <A HREF=/java/cdfdb/servlet/RunSummary?RUN_NUMBER=250026>250026</A>
 Activated at 2007.09.22 20:43:00
<!-- Author: RunControl -->


<!-- Date: Sat Sep 22 20:43:08.753 2007 -->
Run <A HREF=/java/cdfdb/servlet/RunSummary?RUN_NUMBER=250026>250026</A>
ACTIVATE: RunSet: ACE_COSMICS_ALL  Trigger: COSMICS [15,954,639] 
<!-- Author: Francesco Crescioli -->
<!-- Comment: Sat Sep 22 20;45;38 comment by...Francesco -->
As usual L2 troubles at the start of the run, this time L2 DTO and L2PULSAR_NODELOST. Two HRR solved the problems.


<!-- Date: Sat Sep 22 20:56:03.536 2007 -->
We got a COT heartbeat alarm, followed by an indication of a trip. We went downstairs and the monitoring had crashed (memory allocation error). We came back up adn the color had gone from red to blue.
<!-- Author: Phil -->
<!-- Comment: Sat Sep 22 21;05;55 comment by...Phil -->
We are talking to Bob W.


<!-- Comment: Sat Sep 22 21;25;54 comment by...Phil -->
after a couple of tries, Francesco got Bob on his cellular via the phone by the computer. Bob talked him through rebooting and restarting the processes.
<!-- Comment: Sat Sep 22 21;26;40 comment by...Phil -->
To dial out, 9, 9, number
<!-- Date: Sat Sep 22 21:24:17.247 2007 -->
A voice says "silicon alarm"; we opened the page on the process systems alarms, the only thing in alarm is silenced. (ISL west portcard flow=0; the other ISL west cooling variables are also silenced.) Flow to ISL west west portcards is supposed to be 0. So something came and went before we could see it.
<!-- Author: Phil/Francesco -->




<!-- Date: Sat Sep 22 21:38:52.826 2007 -->
I re-enabled IMON on ProcMon because b0dasvx02 is not giving problems and silicon ppl finished work for today.
<!-- Author: Francesco :: (run <a href='/java/cdfdb/servlet/RunSummary?RUN_NUMBER=250026' target=_top>250026</a>) -->


<!-- Date: Sat Sep 22 21:41:12.219 2007 -->
<pre>HV Summary 
ON with bars 100%: CEM CHA WHA 
NOT with bars 100%: GAM 
ON with bars 0%: CPR CLC MNP BSC 
STBY: PEM PHA PSH 
ALM: L00 ISL 
OFF: COT TOF SVX CMU CMP CMX BMU CES CSW MSX CSX CSP BSU TSU 
</pre>
<!-- Author: Francesco :: (run <a href='/java/cdfdb/servlet/RunSummary?RUN_NUMBER=250026' target=_top>250026</a>) -->


<!-- Date: Sat Sep 22 21:48:15.667 2007 -->
Dee stops by and retrieves the ops manager pager. Whew, back to just being scico.
<!-- Author: Phil -->


<!-- Date: Sat Sep 22 21:53:58.760 2007 -->
All monitors and displays working on the correct run. Everything seems quiet and working. I'll leave this running for the night.
<!-- Author: Francesco :: (run <a href='/java/cdfdb/servlet/RunSummary?RUN_NUMBER=250026' target=_top>250026</a>) -->


<!-- Date: Sat Sep 22 21:58:55.986 2007 -->
<pre>Shift summary  
full set of calibrations + L2 torture + cosmics  
 
problems  
At ~1815h intermittent COT heartbeat alarms started (5-20 min. period). From 1948h to 2243, we had none. Then we got one more. At 2056h, we got a persistent heartbeat alarm as well as a trip indication. Monitoring had died on the COT PC. Bob talked Francesco through rebooting and restarting monitoring. It's been ok since 2125h or so. 
 
We had several single voice alarms for which there was no apparent source by the time we checked the relevant iFix pages. 
 
work done today  
SVX: east SVX PS installed, cabled, checked, east ISL installed, need cabling and checking 
 
to be done tomorrow 
west WHA (Fotis, Fabio) 
muon scintillator?</pre>
<!-- Author: Phil Schlabach :: (run <a href='/java/cdfdb/servlet/RunSummary?RUN_NUMBER=250026' target=_top>250026</a>) -->

<!-- Date: Sat Sep 22 23:55:46.489 2007 -->
<TABLE BORDER=2 CELLSPACING=1 CELLPADDING=1 BGCOLOR=WHITE>
<TR BGCOLOR=YELLOW><TH>RunNumber</TH>
<TH>DataType</TH>
<TH>PhysicsTable</TH>
<TH>Begin</TH>
<TH>End</TH>
<TH>LiveTime</TH>
<TH>L3Accepts</TH>
<TH>DelivLumi nb<SUP>-1</SUP></TH>
<TH>LiveLumi nb<SUP>-1</SUP></TH>
<TH>GR</TH>
<TH>SC</TH>
<TH>RC</TH></TR>
<TR><TD>Totals</TD>
<TD> </TD>
<TD> </TD>
<TD> </TD>
<TD>23:55:02</TD>
<TD ALIGN=CENTER>::</TD>
<TD ALIGN=RIGHT></TD>               <TD ALIGN=RIGHT></TD>
<TD ALIGN=RIGHT></TD>
<TD> </TD>
<TD> </TD>
<TD> </TD></TR>

</TABLE>
<!-- Author: End of Shift Report -->


<!-- Date: Sun Sep 23 07:57:41.309 2007 -->
<TABLE BORDER=2 CELLSPACING=1 CELLPADDING=1 BGCOLOR=WHITE>
<TR BGCOLOR=YELLOW><TH>RunNumber</TH>
<TH>DataType</TH>
<TH>PhysicsTable</TH>
<TH>Begin</TH>
<TH>End</TH>
<TH>LiveTime</TH>
<TH>L3Accepts</TH>
<TH>DelivLumi nb<SUP>-1</SUP></TH>
<TH>LiveLumi nb<SUP>-1</SUP></TH>
<TH>GR</TH>
<TH>SC</TH>
<TH>RC</TH></TR>
<TR><TD>Totals</TD>
<TD> </TD>
<TD> </TD>
<TD> </TD>
<TD>07:55:00</TD>
<TD ALIGN=CENTER>::</TD>
<TD ALIGN=RIGHT></TD>               <TD ALIGN=RIGHT></TD>
<TD ALIGN=RIGHT></TD>
<TD> </TD>
<TD> </TD>
<TD> </TD></TR>

</TABLE>
<!-- Author: End of Shift Report -->

