Thu Nov 18 13:03:12 CST 2004
	sl-release-4.0.rolling-1.noarch.rpm
Thu Nov 18 16:14:02 CST 2004
	dhclient-3.0.1-11.i386.rpm
	dhcp-3.0.1-11.i386.rpm
	dhcp-devel-3.0.1-11.i386.rpm
	iptraf-2.7.0-11.i386.rpm
	lilo-21.4.4-26.i386.rpm
	memprof-0.5.1-5.i386.rpm
	zsh-4.2.0-3.i386.rpm
	zsh-html-4.2.0-3.i386.rpm
Tue Feb 15 11:03:15 CST 2005
	gnome-libs-1.4.1.2.90-44.1.i386.rpm
	irb-1.8.1-7.EL4.0.i386.rpm
	ruby-1.8.1-7.EL4.0.i386.rpm
Tue Feb 15 11:31:19 CST 2005
	aspell-cy-0.50-1.i386.rpm
	compat-glibc-2.3.2-95.30.i386.rpm
	compat-glibc-headers-2.3.2-95.30.i386.rpm
	gcc4-4.0.0-0.14.EL4.i386.rpm
	gcc4-c++-4.0.0-0.14.EL4.i386.rpm
	gcc4-gfortran-4.0.0-0.14.EL4.i386.rpm
	glibc-2.3.4-2.i386.rpm
	gnome-libs-devel-1.4.1.2.90-44.1.i386.rpm
	libgfortran-4.0.0-0.14.EL4.i386.rpm
	libmudflap-4.0.0-0.14.EL4.i386.rpm
	libmudflap-devel-4.0.0-0.14.EL4.i386.rpm
	mysql-4.1.7-4.RHEL4.1.i386.rpm
	mysqlclient10-3.23.58-4.RHEL4.1.i386.rpm
	mysqlclient10-devel-3.23.58-4.RHEL4.1.i386.rpm
	mysql-devel-4.1.7-4.RHEL4.1.i386.rpm
	mysql-server-4.1.7-4.RHEL4.1.i386.rpm
	ncompress-4.2.4-40.i386.rpm
	ruby-devel-1.8.1-7.EL4.0.i386.rpm
	ruby-docs-1.8.1-7.EL4.0.i386.rpm
	ruby-libs-1.8.1-7.EL4.0.i386.rpm
	ruby-mode-1.8.1-7.EL4.0.i386.rpm
	ruby-tcltk-1.8.1-7.EL4.0.i386.rpm
	setools-1.5.1-5.i386.rpm
	setools-gui-1.5.1-5.i386.rpm
	Xaw3d-1.5-24.i386.rpm
	Xaw3d-devel-1.5-24.i386.rpm
Tue Feb 15 11:35:02 CST 2005
	mysql-bench-4.1.7-4.RHEL4.1.i386.rpm
Tue Feb 15 11:37:06 CST 2005
	compat-libstdc++-296-2.96-132.7.2.i386.rpm
	openssl-0.9.7a-43.1.i386.rpm
Tue Feb 15 13:25:13 CST 2005
	indexhtml-4-2.noarch.rpm
Tue Feb 15 13:29:24 CST 2005
	katana-2.0.0-1.noarch.rpm
	katana-build-2.0.0-1.noarch.rpm
Wed Feb 16 10:08:24 CST 2005
	words-3.0-3.noarch.rpm
Wed Feb 16 10:12:43 CST 2005
	ecj-2.1.3-5.i386.rpm
Wed Feb 16 13:26:57 CST 2005
	kernel-hugemem-devel-2.6.9-5.EL.root.i686.rpm
	kernel-smp-devel-2.6.9-5.EL.root.i686.rpm
Wed Feb 16 13:28:18 CST 2005
	kernel-devel-2.6.9-5.EL.root.i686.rpm
Thu Feb 17 14:37:34 CST 2005
	yum-2.0.7-9.SL.noarch.rpm
	yum-conf-40rolling-1.SL.noarch.rpm
Mon Apr 4 16:00:27 CDT 2005
	apt-0.5.15cnc6-9.SL.i386.rpm
	apt-devel-0.5.15cnc6-9.SL.i386.rpm
Mon Apr 11 15:45:21 CDT 2005
	apt-sourceslist-40-1.SL.i386.rpm
Tue Apr 12 10:00:49 CDT 2005
	kernel-doc-2.6.9-5.0.3.EL.root.noarch.rpm
Thu Apr 14 13:52:30 CDT 2005
	java-1.4.2-gcj-compat-1.4.2.0-26jpp.noarch.rpm
	java-1.4.2-gcj-compat-devel-1.4.2.0-26jpp.noarch.rpm
Mon Jun 20 15:02:24 CDT 2005
	compat-libcom_err-1.0-5.i386.rpm
Mon Jun 20 15:19:51 CDT 2005
	j2sdk-1.4.2_08-fcs.i586.rpm
	java-1.4.2-sun-compat-1.4.2.08-2jpp.i586.rpm
Wed Jul 13 09:51:49 CDT 2005
	apt-autoupdate-1-5.SL.noarch.rpm
	apt-firstboot-1-5.SL.noarch.rpm
	apt-scripts-1-5.SL.noarch.rpm
Thu Aug 4 13:45:59 CDT 2005
	rhd-dg-en-4-2.SL1.noarch.rpm
	rhel-ig-x8664-multi-en-4-3.SL1.noarch.rpm
	rhel-isa-en-4-3.SL1.noarch.rpm
	rhel-rg-en-4-3.SL1.noarch.rpm
	rhel-sag-en-4-3.SL1.noarch.rpm
	rhel-sbs-en-4-1.SL1.noarch.rpm
	rhel-selg-en-4-1.SL1.noarch.rpm
	rhel-sg-en-4-3.SL1.noarch.rpm
	rh-glossary-en-2-1.SL1.noarch.rpm
Fri Oct 14 11:30:44 CDT 2005
	audit-libs-1.0.3-6.EL4.i386.rpm
	audit-libs-devel-1.0.3-6.EL4.i386.rpm
	amtu-1.0.2-2.EL4.i386.rpm
	convmv-1.08-3.EL.noarch.rpm
	device-mapper-multipath-0.4.5-6.0.RHEL4.i386.rpm
	gamin-python-0.1.1-3.EL4.i386.rpm
	iscsi-initiator-utils-4.0.3.0-2.i386.rpm
	keyutils-0.3-1.i386.rpm
	keyutils-devel-0.3-1.i386.rpm
	lksctp-tools-1.0.2-6.4E.1.i386.rpm
	lksctp-tools-devel-1.0.2-6.4E.1.i386.rpm
	lksctp-tools-doc-1.0.2-6.4E.1.i386.rpm
	OpenIPMI-1.4.14-1.4E.7.i386.rpm
	OpenIPMI-devel-1.4.14-1.4E.7.i386.rpm
	OpenIPMI-libs-1.4.14-1.4E.7.i386.rpm
	OpenIPMI-tools-1.4.14-1.4E.7.i386.rpm
	systemtap-0.4-0.EL4.i386.rpm
	tog-pegasus-2.4.1-4.4.rhel4.i386.rpm
	tog-pegasus-devel-2.4.1-4.4.rhel4.i386.rpm
Tue Oct 18 11:46:49 CDT 2005
	cman-devel-1.0.2-0.i686.rpm
Wed Nov 2 14:02:27 CST 2005
	eclipse-branding-3.0.2-4.i386.rpm
	eclipse-cdt-2.1.1-4.i386.rpm
	eclipse-changelog-2.0.1-7.i386.rpm
	eclipse-ecj-3.0.2-8.i386.rpm
	eclipse-emf-2.0.1-7.i386.rpm
	eclipse-gef-3.0.1-8.i386.rpm
	eclipse-jdt-3.0.2-8.i386.rpm
	eclipse-jdt-devel-3.0.2-8.i386.rpm
	eclipse-lomboz-3.0.1-15.i386.rpm
	eclipse-pde-3.0.2-8.i386.rpm
	eclipse-pde-devel-3.0.2-8.i386.rpm
	eclipse-platform-3.0.2-8.i386.rpm
	eclipse-platform-devel-3.0.2-8.i386.rpm
	eclipse-rpm-1.2.0-5.i386.rpm
	libswt3-gtk2-3.0.2-8.i386.rpm
Thu Nov 3 10:17:14 CST 2005
	gcc4-java-4.0.1-4.EL4.2.i386.rpm
	libgcj4-4.0.1-4.EL4.2.i386.rpm
	libgcj4-devel-4.0.1-4.EL4.2.i386.rpm
	libgcj4-src-4.0.1-4.EL4.2.i386.rpm
Fri Nov 18 14:17:24 CST 2005
	ksh93-2000.10.31.0-1.i386.rpm
Mon Mar 13 10:59:38 CST 2006
	frysk-0.0.1.2006.02.19.rh1-0.EL4.1.i386.rpm
	keyutils-1.0-2.i386.rpm
	keyutils-devel-1.0-2.i386.rpm
	keyutils-libs-1.0-2.i386.rpm
	libibverbs-1.0.rc4-0.4265.2.EL4.i386.rpm
	libibverbs-devel-1.0.rc4-0.4265.2.EL4.i386.rpm
	libibverbs-utils-1.0.rc4-0.4265.2.EL4.i386.rpm
	libmthca-1.0.rc4-0.4265.2.EL4.i386.rpm
	libmthca-devel-1.0.rc4-0.4265.2.EL4.i386.rpm
	libsdp-0.90-0.4265.2.EL4.i386.rpm
	opensm-1.0-0.4265.2.EL4.i386.rpm
	opensm-devel-1.0-0.4265.2.EL4.i386.rpm
	opensm-libs-1.0-0.4265.2.EL4.i386.rpm
	rarpd-ss981107-18.40.2.i386.rpm
	udapl-1.2-0.4265.2.EL4.i386.rpm
	udapl-devel-1.2-0.4265.2.EL4.i386.rpm
Mon Aug 14 14:00:17 CDT 2006
	seamonkey-1.0.3-0.el4.1.i386.rpm
	seamonkey-chat-1.0.3-0.el4.1.i386.rpm
	seamonkey-devel-1.0.3-0.el4.1.i386.rpm
	seamonkey-dom-inspector-1.0.3-0.el4.1.i386.rpm
	seamonkey-js-debugger-1.0.3-0.el4.1.i386.rpm
	seamonkey-mail-1.0.3-0.el4.1.i386.rpm
	seamonkey-nspr-1.0.3-0.el4.1.i386.rpm
	seamonkey-nspr-devel-1.0.3-0.el4.1.i386.rpm
	seamonkey-nss-1.0.3-0.el4.1.i386.rpm
	seamonkey-nss-devel-1.0.3-0.el4.1.i386.rpm
Mon Aug 14 15:33:33 CDT 2006
	dapl-1.2.0-1.i386.rpm
	dapl-devel-1.2.0-1.i386.rpm
	dmraid-devel-1.0.0.rc11-3_RHEL4_U4.i386.rpm
	ibmasm-3.0-7.i386.rpm
	kernel-ib-1.0-1.i386.rpm
	libgomp-4.1.0-18.EL4.i386.rpm
	libgssapi-0.8-1.i386.rpm
	libgssapi-devel-0.8-1.i386.rpm
	libibcm-0.9.0-1.i386.rpm
	libibcommon-1.0-1.i386.rpm
	libibcommon-devel-1.0-1.i386.rpm
	libibmad-1.0-1.i386.rpm
	libibmad-devel-1.0-1.i386.rpm
	libibumad-1.0-1.i386.rpm
	libibumad-devel-1.0-1.i386.rpm
	librdmacm-0.9.0-1.i386.rpm
	mstflint-1.0-1.i386.rpm
	nfs-utils-lib-1.0.6-3.i386.rpm
	nfs-utils-lib-devel-1.0.6-3.i386.rpm
	oddjob-0.26-1.1.i386.rpm
	oddjob-devel-0.26-1.1.i386.rpm
	oddjob-libs-0.26-1.1.i386.rpm
	openib-diags-1.0-1.i386.rpm
	perftest-1.0-1.i386.rpm
	sblim-cmpi-base-1.5.4-12.EL4.i386.rpm
	sblim-cmpi-base-devel-1.5.4-12.EL4.i386.rpm
	sblim-cmpi-base-test-1.5.4-12.EL4.i386.rpm
	sblim-cmpi-devel-1.0.4-12.EL4.i386.rpm
	sblim-cmpi-fsvol-1.4.3-12.EL4.i386.rpm
	sblim-cmpi-fsvol-devel-1.4.3-12.EL4.i386.rpm
	sblim-cmpi-fsvol-test-1.4.3-12.EL4.i386.rpm
	sblim-cmpi-network-1.3.7-12.EL4.i386.rpm
	sblim-cmpi-network-devel-1.3.7-12.EL4.i386.rpm
	sblim-cmpi-network-test-1.3.7-12.EL4.i386.rpm
	sblim-cmpi-nfsv3-1.0.13-12.EL4.i386.rpm
	sblim-cmpi-nfsv3-test-1.0.13-12.EL4.i386.rpm
	sblim-cmpi-nfsv4-1.0.11-12.EL4.i386.rpm
	sblim-cmpi-nfsv4-test-1.0.11-12.EL4.i386.rpm
	sblim-cmpi-params-1.2.4-12.EL4.i386.rpm
	sblim-cmpi-params-test-1.2.4-12.EL4.i386.rpm
	sblim-cmpi-sysfs-1.1.8-12.EL4.i386.rpm
	sblim-cmpi-sysfs-test-1.1.8-12.EL4.i386.rpm
	sblim-cmpi-syslog-0.7.9-12.EL4.i386.rpm
	sblim-cmpi-syslog-test-0.7.9-12.EL4.i386.rpm
	sblim-gather-2.1.1-12.EL4.i386.rpm
	sblim-gather-devel-2.1.1-12.EL4.i386.rpm
	sblim-gather-provider-2.1.1-12.EL4.i386.rpm
	sblim-gather-test-2.1.1-12.EL4.i386.rpm
	sblim-testsuite-1.2.4-12.EL4.i386.rpm
	sblim-wbemcli-1.5.1-12.EL4.i386.rpm
	srptools-0.0.4-1.i386.rpm
	tog-pegasus-test-2.5.1-2.EL4.i386.rpm
	tvflash-0.9.0-1.i386.rpm
Wed Aug 16 09:42:36 CDT 2006
	wireshark-0.99.2-EL4.1.i386.rpm
	wireshark-gnome-0.99.2-EL4.1.i386.rpm
Tue Aug 29 16:47:10 CDT 2006
	madwifi-0.9.6.0-1.i686.rpm
	kernel-module-madwifi-2.6.9-42.0.2.EL-0.9.6.0-1.SL4.i686.rpm
	kernel-module-madwifi-2.6.9-42.0.2.ELhugemem-0.9.6.0-1.SL4.i686.rpm
	kernel-module-madwifi-2.6.9-42.0.2.ELsmp-0.9.6.0-1.SL4.i686.rpm
	kernel-module-ndiswrapper-2.6.9-42.0.2.ELhugemem-1.5-0.SL.1.i686.rpm
	kernel-module-openafs-2.6.9-42.0.2.ELhugemem-1.4.1-0.11.SL.i686.rpm
	kernel-module-r1000-2.6.9-42.0.2.ELhugemem-2.2-1.SL4x.i686.rpm
Tue Sep 19 14:56:53 CDT 2006
	SL_firefox_parentlock_fix-1.0-1.noarch.rpm
Tue Oct 3 11:41:19 CDT 2006
	fuse-2.5.3-1.SL.i386.rpm
	fuse-devel-2.5.3-1.SL.i386.rpm
	fuse-libs-2.5.3-1.SL.i386.rpm
	fuse-smb-0.8.5-1.i386.rpm
	fuse-sshfs-1.6-2.SL.i386.rpm
	kernel-module-fuse-2.6.9-42.0.2.EL-2.5.3-1.SL.i686.rpm
        kernel-module-fuse-2.6.9-42.0.2.ELhugemem-2.5.3-1.SL.i686.rpm
        kernel-module-fuse-2.6.9-42.0.2.ELsmp-2.5.3-1.SL.i686.rpm
Wed Oct 4 10:46:17 CDT 2006
	ipw3945d-1.7.18-1.i386.rpm
	ipw3945-firmware-1.13-1.noarch.rpm
	kernel-module-ipw3945-2.6.9-42.0.2.EL-1.1.0-pre2.2.SL4.i686.rpm
	kernel-module-ipw3945-2.6.9-42.0.2.ELhugemem-1.1.0-pre2.2.SL4.i686.rpm
	kernel-module-ipw3945-2.6.9-42.0.2.ELsmp-1.1.0-pre2.2.SL4.i686.rpm
Tue May 22 13:44:56 CDT 2007
	yumex-1.0.2-1.0.noarch.rpm
Tue May 22 15:52:48 CDT 2007
	lam-devel-7.1.2-8.i386.rpm
	lam-libs-7.1.2-8.i386.rpm
	libibcm-devel-0.9.1-7.i386.rpm
	librdmacm-devel-0.9.1-7.i386.rpm
	librdmacm-utils-0.9.1-7.i386.rpm
	libsdp-1.1.0-7.i386.rpm
	openib-1.1-7.i386.rpm
	openib-mstflint-1.0.1-7.i386.rpm
	openib-perftest-1.0.1-7.i386.rpm
	openib-srptools-0.0.5-7.i386.rpm
	openib-tvflash-0.9.1-7.i386.rpm
	opensm-2.0.0-7.i386.rpm
	opensm-devel-2.0.0-7.i386.rpm
	opensm-libs-2.0.0-7.i386.rpm
	pam_ccreds-3-3.rhel4.2.i386.rpm
	rhnlib-2.1.1-3.el4.noarch.rpm
	setools-2.3-4.i386.rpm
	setools-devel-2.3-4.i386.rpm
	setools-gui-2.3-4.i386.rpm
	sg3_utils-devel-1.22-3.1.i386.rpm
	sg3_utils-libs-1.22-3.1.i386.rpm
	systemtap-runtime-0.5.12-1.i386.rpm
	wpa_supplicant-0.4.9-1.1.el4.i386.rpm
Tue May 22 16:28:32 CDT 2007
	kernel-xenU-2.6.9-55.EL.i686.rpm
	kernel-xenU-devel-2.6.9-55.EL.i686.rpm
Tue May 22 16:50:17 CDT 2007
Wed May 23 10:27:08 CDT 2007
Wed May 23 10:27:16 CDT 2007
	kernel-module-fuse-2.6.9-55.ELxenU-2.5.3-1.SL.i686.rpm
	kernel-module-ipw3945-2.6.9-55.ELxenU-1.1.0-1.SL4.i686.rpm
	kernel-module-ndiswrapper-2.6.9-55.ELxenU-1.41-1.SL.i686.rpm
	kernel-module-r1000-2.6.9-55.ELxenU-2.2-2.SL4x.i686.rpm
Wed May 23 11:36:48 CDT 2007
Wed May 23 13:44:27 CDT 2007
Wed May 23 13:45:09 CDT 2007
Wed May 23 13:46:29 CDT 2007
Wed May 23 13:46:52 CDT 2007
Wed May 23 15:48:35 CDT 2007
Thu May 24 15:36:13 CDT 2007
	ibutils-1.0-4.i386.rpm
	ibutils-devel-1.0-4.i386.rpm
	ibutils-libs-1.0-4.i386.rpm
	openmpi-1.1.1-8.i386.rpm
	openmpi-devel-1.1.1-8.i386.rpm
	openmpi-libs-1.1.1-8.i386.rpm
Tue Jun 5 15:10:25 CDT 2007
	openoffice.org2-base-2.0.4-5.7.0.i386.rpm
	openoffice.org2-calc-2.0.4-5.7.0.i386.rpm
	openoffice.org2-core-2.0.4-5.7.0.i386.rpm
	openoffice.org2-draw-2.0.4-5.7.0.i386.rpm
	openoffice.org2-emailmerge-2.0.4-5.7.0.i386.rpm
	openoffice.org2-graphicfilter-2.0.4-5.7.0.i386.rpm
	openoffice.org2-impress-2.0.4-5.7.0.i386.rpm
	openoffice.org2-javafilter-2.0.4-5.7.0.i386.rpm
	openoffice.org2-langpack-af_ZA-2.0.4-5.7.0.i386.rpm
	openoffice.org2-langpack-ar-2.0.4-5.7.0.i386.rpm
	openoffice.org2-langpack-bg_BG-2.0.4-5.7.0.i386.rpm
	openoffice.org2-langpack-bn-2.0.4-5.7.0.i386.rpm
	openoffice.org2-langpack-ca_ES-2.0.4-5.7.0.i386.rpm
	openoffice.org2-langpack-cs_CZ-2.0.4-5.7.0.i386.rpm
	openoffice.org2-langpack-cy_GB-2.0.4-5.7.0.i386.rpm
	openoffice.org2-langpack-da_DK-2.0.4-5.7.0.i386.rpm
	openoffice.org2-langpack-de-2.0.4-5.7.0.i386.rpm
	openoffice.org2-langpack-el_GR-2.0.4-5.7.0.i386.rpm
	openoffice.org2-langpack-es-2.0.4-5.7.0.i386.rpm
	openoffice.org2-langpack-et_EE-2.0.4-5.7.0.i386.rpm
	openoffice.org2-langpack-eu_ES-2.0.4-5.7.0.i386.rpm
	openoffice.org2-langpack-fi_FI-2.0.4-5.7.0.i386.rpm
	openoffice.org2-langpack-fr-2.0.4-5.7.0.i386.rpm
	openoffice.org2-langpack-ga_IE-2.0.4-5.7.0.i386.rpm
	openoffice.org2-langpack-gl_ES-2.0.4-5.7.0.i386.rpm
	openoffice.org2-langpack-gu_IN-2.0.4-5.7.0.i386.rpm
	openoffice.org2-langpack-he_IL-2.0.4-5.7.0.i386.rpm
	openoffice.org2-langpack-hi_IN-2.0.4-5.7.0.i386.rpm
	openoffice.org2-langpack-hr_HR-2.0.4-5.7.0.i386.rpm
	openoffice.org2-langpack-hu_HU-2.0.4-5.7.0.i386.rpm
	openoffice.org2-langpack-it-2.0.4-5.7.0.i386.rpm
	openoffice.org2-langpack-ja_JP-2.0.4-5.7.0.i386.rpm
	openoffice.org2-langpack-ko_KR-2.0.4-5.7.0.i386.rpm
	openoffice.org2-langpack-lt_LT-2.0.4-5.7.0.i386.rpm
	openoffice.org2-langpack-ms_MY-2.0.4-5.7.0.i386.rpm
	openoffice.org2-langpack-nb_NO-2.0.4-5.7.0.i386.rpm
	openoffice.org2-langpack-nl-2.0.4-5.7.0.i386.rpm
	openoffice.org2-langpack-nn_NO-2.0.4-5.7.0.i386.rpm
	openoffice.org2-langpack-pa_IN-2.0.4-5.7.0.i386.rpm
	openoffice.org2-langpack-pl_PL-2.0.4-5.7.0.i386.rpm
	openoffice.org2-langpack-pt_BR-2.0.4-5.7.0.i386.rpm
	openoffice.org2-langpack-pt_PT-2.0.4-5.7.0.i386.rpm
	openoffice.org2-langpack-ru-2.0.4-5.7.0.i386.rpm
	openoffice.org2-langpack-sk_SK-2.0.4-5.7.0.i386.rpm
	openoffice.org2-langpack-sl_SI-2.0.4-5.7.0.i386.rpm
	openoffice.org2-langpack-sr_CS-2.0.4-5.7.0.i386.rpm
	openoffice.org2-langpack-sv-2.0.4-5.7.0.i386.rpm
	openoffice.org2-langpack-ta_IN-2.0.4-5.7.0.i386.rpm
	openoffice.org2-langpack-th_TH-2.0.4-5.7.0.i386.rpm
	openoffice.org2-langpack-tr_TR-2.0.4-5.7.0.i386.rpm
	openoffice.org2-langpack-zh_CN-2.0.4-5.7.0.i386.rpm
	openoffice.org2-langpack-zh_TW-2.0.4-5.7.0.i386.rpm
	openoffice.org2-langpack-zu_ZA-2.0.4-5.7.0.i386.rpm
	openoffice.org2-math-2.0.4-5.7.0.i386.rpm
	openoffice.org2-pyuno-2.0.4-5.7.0.i386.rpm
	openoffice.org2-testtools-2.0.4-5.7.0.i386.rpm
	openoffice.org2-writer-2.0.4-5.7.0.i386.rpm
	openoffice.org2-xsltfilter-2.0.4-5.7.0.i386.rpm
Tue Jun 5 17:51:13 CDT 2007
Tue Jun 5 17:55:50 CDT 2007
Wed Jun 6 11:04:18 CDT 2007
Wed Jun 6 13:11:22 CDT 2007
Wed Jun 6 13:37:31 CDT 2007
Fri Jun 8 10:56:18 CDT 2007
Fri Jun 8 10:56:30 CDT 2007
Fri Jun 8 10:58:14 CDT 2007
	kernel-module-openafs-2.6.9-55.ELxenU-1.4.4-46.SL4.i686.rpm
Fri Jun 8 11:14:00 CDT 2007
Fri Jun 8 14:52:31 CDT 2007
	kernel-module-madwifi-hal-2.6.9-55.EL-0.9.3.1-10.sl4.i686.rpm
	kernel-module-madwifi-hal-2.6.9-55.ELhugemem-0.9.3.1-10.sl4.i686.rpm
	kernel-module-madwifi-hal-2.6.9-55.ELsmp-0.9.3.1-10.sl4.i686.rpm
Fri Jun 8 14:53:44 CDT 2007
Tue Jun 12 15:45:40 CDT 2007
Wed Jun 13 11:08:41 CDT 2007
	yum-downloadonly-0.6-1.SL.noarch.rpm
	yum-fastestmirror-0.6-1.SL.noarch.rpm
Fri Jun 15 11:19:01 CDT 2007
Fri Jun 15 11:25:30 CDT 2007
Wed Jun 20 13:21:06 CDT 2007
Wed Jun 20 14:04:15 CDT 2007
Thu Jun 21 11:31:26 CDT 2007
	cluster-cim-0.9.1-8.i386.rpm
	cluster-snmp-0.9.1-8.i386.rpm
	cman-kernel-xenU-2.6.9-50.2.i686.rpm
	cmirror-1.0.1-1.i386.rpm
	cmirror-kernel-2.6.9-32.0.i686.rpm
	cmirror-kernel-hugemem-2.6.9-32.0.i686.rpm
	cmirror-kernel-smp-2.6.9-32.0.i686.rpm
	cmirror-kernel-xenU-2.6.9-32.0.i686.rpm
	dlm-kernel-xenU-2.6.9-46.16.i686.rpm
	GFS-kernel-xenU-2.6.9-72.2.i686.rpm
	gnbd-kernel-xenU-2.6.9-10.20.i686.rpm
	luci-0.9.1-8.el4.i386.rpm
	modcluster-0.9.1-8.i386.rpm
	ricci-0.9.1-8.el4.i386.rpm
Thu Jun 21 13:38:59 CDT 2007
Thu Jun 21 14:29:37 CDT 2007
Mon Jun 25 10:44:19 CDT 2007
Mon Jun 25 13:09:36 CDT 2007
Tue Nov 20 11:25:22 CST 2007
	autofs5-5.0.1-0.rc2.55.i386.rpm
	dapl-utils-1.2.1.1-7.i386.rpm
Tue Nov 20 13:19:51 CST 2007
	edac-utils-0.9-7_el4.i386.rpm
	edac-utils-devel-0.9-7_el4.i386.rpm
	ethtool-6-1.i386.rpm
	ibmasm-xinput-2.1-1.el4.i386.rpm
	libcxgb3-1.0-7.i386.rpm
	libcxgb3-devel-1.0-7.i386.rpm
	liberation-fonts-0.2-2.el4.noarch.rpm
	libibcm-1.0-7.i386.rpm
	librdmacm-1.0.1-7.i386.rpm
	librdmacm-devel-1.0.1-7.i386.rpm
	librdmacm-utils-1.0.1-7.i386.rpm
	opensm-3.0.3-7.i386.rpm
	perl-Archive-Tar-1.30-1.el4.noarch.rpm
	qlvnictools-0.0.1-7.i386.rpm
	sdpnetstat-1.50-7.i386.rpm
	sos-1.7-6.1.el4.noarch.rpm
	wdaemon-0.11-2.el4.i386.rpm
Tue Nov 20 14:28:47 CST 2007
Tue Nov 20 14:34:15 CST 2007
	evolution28-cairo-1.2.4-6.el4.i386.rpm
	evolution28-cairo-devel-1.2.4-6.el4.i386.rpm
	evolution28-glib2-2.12.3-6.el4.i386.rpm
	evolution28-glib2-devel-2.12.3-6.el4.i386.rpm
Tue Nov 20 14:36:36 CST 2007
	perl-IO-Zlib-1.04-4.2.el4.noarch.rpm
	pidgin-1.5.1-1.el4.i386.rpm
Tue Nov 20 14:39:17 CST 2007
	perl-IO-String-1.08-1.1.el4.noarch.rpm
Wed Nov 21 14:52:12 CST 2007
	glibc-2.3.4-2.39.i386.rpm
	nptl-devel-2.3.4-2.39.i386.rpm
Wed Nov 21 15:32:41 CST 2007
Wed Nov 21 15:32:58 CST 2007
	kernel-module-bttv-2.6.9-67.EL-0.9.15-1.SL4x.i686.rpm
	kernel-module-bttv-2.6.9-67.ELhugemem-0.9.15-1.SL4x.i686.rpm
	kernel-module-bttv-2.6.9-67.ELsmp-0.9.15-1.SL4x.i686.rpm
Wed Nov 21 15:34:05 CST 2007
Wed Nov 21 15:36:43 CST 2007
Wed Nov 21 15:36:52 CST 2007
Tue Nov 27 14:35:58 CST 2007
Tue Nov 27 16:45:09 CST 2007
Wed Nov 28 17:29:17 CST 2007
Wed Feb 6 11:25:43 CST 2008
Wed Feb 6 11:33:33 CST 2008
Wed Feb 6 11:41:28 CST 2008
Wed Feb 6 11:47:09 CST 2008
	libsmi-0.4.5-2.el4_6.i386.rpm
	libsmi-devel-0.4.5-2.el4_6.i386.rpm
Wed Feb 6 13:38:39 CST 2008
	tidy-devel-2005.9.21-2.sl4.i386.rpm
Wed Feb 6 13:44:08 CST 2008
Wed Feb 6 13:47:55 CST 2008
Wed Feb 6 13:50:35 CST 2008
Wed Feb 6 13:50:44 CST 2008
	evolution28-atk-1.12.2-4.el4.i386.rpm
	evolution28-atk-devel-1.12.2-4.el4.i386.rpm
Wed Feb 6 13:51:03 CST 2008
	evolution28-gtk2-2.10.4-21.el4.i386.rpm
	evolution28-gtk2-devel-2.10.4-21.el4.i386.rpm
	evolution28-libsoup-2.2.98-5.el4.i386.rpm
	evolution28-libsoup-devel-2.2.98-5.el4.i386.rpm
	evolution28-pango-1.14.9-7.el4.i386.rpm
	evolution28-pango-devel-1.14.9-7.el4.i386.rpm
Thu Feb 7 10:19:38 CST 2008
	modversions-1.0-4.1.i386.rpm
Fri Feb 8 10:37:42 CST 2008
Fri Feb 8 11:12:12 CST 2008
Fri Feb 8 11:13:02 CST 2008
Mon Feb 11 14:14:31 CST 2008
	liberation-fonts-1.0-1.el4.noarch.rpm
Mon Feb 11 14:16:59 CST 2008
Wed Feb 13 10:49:34 CST 2008
Wed Feb 13 11:02:24 CST 2008
Wed Feb 13 11:02:57 CST 2008
	cups-1.1.22-0.rc1.9.20.2.el4_5.2.i386.rpm
Wed Feb 13 15:30:20 CST 2008
Wed Feb 13 15:31:23 CST 2008
Wed Feb 13 15:34:48 CST 2008
Wed Feb 13 15:52:07 CST 2008
Wed Feb 13 15:52:38 CST 2008
Wed Feb 13 16:46:54 CST 2008
Wed Feb 13 17:01:17 CST 2008
Wed Feb 13 17:15:44 CST 2008
Thu Feb 14 10:16:45 CST 2008
Thu Feb 14 10:17:20 CST 2008
	ibmasm-xinput-2.1-1.el4.i386.rpm
Thu Feb 14 13:03:18 CST 2008
	evolution28-2.8.0-53.el4.i386.rpm
	evolution28-devel-2.8.0-53.el4.i386.rpm
	evolution28-evolution-connector-2.8.0-13.el4.i386.rpm
	evolution28-evolution-data-server-1.8.0-34.el4.i386.rpm
	evolution28-evolution-data-server-devel-1.8.0-34.el4.i386.rpm
	evolution28-gtkhtml3-3.12.0-11.el4.i386.rpm
	evolution28-gtkhtml3-devel-3.12.0-11.el4.i386.rpm
Thu Feb 14 16:50:40 CST 2008
Thu Feb 14 16:50:47 CST 2008
Thu Feb 14 16:50:55 CST 2008
Thu Feb 14 16:51:56 CST 2008
Wed Feb 20 15:53:23 CST 2008
Mon Mar 3 14:50:40 CST 2008
Tue Mar 4 15:49:48 CST 2008
Tue Mar 4 16:03:54 CST 2008
Thu Mar 6 11:06:13 CST 2008
Thu Mar 6 11:45:15 CST 2008
Thu Mar 6 11:45:35 CST 2008
Thu Mar 6 16:37:57 CST 2008
Mon Mar 10 09:51:29 CST 2008
Mon Mar 10 10:04:05 CST 2008
