
 --- 9:47:07 4/23/96 top of scan loop ---
1125 MegaBytes free disk space on drive C
samples per pixel=1
bits per sample=8
image startX=0, startY=0, width=2544, length=3392
photometric interpretation=0
ISIS output pipe is: ""
C:\TMP\FABF\00020001\00000001.JPG 4/23/96 9:47:07 clip=0,255 quant=0,0 SCANJPEG1.04 VT-Compress2.01
jpeg luminance   quantization=0
jpeg chrominance quantization=0 (higher values give greater compression)
scan: 34, convert/display: 0, compress: 11, total: 45 seconds
25.8 compression factor, 335314 bytes file size
bright clip=255, dark clip=0

 --- 9:48:23 4/23/96 top of scan loop ---
1124 MegaBytes free disk space on drive C
samples per pixel=1
bits per sample=8
image startX=0, startY=0, width=2544, length=3392
photometric interpretation=0
ISIS output pipe is: ""
C:\TMP\FABF\00020001\00000002.JPG 4/23/96 9:48:23 clip=0,255 quant=0,0 SCANJPEG1.04 VT-Compress2.01
jpeg luminance   quantization=0
jpeg chrominance quantization=0 (higher values give greater compression)
scan: 34, convert/display: 0, compress: 12, total: 46 seconds
23.8 compression factor, 363435 bytes file size

 --- 9:49:12 4/23/96 top of scan loop ---
1124 MegaBytes free disk space on drive C
samples per pixel=1
bits per sample=8
image startX=0, startY=0, width=2544, length=3392
photometric interpretation=0
ISIS output pipe is: ""
C:\TMP\FABF\00020001\00000003.JPG 4/23/96 9:49:12 clip=0,255 quant=0,0 SCANJPEG1.04 VT-Compress2.01
User cancelled operation.
  Source file ISIS2RAW.C at line 279
scan: 8, convert/display: 0, compress: 0, total: 8 seconds (CANCELED SCAN)

 --- 9:49:22 4/23/96 top of scan loop ---
1124 MegaBytes free disk space on drive C
samples per pixel=1
bits per sample=8
image startX=0, startY=0, width=2544, length=3392
photometric interpretation=0
ISIS output pipe is: ""
C:\TMP\FABF\00020001\00000003.JPG 4/23/96 9:49:22 clip=0,255 quant=0,0 SCANJPEG1.04 VT-Compress2.01
jpeg luminance   quantization=0
jpeg chrominance quantization=0 (higher values give greater compression)
scan: 34, convert/display: 0, compress: 12, total: 46 seconds
20.5 compression factor, 420669 bytes file size

 --- 9:50:12 4/23/96 top of scan loop ---
1124 MegaBytes free disk space on drive C
samples per pixel=1
bits per sample=8
image startX=0, startY=0, width=2544, length=3392
photometric interpretation=0
ISIS output pipe is: ""
C:\TMP\FABF\00020001\00000004.JPG 4/23/96 9:50:12 clip=0,255 quant=0,0 SCANJPEG1.04 VT-Compress2.01
jpeg luminance   quantization=0
jpeg chrominance quantization=0 (higher values give greater compression)
scan: 34, convert/display: 0, compress: 12, total: 46 seconds
22.7 compression factor, 380435 bytes file size

 --- 9:50:58 4/23/96 top of scan loop ---
1123 MegaBytes free disk space on drive C
samples per pixel=1
bits per sample=8
image startX=0, startY=0, width=2544, length=3392
photometric interpretation=0
ISIS output pipe is: ""
C:\TMP\FABF\00020001\00000005.JPG 4/23/96 9:50:58 clip=0,255 quant=0,0 SCANJPEG1.04 VT-Compress2.01
jpeg luminance   quantization=0
jpeg chrominance quantization=0 (higher values give greater compression)
scan: 35, convert/display: 0, compress: 12, total: 47 seconds
19.4 compression factor, 445796 bytes file size

 --- 9:51:47 4/23/96 top of scan loop ---
1123 MegaBytes free disk space on drive C
samples per pixel=1
bits per sample=8
image startX=0, startY=0, width=2544, length=3392
photometric interpretation=0
ISIS output pipe is: ""
C:\TMP\FABF\00020001\00000006.JPG 4/23/96 9:51:48 clip=0,255 quant=0,0 SCANJPEG1.04 VT-Compress2.01
jpeg luminance   quantization=0
jpeg chrominance quantization=0 (higher values give greater compression)
scan: 34, convert/display: 0, compress: 12, total: 46 seconds
21.4 compression factor, 403734 bytes file size

 --- 9:52:38 4/23/96 top of scan loop ---
1122 MegaBytes free disk space on drive C
samples per pixel=1
bits per sample=8
image startX=0, startY=0, width=2544, length=3392
photometric interpretation=0
ISIS output pipe is: ""
C:\TMP\FABF\00020001\00000007.JPG 4/23/96 9:52:39 clip=0,255 quant=0,0 SCANJPEG1.04 VT-Compress2.01
jpeg luminance   quantization=0
jpeg chrominance quantization=0 (higher values give greater compression)
scan: 34, convert/display: 0, compress: 11, total: 45 seconds
19.9 compression factor, 434929 bytes file size

 --- 9:53:31 4/23/96 top of scan loop ---
1122 MegaBytes free disk space on drive C
samples per pixel=1
bits per sample=8
image startX=0, startY=0, width=2544, length=3392
photometric interpretation=0
ISIS output pipe is: ""
C:\TMP\FABF\00020001\00000008.JPG 4/23/96 9:53:31 clip=0,255 quant=0,0 SCANJPEG1.04 VT-Compress2.01
jpeg luminance   quantization=0
jpeg chrominance quantization=0 (higher values give greater compression)
scan: 34, convert/display: 1, compress: 11, total: 46 seconds
17.7 compression factor, 488865 bytes file size

 --- 9:54:19 4/23/96 top of scan loop ---
1122 MegaBytes free disk space on drive C
samples per pixel=1
bits per sample=8
image startX=0, startY=0, width=2544, length=3392
photometric interpretation=0
ISIS output pipe is: ""
C:\TMP\FABF\00020001\00000009.JPG 4/23/96 9:54:19 clip=0,255 quant=0,0 SCANJPEG1.04 VT-Compress2.01
jpeg luminance   quantization=0
jpeg chrominance quantization=0 (higher values give greater compression)
scan: 35, convert/display: 0, compress: 11, total: 46 seconds
20.0 compression factor, 431833 bytes file size

 --- 9:55:06 4/23/96 top of scan loop ---
1121 MegaBytes free disk space on drive C
samples per pixel=1
bits per sample=8
image startX=0, startY=0, width=2544, length=3392
photometric interpretation=0
ISIS output pipe is: ""
C:\TMP\FABF\00020001\00000010.JPG 4/23/96 9:55:06 clip=0,255 quant=0,0 SCANJPEG1.04 VT-Compress2.01
jpeg luminance   quantization=0
jpeg chrominance quantization=0 (higher values give greater compression)
scan: 34, convert/display: 0, compress: 12, total: 46 seconds
17.3 compression factor, 499616 bytes file size

 --- 9:55:56 4/23/96 top of scan loop ---
1121 MegaBytes free disk space on drive C
samples per pixel=1
bits per sample=8
image startX=0, startY=0, width=2544, length=3392
photometric interpretation=0
ISIS output pipe is: ""
C:\TMP\FABF\00020001\00000011.JPG 4/23/96 9:55:56 clip=0,255 quant=0,0 SCANJPEG1.04 VT-Compress2.01
jpeg luminance   quantization=0
jpeg chrominance quantization=0 (higher values give greater compression)
scan: 34, convert/display: 0, compress: 12, total: 46 seconds
20.7 compression factor, 418009 bytes file size

 --- 9:56:43 4/23/96 top of scan loop ---
1120 MegaBytes free disk space on drive C
samples per pixel=1
bits per sample=8
image startX=0, startY=0, width=2544, length=3392
photometric interpretation=0
ISIS output pipe is: ""
C:\TMP\FABF\00020001\00000012.JPG 4/23/96 9:56:43 clip=0,255 quant=0,0 SCANJPEG1.04 VT-Compress2.01
jpeg luminance   quantization=0
jpeg chrominance quantization=0 (higher values give greater compression)
scan: 34, convert/display: 0, compress: 12, total: 46 seconds
21.0 compression factor, 410307 bytes file size

 --- 9:57:31 4/23/96 top of scan loop ---
1120 MegaBytes free disk space on drive C
samples per pixel=1
bits per sample=8
image startX=0, startY=0, width=2544, length=3392
photometric interpretation=0
ISIS output pipe is: ""
C:\TMP\FABF\00020001\00000013.JPG 4/23/96 9:57:31 clip=0,255 quant=0,0 SCANJPEG1.04 VT-Compress2.01
jpeg luminance   quantization=0
jpeg chrominance quantization=0 (higher values give greater compression)
scan: 35, convert/display: 0, compress: 12, total: 47 seconds
17.8 compression factor, 484664 bytes file size

 --- 9:58:18 4/23/96 top of scan loop ---
1119 MegaBytes free disk space on drive C
samples per pixel=1
bits per sample=8
image startX=0, startY=0, width=2544, length=3392
photometric interpretation=0
ISIS output pipe is: ""
C:\TMP\FABF\00020001\00000014.JPG 4/23/96 9:58:19 clip=0,255 quant=0,0 SCANJPEG1.04 VT-Compress2.01
jpeg luminance   quantization=0
jpeg chrominance quantization=0 (higher values give greater compression)
scan: 34, convert/display: 0, compress: 12, total: 46 seconds
17.1 compression factor, 503627 bytes file size

 --- 9:59:07 4/23/96 top of scan loop ---
1119 MegaBytes free disk space on drive C
samples per pixel=1
bits per sample=8
image startX=0, startY=0, width=2544, length=3392
photometric interpretation=0
ISIS output pipe is: ""
C:\TMP\FABF\00020001\00000015.JPG 4/23/96 9:59:07 clip=0,255 quant=0,0 SCANJPEG1.04 VT-Compress2.01
jpeg luminance   quantization=0
jpeg chrominance quantization=0 (higher values give greater compression)
scan: 35, convert/display: 0, compress: 11, total: 46 seconds
23.7 compression factor, 364797 bytes file size

 --- 9:59:59 4/23/96 top of scan loop ---
1118 MegaBytes free disk space on drive C
samples per pixel=1
bits per sample=8
image startX=0, startY=0, width=2544, length=3392
photometric interpretation=0
ISIS output pipe is: ""
C:\TMP\FABF\00020001\00000016.JPG 4/23/96 9:59:59 clip=0,255 quant=0,0 SCANJPEG1.04 VT-Compress2.01
jpeg luminance   quantization=0
jpeg chrominance quantization=0 (higher values give greater compression)
scan: 34, convert/display: 0, compress: 12, total: 46 seconds
16.2 compression factor, 534514 bytes file size

 --- 10:00:46 4/23/96 top of scan loop ---
1118 MegaBytes free disk space on drive C
samples per pixel=1
bits per sample=8
image startX=0, startY=0, width=2544, length=3392
photometric interpretation=0
ISIS output pipe is: ""
C:\TMP\FABF\00020001\00000017.JPG 4/23/96 10:00:46 clip=0,255 quant=0,0 SCANJPEG1.04 VT-Compress2.01
jpeg luminance   quantization=0
jpeg chrominance quantization=0 (higher values give greater compression)
scan: 34, convert/display: 0, compress: 12, total: 46 seconds
19.8 compression factor, 435581 bytes file size

 --- 10:01:35 4/23/96 top of scan loop ---
1117 MegaBytes free disk space on drive C
samples per pixel=1
bits per sample=8
image startX=0, startY=0, width=2544, length=3392
photometric interpretation=0
ISIS output pipe is: ""
C:\TMP\FABF\00020001\00000018.JPG 4/23/96 10:01:35 clip=0,255 quant=0,0 SCANJPEG1.04 VT-Compress2.01
jpeg luminance   quantization=0
jpeg chrominance quantization=0 (higher values give greater compression)
scan: 34, convert/display: 0, compress: 12, total: 46 seconds
20.6 compression factor, 419091 bytes file size

 --- 10:02:22 4/23/96 top of scan loop ---
1117 MegaBytes free disk space on drive C
samples per pixel=1
bits per sample=8
image startX=0, startY=0, width=2544, length=3392
photometric interpretation=0
ISIS output pipe is: ""
C:\TMP\FABF\00020001\00000019.JPG 4/23/96 10:02:23 clip=0,255 quant=0,0 SCANJPEG1.04 VT-Compress2.01
jpeg luminance   quantization=0
jpeg chrominance quantization=0 (higher values give greater compression)
scan: 34, convert/display: 0, compress: 12, total: 46 seconds
20.2 compression factor, 428128 bytes file size

 --- 10:03:10 4/23/96 top of scan loop ---
1117 MegaBytes free disk space on drive C
samples per pixel=1
bits per sample=8
image startX=0, startY=0, width=2544, length=3392
photometric interpretation=0
ISIS output pipe is: ""
C:\TMP\FABF\00020001\00000020.JPG 4/23/96 10:03:10 clip=0,255 quant=0,0 SCANJPEG1.04 VT-Compress2.01
jpeg luminance   quantization=0
jpeg chrominance quantization=0 (higher values give greater compression)
scan: 34, convert/display: 0, compress: 12, total: 46 seconds
19.3 compression factor, 446529 bytes file size

 --- 10:03:59 4/23/96 top of scan loop ---
1116 MegaBytes free disk space on drive C
samples per pixel=1
bits per sample=8
image startX=0, startY=0, width=2544, length=3392
photometric interpretation=0
ISIS output pipe is: ""
C:\TMP\FABF\00020001\00000021.JPG 4/23/96 10:03:59 clip=0,255 quant=0,0 SCANJPEG1.04 VT-Compress2.01
jpeg luminance   quantization=0
jpeg chrominance quantization=0 (higher values give greater compression)
scan: 34, convert/display: 0, compress: 12, total: 46 seconds
19.3 compression factor, 447253 bytes file size

 --- 10:04:47 4/23/96 top of scan loop ---
1116 MegaBytes free disk space on drive C
samples per pixel=1
bits per sample=8
image startX=0, startY=0, width=2544, length=3392
photometric interpretation=0
ISIS output pipe is: ""
C:\TMP\FABF\00020001\00000022.JPG 4/23/96 10:04:47 clip=0,255 quant=0,0 SCANJPEG1.04 VT-Compress2.01
jpeg luminance   quantization=0
jpeg chrominance quantization=0 (higher values give greater compression)
scan: 34, convert/display: 0, compress: 12, total: 46 seconds
22.6 compression factor, 381539 bytes file size

 --- 10:05:33 4/23/96 top of scan loop ---
1115 MegaBytes free disk space on drive C
samples per pixel=1
bits per sample=8
image startX=0, startY=0, width=2544, length=3392
photometric interpretation=0
ISIS output pipe is: ""
C:\TMP\FABF\00020001\00000023.JPG 4/23/96 10:05:33 clip=0,255 quant=0,0 SCANJPEG1.04 VT-Compress2.01
jpeg luminance   quantization=0
jpeg chrominance quantization=0 (higher values give greater compression)
scan: 35, convert/display: 0, compress: 12, total: 47 seconds
18.2 compression factor, 475208 bytes file size

 --- 10:06:21 4/23/96 top of scan loop ---
1115 MegaBytes free disk space on drive C
samples per pixel=1
bits per sample=8
image startX=0, startY=0, width=2544, length=3392
photometric interpretation=0
ISIS output pipe is: ""
C:\TMP\FABF\00020001\00000024.JPG 4/23/96 10:06:21 clip=0,255 quant=0,0 SCANJPEG1.04 VT-Compress2.01
jpeg luminance   quantization=0
jpeg chrominance quantization=0 (higher values give greater compression)
scan: 34, convert/display: 1, compress: 11, total: 46 seconds
19.8 compression factor, 435261 bytes file size

 --- 10:07:09 4/23/96 top of scan loop ---
1114 MegaBytes free disk space on drive C
samples per pixel=1
bits per sample=8
image startX=0, startY=0, width=2544, length=3392
photometric interpretation=0
ISIS output pipe is: ""
C:\TMP\FABF\00020001\00000025.JPG 4/23/96 10:07:09 clip=0,255 quant=0,0 SCANJPEG1.04 VT-Compress2.01
jpeg luminance   quantization=0
jpeg chrominance quantization=0 (higher values give greater compression)
scan: 34, convert/display: 0, compress: 12, total: 46 seconds
23.1 compression factor, 374000 bytes file size

 --- 10:07:56 4/23/96 top of scan loop ---
1114 MegaBytes free disk space on drive C
samples per pixel=1
bits per sample=8
image startX=0, startY=0, width=2544, length=3392
photometric interpretation=0
ISIS output pipe is: ""
C:\TMP\FABF\00020001\00000026.JPG 4/23/96 10:07:56 clip=0,255 quant=0,0 SCANJPEG1.04 VT-Compress2.01
jpeg luminance   quantization=0
jpeg chrominance quantization=0 (higher values give greater compression)
scan: 35, convert/display: 0, compress: 11, total: 46 seconds
24.5 compression factor, 353087 bytes file size

 --- 10:08:45 4/23/96 top of scan loop ---
1114 MegaBytes free disk space on drive C
samples per pixel=1
bits per sample=8
image startX=0, startY=0, width=2544, length=3392
photometric interpretation=0
ISIS output pipe is: ""
C:\TMP\FABF\00020001\00000027.JPG 4/23/96 10:08:45 clip=0,255 quant=0,0 SCANJPEG1.04 VT-Compress2.01
jpeg luminance   quantization=0
jpeg chrominance quantization=0 (higher values give greater compression)
scan: 35, convert/display: 0, compress: 11, total: 46 seconds
20.5 compression factor, 421053 bytes file size

 --- 10:09:32 4/23/96 top of scan loop ---
1113 MegaBytes free disk space on drive C
samples per pixel=1
bits per sample=8
image startX=0, startY=0, width=2544, length=3392
photometric interpretation=0
ISIS output pipe is: ""
C:\TMP\FABF\00020001\00000028.JPG 4/23/96 10:09:32 clip=0,255 quant=0,0 SCANJPEG1.04 VT-Compress2.01
jpeg luminance   quantization=0
jpeg chrominance quantization=0 (higher values give greater compression)
scan: 35, convert/display: 0, compress: 12, total: 47 seconds
21.2 compression factor, 407866 bytes file size

 --- 10:10:19 4/23/96 top of scan loop ---
1113 MegaBytes free disk space on drive C
samples per pixel=1
bits per sample=8
image startX=0, startY=0, width=2544, length=3392
photometric interpretation=0
ISIS output pipe is: ""
C:\TMP\FABF\00020001\00000029.JPG 4/23/96 10:10:19 clip=0,255 quant=0,0 SCANJPEG1.04 VT-Compress2.01
jpeg luminance   quantization=0
jpeg chrominance quantization=0 (higher values give greater compression)
scan: 35, convert/display: 0, compress: 12, total: 47 seconds
18.6 compression factor, 464376 bytes file size

 --- 10:11:10 4/23/96 top of scan loop ---
1112 MegaBytes free disk space on drive C
samples per pixel=1
bits per sample=8
image startX=0, startY=0, width=2544, length=3392
photometric interpretation=0
ISIS output pipe is: ""
C:\TMP\FABF\00020001\00000030.JPG 4/23/96 10:11:10 clip=0,255 quant=0,0 SCANJPEG1.04 VT-Compress2.01
jpeg luminance   quantization=0
jpeg chrominance quantization=0 (higher values give greater compression)
scan: 34, convert/display: 0, compress: 12, total: 46 seconds
23.3 compression factor, 370917 bytes file size

 --- 10:11:59 4/23/96 top of scan loop ---
1112 MegaBytes free disk space on drive C
samples per pixel=1
bits per sample=8
image startX=0, startY=0, width=2544, length=3392
photometric interpretation=0
ISIS output pipe is: ""
C:\TMP\FABF\00020001\00000031.JPG 4/23/96 10:11:59 clip=0,255 quant=0,0 SCANJPEG1.04 VT-Compress2.01
jpeg luminance   quantization=0
jpeg chrominance quantization=0 (higher values give greater compression)
scan: 34, convert/display: 0, compress: 12, total: 46 seconds
21.8 compression factor, 395215 bytes file size

 --- 10:12:45 4/23/96 top of scan loop ---
1112 MegaBytes free disk space on drive C
samples per pixel=1
bits per sample=8
image startX=0, startY=0, width=2544, length=3392
photometric interpretation=0
ISIS output pipe is: ""
C:\TMP\FABF\00020001\00000032.JPG 4/23/96 10:12:45 clip=0,255 quant=0,0 SCANJPEG1.04 VT-Compress2.01
jpeg luminance   quantization=0
jpeg chrominance quantization=0 (higher values give greater compression)
scan: 35, convert/display: 0, compress: 12, total: 47 seconds
21.6 compression factor, 399002 bytes file size

 --- 10:13:32 4/23/96 top of scan loop ---
1111 MegaBytes free disk space on drive C
samples per pixel=1
bits per sample=8
image startX=0, startY=0, width=2544, length=3392
photometric interpretation=0
ISIS output pipe is: ""
C:\TMP\FABF\00020001\00000033.JPG 4/23/96 10:13:32 clip=0,255 quant=0,0 SCANJPEG1.04 VT-Compress2.01
jpeg luminance   quantization=0
jpeg chrominance quantization=0 (higher values give greater compression)
scan: 34, convert/display: 1, compress: 11, total: 46 seconds
21.0 compression factor, 412003 bytes file size

 --- 10:14:19 4/23/96 top of scan loop ---
1111 MegaBytes free disk space on drive C
samples per pixel=1
bits per sample=8
image startX=0, startY=0, width=2544, length=3392
photometric interpretation=0
ISIS output pipe is: ""
C:\TMP\FABF\00020001\00000034.JPG 4/23/96 10:14:19 clip=0,255 quant=0,0 SCANJPEG1.04 VT-Compress2.01
jpeg luminance   quantization=0
jpeg chrominance quantization=0 (higher values give greater compression)
scan: 34, convert/display: 1, compress: 11, total: 46 seconds
22.1 compression factor, 390250 bytes file size
baseDir="C:\TMP"
  containerDir="FABF"
  documentDir="00020002"
  pageName="00000001"
output file name will be: "C:\TMP\FABF\00020002\00000001.JPG"
