100.01.11 09:55 B c:\windows\Profiles\mdunlap\Desktop\HTML\mcph1720\images\Fig01-sm.gif <-- hilo /home/hilo/web/htdocs/pubs/outstand/mcph1720/images Fig01-sm.gif
100.01.11 09:55 B c:\windows\Profiles\mdunlap\Desktop\HTML\mcph1720\images\Fig01.gif <-- hilo /home/hilo/web/htdocs/pubs/outstand/mcph1720/images Fig01.gif
100.01.11 09:55 B c:\windows\Profiles\mdunlap\Desktop\HTML\mcph1720\images\Fig02-sm.gif <-- hilo /home/hilo/web/htdocs/pubs/outstand/mcph1720/images Fig02-sm.gif
100.01.11 09:55 B c:\windows\Profiles\mdunlap\Desktop\HTML\mcph1720\images\Fig02.gif <-- hilo /home/hilo/web/htdocs/pubs/outstand/mcph1720/images Fig02.gif
100.01.11 09:55 B c:\windows\Profiles\mdunlap\Desktop\HTML\mcph1720\images\Fig03-sm.gif <-- hilo /home/hilo/web/htdocs/pubs/outstand/mcph1720/images Fig03-sm.gif
100.01.11 09:55 B c:\windows\Profiles\mdunlap\Desktop\HTML\mcph1720\images\Fig03.gif <-- hilo /home/hilo/web/htdocs/pubs/outstand/mcph1720/images Fig03.gif
100.01.11 09:55 B c:\windows\Profiles\mdunlap\Desktop\HTML\mcph1720\images\Fig04-sm.gif <-- hilo /home/hilo/web/htdocs/pubs/outstand/mcph1720/images Fig04-sm.gif
100.01.11 09:55 B c:\windows\Profiles\mdunlap\Desktop\HTML\mcph1720\images\Fig04.gif <-- hilo /home/hilo/web/htdocs/pubs/outstand/mcph1720/images Fig04.gif
100.01.11 09:55 B c:\windows\Profiles\mdunlap\Desktop\HTML\mcph1720\images\Fig05-sm.gif <-- hilo /home/hilo/web/htdocs/pubs/outstand/mcph1720/images Fig05-sm.gif
100.01.11 09:55 B c:\windows\Profiles\mdunlap\Desktop\HTML\mcph1720\images\Fig05.gif <-- hilo /home/hilo/web/htdocs/pubs/outstand/mcph1720/images Fig05.gif
100.01.11 09:55 B c:\windows\Profiles\mdunlap\Desktop\HTML\mcph1720\images\Fig06-sm.gif <-- hilo /home/hilo/web/htdocs/pubs/outstand/mcph1720/images Fig06-sm.gif
100.01.11 09:55 B c:\windows\Profiles\mdunlap\Desktop\HTML\mcph1720\images\Fig06.gif <-- hilo /home/hilo/web/htdocs/pubs/outstand/mcph1720/images Fig06.gif
100.01.11 09:55 B c:\windows\Profiles\mdunlap\Desktop\HTML\mcph1720\images\Fig07-sm.gif <-- hilo /home/hilo/web/htdocs/pubs/outstand/mcph1720/images Fig07-sm.gif
100.01.11 09:55 B c:\windows\Profiles\mdunlap\Desktop\HTML\mcph1720\images\Fig07.gif <-- hilo /home/hilo/web/htdocs/pubs/outstand/mcph1720/images Fig07.gif
100.01.11 09:55 B c:\windows\Profiles\mdunlap\Desktop\HTML\mcph1720\images\Fig08-sm.gif <-- hilo /home/hilo/web/htdocs/pubs/outstand/mcph1720/images Fig08-sm.gif
100.01.11 09:55 B c:\windows\Profiles\mdunlap\Desktop\HTML\mcph1720\images\Fig08.gif <-- hilo /home/hilo/web/htdocs/pubs/outstand/mcph1720/images Fig08.gif
100.01.11 09:55 B c:\windows\Profiles\mdunlap\Desktop\HTML\mcph1720\images\Fig09-sm.gif <-- hilo /home/hilo/web/htdocs/pubs/outstand/mcph1720/images Fig09-sm.gif
100.01.11 09:55 B c:\windows\Profiles\mdunlap\Desktop\HTML\mcph1720\images\Fig09.gif <-- hilo /home/hilo/web/htdocs/pubs/outstand/mcph1720/images Fig09.gif
100.01.11 09:55 B c:\windows\Profiles\mdunlap\Desktop\HTML\mcph1720\images\Fig10-sm.gif <-- hilo /home/hilo/web/htdocs/pubs/outstand/mcph1720/images Fig10-sm.gif
100.01.11 09:55 B c:\windows\Profiles\mdunlap\Desktop\HTML\mcph1720\images\Fig10.gif <-- hilo /home/hilo/web/htdocs/pubs/outstand/mcph1720/images Fig10.gif
100.01.11 09:55 B c:\windows\Profiles\mdunlap\Desktop\HTML\mcph1720\images\Fig11-sm.gif <-- hilo /home/hilo/web/htdocs/pubs/outstand/mcph1720/images Fig11-sm.gif
100.01.11 09:55 B c:\windows\Profiles\mdunlap\Desktop\HTML\mcph1720\images\Fig11.gif <-- hilo /home/hilo/web/htdocs/pubs/outstand/mcph1720/images Fig11.gif
100.01.11 09:55 B c:\windows\Profiles\mdunlap\Desktop\HTML\mcph1720\images\Fig12-sm.gif <-- hilo /home/hilo/web/htdocs/pubs/outstand/mcph1720/images Fig12-sm.gif
100.01.11 09:55 B c:\windows\Profiles\mdunlap\Desktop\HTML\mcph1720\images\Fig12.gif <-- hilo /home/hilo/web/htdocs/pubs/outstand/mcph1720/images Fig12.gif
100.01.11 09:55 B c:\windows\Profiles\mdunlap\Desktop\HTML\mcph1720\images\Fig13-sm.gif <-- hilo /home/hilo/web/htdocs/pubs/outstand/mcph1720/images Fig13-sm.gif
100.01.11 09:55 B c:\windows\Profiles\mdunlap\Desktop\HTML\mcph1720\images\Fig13.gif <-- hilo /home/hilo/web/htdocs/pubs/outstand/mcph1720/images Fig13.gif
100.01.11 09:55 B c:\windows\Profiles\mdunlap\Desktop\HTML\mcph1720\images\Fig14-sm.gif <-- hilo /home/hilo/web/htdocs/pubs/outstand/mcph1720/images Fig14-sm.gif
100.01.11 09:55 B c:\windows\Profiles\mdunlap\Desktop\HTML\mcph1720\images\Fig14.gif <-- hilo /home/hilo/web/htdocs/pubs/outstand/mcph1720/images Fig14.gif
100.01.11 09:55 B c:\windows\Profiles\mdunlap\Desktop\HTML\mcph1720\images\Fig15-sm.gif <-- hilo /home/hilo/web/htdocs/pubs/outstand/mcph1720/images Fig15-sm.gif
100.01.11 09:55 B c:\windows\Profiles\mdunlap\Desktop\HTML\mcph1720\images\Fig15.gif <-- hilo /home/hilo/web/htdocs/pubs/outstand/mcph1720/images Fig15.gif
100.01.11 09:55 B c:\windows\Profiles\mdunlap\Desktop\HTML\mcph1720\images\Fig16-sm.gif <-- hilo /home/hilo/web/htdocs/pubs/outstand/mcph1720/images Fig16-sm.gif
100.01.11 09:55 B c:\windows\Profiles\mdunlap\Desktop\HTML\mcph1720\images\Fig16.gif <-- hilo /home/hilo/web/htdocs/pubs/outstand/mcph1720/images Fig16.gif
100.01.11 09:55 B c:\windows\Profiles\mdunlap\Desktop\HTML\mcph1720\images\Fig17-sm.gif <-- hilo /home/hilo/web/htdocs/pubs/outstand/mcph1720/images Fig17-sm.gif
100.01.11 09:55 B c:\windows\Profiles\mdunlap\Desktop\HTML\mcph1720\images\Fig17.gif <-- hilo /home/hilo/web/htdocs/pubs/outstand/mcph1720/images Fig17.gif
100.01.11 09:55 B c:\windows\Profiles\mdunlap\Desktop\HTML\mcph1720\images\Fig18-sm.gif <-- hilo /home/hilo/web/htdocs/pubs/outstand/mcph1720/images Fig18-sm.gif
100.01.11 09:55 B c:\windows\Profiles\mdunlap\Desktop\HTML\mcph1720\images\Fig18.gif <-- hilo /home/hilo/web/htdocs/pubs/outstand/mcph1720/images Fig18.gif
100.01.11 09:55 B c:\windows\Profiles\mdunlap\Desktop\HTML\mcph1720\images\Fig19-sm.gif <-- hilo /home/hilo/web/htdocs/pubs/outstand/mcph1720/images Fig19-sm.gif
100.01.11 09:55 B c:\windows\Profiles\mdunlap\Desktop\HTML\mcph1720\images\Fig19.gif <-- hilo /home/hilo/web/htdocs/pubs/outstand/mcph1720/images Fig19.gif
100.01.11 09:55 B c:\windows\Profiles\mdunlap\Desktop\HTML\mcph1720\images\Fig20-sm.gif <-- hilo /home/hilo/web/htdocs/pubs/outstand/mcph1720/images Fig20-sm.gif
100.01.11 09:55 B c:\windows\Profiles\mdunlap\Desktop\HTML\mcph1720\images\Fig20.gif <-- hilo /home/hilo/web/htdocs/pubs/outstand/mcph1720/images Fig20.gif
100.01.11 09:55 B c:\windows\Profiles\mdunlap\Desktop\HTML\mcph1720\images\FigB1-sm.gif <-- hilo /home/hilo/web/htdocs/pubs/outstand/mcph1720/images FigB1-sm.gif
100.01.11 09:55 B c:\windows\Profiles\mdunlap\Desktop\HTML\mcph1720\images\FigB1.gif <-- hilo /home/hilo/web/htdocs/pubs/outstand/mcph1720/images FigB1.gif
100.01.11 09:55 B c:\windows\Profiles\mdunlap\Desktop\HTML\mcph1720\images\FigB2-sm.gif <-- hilo /home/hilo/web/htdocs/pubs/outstand/mcph1720/images FigB2-sm.gif
100.01.11 09:55 B c:\windows\Profiles\mdunlap\Desktop\HTML\mcph1720\images\FigB2.gif <-- hilo /home/hilo/web/htdocs/pubs/outstand/mcph1720/images FigB2.gif
100.01.11 09:55 B c:\windows\Profiles\mdunlap\Desktop\HTML\mcph1720\images\FigC1-sm.gif <-- hilo /home/hilo/web/htdocs/pubs/outstand/mcph1720/images FigC1-sm.gif
100.01.11 09:55 B c:\windows\Profiles\mdunlap\Desktop\HTML\mcph1720\images\FigC1.gif <-- hilo /home/hilo/web/htdocs/pubs/outstand/mcph1720/images FigC1.gif
100.01.11 09:55 B c:\windows\Profiles\mdunlap\Desktop\HTML\mcph1720\images\FigC2-sm.gif <-- hilo /home/hilo/web/htdocs/pubs/outstand/mcph1720/images FigC2-sm.gif
100.01.11 09:55 B c:\windows\Profiles\mdunlap\Desktop\HTML\mcph1720\images\FigC2.gif <-- hilo /home/hilo/web/htdocs/pubs/outstand/mcph1720/images FigC2.gif
100.01.11 09:55 B c:\windows\Profiles\mdunlap\Desktop\HTML\mcph1720\images\FigC3-sm.gif <-- hilo /home/hilo/web/htdocs/pubs/outstand/mcph1720/images FigC3-sm.gif
100.01.11 09:55 B c:\windows\Profiles\mdunlap\Desktop\HTML\mcph1720\images\FigC3.gif <-- hilo /home/hilo/web/htdocs/pubs/outstand/mcph1720/images FigC3.gif
100.01.11 09:55 B c:\windows\Profiles\mdunlap\Desktop\HTML\mcph1720\images\Plate01-sm.gif <-- hilo /home/hilo/web/htdocs/pubs/outstand/mcph1720/images Plate01-sm.gif
100.01.11 09:55 B c:\windows\Profiles\mdunlap\Desktop\HTML\mcph1720\images\Plate01.gif <-- hilo /home/hilo/web/htdocs/pubs/outstand/mcph1720/images Plate01.gif
100.01.11 09:55 B c:\windows\Profiles\mdunlap\Desktop\HTML\mcph1720\images\table01.gif <-- hilo /home/hilo/web/htdocs/pubs/outstand/mcph1720/images table01.gif
100.01.11 09:55 B c:\windows\Profiles\mdunlap\Desktop\HTML\mcph1720\images\table02.gif <-- hilo /home/hilo/web/htdocs/pubs/outstand/mcph1720/images table02.gif
100.01.11 09:55 B c:\windows\Profiles\mdunlap\Desktop\HTML\mcph1720\images\table02a.gif <-- hilo /home/hilo/web/htdocs/pubs/outstand/mcph1720/images table02a.gif
100.01.11 09:55 B c:\windows\Profiles\mdunlap\Desktop\HTML\mcph1720\images\table02b.gif <-- hilo /home/hilo/web/htdocs/pubs/outstand/mcph1720/images table02b.gif
100.01.11 09:55 B c:\windows\Profiles\mdunlap\Desktop\HTML\mcph1720\images\table03.gif <-- hilo /home/hilo/web/htdocs/pubs/outstand/mcph1720/images table03.gif
100.01.11 09:55 B c:\windows\Profiles\mdunlap\Desktop\HTML\mcph1720\images\table04.gif <-- hilo /home/hilo/web/htdocs/pubs/outstand/mcph1720/images table04.gif
100.01.11 09:55 B c:\windows\Profiles\mdunlap\Desktop\HTML\mcph1720\images\table05a.gif <-- hilo /home/hilo/web/htdocs/pubs/outstand/mcph1720/images table05a.gif
100.01.11 09:55 B c:\windows\Profiles\mdunlap\Desktop\HTML\mcph1720\images\table05b.gif <-- hilo /home/hilo/web/htdocs/pubs/outstand/mcph1720/images table05b.gif
100.01.11 09:55 B c:\windows\Profiles\mdunlap\Desktop\HTML\mcph1720\images\table05c.gif <-- hilo /home/hilo/web/htdocs/pubs/outstand/mcph1720/images table05c.gif
100.01.11 09:55 B c:\windows\Profiles\mdunlap\Desktop\HTML\mcph1720\images\tablec1.gif <-- hilo /home/hilo/web/htdocs/pubs/outstand/mcph1720/images tablec1.gif
100.01.11 13:14 B c:\windows\Profiles\mdunlap\Desktop\HTML\mcph1720\images\fig01.gif --> hilo.pmel.noaa.gov /home/hilo/web/htdocs/pubs/outstand/mcph1720/images fig01.gif
100.01.11 13:14 B c:\windows\Profiles\mdunlap\Desktop\HTML\mcph1720\images\fig01sm.gif --> hilo.pmel.noaa.gov /home/hilo/web/htdocs/pubs/outstand/mcph1720/images fig01sm.gif
100.01.11 13:14 B c:\windows\Profiles\mdunlap\Desktop\HTML\mcph1720\images\fig02.gif --> hilo.pmel.noaa.gov /home/hilo/web/htdocs/pubs/outstand/mcph1720/images fig02.gif
100.01.11 13:14 B c:\windows\Profiles\mdunlap\Desktop\HTML\mcph1720\images\fig02sm.gif --> hilo.pmel.noaa.gov /home/hilo/web/htdocs/pubs/outstand/mcph1720/images fig02sm.gif
100.01.11 13:14 B c:\windows\Profiles\mdunlap\Desktop\HTML\mcph1720\images\fig03.gif --> hilo.pmel.noaa.gov /home/hilo/web/htdocs/pubs/outstand/mcph1720/images fig03.gif
100.01.11 13:14 B c:\windows\Profiles\mdunlap\Desktop\HTML\mcph1720\images\fig03sm.gif --> hilo.pmel.noaa.gov /home/hilo/web/htdocs/pubs/outstand/mcph1720/images fig03sm.gif
100.01.11 13:14 B c:\windows\Profiles\mdunlap\Desktop\HTML\mcph1720\images\fig04.gif --> hilo.pmel.noaa.gov /home/hilo/web/htdocs/pubs/outstand/mcph1720/images fig04.gif
100.01.11 13:14 B c:\windows\Profiles\mdunlap\Desktop\HTML\mcph1720\images\fig04sm.gif --> hilo.pmel.noaa.gov /home/hilo/web/htdocs/pubs/outstand/mcph1720/images fig04sm.gif
100.01.11 13:14 B c:\windows\Profiles\mdunlap\Desktop\HTML\mcph1720\images\fig05.gif --> hilo.pmel.noaa.gov /home/hilo/web/htdocs/pubs/outstand/mcph1720/images fig05.gif
100.01.11 13:14 B c:\windows\Profiles\mdunlap\Desktop\HTML\mcph1720\images\fig05sm.gif --> hilo.pmel.noaa.gov /home/hilo/web/htdocs/pubs/outstand/mcph1720/images fig05sm.gif
100.01.11 13:14 B c:\windows\Profiles\mdunlap\Desktop\HTML\mcph1720\images\fig06.gif --> hilo.pmel.noaa.gov /home/hilo/web/htdocs/pubs/outstand/mcph1720/images fig06.gif
100.01.11 13:14 B c:\windows\Profiles\mdunlap\Desktop\HTML\mcph1720\images\fig06sm.gif --> hilo.pmel.noaa.gov /home/hilo/web/htdocs/pubs/outstand/mcph1720/images fig06sm.gif
100.01.11 13:14 B c:\windows\Profiles\mdunlap\Desktop\HTML\mcph1720\images\fig07.gif --> hilo.pmel.noaa.gov /home/hilo/web/htdocs/pubs/outstand/mcph1720/images fig07.gif
100.01.11 13:14 B c:\windows\Profiles\mdunlap\Desktop\HTML\mcph1720\images\fig07sm.gif --> hilo.pmel.noaa.gov /home/hilo/web/htdocs/pubs/outstand/mcph1720/images fig07sm.gif
100.01.11 13:14 B c:\windows\Profiles\mdunlap\Desktop\HTML\mcph1720\images\fig08.gif --> hilo.pmel.noaa.gov /home/hilo/web/htdocs/pubs/outstand/mcph1720/images fig08.gif
100.01.11 13:14 B c:\windows\Profiles\mdunlap\Desktop\HTML\mcph1720\images\fig08sm.gif --> hilo.pmel.noaa.gov /home/hilo/web/htdocs/pubs/outstand/mcph1720/images fig08sm.gif
100.01.11 13:14 B c:\windows\Profiles\mdunlap\Desktop\HTML\mcph1720\images\fig09.gif --> hilo.pmel.noaa.gov /home/hilo/web/htdocs/pubs/outstand/mcph1720/images fig09.gif
100.01.11 13:14 B c:\windows\Profiles\mdunlap\Desktop\HTML\mcph1720\images\fig09sm.gif --> hilo.pmel.noaa.gov /home/hilo/web/htdocs/pubs/outstand/mcph1720/images fig09sm.gif
100.01.11 13:14 B c:\windows\Profiles\mdunlap\Desktop\HTML\mcph1720\images\fig10.gif --> hilo.pmel.noaa.gov /home/hilo/web/htdocs/pubs/outstand/mcph1720/images fig10.gif
100.01.11 13:14 B c:\windows\Profiles\mdunlap\Desktop\HTML\mcph1720\images\fig10sm.gif --> hilo.pmel.noaa.gov /home/hilo/web/htdocs/pubs/outstand/mcph1720/images fig10sm.gif
100.01.11 13:14 B c:\windows\Profiles\mdunlap\Desktop\HTML\mcph1720\images\fig11.gif --> hilo.pmel.noaa.gov /home/hilo/web/htdocs/pubs/outstand/mcph1720/images fig11.gif
100.01.11 13:14 B c:\windows\Profiles\mdunlap\Desktop\HTML\mcph1720\images\fig11sm.gif --> hilo.pmel.noaa.gov /home/hilo/web/htdocs/pubs/outstand/mcph1720/images fig11sm.gif
100.01.11 13:14 B c:\windows\Profiles\mdunlap\Desktop\HTML\mcph1720\images\fig12.gif --> hilo.pmel.noaa.gov /home/hilo/web/htdocs/pubs/outstand/mcph1720/images fig12.gif
100.01.11 13:14 B c:\windows\Profiles\mdunlap\Desktop\HTML\mcph1720\images\fig12sm.gif --> hilo.pmel.noaa.gov /home/hilo/web/htdocs/pubs/outstand/mcph1720/images fig12sm.gif
100.01.11 13:14 B c:\windows\Profiles\mdunlap\Desktop\HTML\mcph1720\images\fig13.gif --> hilo.pmel.noaa.gov /home/hilo/web/htdocs/pubs/outstand/mcph1720/images fig13.gif
100.01.11 13:14 B c:\windows\Profiles\mdunlap\Desktop\HTML\mcph1720\images\fig13sm.gif --> hilo.pmel.noaa.gov /home/hilo/web/htdocs/pubs/outstand/mcph1720/images fig13sm.gif
100.01.11 13:14 B c:\windows\Profiles\mdunlap\Desktop\HTML\mcph1720\images\fig14.gif --> hilo.pmel.noaa.gov /home/hilo/web/htdocs/pubs/outstand/mcph1720/images fig14.gif
100.01.11 13:14 B c:\windows\Profiles\mdunlap\Desktop\HTML\mcph1720\images\fig14sm.gif --> hilo.pmel.noaa.gov /home/hilo/web/htdocs/pubs/outstand/mcph1720/images fig14sm.gif
100.01.11 13:14 B c:\windows\Profiles\mdunlap\Desktop\HTML\mcph1720\images\fig15.gif --> hilo.pmel.noaa.gov /home/hilo/web/htdocs/pubs/outstand/mcph1720/images fig15.gif
100.01.11 13:14 B c:\windows\Profiles\mdunlap\Desktop\HTML\mcph1720\images\fig15sm.gif --> hilo.pmel.noaa.gov /home/hilo/web/htdocs/pubs/outstand/mcph1720/images fig15sm.gif
100.01.11 13:14 B c:\windows\Profiles\mdunlap\Desktop\HTML\mcph1720\images\fig16.gif --> hilo.pmel.noaa.gov /home/hilo/web/htdocs/pubs/outstand/mcph1720/images fig16.gif
100.01.11 13:14 B c:\windows\Profiles\mdunlap\Desktop\HTML\mcph1720\images\fig16sm.gif --> hilo.pmel.noaa.gov /home/hilo/web/htdocs/pubs/outstand/mcph1720/images fig16sm.gif
100.01.11 13:14 B c:\windows\Profiles\mdunlap\Desktop\HTML\mcph1720\images\fig17.gif --> hilo.pmel.noaa.gov /home/hilo/web/htdocs/pubs/outstand/mcph1720/images fig17.gif
100.01.11 13:14 B c:\windows\Profiles\mdunlap\Desktop\HTML\mcph1720\images\fig17sm.gif --> hilo.pmel.noaa.gov /home/hilo/web/htdocs/pubs/outstand/mcph1720/images fig17sm.gif
100.01.11 13:14 B c:\windows\Profiles\mdunlap\Desktop\HTML\mcph1720\images\fig18-sm.gif --> hilo.pmel.noaa.gov /home/hilo/web/htdocs/pubs/outstand/mcph1720/images fig18-sm.gif
100.01.11 13:14 B c:\windows\Profiles\mdunlap\Desktop\HTML\mcph1720\images\fig18.gif --> hilo.pmel.noaa.gov /home/hilo/web/htdocs/pubs/outstand/mcph1720/images fig18.gif
100.01.11 13:14 B c:\windows\Profiles\mdunlap\Desktop\HTML\mcph1720\images\fig19.gif --> hilo.pmel.noaa.gov /home/hilo/web/htdocs/pubs/outstand/mcph1720/images fig19.gif
100.01.11 13:14 B c:\windows\Profiles\mdunlap\Desktop\HTML\mcph1720\images\fig19sm.gif --> hilo.pmel.noaa.gov /home/hilo/web/htdocs/pubs/outstand/mcph1720/images fig19sm.gif
100.01.11 13:14 B c:\windows\Profiles\mdunlap\Desktop\HTML\mcph1720\images\fig20.gif --> hilo.pmel.noaa.gov /home/hilo/web/htdocs/pubs/outstand/mcph1720/images fig20.gif
100.01.11 13:14 B c:\windows\Profiles\mdunlap\Desktop\HTML\mcph1720\images\fig20sm.gif --> hilo.pmel.noaa.gov /home/hilo/web/htdocs/pubs/outstand/mcph1720/images fig20sm.gif
100.01.11 13:14 B c:\windows\Profiles\mdunlap\Desktop\HTML\mcph1720\images\figb1.gif --> hilo.pmel.noaa.gov /home/hilo/web/htdocs/pubs/outstand/mcph1720/images figb1.gif
100.01.11 13:14 B c:\windows\Profiles\mdunlap\Desktop\HTML\mcph1720\images\figb1sm.gif --> hilo.pmel.noaa.gov /home/hilo/web/htdocs/pubs/outstand/mcph1720/images figb1sm.gif
100.01.11 13:14 B c:\windows\Profiles\mdunlap\Desktop\HTML\mcph1720\images\figb2.gif --> hilo.pmel.noaa.gov /home/hilo/web/htdocs/pubs/outstand/mcph1720/images figb2.gif
100.01.11 13:14 B c:\windows\Profiles\mdunlap\Desktop\HTML\mcph1720\images\figb2sm.gif --> hilo.pmel.noaa.gov /home/hilo/web/htdocs/pubs/outstand/mcph1720/images figb2sm.gif
100.01.11 13:14 B c:\windows\Profiles\mdunlap\Desktop\HTML\mcph1720\images\figc1.gif --> hilo.pmel.noaa.gov /home/hilo/web/htdocs/pubs/outstand/mcph1720/images figc1.gif
100.01.11 13:14 B c:\windows\Profiles\mdunlap\Desktop\HTML\mcph1720\images\figc1sm.gif --> hilo.pmel.noaa.gov /home/hilo/web/htdocs/pubs/outstand/mcph1720/images figc1sm.gif
100.01.11 13:14 B c:\windows\Profiles\mdunlap\Desktop\HTML\mcph1720\images\figc2.gif --> hilo.pmel.noaa.gov /home/hilo/web/htdocs/pubs/outstand/mcph1720/images figc2.gif
100.01.11 13:14 B c:\windows\Profiles\mdunlap\Desktop\HTML\mcph1720\images\figc2sm.gif --> hilo.pmel.noaa.gov /home/hilo/web/htdocs/pubs/outstand/mcph1720/images figc2sm.gif
100.01.11 13:14 B c:\windows\Profiles\mdunlap\Desktop\HTML\mcph1720\images\figc3.gif --> hilo.pmel.noaa.gov /home/hilo/web/htdocs/pubs/outstand/mcph1720/images figc3.gif
100.01.11 13:14 B c:\windows\Profiles\mdunlap\Desktop\HTML\mcph1720\images\figc3sm.gif --> hilo.pmel.noaa.gov /home/hilo/web/htdocs/pubs/outstand/mcph1720/images figc3sm.gif
100.01.11 13:14 B c:\windows\Profiles\mdunlap\Desktop\HTML\mcph1720\images\plate01.gif --> hilo.pmel.noaa.gov /home/hilo/web/htdocs/pubs/outstand/mcph1720/images plate01.gif
100.01.11 13:14 B c:\windows\Profiles\mdunlap\Desktop\HTML\mcph1720\images\plate01sm.gif --> hilo.pmel.noaa.gov /home/hilo/web/htdocs/pubs/outstand/mcph1720/images plate01sm.gif
100.01.11 13:14 B c:\windows\Profiles\mdunlap\Desktop\HTML\mcph1720\images\table01.gif --> hilo.pmel.noaa.gov /home/hilo/web/htdocs/pubs/outstand/mcph1720/images table01.gif
100.01.11 13:14 B c:\windows\Profiles\mdunlap\Desktop\HTML\mcph1720\images\table02.gif --> hilo.pmel.noaa.gov /home/hilo/web/htdocs/pubs/outstand/mcph1720/images table02.gif
100.01.11 13:14 B c:\windows\Profiles\mdunlap\Desktop\HTML\mcph1720\images\table02a.gif --> hilo.pmel.noaa.gov /home/hilo/web/htdocs/pubs/outstand/mcph1720/images table02a.gif
100.01.11 13:14 B c:\windows\Profiles\mdunlap\Desktop\HTML\mcph1720\images\table02b.gif --> hilo.pmel.noaa.gov /home/hilo/web/htdocs/pubs/outstand/mcph1720/images table02b.gif
100.01.11 13:14 B c:\windows\Profiles\mdunlap\Desktop\HTML\mcph1720\images\table03.gif --> hilo.pmel.noaa.gov /home/hilo/web/htdocs/pubs/outstand/mcph1720/images table03.gif
100.01.11 13:14 B c:\windows\Profiles\mdunlap\Desktop\HTML\mcph1720\images\table04.gif --> hilo.pmel.noaa.gov /home/hilo/web/htdocs/pubs/outstand/mcph1720/images table04.gif
100.01.11 13:14 B c:\windows\Profiles\mdunlap\Desktop\HTML\mcph1720\images\table05a.gif --> hilo.pmel.noaa.gov /home/hilo/web/htdocs/pubs/outstand/mcph1720/images table05a.gif
100.01.11 13:14 B c:\windows\Profiles\mdunlap\Desktop\HTML\mcph1720\images\table05b.gif --> hilo.pmel.noaa.gov /home/hilo/web/htdocs/pubs/outstand/mcph1720/images table05b.gif
100.01.11 13:14 B c:\windows\Profiles\mdunlap\Desktop\HTML\mcph1720\images\table05c.gif --> hilo.pmel.noaa.gov /home/hilo/web/htdocs/pubs/outstand/mcph1720/images table05c.gif
100.01.11 13:14 B c:\windows\Profiles\mdunlap\Desktop\HTML\mcph1720\images\tablec1.gif --> hilo.pmel.noaa.gov /home/hilo/web/htdocs/pubs/outstand/mcph1720/images tablec1.gif
