
 --- 13:58:18 3/11/96 top of scan loop ---
807 MegaBytes free disk space on drive C
samples per pixel=1
bits per sample=8
image startX=0, startY=0, width=2544, length=3392
photometric interpretation=0
ISIS output pipe is: ""
C:\TMP\FPRA\09630026\00000001.JPG 3/11/96 13:58:18 clip=0,255 quant=0,0 SCANJPEG1.04 VT-Compress2.01
jpeg luminance   quantization=0
jpeg chrominance quantization=0 (higher values give greater compression)
scan: 34, convert/display: 0, compress: 12, total: 46 seconds
24.3 compression factor, 355873 bytes file size
bright clip=255, dark clip=0

 --- 13:59:07 3/11/96 top of scan loop ---
806 MegaBytes free disk space on drive C
samples per pixel=1
bits per sample=8
image startX=0, startY=0, width=2544, length=3392
photometric interpretation=0
ISIS output pipe is: ""
C:\TMP\FPRA\09630026\00000002.JPG 3/11/96 13:59:07 clip=0,255 quant=0,0 SCANJPEG1.04 VT-Compress2.01
jpeg luminance   quantization=0
jpeg chrominance quantization=0 (higher values give greater compression)
scan: 34, convert/display: 0, compress: 12, total: 46 seconds
16.0 compression factor, 541057 bytes file size

 --- 13:59:56 3/11/96 top of scan loop ---
806 MegaBytes free disk space on drive C
samples per pixel=1
bits per sample=8
image startX=0, startY=0, width=2544, length=3392
photometric interpretation=0
ISIS output pipe is: ""
C:\TMP\FPRA\09630026\00000003.JPG 3/11/96 13:59:56 clip=0,255 quant=0,0 SCANJPEG1.04 VT-Compress2.01
jpeg luminance   quantization=0
jpeg chrominance quantization=0 (higher values give greater compression)
scan: 35, convert/display: 0, compress: 12, total: 47 seconds
16.8 compression factor, 514293 bytes file size

 --- 9:02:35 3/12/96 top of scan loop ---
805 MegaBytes free disk space on drive C
samples per pixel=1
bits per sample=8
image startX=0, startY=0, width=2544, length=3392
photometric interpretation=0
ISIS output pipe is: ""
C:\TMP\FPRA\09630026\00000004.JPG 3/12/96 9:02:35 clip=0,255 quant=0,0 SCANJPEG1.04 VT-Compress2.01
jpeg luminance   quantization=0
jpeg chrominance quantization=0 (higher values give greater compression)
scan: 53, convert/display: 1, compress: 12, total: 66 seconds
15.8 compression factor, 545185 bytes file size
left button: hist(232)=5972
left button: hist(244)=531
left button: hist( 87)=3465
left button: hist(104)=2913
left button: hist(220)=14587
left button: hist( 92)=6382
left button: hist(116)=2044
left button: hist(121)=2142
bright clip=220, dark clip=87
output file name will be: "C:\TMP\FPRA\09630026\00000004.JPG"
805 MegaBytes free disk space on drive C
samples per pixel=23326
bits per sample=7447
image startX=0, startY=0, width=2544, length=3392
photometric interpretation=0
contrast stretching enabled
jpeg luminance   quantization=0
jpeg chrominance quantization=0 (higher values give greater compression)
cStretch: 2, compress: 13, total: 15 seconds
10.0 compression factor, 861446 bytes file size

 --- 9:05:53 3/12/96 top of scan loop ---
804 MegaBytes free disk space on drive C
samples per pixel=1
bits per sample=8
image startX=0, startY=0, width=2544, length=3392
photometric interpretation=0
contrast stretching enabled
ISIS output pipe is: ""
C:\TMP\FPRA\09630026\00000005.JPG 3/12/96 9:05:53 clip=87,220 quant=0,0 SCANJPEG1.04 VT-Compress2.01
jpeg luminance   quantization=0
jpeg chrominance quantization=0 (higher values give greater compression)
scan: 37, convert/display: 0, compress: 13, total: 50 seconds
10.1 compression factor, 858780 bytes file size

 --- 9:06:46 3/12/96 top of scan loop ---
804 MegaBytes free disk space on drive C
samples per pixel=1
bits per sample=8
image startX=0, startY=0, width=2544, length=3392
photometric interpretation=0
contrast stretching enabled
ISIS output pipe is: ""
C:\TMP\FPRA\09630026\00000006.JPG 3/12/96 9:06:46 clip=87,220 quant=0,0 SCANJPEG1.04 VT-Compress2.01
jpeg luminance   quantization=0
jpeg chrominance quantization=0 (higher values give greater compression)
scan: 37, convert/display: 0, compress: 13, total: 50 seconds
10.2 compression factor, 847227 bytes file size

 --- 9:07:37 3/12/96 top of scan loop ---
803 MegaBytes free disk space on drive C
samples per pixel=1
bits per sample=8
image startX=0, startY=0, width=2544, length=3392
photometric interpretation=0
contrast stretching enabled
ISIS output pipe is: ""
C:\TMP\FPRA\09630026\00000007.JPG 3/12/96 9:07:37 clip=87,220 quant=0,0 SCANJPEG1.04 VT-Compress2.01
jpeg luminance   quantization=0
jpeg chrominance quantization=0 (higher values give greater compression)
scan: 37, convert/display: 1, compress: 12, total: 50 seconds
10.7 compression factor, 808275 bytes file size

 --- 9:08:45 3/12/96 top of scan loop ---
802 MegaBytes free disk space on drive C
samples per pixel=1
bits per sample=8
image startX=0, startY=0, width=2544, length=3392
photometric interpretation=0
contrast stretching enabled
ISIS output pipe is: ""
C:\TMP\FPRA\09630026\00000008.JPG 3/12/96 9:08:45 clip=87,220 quant=0,0 SCANJPEG1.04 VT-Compress2.01
jpeg luminance   quantization=0
jpeg chrominance quantization=0 (higher values give greater compression)
scan: 42, convert/display: 0, compress: 13, total: 55 seconds
10.9 compression factor, 789991 bytes file size

 --- 9:09:45 3/12/96 top of scan loop ---
801 MegaBytes free disk space on drive C
samples per pixel=1
bits per sample=8
image startX=0, startY=0, width=2544, length=3392
photometric interpretation=0
contrast stretching enabled
ISIS output pipe is: ""
C:\TMP\FPRA\09630026\00000009.JPG 3/12/96 9:09:46 clip=87,220 quant=0,0 SCANJPEG1.04 VT-Compress2.01
jpeg luminance   quantization=0
jpeg chrominance quantization=0 (higher values give greater compression)
scan: 36, convert/display: 1, compress: 12, total: 49 seconds
10.6 compression factor, 817792 bytes file size

 --- 9:10:36 3/12/96 top of scan loop ---
800 MegaBytes free disk space on drive C
samples per pixel=1
bits per sample=8
image startX=0, startY=0, width=2544, length=3392
photometric interpretation=0
contrast stretching enabled
ISIS output pipe is: ""
C:\TMP\FPRA\09630026\00000010.JPG 3/12/96 9:10:36 clip=87,220 quant=0,0 SCANJPEG1.04 VT-Compress2.01
jpeg luminance   quantization=0
jpeg chrominance quantization=0 (higher values give greater compression)
scan: 37, convert/display: 0, compress: 13, total: 50 seconds
10.9 compression factor, 791041 bytes file size

 --- 9:14:48 3/12/96 top of scan loop ---
800 MegaBytes free disk space on drive C
samples per pixel=1
bits per sample=8
image startX=0, startY=0, width=2544, length=3392
photometric interpretation=0
contrast stretching enabled
ISIS output pipe is: ""
C:\TMP\FPRA\09630026\00000011.JPG 3/12/96 9:14:48 clip=87,220 quant=0,0 SCANJPEG1.04 VT-Compress2.01
jpeg luminance   quantization=0
jpeg chrominance quantization=0 (higher values give greater compression)
scan: 37, convert/display: 0, compress: 13, total: 50 seconds
10.3 compression factor, 841274 bytes file size

 --- 9:16:01 3/12/96 top of scan loop ---
799 MegaBytes free disk space on drive C
samples per pixel=1
bits per sample=8
image startX=0, startY=0, width=2544, length=3392
photometric interpretation=0
contrast stretching enabled
ISIS output pipe is: ""
C:\TMP\FPRA\09630026\00000012.JPG 3/12/96 9:16:01 clip=87,220 quant=0,0 SCANJPEG1.04 VT-Compress2.01
jpeg luminance   quantization=0
jpeg chrominance quantization=0 (higher values give greater compression)
scan: 37, convert/display: 0, compress: 13, total: 50 seconds
10.2 compression factor, 842932 bytes file size

 --- 9:17:20 3/12/96 top of scan loop ---
798 MegaBytes free disk space on drive C
samples per pixel=1
bits per sample=8
image startX=0, startY=0, width=2544, length=3392
photometric interpretation=0
contrast stretching enabled
ISIS output pipe is: ""
C:\TMP\FPRA\09630026\00000013.JPG 3/12/96 9:17:20 clip=87,220 quant=0,0 SCANJPEG1.04 VT-Compress2.01
jpeg luminance   quantization=0
jpeg chrominance quantization=0 (higher values give greater compression)
scan: 37, convert/display: 0, compress: 13, total: 50 seconds
10.0 compression factor, 859562 bytes file size

 --- 9:20:05 3/12/96 top of scan loop ---
797 MegaBytes free disk space on drive C
samples per pixel=1
bits per sample=8
image startX=0, startY=0, width=2544, length=3392
photometric interpretation=0
contrast stretching enabled
ISIS output pipe is: ""
C:\TMP\FPRA\09630026\00000014.JPG 3/12/96 9:20:05 clip=87,220 quant=0,0 SCANJPEG1.04 VT-Compress2.01
jpeg luminance   quantization=0
jpeg chrominance quantization=0 (higher values give greater compression)
scan: 37, convert/display: 0, compress: 13, total: 50 seconds
10.5 compression factor, 824784 bytes file size

 --- 9:22:42 3/12/96 top of scan loop ---
796 MegaBytes free disk space on drive C
samples per pixel=1
bits per sample=8
image startX=0, startY=0, width=2544, length=3392
photometric interpretation=0
contrast stretching enabled
ISIS output pipe is: ""
C:\TMP\FPRA\09630026\00000015.JPG 3/12/96 9:22:43 clip=87,220 quant=0,0 SCANJPEG1.04 VT-Compress2.01
jpeg luminance   quantization=0
jpeg chrominance quantization=0 (higher values give greater compression)
scan: 37, convert/display: 0, compress: 13, total: 50 seconds
10.5 compression factor, 825873 bytes file size

 --- 9:24:40 3/12/96 top of scan loop ---
796 MegaBytes free disk space on drive C
samples per pixel=1
bits per sample=8
image startX=0, startY=0, width=2544, length=3392
photometric interpretation=0
contrast stretching enabled
ISIS output pipe is: ""
C:\TMP\FPRA\09630026\00000016.JPG 3/12/96 9:24:40 clip=87,220 quant=0,0 SCANJPEG1.04 VT-Compress2.01
jpeg luminance   quantization=0
jpeg chrominance quantization=0 (higher values give greater compression)
scan: 37, convert/display: 0, compress: 13, total: 50 seconds
10.5 compression factor, 820217 bytes file size

 --- 9:25:41 3/12/96 top of scan loop ---
795 MegaBytes free disk space on drive C
samples per pixel=1
bits per sample=8
image startX=0, startY=0, width=2544, length=3392
photometric interpretation=0
contrast stretching enabled
ISIS output pipe is: ""
C:\TMP\FPRA\09630026\00000017.JPG 3/12/96 9:25:41 clip=87,220 quant=0,0 SCANJPEG1.04 VT-Compress2.01
jpeg luminance   quantization=0
jpeg chrominance quantization=0 (higher values give greater compression)
scan: 37, convert/display: 0, compress: 13, total: 50 seconds
9.8 compression factor, 879717 bytes file size

 --- 9:26:36 3/12/96 top of scan loop ---
794 MegaBytes free disk space on drive C
samples per pixel=1
bits per sample=8
image startX=0, startY=0, width=2544, length=3392
photometric interpretation=0
contrast stretching enabled
ISIS output pipe is: ""
C:\TMP\FPRA\09630026\00000018.JPG 3/12/96 9:26:36 clip=87,220 quant=0,0 SCANJPEG1.04 VT-Compress2.01
jpeg luminance   quantization=0
jpeg chrominance quantization=0 (higher values give greater compression)
scan: 38, convert/display: 0, compress: 12, total: 50 seconds
10.7 compression factor, 808161 bytes file size

 --- 9:27:28 3/12/96 top of scan loop ---
793 MegaBytes free disk space on drive C
samples per pixel=1
bits per sample=8
image startX=0, startY=0, width=2544, length=3392
photometric interpretation=0
contrast stretching enabled
ISIS output pipe is: ""
C:\TMP\FPRA\09630026\00000019.JPG 3/12/96 9:27:28 clip=87,220 quant=0,0 SCANJPEG1.04 VT-Compress2.01
jpeg luminance   quantization=0
jpeg chrominance quantization=0 (higher values give greater compression)
scan: 37, convert/display: 0, compress: 13, total: 50 seconds
10.3 compression factor, 834630 bytes file size

 --- 9:28:43 3/12/96 top of scan loop ---
792 MegaBytes free disk space on drive C
samples per pixel=1
bits per sample=8
image startX=0, startY=0, width=2544, length=3392
photometric interpretation=0
contrast stretching enabled
ISIS output pipe is: ""
C:\TMP\FPRA\09630026\00000020.JPG 3/12/96 9:28:44 clip=87,220 quant=0,0 SCANJPEG1.04 VT-Compress2.01
jpeg luminance   quantization=0
jpeg chrominance quantization=0 (higher values give greater compression)
scan: 37, convert/display: 0, compress: 13, total: 50 seconds
9.7 compression factor, 889379 bytes file size

 --- 9:30:12 3/12/96 top of scan loop ---
791 MegaBytes free disk space on drive C
samples per pixel=1
bits per sample=8
image startX=0, startY=0, width=2544, length=3392
photometric interpretation=0
contrast stretching enabled
ISIS output pipe is: ""
C:\TMP\FPRA\09630026\00000021.JPG 3/12/96 9:30:12 clip=87,220 quant=0,0 SCANJPEG1.04 VT-Compress2.01
jpeg luminance   quantization=0
jpeg chrominance quantization=0 (higher values give greater compression)
scan: 38, convert/display: 0, compress: 12, total: 50 seconds
10.3 compression factor, 836855 bytes file size

 --- 9:31:15 3/12/96 top of scan loop ---
791 MegaBytes free disk space on drive C
samples per pixel=1
bits per sample=8
image startX=0, startY=0, width=2544, length=3392
photometric interpretation=0
contrast stretching enabled
ISIS output pipe is: ""
C:\TMP\FPRA\09630026\00000022.JPG 3/12/96 9:31:15 clip=87,220 quant=0,0 SCANJPEG1.04 VT-Compress2.01
jpeg luminance   quantization=0
jpeg chrominance quantization=0 (higher values give greater compression)
scan: 37, convert/display: 0, compress: 13, total: 50 seconds
9.8 compression factor, 881160 bytes file size

 --- 9:32:23 3/12/96 top of scan loop ---
790 MegaBytes free disk space on drive C
samples per pixel=1
bits per sample=8
image startX=0, startY=0, width=2544, length=3392
photometric interpretation=0
contrast stretching enabled
ISIS output pipe is: ""
C:\TMP\FPRA\09630026\00000023.JPG 3/12/96 9:32:23 clip=87,220 quant=0,0 SCANJPEG1.04 VT-Compress2.01
jpeg luminance   quantization=0
jpeg chrominance quantization=0 (higher values give greater compression)
scan: 37, convert/display: 0, compress: 13, total: 50 seconds
10.6 compression factor, 814095 bytes file size

 --- 9:33:14 3/12/96 top of scan loop ---
789 MegaBytes free disk space on drive C
samples per pixel=1
bits per sample=8
image startX=0, startY=0, width=2544, length=3392
photometric interpretation=0
contrast stretching enabled
ISIS output pipe is: ""
C:\TMP\FPRA\09630026\00000024.JPG 3/12/96 9:33:14 clip=87,220 quant=0,0 SCANJPEG1.04 VT-Compress2.01
jpeg luminance   quantization=0
jpeg chrominance quantization=0 (higher values give greater compression)
scan: 37, convert/display: 0, compress: 13, total: 50 seconds
9.9 compression factor, 869855 bytes file size

 --- 9:34:14 3/12/96 top of scan loop ---
788 MegaBytes free disk space on drive C
samples per pixel=1
bits per sample=8
image startX=0, startY=0, width=2544, length=3392
photometric interpretation=0
contrast stretching enabled
ISIS output pipe is: ""
C:\TMP\FPRA\09630026\00000025.JPG 3/12/96 9:34:14 clip=87,220 quant=0,0 SCANJPEG1.04 VT-Compress2.01
jpeg luminance   quantization=0
jpeg chrominance quantization=0 (higher values give greater compression)
scan: 37, convert/display: 0, compress: 13, total: 50 seconds
10.4 compression factor, 830861 bytes file size

 --- 9:35:21 3/12/96 top of scan loop ---
787 MegaBytes free disk space on drive C
samples per pixel=1
bits per sample=8
image startX=0, startY=0, width=2544, length=3392
photometric interpretation=0
contrast stretching enabled
ISIS output pipe is: ""
C:\TMP\FPRA\09630026\00000026.JPG 3/12/96 9:35:21 clip=87,220 quant=0,0 SCANJPEG1.04 VT-Compress2.01
jpeg luminance   quantization=0
jpeg chrominance quantization=0 (higher values give greater compression)
scan: 37, convert/display: 0, compress: 13, total: 50 seconds
11.0 compression factor, 781726 bytes file size

 --- 9:36:12 3/12/96 top of scan loop ---
787 MegaBytes free disk space on drive C
samples per pixel=1
bits per sample=8
image startX=0, startY=0, width=2544, length=3392
photometric interpretation=0
contrast stretching enabled
ISIS output pipe is: ""
C:\TMP\FPRA\09630026\00000027.JPG 3/12/96 9:36:12 clip=87,220 quant=0,0 SCANJPEG1.04 VT-Compress2.01
jpeg luminance   quantization=0
jpeg chrominance quantization=0 (higher values give greater compression)
scan: 37, convert/display: 0, compress: 13, total: 50 seconds
10.5 compression factor, 820364 bytes file size

 --- 9:37:10 3/12/96 top of scan loop ---
786 MegaBytes free disk space on drive C
samples per pixel=1
bits per sample=8
image startX=0, startY=0, width=2544, length=3392
photometric interpretation=0
contrast stretching enabled
ISIS output pipe is: ""
C:\TMP\FPRA\09630026\00000028.JPG 3/12/96 9:37:10 clip=87,220 quant=0,0 SCANJPEG1.04 VT-Compress2.01
jpeg luminance   quantization=0
jpeg chrominance quantization=0 (higher values give greater compression)
scan: 37, convert/display: 1, compress: 12, total: 50 seconds
11.1 compression factor, 779018 bytes file size

 --- 9:39:20 3/12/96 top of scan loop ---
785 MegaBytes free disk space on drive C
samples per pixel=1
bits per sample=8
image startX=0, startY=0, width=2544, length=3392
photometric interpretation=0
contrast stretching enabled
ISIS output pipe is: ""
C:\TMP\FPRA\09630026\00000029.JPG 3/12/96 9:39:21 clip=87,220 quant=0,0 SCANJPEG1.04 VT-Compress2.01
jpeg luminance   quantization=0
jpeg chrominance quantization=0 (higher values give greater compression)
scan: 37, convert/display: 0, compress: 13, total: 50 seconds
10.8 compression factor, 798432 bytes file size

 --- 9:40:16 3/12/96 top of scan loop ---
784 MegaBytes free disk space on drive C
samples per pixel=1
bits per sample=8
image startX=0, startY=0, width=2544, length=3392
photometric interpretation=0
contrast stretching enabled
ISIS output pipe is: ""
C:\TMP\FPRA\09630026\00000030.JPG 3/12/96 9:40:17 clip=87,220 quant=0,0 SCANJPEG1.04 VT-Compress2.01
jpeg luminance   quantization=0
jpeg chrominance quantization=0 (higher values give greater compression)
scan: 37, convert/display: 0, compress: 12, total: 49 seconds
11.1 compression factor, 775904 bytes file size

 --- 9:41:16 3/12/96 top of scan loop ---
783 MegaBytes free disk space on drive C
samples per pixel=1
bits per sample=8
image startX=0, startY=0, width=2544, length=3392
photometric interpretation=0
contrast stretching enabled
ISIS output pipe is: ""
C:\TMP\FPRA\09630026\00000031.JPG 3/12/96 9:41:17 clip=87,220 quant=0,0 SCANJPEG1.04 VT-Compress2.01
jpeg luminance   quantization=0
jpeg chrominance quantization=0 (higher values give greater compression)
scan: 37, convert/display: 0, compress: 12, total: 49 seconds
10.9 compression factor, 789861 bytes file size

 --- 9:43:18 3/12/96 top of scan loop ---
783 MegaBytes free disk space on drive C
samples per pixel=1
bits per sample=8
image startX=0, startY=0, width=2544, length=3392
photometric interpretation=0
contrast stretching enabled
ISIS output pipe is: ""
C:\TMP\FPRA\09630026\00000032.JPG 3/12/96 9:43:19 clip=87,220 quant=0,0 SCANJPEG1.04 VT-Compress2.01
jpeg luminance   quantization=0
jpeg chrominance quantization=0 (higher values give greater compression)
scan: 38, convert/display: 0, compress: 12, total: 50 seconds
11.2 compression factor, 770528 bytes file size

 --- 9:44:09 3/12/96 top of scan loop ---
782 MegaBytes free disk space on drive C
samples per pixel=1
bits per sample=8
image startX=0, startY=0, width=2544, length=3392
photometric interpretation=0
contrast stretching enabled
ISIS output pipe is: ""
C:\TMP\FPRA\09630026\00000033.JPG 3/12/96 9:44:09 clip=87,220 quant=0,0 SCANJPEG1.04 VT-Compress2.01
jpeg luminance   quantization=0
jpeg chrominance quantization=0 (higher values give greater compression)
scan: 37, convert/display: 0, compress: 13, total: 50 seconds
10.9 compression factor, 790387 bytes file size

 --- 9:45:02 3/12/96 top of scan loop ---
781 MegaBytes free disk space on drive C
samples per pixel=1
bits per sample=8
image startX=0, startY=0, width=2544, length=3392
photometric interpretation=0
contrast stretching enabled
ISIS output pipe is: ""
C:\TMP\FPRA\09630026\00000034.JPG 3/12/96 9:45:02 clip=87,220 quant=0,0 SCANJPEG1.04 VT-Compress2.01
jpeg luminance   quantization=0
jpeg chrominance quantization=0 (higher values give greater compression)
scan: 37, convert/display: 0, compress: 13, total: 50 seconds
11.7 compression factor, 736697 bytes file size
baseDir="C:\TMP"
  containerDir="FPRA"
  documentDir="09630028"
  pageName="00000001"
output file name will be: "C:\TMP\FPRA\09630028\00000001.JPG"
