Package build of conserver started.  (Sunday, 09 October 2005 18:36:30 EDT)
/bin/ls: /usr/src/autobuild.mezz/x86_64/00_LOGS/services/conserver/SRPMS/../: No such file or directory
Resetting chroot jail, please wait.
pkg-installer:  error: failed to open /etc/mtab: No such file or directory
pkg-installer:  error: failed to open /etc/mtab: No such file or directory
pkg-installer:  Setting up Install Process
pkg-installer:  Setting up Repos
pkg-installer:  Reading repository metadata in from local files
pkg-installer:  Parsing package install arguments
pkg-installer:  Resolving Dependencies
pkg-installer:  --> Populating transaction set with selected packages. Please wait.
pkg-installer:  ---> Downloading header for tcp_wrappers to pack into transaction set.
pkg-installer:  ---> Package tcp_wrappers.x86_64 0:7.6-37 set to be updated
pkg-installer:  --> Running transaction check
pkg-installer:  
pkg-installer:  Dependency Resolution Not Required
pkg-installer:  Transaction Listing:
pkg-installer:    Install: tcp_wrappers.x86_64 0:7.6-37 - testing
pkg-installer:  Total download size: 112 k
pkg-installer:  Downloading Packages:
pkg-installer:  Running Transaction Test
pkg-installer:  Finished Transaction Test
pkg-installer:  Transaction Test Succeeded
pkg-installer:  Running Transaction
pkg-installer:  
pkg-installer:  Installed: tcp_wrappers.x86_64 0:7.6-37
pkg-installer:  Complete!
Executing(%prep): /bin/sh -e /var/tmp/rpm-tmp.46206
+ umask 022
+ cd /usr/src/autobuild.mezz/x86_64/00_LOGS/services/conserver/BUILD
+ LANG=C
+ export LANG
+ unset DISPLAY
+ /bin/rm -rf /var/tmp/mezzanine-buildroot.9138/conserver.1127
+ cd /usr/src/autobuild.mezz/x86_64/00_LOGS/services/conserver/BUILD
+ rm -rf conserver-8.1.11
+ /bin/gzip -dc /usr/src/autobuild.mezz/x86_64/00_LOGS/services/conserver/SOURCES/conserver-8.1.11.tar.gz
+ tar -xf -
+ STATUS=0
+ '[' 0 -ne 0 ']'
+ cd conserver-8.1.11
+ exit 0
Executing(%build): /bin/sh -e /var/tmp/rpm-tmp.46206
+ umask 022
+ cd /usr/src/autobuild.mezz/x86_64/00_LOGS/services/conserver/BUILD
+ cd conserver-8.1.11
+ LANG=C
+ export LANG
+ unset DISPLAY
+ f=conserver/Makefile.in
+ /bin/mv conserver/Makefile.in conserver/Makefile.in.orig
+ /bin/sed -e 's/^.*conserver\.rc.*$//'
+ CFLAGS='-O2 -I/usr/kerberos/include'
+ CFLAGS='-O2 -I/usr/kerberos/include'
+ export CFLAGS
+ CXXFLAGS=-O2
+ export CXXFLAGS
+ FFLAGS=-O2
+ export FFLAGS
++ find . -name config.guess -o -name config.sub
+ for i in '$(find . -name config.guess -o -name config.sub)'
++ basename ./config.guess
+ '[' -f /usr/lib/rpm/caos/config.guess ']'
+ /bin/rm -f ./config.guess
++ basename ./config.guess
+ /bin/cp -fv /usr/lib/rpm/caos/config.guess ./config.guess
`/usr/lib/rpm/caos/config.guess' -> `./config.guess'
+ for i in '$(find . -name config.guess -o -name config.sub)'
++ basename ./config.sub
+ '[' -f /usr/lib/rpm/caos/config.sub ']'
+ /bin/rm -f ./config.sub
++ basename ./config.sub
+ /bin/cp -fv /usr/lib/rpm/caos/config.sub ./config.sub
`/usr/lib/rpm/caos/config.sub' -> `./config.sub'
+ ./configure --host=x86_64-caos-linux-gnu --build=x86_64-caos-linux-gnu --target=x86_64-caos-linux-gnu --program-prefix= --prefix=/usr --exec-prefix=/usr --bindir=/usr/bin --sbindir=/usr/sbin --sysconfdir=/etc --datadir=/usr/share --includedir=/usr/include --libdir=/usr/lib64 --libexecdir=/usr/libexec --localstatedir=/var --sharedstatedir=/usr/com --mandir=/usr/share/man --infodir=/usr/share/info --with-master=console --with-libwrap --with-openssl --with-uds --with-pam
checking for port number specification... port 'conserver'
checking for secondary channel base port... port '0'
checking for master conserver hostname... 'console'
checking for client configuration filename... '/etc/console.cf'
checking for configuration filename... '/etc/conserver.cf'
checking for password filename... '/etc/conserver.passwd'
checking for log filename... '/var/log/conserver'
checking for PID filename... '/var/run/conserver.pid'
checking for MAXMEMB setting... 16
checking for connect() timeout... 10
checking whether to trust reverse DNS... no
checking whether to display extended messages... no
checking whether to use Unix domain sockets... /tmp/conserver
checking whether to use -R paths as well as -L... no
checking for x86_64-caos-linux-gnu-gcc... no
checking for gcc... gcc
checking for C compiler default output file name... a.out
checking whether the C compiler works... yes
checking whether we are cross compiling... no
checking for suffix of executables... 
checking for suffix of object files... o
checking whether we are using the GNU C compiler... yes
checking whether gcc accepts -g... yes
checking for gcc option to accept ANSI C... none needed
checking for a BSD-compatible install... /usr/bin/install -c
checking whether ln -s works... yes
checking whether make sets $(MAKE)... yes
checking how to run the C preprocessor... gcc -E
checking for egrep... grep -E
checking for AIX... no
checking for an ANSI C-conforming const... yes
checking for function prototypes... yes
checking for ANSI C header files... yes
checking for sys/types.h... yes
checking for sys/stat.h... yes
checking for stdlib.h... yes
checking for string.h... yes
checking for memory.h... yes
checking for strings.h... yes
checking for inttypes.h... yes
checking for stdint.h... yes
checking for unistd.h... yes
checking sys/ioctl.h usability... yes
checking sys/ioctl.h presence... yes
checking for sys/ioctl.h... yes
checking POSIX termios... yes
checking for unistd.h... (cached) yes
checking getopt.h usability... yes
checking getopt.h presence... yes
checking for getopt.h... yes
checking sys/vlimit.h usability... yes
checking sys/vlimit.h presence... yes
checking for sys/vlimit.h... yes
checking sys/resource.h usability... yes
checking sys/resource.h presence... yes
checking for sys/resource.h... yes
checking ttyent.h usability... yes
checking ttyent.h presence... yes
checking for ttyent.h... yes
checking sys/ttold.h usability... no
checking sys/ttold.h presence... no
checking for sys/ttold.h... no
checking sys/uio.h usability... yes
checking sys/uio.h presence... yes
checking for sys/uio.h... yes
checking sys/ioctl_compat.h usability... no
checking sys/ioctl_compat.h presence... no
checking for sys/ioctl_compat.h... no
checking usersec.h usability... no
checking usersec.h presence... no
checking for usersec.h... no
checking sys/select.h usability... yes
checking sys/select.h presence... yes
checking for sys/select.h... yes
checking stropts.h usability... yes
checking stropts.h presence... yes
checking for stropts.h... yes
checking sys/audit.h usability... no
checking sys/audit.h presence... no
checking for sys/audit.h... no
checking shadow.h usability... yes
checking shadow.h presence... yes
checking for shadow.h... yes
checking sys/time.h usability... yes
checking sys/time.h presence... yes
checking for sys/time.h... yes
checking crypt.h usability... yes
checking crypt.h presence... yes
checking for crypt.h... yes
checking sysexits.h usability... yes
checking sysexits.h presence... yes
checking for sysexits.h... yes
checking types.h usability... no
checking types.h presence... no
checking for types.h... no
checking sys/sockio.h usability... no
checking sys/sockio.h presence... no
checking for sys/sockio.h... no
checking sys/param.h usability... yes
checking sys/param.h presence... yes
checking for sys/param.h... yes
checking for sys/proc.h... no
checking whether time.h and sys/time.h may both be included... yes
checking for sys/wait.h that is POSIX.1 compatible... yes
checking for mode_t... yes
checking return type of signal handlers... void
checking for pid_t... yes
checking for size_t... yes
checking for sig_atomic_t... yes
checking for in_addr_t... yes
checking for socklen_t... yes
checking for sa_len in struct sockaddr... no
checking build system type... x86_64-caos-linux-gnu
checking host system type... x86_64-caos-linux-gnu
checking for library containing socket... none required
checking for library containing gethostbyname... none required
checking for library containing crypt... -lcrypt
checking tcpd.h usability... yes
checking tcpd.h presence... yes
checking for tcpd.h... yes
checking for TCP wrappers library -lwrap... yes
checking openssl/ssl.h usability... yes
checking openssl/ssl.h presence... yes
checking for openssl/ssl.h... yes
checking for openssl libraries -lssl and -lcrypto... yes
checking for PAM support... checking security/pam_appl.h usability... yes
checking security/pam_appl.h presence... yes
checking for security/pam_appl.h... yes
checking for PAM library -lpam... yes
checking pty.h usability... yes
checking pty.h presence... yes
checking for pty.h... yes
checking libutil.h usability... no
checking libutil.h presence... no
checking for libutil.h... no
checking util.h usability... no
checking util.h presence... no
checking for util.h... no
checking for openpty in -lutil... yes
checking for openpty... yes
checking for getopt... yes
checking for strerror... yes
checking for getrlimit... yes
checking for getsid... yes
checking for setsid... yes
checking for getuserattr... no
checking for setgroups... yes
checking for tcgetpgrp... yes
checking for tcsetpgrp... yes
checking for tcgetattr... yes
checking for tcsetattr... yes
checking for tcsendbreak... yes
checking for setpgrp... yes
checking for getutent... yes
checking for setttyent... yes
checking for getspnam... yes
checking for setlinebuf... yes
checking for setvbuf... yes
checking for ptsname... yes
checking for grantpt... yes
checking for unlockpt... yes
checking for sigaction... yes
checking for setsockopt... yes
checking for getdtablesize... yes
checking for putenv... yes
checking for memset... yes
checking for memcpy... yes
checking for memcmp... yes
checking for memmove... yes
checking for sysconf... yes
checking for getlogin... yes
checking for inet_aton... yes
checking for setproctitle... no
checking for gettimeofday... yes
checking whether setpgrp takes no argument... yes
checking for strcasecmp... yes
checking bsm/audit.h usability... no
checking bsm/audit.h presence... no
checking for bsm/audit.h... no
checking for getaudit in -lbsm... no
checking for getaudit... no
checking for getaudit_addr... no
configure: creating ./config.status
config.status: creating Makefile
config.status: creating conserver/Makefile
config.status: creating conserver.cf/Makefile
config.status: creating console/Makefile
config.status: creating autologin/Makefile
config.status: creating contrib/chat/Makefile
config.status: creating conserver/conserver.rc
config.status: creating config.h
==============================================================
                      Feature Summary

  Unix domain sockets (--with-uds)    : YES
         TCP wrappers (--with-libwrap): YES
              OpenSSL (--with-openssl): YES
              dmalloc (--with-dmalloc): NO
          PAM support (--with-pam)    : YES

==============================================================
+ make
for n in conserver console conserver.cf; do \
	( cd $n && make all  ) || exit 1; \
done
make[1]: Entering directory `/usr/src/autobuild.mezz/x86_64/00_LOGS/services/conserver/BUILD/conserver-8.1.11/conserver'
gcc -O2 -I/usr/kerberos/include -I.. -I.. -I. -DHAVE_CONFIG_H -DSYSCONFDIR=\"/etc\"     -c -o access.o access.c
gcc -O2 -I/usr/kerberos/include -I.. -I.. -I. -DHAVE_CONFIG_H -DSYSCONFDIR=\"/etc\"     -c -o client.o client.c
gcc -O2 -I/usr/kerberos/include -I.. -I.. -I. -DHAVE_CONFIG_H -DSYSCONFDIR=\"/etc\"     -c -o consent.o consent.c
gcc -O2 -I/usr/kerberos/include -I.. -I.. -I. -DHAVE_CONFIG_H -DSYSCONFDIR=\"/etc\"     -c -o group.o group.c
group.c: In function `CheckPass':
group.c:768: warning: assignment from incompatible pointer type
gcc -O2 -I/usr/kerberos/include -I.. -I.. -I. -DHAVE_CONFIG_H -DSYSCONFDIR=\"/etc\"     -c -o main.o main.c
gcc -O2 -I/usr/kerberos/include -I.. -I.. -I. -DHAVE_CONFIG_H -DSYSCONFDIR=\"/etc\"     -c -o master.o master.c
gcc -O2 -I/usr/kerberos/include -I.. -I.. -I. -DHAVE_CONFIG_H -DSYSCONFDIR=\"/etc\"     -c -o readcfg.o readcfg.c
gcc -O2 -I/usr/kerberos/include -I.. -I.. -I. -DHAVE_CONFIG_H -DSYSCONFDIR=\"/etc\"     -c -o fallback.o fallback.c
gcc -O2 -I/usr/kerberos/include -I.. -I.. -I. -DHAVE_CONFIG_H -DSYSCONFDIR=\"/etc\"     -c -o cutil.o cutil.c
gcc -O2 -I/usr/kerberos/include  -o conserver access.o client.o consent.o group.o main.o master.o readcfg.o fallback.o cutil.o -lutil -lcrypt  -lssl -lcrypto  -lwrap -lpam
gcc -O2 -I/usr/kerberos/include -I.. -I.. -I. -DHAVE_CONFIG_H -DSYSCONFDIR=\"/etc\"     -c -o convert.o convert.c
gcc -O2 -I/usr/kerberos/include  -o convert convert.o cutil.o -lutil -lcrypt  -lssl -lcrypto  -lwrap -lpam
make[1]: Leaving directory `/usr/src/autobuild.mezz/x86_64/00_LOGS/services/conserver/BUILD/conserver-8.1.11/conserver'
make[1]: Entering directory `/usr/src/autobuild.mezz/x86_64/00_LOGS/services/conserver/BUILD/conserver-8.1.11/console'
gcc -O2 -I/usr/kerberos/include -I.. -I.. -I. -I../conserver -DHAVE_CONFIG_H -DSYSCONFDIR=\"/etc\"   -c -o console.o console.c
gcc -O2 -I/usr/kerberos/include -I.. -I.. -I. -I../conserver -DHAVE_CONFIG_H -DSYSCONFDIR=\"/etc\"   -c -o getpassword.o getpassword.c
gcc -O2 -I/usr/kerberos/include -I.. -I.. -I. -I../conserver -DHAVE_CONFIG_H -DSYSCONFDIR=\"/etc\"   -c -o readconf.o readconf.c
gcc -O2 -I/usr/kerberos/include  -o console console.o getpassword.o readconf.o ../conserver/cutil.o -lutil -lcrypt  -lssl -lcrypto
make[1]: Leaving directory `/usr/src/autobuild.mezz/x86_64/00_LOGS/services/conserver/BUILD/conserver-8.1.11/console'
make[1]: Entering directory `/usr/src/autobuild.mezz/x86_64/00_LOGS/services/conserver/BUILD/conserver-8.1.11/conserver.cf'
make[1]: Nothing to be done for `all'.
make[1]: Leaving directory `/usr/src/autobuild.mezz/x86_64/00_LOGS/services/conserver/BUILD/conserver-8.1.11/conserver.cf'
+ exit 0
Executing(%install): /bin/sh -e /var/tmp/rpm-tmp.67537
+ umask 022
+ cd /usr/src/autobuild.mezz/x86_64/00_LOGS/services/conserver/BUILD
+ cd conserver-8.1.11
+ LANG=C
+ export LANG
+ unset DISPLAY
+ make prefix=/var/tmp/mezzanine-buildroot.9138/conserver.1127/usr exec_prefix=/var/tmp/mezzanine-buildroot.9138/conserver.1127/usr bindir=/var/tmp/mezzanine-buildroot.9138/conserver.1127/usr/bin sbindir=/var/tmp/mezzanine-buildroot.9138/conserver.1127/usr/sbin sysconfdir=/var/tmp/mezzanine-buildroot.9138/conserver.1127/etc datadir=/var/tmp/mezzanine-buildroot.9138/conserver.1127/usr/share includedir=/var/tmp/mezzanine-buildroot.9138/conserver.1127/usr/include libdir=/var/tmp/mezzanine-buildroot.9138/conserver.1127/usr/lib64 libexecdir=/var/tmp/mezzanine-buildroot.9138/conserver.1127/usr/libexec localstatedir=/var/tmp/mezzanine-buildroot.9138/conserver.1127/var sharedstatedir=/var/tmp/mezzanine-buildroot.9138/conserver.1127/usr/com mandir=/var/tmp/mezzanine-buildroot.9138/conserver.1127/usr/share/man infodir=/var/tmp/mezzanine-buildroot.9138/conserver.1127/usr/share/info install
for n in conserver console conserver.cf; do \
	( cd $n && make install  ) || exit 1; \
done
make[1]: Entering directory `/usr/src/autobuild.mezz/x86_64/00_LOGS/services/conserver/BUILD/conserver-8.1.11/conserver'
mkdir -p -m 755 /var/tmp/mezzanine-buildroot.9138/conserver.1127/usr/sbin
/usr/bin/install -c -s conserver /var/tmp/mezzanine-buildroot.9138/conserver.1127/usr/sbin
mkdir -p -m 755 /var/tmp/mezzanine-buildroot.9138/conserver.1127/usr/share/man/man8
/usr/bin/install -c conserver.man /var/tmp/mezzanine-buildroot.9138/conserver.1127/usr/share/man/man8/conserver.8
mkdir -p -m 755 /var/tmp/mezzanine-buildroot.9138/conserver.1127/usr/share/examples/conserver
make[1]: Leaving directory `/usr/src/autobuild.mezz/x86_64/00_LOGS/services/conserver/BUILD/conserver-8.1.11/conserver'
make[1]: Entering directory `/usr/src/autobuild.mezz/x86_64/00_LOGS/services/conserver/BUILD/conserver-8.1.11/console'
mkdir -p -m 755 /var/tmp/mezzanine-buildroot.9138/conserver.1127/usr/bin
/usr/bin/install -c -s console /var/tmp/mezzanine-buildroot.9138/conserver.1127/usr/bin
mkdir -p -m 755 /var/tmp/mezzanine-buildroot.9138/conserver.1127/usr/share/man/man1
/usr/bin/install -c console.man /var/tmp/mezzanine-buildroot.9138/conserver.1127/usr/share/man/man1/console.1
make[1]: Leaving directory `/usr/src/autobuild.mezz/x86_64/00_LOGS/services/conserver/BUILD/conserver-8.1.11/console'
make[1]: Entering directory `/usr/src/autobuild.mezz/x86_64/00_LOGS/services/conserver/BUILD/conserver-8.1.11/conserver.cf'
mkdir -p -m 755 /var/tmp/mezzanine-buildroot.9138/conserver.1127/usr/share/man/man5
/usr/bin/install -c conserver.cf.man /var/tmp/mezzanine-buildroot.9138/conserver.1127/usr/share/man/man5/conserver.cf.5
/usr/bin/install -c conserver.passwd.man /var/tmp/mezzanine-buildroot.9138/conserver.1127/usr/share/man/man5/conserver.passwd.5
mkdir -p -m 755 /var/tmp/mezzanine-buildroot.9138/conserver.1127/usr/share/examples/conserver
/usr/bin/install -c -m 0644 conserver.cf /var/tmp/mezzanine-buildroot.9138/conserver.1127/usr/share/examples/conserver
/usr/bin/install -c -m 0644 conserver.passwd /var/tmp/mezzanine-buildroot.9138/conserver.1127/usr/share/examples/conserver
make[1]: Leaving directory `/usr/src/autobuild.mezz/x86_64/00_LOGS/services/conserver/BUILD/conserver-8.1.11/conserver.cf'
+ /bin/mkdir -p /var/tmp/mezzanine-buildroot.9138/conserver.1127//etc
+ /bin/sed -e 's/^/#/'
+ /bin/sed -e 's/^/#/'
+ /bin/mkdir -p /var/tmp/mezzanine-buildroot.9138/conserver.1127//etc/rc.d/init.d
+ /bin/cp contrib/redhat-rpm/conserver.init /var/tmp/mezzanine-buildroot.9138/conserver.1127//etc/rc.d/init.d/conserver
+ /usr/lib/rpm/caos/brp-compress
+ /usr/lib/rpm/caos/brp-strip /usr/bin/strip
+ /usr/lib/rpm/caos/brp-strip-static-archive /usr/bin/strip
+ /usr/lib/rpm/caos/brp-strip-comment-note /usr/bin/strip /usr/bin/objdump
Processing files: conserver-8.1.11-1
Executing(%doc): /bin/sh -e /var/tmp/rpm-tmp.67537
+ umask 022
+ cd /usr/src/autobuild.mezz/x86_64/00_LOGS/services/conserver/BUILD
+ cd conserver-8.1.11
+ DOCDIR=/var/tmp/mezzanine-buildroot.9138/conserver.1127/usr/share/doc/conserver-8.1.11
+ export DOCDIR
+ rm -rf /var/tmp/mezzanine-buildroot.9138/conserver.1127/usr/share/doc/conserver-8.1.11
+ /bin/mkdir -p /var/tmp/mezzanine-buildroot.9138/conserver.1127/usr/share/doc/conserver-8.1.11
+ cp -pr CHANGES FAQ INSTALL README conserver.cf /var/tmp/mezzanine-buildroot.9138/conserver.1127/usr/share/doc/conserver-8.1.11
+ exit 0
Provides: config(conserver) = 8.1.11-1
Requires(interp): /bin/sh /bin/sh
Requires(rpmlib): rpmlib(CompressedFileNames) <= 3.0.4-1 rpmlib(PayloadFilesHavePrefix) <= 4.0-1
Requires(post): /bin/sh
Requires(preun): /bin/sh
Checking for unpackaged file(s): /usr/lib/rpm/check-files /var/tmp/mezzanine-buildroot.9138/conserver.1127
warning: Could not canonicalize hostname: x86_64-build.caosity.org
Wrote: /usr/src/autobuild.mezz/x86_64/00_LOGS/services/conserver/SRPMS/conserver-8.1.11-1.src.rpm
Wrote: /usr/src/autobuild.mezz/x86_64/00_LOGS/services/conserver/RPMS/x86_64/conserver-8.1.11-1.x86_64.rpm
Executing(%clean): /bin/sh -e /var/tmp/rpm-tmp.68433
+ umask 022
+ cd /usr/src/autobuild.mezz/x86_64/00_LOGS/services/conserver/BUILD
+ cd conserver-8.1.11
+ /bin/rm -rf /var/tmp/mezzanine-buildroot.9138/conserver.1127
+ exit 0
Package build for conserver completed successfully.  (Sunday, 09 October 2005 18:37:15 EDT)
