2004.05.26 09:40 B Q:\GSDD\NCD\newsroom\publications\2004\Project1.gif --> web2.access.gpo.gov /diska/netsite-docs/ncd/newsroom/publications/2004 Project1.gif
2004.05.26 09:40 B Q:\GSDD\NCD\newsroom\publications\2004\Project1.html --> web2.access.gpo.gov /diska/netsite-docs/ncd/newsroom/publications/2004 Project1.html
2004.05.26 09:42 B Q:\GSDD\NCD\newsroom\publications\2004\Project1.gif --> web2bck.access.gpo.gov /diska/netsite-docs/ncd/newsroom/publications/2004 Project1.gif
2004.05.26 09:42 B Q:\GSDD\NCD\newsroom\publications\2004\Project1.html --> web2bck.access.gpo.gov /diska/netsite-docs/ncd/newsroom/publications/2004 Project1.html
2004.05.26 10:49 B Q:\GSDD\NCD\newsroom\publications\2004\Project1_d.html --> web2.access.gpo.gov /diska/netsite-docs/ncd/newsroom/publications/2004 Project1_d.html
2004.05.26 10:50 B Q:\GSDD\NCD\newsroom\publications\2004\Project1_d.html --> web2bck.access.gpo.gov /diska/netsite-docs/ncd/newsroom/publications/2004 Project1_d.html
2004.05.26 14:47 B Q:\GSDD\NCD\newsroom\publications\2004\educationoutcomes.htm --> web2.access.gpo.gov /diska/netsite-docs/ncd/newsroom/publications/2004 educationoutcomes.htm
2004.05.26 14:49 B Q:\GSDD\NCD\newsroom\publications\2004\educationoutcomes.htm --> web2bck.access.gpo.gov /diska/netsite-docs/ncd/newsroom/publications/2004 educationoutcomes.htm
2004.05.26 14:49 B Q:\GSDD\NCD\newsroom\publications\2004\educationoutcomes.htm --> web2bck.access.gpo.gov /diska/netsite-docs/ncd/newsroom/publications/2004 educationoutcomes.htm
2004.05.26 14:49 B Q:\GSDD\NCD\newsroom\publications\2004\educationoutcomes.htm --> web2bck.access.gpo.gov /diska/netsite-docs/ncd/newsroom/publications/2004 educationoutcomes.htm
2004.05.26 15:11 B Q:\GSDD\NCD\newsroom\publications\2004\publications.htm --> web2.access.gpo.gov /diska/netsite-docs/ncd/newsroom/publications/2004 publications.htm
2004.05.26 15:12 B Q:\GSDD\NCD\newsroom\publications\2004\publications.htm --> web2bck.access.gpo.gov /diska/netsite-docs/ncd/newsroom/publications/2004 publications.htm
2004.05.27 08:39 B Q:\GSDD\NCD\newsroom\publications\2004\educationoutcomes.htm --> web2.access.gpo.gov /diska/netsite-docs/ncd/newsroom/publications/2004 educationoutcomes.htm
2004.05.27 08:40 B Q:\GSDD\NCD\newsroom\publications\2004\educationoutcomes.htm --> web2bck.access.gpo.gov /diska/netsite-docs/ncd/newsroom/publications/2004 educationoutcomes.htm
2004.06.23 11:37 B Q:\GSDD\NCD\newsroom\publications\2004\disabilitymatters.htm --> web2.access.gpo.gov /diska/netsite-docs/ncd/newsroom/publications/2004 disabilitymatters.htm
2004.06.23 11:42 B Q:\GSDD\NCD\newsroom\publications\2004\disabilitymatters.htm --> web2.access.gpo.gov /diska/netsite-docs/ncd/newsroom/publications/2004 disabilitymatters.htm
2004.06.23 11:42 B Q:\GSDD\NCD\newsroom\publications\2004\disabilitymatters.htm --> web2.access.gpo.gov /diska/netsite-docs/ncd/newsroom/publications/2004 disabilitymatters.htm
2004.06.23 11:43 B Q:\GSDD\NCD\newsroom\publications\2004\disabilitymatters.htm --> web2.access.gpo.gov /diska/netsite-docs/ncd/newsroom/publications/2004 disabilitymatters.htm
2004.06.23 11:49 B Q:\GSDD\NCD\newsroom\publications\2004\publications.htm --> web2.access.gpo.gov /diska/netsite-docs/ncd/newsroom/publications/2004 publications.htm
2004.06.23 11:50 B Q:\GSDD\NCD\newsroom\publications\2004\publications.htm --> web2bck.access.gpo.gov /diska/netsite-docs/ncd/newsroom/publications/2004 publications.htm
2004.07.08 14:20 B Q:\GSDD\NCD\newsroom\publications\2004\aircarrier.htm --> web2.access.gpo.gov /diska/netsite-docs/ncd/newsroom/publications/2004 aircarrier.htm
2004.07.08 14:22 B Q:\GSDD\NCD\newsroom\publications\2004\aircarrier.htm --> web2.access.gpo.gov /diska/netsite-docs/ncd/newsroom/publications/2004 aircarrier.htm
2004.07.08 15:02 B Q:\GSDD\NCD\newsroom\publications\2004\publications.htm --> web2.access.gpo.gov /diska/netsite-docs/ncd/newsroom/publications/2004 publications.htm
2004.07.08 15:22 B Q:\GSDD\NCD\newsroom\publications\2004\publications.htm --> web2.access.gpo.gov /diska/netsite-docs/ncd/newsroom/publications/2004 publications.htm
2004.07.08 15:22 B Q:\GSDD\NCD\newsroom\publications\2004\unconvention.htm --> web2.access.gpo.gov /diska/netsite-docs/ncd/newsroom/publications/2004 unconvention.htm
2004.07.08 15:25 B Q:\GSDD\NCD\newsroom\publications\2004\publications.htm --> web2.access.gpo.gov /diska/netsite-docs/ncd/newsroom/publications/2004 publications.htm
2004.07.26 08:08 B Q:\GSDD\NCD\newsroom\publications\2004\publications.htm --> web2.access.gpo.gov /diska/netsite-docs/ncd/newsroom/publications/2004 publications.htm
2004.07.26 08:17 B Q:\GSDD\NCD\newsroom\publications\2004\twentyyears.htm --> web2.access.gpo.gov /diska/netsite-docs/ncd/newsroom/publications/2004 twentyyears.htm
2004.08.04 08:37 B Q:\GSDD\NCD\newsroom\publications\2004\twentyyears.htm --> web2.access.gpo.gov /diska/netsite-docs/ncd/newsroom/publications/2004 twentyyears.htm
2004.10.06 09:55 B Q:\GSDD\NCD\newsroom\publications\2004\consumerdirected.htm --> web2.access.gpo.gov /diska/netsite-docs/ncd/newsroom/publications/2004 consumerdirected.htm
2004.10.06 14:01 B Q:\GSDD\NCD\newsroom\publications\2004\consumerdirected.htm --> web2.access.gpo.gov /diska/netsite-docs/ncd/newsroom/publications/2004 consumerdirected.htm
2004.10.06 14:34 B Q:\GSDD\NCD\newsroom\publications\2004\consumerdirected.htm --> web2.access.gpo.gov /diska/netsite-docs/ncd/newsroom/publications/2004 consumerdirected.htm
2004.10.06 16:06 B Q:\GSDD\NCD\newsroom\publications\2004\consumerdirected.htm --> web2.access.gpo.gov /diska/netsite-docs/ncd/newsroom/publications/2004 consumerdirected.htm
2004.10.08 15:06 B Q:\GSDD\NCD\newsroom\publications\2004\consumerdirected.htm --> web2.access.gpo.gov /diska/netsite-docs/ncd/newsroom/publications/2004 consumerdirected.htm
2004.10.26 10:21 B Q:\GSDD\NCD\newsroom\publications\2004\publications.htm --> web2.access.gpo.gov /diska/netsite-docs/ncd/newsroom/publications/2004 publications.htm
2004.10.26 10:25 B Q:\GSDD\NCD\newsroom\publications\2004\publications.htm --> web2bck.access.gpo.gov /diska/netsite-docs/ncd/newsroom/publications/2004 publications.htm
2004.10.28 08:58 B Q:\GSDD\NCD\newsroom\publications\2004\newmarketplace.htm --> web2.access.gpo.gov /diska/netsite-docs/ncd/newsroom/publications/2004 newmarketplace.htm
2004.10.28 08:58 B Q:\GSDD\NCD\newsroom\publications\2004\newmarketplace.htm --> web2bck.access.gpo.gov /diska/netsite-docs/ncd/newsroom/publications/2004 newmarketplace.htm
2004.10.28 09:28 B Q:\GSDD\NCD\newsroom\publications\2004\consumerdirected.htm --> web2.access.gpo.gov /diska/netsite-docs/ncd/newsroom/publications/2004 consumerdirected.htm
2004.10.28 09:28 B Q:\GSDD\NCD\newsroom\publications\2004\newmarketplace.htm --> web2.access.gpo.gov /diska/netsite-docs/ncd/newsroom/publications/2004 newmarketplace.htm
2004.10.28 09:28 B Q:\GSDD\NCD\newsroom\publications\2004\online_newmarketplace.htm --> web2.access.gpo.gov /diska/netsite-docs/ncd/newsroom/publications/2004 online_newmarketplace.htm
2004.10.28 09:29 B Q:\GSDD\NCD\newsroom\publications\2004\newmarketplace.htm --> web2bck.access.gpo.gov /diska/netsite-docs/ncd/newsroom/publications/2004 newmarketplace.htm
2004.10.28 09:29 B Q:\GSDD\NCD\newsroom\publications\2004\consumerdirected.htm --> web2bck.access.gpo.gov /diska/netsite-docs/ncd/newsroom/publications/2004 consumerdirected.htm
2004.10.28 09:29 B Q:\GSDD\NCD\newsroom\publications\2004\online_newmarketplace.htm --> web2bck.access.gpo.gov /diska/netsite-docs/ncd/newsroom/publications/2004 online_newmarketplace.htm
2004.10.28 10:30 B Q:\GSDD\NCD\newsroom\publications\2004\newmarketplace.htm --> web2.access.gpo.gov /diska/netsite-docs/ncd/newsroom/publications/2004 newmarketplace.htm
2004.10.28 10:31 B Q:\GSDD\NCD\newsroom\publications\2004\consumerdirected.htm --> web2.access.gpo.gov /diska/netsite-docs/ncd/newsroom/publications/2004 consumerdirected.htm
2004.10.28 10:32 B Q:\GSDD\NCD\newsroom\publications\2004\newmarketplace.htm --> web2bck.access.gpo.gov /diska/netsite-docs/ncd/newsroom/publications/2004 newmarketplace.htm
2004.10.28 10:32 B Q:\GSDD\NCD\newsroom\publications\2004\consumerdirected.htm --> web2bck.access.gpo.gov /diska/netsite-docs/ncd/newsroom/publications/2004 consumerdirected.htm
2004.10.28 10:50 B Q:\GSDD\NCD\newsroom\publications\2004\publications.htm --> web2bck.access.gpo.gov /diska/netsite-docs/ncd/newsroom/publications/2004 publications.htm
2004.10.28 10:51 B Q:\GSDD\NCD\newsroom\publications\2004\publications.htm --> web2.access.gpo.gov /diska/netsite-docs/ncd/newsroom/publications/2004 publications.htm
2004.10.28 11:02 B Q:\GSDD\NCD\newsroom\publications\2004\publications.htm --> web2.access.gpo.gov /diska/netsite-docs/ncd/newsroom/publications/2004 publications.htm
2004.10.28 11:02 B Q:\GSDD\NCD\newsroom\publications\2004\publications.htm --> web2bck.access.gpo.gov /diska/netsite-docs/ncd/newsroom/publications/2004 publications.htm
2004.11.02 08:27 B Q:\GSDD\NCD\newsroom\publications\2004\inclusion_whitepaper.htm --> web2.access.gpo.gov /diska/netsite-docs/ncd/newsroom/publications/2004 inclusion_whitepaper.htm
2004.11.02 08:27 B Q:\GSDD\NCD\newsroom\publications\2004\inclusion_whitepaper.htm --> web2bck.access.gpo.gov /diska/netsite-docs/ncd/newsroom/publications/2004 inclusion_whitepaper.htm
2004.11.02 08:41 B Q:\GSDD\NCD\newsroom\publications\2004\inclusion_whitepaper.htm --> web2bck.access.gpo.gov /diska/netsite-docs/ncd/newsroom/publications/2004 inclusion_whitepaper.htm
2004.11.02 08:42 B Q:\GSDD\NCD\newsroom\publications\2004\inclusion_whitepaper.htm --> web2.access.gpo.gov /diska/netsite-docs/ncd/newsroom/publications/2004 inclusion_whitepaper.htm
2004.11.02 08:47 B Q:\GSDD\NCD\newsroom\publications\2004\inclusion_whitepaper.htm --> web2.access.gpo.gov /diska/netsite-docs/ncd/newsroom/publications/2004 inclusion_whitepaper.htm
2004.11.02 08:48 B Q:\GSDD\NCD\newsroom\publications\2004\inclusion_whitepaper.htm --> web2bck.access.gpo.gov /diska/netsite-docs/ncd/newsroom/publications/2004 inclusion_whitepaper.htm
2004.11.02 09:05 B Q:\GSDD\NCD\newsroom\publications\2004\inclusion_whitepaper.htm --> web2.access.gpo.gov /diska/netsite-docs/ncd/newsroom/publications/2004 inclusion_whitepaper.htm
2004.11.02 09:06 B Q:\GSDD\NCD\newsroom\publications\2004\inclusion_whitepaper.htm --> web2bck.access.gpo.gov /diska/netsite-docs/ncd/newsroom/publications/2004 inclusion_whitepaper.htm
2004.11.02 09:16 B Q:\GSDD\NCD\newsroom\publications\2004\inclusion_whitepaper.htm --> web2bck.access.gpo.gov /diska/netsite-docs/ncd/newsroom/publications/2004 inclusion_whitepaper.htm
2004.11.02 09:17 B Q:\GSDD\NCD\newsroom\publications\2004\inclusion_whitepaper.htm --> web2.access.gpo.gov /diska/netsite-docs/ncd/newsroom/publications/2004 inclusion_whitepaper.htm
2004.11.02 09:28 B Q:\GSDD\NCD\newsroom\publications\2004\inclusion_whitepaper.htm --> web2.access.gpo.gov /diska/netsite-docs/ncd/newsroom/publications/2004 inclusion_whitepaper.htm
2004.11.02 09:34 B Q:\GSDD\NCD\newsroom\publications\2004\inclusion_whitepaper.htm --> web2.access.gpo.gov /diska/netsite-docs/ncd/newsroom/publications/2004 inclusion_whitepaper.htm
2004.11.02 09:34 B Q:\GSDD\NCD\newsroom\publications\2004\inclusion_whitepaper.htm --> web2.access.gpo.gov /diska/netsite-docs/ncd/newsroom/publications/2004 inclusion_whitepaper.htm
2004.11.02 09:35 B Q:\GSDD\NCD\newsroom\publications\2004\inclusion_whitepaper.htm --> web2bck.access.gpo.gov /diska/netsite-docs/ncd/newsroom/publications/2004 inclusion_whitepaper.htm
2004.11.02 09:35 B Q:\GSDD\NCD\newsroom\publications\2004\inclusion_whitepaper.htm --> web2bck.access.gpo.gov /diska/netsite-docs/ncd/newsroom/publications/2004 inclusion_whitepaper.htm
2004.11.02 10:20 B Q:\GSDD\NCD\newsroom\publications\2004\publications.htm --> web2.access.gpo.gov /diska/netsite-docs/ncd/newsroom/publications/2004 publications.htm
2004.11.02 10:20 B Q:\GSDD\NCD\newsroom\publications\2004\publications.htm --> web2bck.access.gpo.gov /diska/netsite-docs/ncd/newsroom/publications/2004 publications.htm
2004.11.02 14:01 B Q:\GSDD\NCD\newsroom\publications\2004\newmarketplace.htm <-- Web2 /diska/netsite-docs/ncd/newsroom/publications/2004 newmarketplace.htm
2004.11.02 14:06 B Q:\GSDD\NCD\newsroom\publications\2004\newmarketplace.htm --> web2.access.gpo.gov /diska/netsite-docs/ncd/newsroom/publications/2004 newmarketplace.htm
2004.11.02 14:06 B Q:\GSDD\NCD\newsroom\publications\2004\newmarketplace.htm --> web2bck.access.gpo.gov /diska/netsite-docs/ncd/newsroom/publications/2004 newmarketplace.htm
2004.11.19 14:08 B Q:\GSDD\NCD\newsroom\publications\2004\online_newmarketplace.htm --> web2.access.gpo.gov /diska/netsite-docs/ncd/newsroom/publications/2004 online_newmarketplace.htm
2004.11.19 14:09 B Q:\GSDD\NCD\newsroom\publications\2004\online_newmarketplace.htm --> web2bck.access.gpo.gov /diska/netsite-docs/ncd/newsroom/publications/2004 online_newmarketplace.htm
2004.11.19 16:08 B Q:\GSDD\NCD\newsroom\publications\2004\online_newmarketplace.htm <-- Web2back /diska/netsite-docs/ncd/newsroom/publications/2004 online_newmarketplace.htm
2004.11.22 09:09 B Q:\GSDD\NCD\newsroom\publications\2004\online_newmarketplace.htm --> web2.access.gpo.gov /diska/netsite-docs/ncd/newsroom/publications/2004 online_newmarketplace.htm
2004.11.22 09:10 B Q:\GSDD\NCD\newsroom\publications\2004\online_newmarketplace.htm --> web2bck.access.gpo.gov /diska/netsite-docs/ncd/newsroom/publications/2004 online_newmarketplace.htm
2004.11.22 11:40 B Q:\GSDD\NCD\newsroom\publications\2004\online_newmarketplace.htm --> web2.access.gpo.gov /diska/netsite-docs/ncd/newsroom/publications/2004 online_newmarketplace.htm
2004.11.22 11:41 B Q:\GSDD\NCD\newsroom\publications\2004\online_newmarketplace.htm --> web2bck.access.gpo.gov /diska/netsite-docs/ncd/newsroom/publications/2004 online_newmarketplace.htm
2004.11.22 12:12 B Q:\GSDD\NCD\newsroom\publications\2004\online_newmarketplace.htm --> web2.access.gpo.gov /diska/netsite-docs/ncd/newsroom/publications/2004 online_newmarketplace.htm
2004.11.22 12:12 B Q:\GSDD\NCD\newsroom\publications\2004\online_newmarketplace.htm --> web2bck.access.gpo.gov /diska/netsite-docs/ncd/newsroom/publications/2004 online_newmarketplace.htm
2004.11.30 14:07 B Q:\GSDD\NCD\newsroom\publications\2004\online_newmarketplace.htm --> web2.access.gpo.gov /diska/netsite-docs/ncd/newsroom/publications/2004 online_newmarketplace.htm
2004.11.30 14:57 B Q:\GSDD\NCD\newsroom\publications\2004\online_newmarketplace.htm --> web2.access.gpo.gov /diska/netsite-docs/ncd/newsroom/publications/2004 online_newmarketplace.htm
2004.11.30 14:57 B Q:\GSDD\NCD\newsroom\publications\2004\online_newmarketplace.htm --> web2bck.access.gpo.gov /diska/netsite-docs/ncd/newsroom/publications/2004 online_newmarketplace.htm
2004.11.30 15:37 B Q:\GSDD\NCD\newsroom\publications\2004\publications.htm --> web2.access.gpo.gov /diska/netsite-docs/ncd/newsroom/publications/2004 publications.htm
2004.11.30 15:38 B Q:\GSDD\NCD\newsroom\publications\2004\publications.htm --> web2bck.access.gpo.gov /diska/netsite-docs/ncd/newsroom/publications/2004 publications.htm
2004.11.30 15:43 B Q:\GSDD\NCD\newsroom\publications\2004\online_newmarketplace.htm --> web2bck.access.gpo.gov /diska/netsite-docs/ncd/newsroom/publications/2004 online_newmarketplace.htm
2004.11.30 15:44 B Q:\GSDD\NCD\newsroom\publications\2004\online_newmarketplace.htm --> web2.access.gpo.gov /diska/netsite-docs/ncd/newsroom/publications/2004 online_newmarketplace.htm
2004.11.30 15:47 B Q:\GSDD\NCD\newsroom\publications\2004\online_newmarketplace.htm --> web2.access.gpo.gov /diska/netsite-docs/ncd/newsroom/publications/2004 online_newmarketplace.htm
2004.11.30 15:48 B Q:\GSDD\NCD\newsroom\publications\2004\online_newmarketplace.htm --> web2bck.access.gpo.gov /diska/netsite-docs/ncd/newsroom/publications/2004 online_newmarketplace.htm
2004.12.01 14:09 B Q:\GSDD\NCD\newsroom\publications\2004\publications.htm --> web2.access.gpo.gov /diska/netsite-docs/ncd/newsroom/publications/2004 publications.htm
2004.12.01 14:09 B Q:\GSDD\NCD\newsroom\publications\2004\LivableCommunities.htm --> web2.access.gpo.gov /diska/netsite-docs/ncd/newsroom/publications/2004 LivableCommunities.htm
2004.12.01 16:44 B Q:\GSDD\NCD\newsroom\publications\2004\publications.htm --> web2.access.gpo.gov /diska/netsite-docs/ncd/newsroom/publications/2004 publications.htm
2004.12.01 16:45 B Q:\GSDD\NCD\newsroom\publications\2004\publications.htm --> web2bck.access.gpo.gov /diska/netsite-docs/ncd/newsroom/publications/2004 publications.htm
2004.12.09 14:36 B q:\GSDD\NCD\newsroom\publications\2004\ProgressReport2004.htm --> web2.access.gpo.gov /diska/netsite-docs/ncd/newsroom/publications/2004 ProgressReport2004.htm
2004.12.09 14:37 B q:\GSDD\NCD\newsroom\publications\2004\publications.htm --> web2bck.access.gpo.gov /diska/netsite-docs/ncd/newsroom/publications/2004 publications.htm
2004.12.09 14:38 B q:\GSDD\NCD\newsroom\publications\2004\publications.htm --> web2bck.access.gpo.gov /diska/netsite-docs/ncd/newsroom/publications/2004 publications.htm
2004.12.09 14:39 B q:\GSDD\NCD\newsroom\publications\2004\ProgressReport2004.htm --> web2.access.gpo.gov /diska/netsite-docs/ncd/newsroom/publications/2004 ProgressReport2004.htm
2004.12.09 14:39 B q:\GSDD\NCD\newsroom\publications\2004\publications.htm --> web2.access.gpo.gov /diska/netsite-docs/ncd/newsroom/publications/2004 publications.htm
2004.12.09 14:57 B q:\GSDD\NCD\newsroom\publications\2004\ProgressReport2004.htm --> web2.access.gpo.gov /diska/netsite-docs/ncd/newsroom/publications/2004 ProgressReport2004.htm
2004.12.09 14:57 B q:\GSDD\NCD\newsroom\publications\2004\ProgressReport2004.htm --> web2bck.access.gpo.gov /diska/netsite-docs/ncd/newsroom/publications/2004 ProgressReport2004.htm
2004.12.09 14:59 B q:\GSDD\NCD\newsroom\publications\2004\ProgressReport2004.htm --> web2bck.access.gpo.gov /diska/netsite-docs/ncd/newsroom/publications/2004 ProgressReport2004.htm
2004.12.09 15:00 B q:\GSDD\NCD\newsroom\publications\2004\ProgressReport2004.htm --> web2.access.gpo.gov /diska/netsite-docs/ncd/newsroom/publications/2004 ProgressReport2004.htm
2004.12.09 15:02 B q:\GSDD\NCD\newsroom\publications\2004\ProgressReport2004.htm --> web2.access.gpo.gov /diska/netsite-docs/ncd/newsroom/publications/2004 ProgressReport2004.htm
2004.12.09 15:02 B q:\GSDD\NCD\newsroom\publications\2004\ProgressReport2004.htm --> web2bck.access.gpo.gov /diska/netsite-docs/ncd/newsroom/publications/2004 ProgressReport2004.htm
2004.12.09 15:05 B Q:\GSDD\NCD\newsroom\publications\2004\unadhoc.htm --> web2.access.gpo.gov /diska/netsite-docs/ncd/newsroom/publications/2004 unadhoc.htm
2004.12.09 15:08 B Q:\GSDD\NCD\newsroom\publications\2004\publications.htm --> web2.access.gpo.gov /diska/netsite-docs/ncd/newsroom/publications/2004 publications.htm
2004.12.09 15:09 B Q:\GSDD\NCD\newsroom\publications\2004\publications.htm --> web2bck.access.gpo.gov /diska/netsite-docs/ncd/newsroom/publications/2004 publications.htm
2004.12.09 15:09 B Q:\GSDD\NCD\newsroom\publications\2004\unadhoc.htm --> web2bck.access.gpo.gov /diska/netsite-docs/ncd/newsroom/publications/2004 unadhoc.htm
2004.12.14 08:51 B Q:\GSDD\NCD\newsroom\publications\2004\LivableCommunities.htm --> web2.access.gpo.gov /diska/netsite-docs/ncd/newsroom/publications/2004 LivableCommunities.htm
2004.12.14 08:52 B Q:\GSDD\NCD\newsroom\publications\2004\LivableCommunities.htm --> web2bck.access.gpo.gov /diska/netsite-docs/ncd/newsroom/publications/2004 LivableCommunities.htm
2004.12.14 08:59 B Q:\GSDD\NCD\newsroom\publications\2004\publications.htm --> web2bck.access.gpo.gov /diska/netsite-docs/ncd/newsroom/publications/2004 publications.htm
2004.12.14 08:59 B Q:\GSDD\NCD\newsroom\publications\2004\publications.htm --> web2.access.gpo.gov /diska/netsite-docs/ncd/newsroom/publications/2004 publications.htm
