DATE_OBS:        14:34:21 18-Nov-2002
DATE_END:        14:38:21 18-Nov-2002
SOURCE:          Marshall Space Flight Center
CLASS:           Image
INSTRUMENT:      Imaging Vector Magnetograph
TYPE:            Optical
SUBTYPE:         Magnetograms (vector)
FORMAT:          WWW Images, Raw Data
CENTER:		                  
FOV:             8,7
NOAA:            AR 191
INFO:            90 mA Red
URL:             http://magaxp1.msfc.nasa.gov
EMAIL:           mitzi.adams@msfc.nasa.gov
 
 
DATE_OBS:        14:37:54 18-Nov-2002
DATE_END:        14:41:54 18-Nov-2002
SOURCE:          Marshall Space Flight Center
CLASS:           Image
INSTRUMENT:      Imaging Vector Magnetograph
TYPE:            Optical
SUBTYPE:         Magnetograms (vector)
FORMAT:          WWW Images, Raw Data
CENTER:		                  
FOV:             8,7
NOAA:            AR 191
INFO:            90 mA Blue
URL:             http://magaxp1.msfc.nasa.gov
EMAIL:           mitzi.adams@msfc.nasa.gov
 
 
DATE_OBS:        14:41:19 18-Nov-2002
DATE_END:        14:45:19 18-Nov-2002
SOURCE:          Marshall Space Flight Center
CLASS:           Image
INSTRUMENT:      Imaging Vector Magnetograph
TYPE:            Optical
SUBTYPE:         Magnetograms (vector)
FORMAT:          WWW Images, Raw Data
CENTER:		                  
FOV:             8,7
NOAA:            AR 191
INFO:            90 mA Blue
URL:             http://magaxp1.msfc.nasa.gov
EMAIL:           mitzi.adams@msfc.nasa.gov
 
 
DATE_OBS:        14:44:30 18-Nov-2002
DATE_END:        14:48:30 18-Nov-2002
SOURCE:          Marshall Space Flight Center
CLASS:           Image
INSTRUMENT:      Imaging Vector Magnetograph
TYPE:            Optical
SUBTYPE:         Magnetograms (vector)
FORMAT:          WWW Images, Raw Data
CENTER:		                  
FOV:             8,7
NOAA:            AR 191
INFO:            120 mA Blue
URL:             http://magaxp1.msfc.nasa.gov
EMAIL:           mitzi.adams@msfc.nasa.gov
 
 
DATE_OBS:        14:47:43 18-Nov-2002
DATE_END:        14:51:43 18-Nov-2002
SOURCE:          Marshall Space Flight Center
CLASS:           Image
INSTRUMENT:      Imaging Vector Magnetograph
TYPE:            Optical
SUBTYPE:         Magnetograms (vector)
FORMAT:          WWW Images, Raw Data
CENTER:		                  
FOV:             8,7
NOAA:            AR 191
INFO:            120 mA Blue
URL:             http://magaxp1.msfc.nasa.gov
EMAIL:           mitzi.adams@msfc.nasa.gov
 
 
DATE_OBS:        15:05:56 18-Nov-2002
DATE_END:        15:09:56 18-Nov-2002
SOURCE:          Marshall Space Flight Center
CLASS:           Image
INSTRUMENT:      Imaging Vector Magnetograph
TYPE:            Optical
SUBTYPE:         Magnetograms (vector)
FORMAT:          WWW Images, Raw Data
CENTER:		                  
FOV:             8,7
NOAA:            AR 198
INFO:            90 mA Red
URL:             http://magaxp1.msfc.nasa.gov
EMAIL:           mitzi.adams@msfc.nasa.gov
 
 
DATE_OBS:        15:09:45 18-Nov-2002
DATE_END:        15:13:45 18-Nov-2002
SOURCE:          Marshall Space Flight Center
CLASS:           Image
INSTRUMENT:      Imaging Vector Magnetograph
TYPE:            Optical
SUBTYPE:         Magnetograms (vector)
FORMAT:          WWW Images, Raw Data
CENTER:		                  
FOV:             8,7
NOAA:            AR 198
INFO:            90 mA Blue
URL:             http://magaxp1.msfc.nasa.gov
EMAIL:           mitzi.adams@msfc.nasa.gov
 
 
DATE_OBS:        15:15:28 18-Nov-2002
DATE_END:        15:19:28 18-Nov-2002
SOURCE:          Marshall Space Flight Center
CLASS:           Image
INSTRUMENT:      Imaging Vector Magnetograph
TYPE:            Optical
SUBTYPE:         Magnetograms (vector)
FORMAT:          WWW Images, Raw Data
CENTER:		                  
FOV:             8,7
NOAA:            AR 198
INFO:            90 mA Blue
URL:             http://magaxp1.msfc.nasa.gov
EMAIL:           mitzi.adams@msfc.nasa.gov
 
 
DATE_OBS:        15:20:06 18-Nov-2002
DATE_END:        15:24:06 18-Nov-2002
SOURCE:          Marshall Space Flight Center
CLASS:           Image
INSTRUMENT:      Imaging Vector Magnetograph
TYPE:            Optical
SUBTYPE:         Magnetograms (vector)
FORMAT:          WWW Images, Raw Data
CENTER:		                  
FOV:             8,7
NOAA:            AR 198
INFO:            120 mA Blue
URL:             http://magaxp1.msfc.nasa.gov
EMAIL:           mitzi.adams@msfc.nasa.gov
 
 
DATE_OBS:        15:23:16 18-Nov-2002
DATE_END:        15:27:16 18-Nov-2002
SOURCE:          Marshall Space Flight Center
CLASS:           Image
INSTRUMENT:      Imaging Vector Magnetograph
TYPE:            Optical
SUBTYPE:         Magnetograms (vector)
FORMAT:          WWW Images, Raw Data
CENTER:		                  
FOV:             8,7
NOAA:            AR 198
INFO:            120 mA Blue
URL:             http://magaxp1.msfc.nasa.gov
EMAIL:           mitzi.adams@msfc.nasa.gov
 
 
DATE_OBS:        15:36:13 18-Nov-2002
DATE_END:        15:40:13 18-Nov-2002
SOURCE:          Marshall Space Flight Center
CLASS:           Image
INSTRUMENT:      Imaging Vector Magnetograph
TYPE:            Optical
SUBTYPE:         Magnetograms (vector)
FORMAT:          WWW Images, Raw Data
CENTER:		                  
FOV:             8,7
NOAA:            AR 195
INFO:            90 mA Red
URL:             http://magaxp1.msfc.nasa.gov
EMAIL:           mitzi.adams@msfc.nasa.gov
 
 
DATE_OBS:        15:39:29 18-Nov-2002
DATE_END:        15:43:29 18-Nov-2002
SOURCE:          Marshall Space Flight Center
CLASS:           Image
INSTRUMENT:      Imaging Vector Magnetograph
TYPE:            Optical
SUBTYPE:         Magnetograms (vector)
FORMAT:          WWW Images, Raw Data
CENTER:		                  
FOV:             8,7
NOAA:            AR 195
INFO:            90 mA Blue
URL:             http://magaxp1.msfc.nasa.gov
EMAIL:           mitzi.adams@msfc.nasa.gov
 
 
DATE_OBS:        15:42:32 18-Nov-2002
DATE_END:        15:46:32 18-Nov-2002
SOURCE:          Marshall Space Flight Center
CLASS:           Image
INSTRUMENT:      Imaging Vector Magnetograph
TYPE:            Optical
SUBTYPE:         Magnetograms (vector)
FORMAT:          WWW Images, Raw Data
CENTER:		                  
FOV:             8,7
NOAA:            AR 195
INFO:            120 mA Blue
URL:             http://magaxp1.msfc.nasa.gov
EMAIL:           mitzi.adams@msfc.nasa.gov
 
 
DATE_OBS:        15:55:21 18-Nov-2002
DATE_END:        15:59:21 18-Nov-2002
SOURCE:          Marshall Space Flight Center
CLASS:           Image
INSTRUMENT:      Imaging Vector Magnetograph
TYPE:            Optical
SUBTYPE:         Magnetograms (vector)
FORMAT:          WWW Images, Raw Data
CENTER:		                  
FOV:             8,7
NOAA:            AR 191
INFO:            90 mA Red
URL:             http://magaxp1.msfc.nasa.gov
EMAIL:           mitzi.adams@msfc.nasa.gov
 
 
DATE_OBS:        16:00:33 18-Nov-2002
DATE_END:        16:04:33 18-Nov-2002
SOURCE:          Marshall Space Flight Center
CLASS:           Image
INSTRUMENT:      Imaging Vector Magnetograph
TYPE:            Optical
SUBTYPE:         Magnetograms (vector)
FORMAT:          WWW Images, Raw Data
CENTER:		                  
FOV:             8,7
NOAA:            AR 191
INFO:            90 mA Blue
URL:             http://magaxp1.msfc.nasa.gov
EMAIL:           mitzi.adams@msfc.nasa.gov
 
 
DATE_OBS:        16:03:48 18-Nov-2002
DATE_END:        16:07:48 18-Nov-2002
SOURCE:          Marshall Space Flight Center
CLASS:           Image
INSTRUMENT:      Imaging Vector Magnetograph
TYPE:            Optical
SUBTYPE:         Magnetograms (vector)
FORMAT:          WWW Images, Raw Data
CENTER:		                  
FOV:             8,7
NOAA:            AR 191
INFO:            90 mA Blue
URL:             http://magaxp1.msfc.nasa.gov
EMAIL:           mitzi.adams@msfc.nasa.gov
 
 
DATE_OBS:        16:06:34 18-Nov-2002
DATE_END:        16:10:34 18-Nov-2002
SOURCE:          Marshall Space Flight Center
CLASS:           Image
INSTRUMENT:      Imaging Vector Magnetograph
TYPE:            Optical
SUBTYPE:         Magnetograms (vector)
FORMAT:          WWW Images, Raw Data
CENTER:		                  
FOV:             8,7
NOAA:            AR 191
INFO:            120 mA Blue
URL:             http://magaxp1.msfc.nasa.gov
EMAIL:           mitzi.adams@msfc.nasa.gov
 
 
DATE_OBS:        16:09:17 18-Nov-2002
DATE_END:        16:13:17 18-Nov-2002
SOURCE:          Marshall Space Flight Center
CLASS:           Image
INSTRUMENT:      Imaging Vector Magnetograph
TYPE:            Optical
SUBTYPE:         Magnetograms (vector)
FORMAT:          WWW Images, Raw Data
CENTER:		                  
FOV:             8,7
NOAA:            AR 191
INFO:            120 mA Blue
URL:             http://magaxp1.msfc.nasa.gov
EMAIL:           mitzi.adams@msfc.nasa.gov
 
 
DATE_OBS:        16:11:57 18-Nov-2002
DATE_END:        16:15:57 18-Nov-2002
SOURCE:          Marshall Space Flight Center
CLASS:           Image
INSTRUMENT:      Imaging Vector Magnetograph
TYPE:            Optical
SUBTYPE:         Magnetograms (vector)
FORMAT:          WWW Images, Raw Data
CENTER:		                  
FOV:             8,7
NOAA:            AR 191
INFO:            120 mA Blue
URL:             http://magaxp1.msfc.nasa.gov
EMAIL:           mitzi.adams@msfc.nasa.gov
 
 
DATE_OBS:        16:20:12 18-Nov-2002
DATE_END:        16:24:12 18-Nov-2002
SOURCE:          Marshall Space Flight Center
CLASS:           Image
INSTRUMENT:      Imaging Vector Magnetograph
TYPE:            Optical
SUBTYPE:         Magnetograms (vector)
FORMAT:          WWW Images, Raw Data
CENTER:		                  
FOV:             8,7
NOAA:            AR 197
INFO:            90 mA Red
URL:             http://magaxp1.msfc.nasa.gov
EMAIL:           mitzi.adams@msfc.nasa.gov
 
 
DATE_OBS:        16:23:18 18-Nov-2002
DATE_END:        16:27:18 18-Nov-2002
SOURCE:          Marshall Space Flight Center
CLASS:           Image
INSTRUMENT:      Imaging Vector Magnetograph
TYPE:            Optical
SUBTYPE:         Magnetograms (vector)
FORMAT:          WWW Images, Raw Data
CENTER:		                  
FOV:             8,7
NOAA:            AR 197
INFO:            90 mA Blue
URL:             http://magaxp1.msfc.nasa.gov
EMAIL:           mitzi.adams@msfc.nasa.gov
 
 
DATE_OBS:        16:26:32 18-Nov-2002
DATE_END:        16:30:32 18-Nov-2002
SOURCE:          Marshall Space Flight Center
CLASS:           Image
INSTRUMENT:      Imaging Vector Magnetograph
TYPE:            Optical
SUBTYPE:         Magnetograms (vector)
FORMAT:          WWW Images, Raw Data
CENTER:		                  
FOV:             8,7
NOAA:            AR 197
INFO:            90 mA Blue
URL:             http://magaxp1.msfc.nasa.gov
EMAIL:           mitzi.adams@msfc.nasa.gov
 
 
DATE_OBS:        16:29:15 18-Nov-2002
DATE_END:        16:33:15 18-Nov-2002
SOURCE:          Marshall Space Flight Center
CLASS:           Image
INSTRUMENT:      Imaging Vector Magnetograph
TYPE:            Optical
SUBTYPE:         Magnetograms (vector)
FORMAT:          WWW Images, Raw Data
CENTER:		                  
FOV:             8,7
NOAA:            AR 197
INFO:            120 mA Blue
URL:             http://magaxp1.msfc.nasa.gov
EMAIL:           mitzi.adams@msfc.nasa.gov
 
 
DATE_OBS:        16:33:38 18-Nov-2002
DATE_END:        16:37:38 18-Nov-2002
SOURCE:          Marshall Space Flight Center
CLASS:           Image
INSTRUMENT:      Imaging Vector Magnetograph
TYPE:            Optical
SUBTYPE:         Magnetograms (vector)
FORMAT:          WWW Images, Raw Data
CENTER:		                  
FOV:             8,7
NOAA:            AR 198
INFO:            120 mA Blue
URL:             http://magaxp1.msfc.nasa.gov
EMAIL:           mitzi.adams@msfc.nasa.gov
 
 
DATE_OBS:        16:36:19 18-Nov-2002
DATE_END:        16:40:19 18-Nov-2002
SOURCE:          Marshall Space Flight Center
CLASS:           Image
INSTRUMENT:      Imaging Vector Magnetograph
TYPE:            Optical
SUBTYPE:         Magnetograms (vector)
FORMAT:          WWW Images, Raw Data
CENTER:		                  
FOV:             8,7
NOAA:            AR 198
INFO:            120 mA Blue
URL:             http://magaxp1.msfc.nasa.gov
EMAIL:           mitzi.adams@msfc.nasa.gov
 
 
DATE_OBS:        16:39:13 18-Nov-2002
DATE_END:        16:43:13 18-Nov-2002
SOURCE:          Marshall Space Flight Center
CLASS:           Image
INSTRUMENT:      Imaging Vector Magnetograph
TYPE:            Optical
SUBTYPE:         Magnetograms (vector)
FORMAT:          WWW Images, Raw Data
CENTER:		                  
FOV:             8,7
NOAA:            AR 198
INFO:            90 mA Blue
URL:             http://magaxp1.msfc.nasa.gov
EMAIL:           mitzi.adams@msfc.nasa.gov
 
 
DATE_OBS:        16:42:05 18-Nov-2002
DATE_END:        16:46:05 18-Nov-2002
SOURCE:          Marshall Space Flight Center
CLASS:           Image
INSTRUMENT:      Imaging Vector Magnetograph
TYPE:            Optical
SUBTYPE:         Magnetograms (vector)
FORMAT:          WWW Images, Raw Data
CENTER:		                  
FOV:             8,7
NOAA:            AR 198
INFO:            90 mA Blue
URL:             http://magaxp1.msfc.nasa.gov
EMAIL:           mitzi.adams@msfc.nasa.gov
 
 
DATE_OBS:        16:45:00 18-Nov-2002
DATE_END:        16:49:00 18-Nov-2002
SOURCE:          Marshall Space Flight Center
CLASS:           Image
INSTRUMENT:      Imaging Vector Magnetograph
TYPE:            Optical
SUBTYPE:         Magnetograms (vector)
FORMAT:          WWW Images, Raw Data
CENTER:		                  
FOV:             8,7
NOAA:            AR 198
INFO:            90 mA Red
URL:             http://magaxp1.msfc.nasa.gov
EMAIL:           mitzi.adams@msfc.nasa.gov
 
 
DATE_OBS:        16:50:37 18-Nov-2002
DATE_END:        16:54:37 18-Nov-2002
SOURCE:          Marshall Space Flight Center
CLASS:           Image
INSTRUMENT:      Imaging Vector Magnetograph
TYPE:            Optical
SUBTYPE:         Magnetograms (vector)
FORMAT:          WWW Images, Raw Data
CENTER:		                  
FOV:             8,7
NOAA:            AR 191
INFO:            90 mA Red
URL:             http://magaxp1.msfc.nasa.gov
EMAIL:           mitzi.adams@msfc.nasa.gov
 
 
DATE_OBS:        16:53:37 18-Nov-2002
DATE_END:        16:57:37 18-Nov-2002
SOURCE:          Marshall Space Flight Center
CLASS:           Image
INSTRUMENT:      Imaging Vector Magnetograph
TYPE:            Optical
SUBTYPE:         Magnetograms (vector)
FORMAT:          WWW Images, Raw Data
CENTER:		                  
FOV:             8,7
NOAA:            AR 191
INFO:            90 mA Blue
URL:             http://magaxp1.msfc.nasa.gov
EMAIL:           mitzi.adams@msfc.nasa.gov
 
 
DATE_OBS:        16:56:57 18-Nov-2002
DATE_END:        16:60:57 18-Nov-2002
SOURCE:          Marshall Space Flight Center
CLASS:           Image
INSTRUMENT:      Imaging Vector Magnetograph
TYPE:            Optical
SUBTYPE:         Magnetograms (vector)
FORMAT:          WWW Images, Raw Data
CENTER:		                  
FOV:             8,7
NOAA:            AR 191
INFO:            120 mA Blue
URL:             http://magaxp1.msfc.nasa.gov
EMAIL:           mitzi.adams@msfc.nasa.gov
 
 
DATE_OBS:        18:29:04 18-Nov-2002
DATE_END:        18:33:04 18-Nov-2002
SOURCE:          Marshall Space Flight Center
CLASS:           Image
INSTRUMENT:      Imaging Vector Magnetograph
TYPE:            Optical
SUBTYPE:         Magnetograms (vector)
FORMAT:          WWW Images, Raw Data
CENTER:		                  
FOV:             8,7
NOAA:            AR 198
INFO:            90 mA Red
URL:             http://magaxp1.msfc.nasa.gov
EMAIL:           mitzi.adams@msfc.nasa.gov
 
 
DATE_OBS:        18:32:52 18-Nov-2002
DATE_END:        18:36:52 18-Nov-2002
SOURCE:          Marshall Space Flight Center
CLASS:           Image
INSTRUMENT:      Imaging Vector Magnetograph
TYPE:            Optical
SUBTYPE:         Magnetograms (vector)
FORMAT:          WWW Images, Raw Data
CENTER:		                  
FOV:             8,7
NOAA:            AR 198
INFO:            90 mA Blue
URL:             http://magaxp1.msfc.nasa.gov
EMAIL:           mitzi.adams@msfc.nasa.gov
 
 
DATE_OBS:        19:00:23 18-Nov-2002
DATE_END:        19:04:23 18-Nov-2002
SOURCE:          Marshall Space Flight Center
CLASS:           Image
INSTRUMENT:      Imaging Vector Magnetograph
TYPE:            Optical
SUBTYPE:         Magnetograms (vector)
FORMAT:          WWW Images, Raw Data
CENTER:		                  
FOV:             8,7
NOAA:            AR 198
INFO:            120 mA Blue
URL:             http://magaxp1.msfc.nasa.gov
EMAIL:           mitzi.adams@msfc.nasa.gov
 
 
DATE_OBS:        19:03:49 18-Nov-2002
DATE_END:        19:07:49 18-Nov-2002
SOURCE:          Marshall Space Flight Center
CLASS:           Image
INSTRUMENT:      Imaging Vector Magnetograph
TYPE:            Optical
SUBTYPE:         Magnetograms (vector)
FORMAT:          WWW Images, Raw Data
CENTER:		                  
FOV:             8,7
NOAA:            AR 198
INFO:            120 mA Blue
URL:             http://magaxp1.msfc.nasa.gov
EMAIL:           mitzi.adams@msfc.nasa.gov
 
 
DATE_OBS:        19:10:20 18-Nov-2002
DATE_END:        19:14:20 18-Nov-2002
SOURCE:          Marshall Space Flight Center
CLASS:           Image
INSTRUMENT:      Imaging Vector Magnetograph
TYPE:            Optical
SUBTYPE:         Magnetograms (vector)
FORMAT:          WWW Images, Raw Data
CENTER:		                  
FOV:             8,7
NOAA:            AR 198
INFO:            120 mA Blue
URL:             http://magaxp1.msfc.nasa.gov
EMAIL:           mitzi.adams@msfc.nasa.gov
 
 
