! Started logfile: 0134+329_S.log on Tue Apr  8 11:14:36 1997
observe 0134+329_S.edt
! Reading UV FITS file: 0134+329_S.edt
! AN table 1: 62 integrations on 45 of 45 possible baselines.
! Apparent sampling: 0.867025 visibilities/baseline/integration-bin.
! Found source: 0134+329
! 
! Number of spectral-line channels: 1
! 
! IF    Freq (Hz)  Chan BW (Hz)  Full BW (Hz)  Sideband
! 01  2.22049e+09         4e+06         4e+06       USB
! 02  2.23049e+09         4e+06         4e+06       USB
! 03  2.29049e+09         4e+06         4e+06       USB
! 04  2.32049e+09         4e+06         4e+06       USB
! 
! Polarization(s): RR
! 
! Read 379 lines of history.
! 
! Reading 9676 visibilities.
! Selecting polarization: RR,  channels: 1..1
uvweight 0,-1
! Uniform weighting is not currently selected.
! Gridding weights will be scaled by errors raised to the power -1.
! Radial weighting is not currently selected.
mappsi 1024,0.5
! Syntax error in line:
! mappsi 1024,0.5
!      ^
! Unable to identify keyword "mappsi"
! 
mapsize 1024,0.5
! Map grid = 1024x1024 pixels with 0.500x0.500 milli-arcsec cellsize.
mapp
! Inverting map and beam 
! Estimated beam: bmin=3.859 mas, bmaj=5.941 mas, bpa=-1.404 degrees
! Estimated noise=1.41305 mJy/beam.
! 
! Move the cursor into the plot window and press 'H' for help
peakwin 1.5
! Added new window around map position (0, 0).
clean 200,0.05
! clean: niter=200  gain=0.05  cutoff=0
! Component: 050  -  total flux cleaned = 0.338539 Jy
! Component: 100  -  total flux cleaned = 0.452595 Jy
! Component: 150  -  total flux cleaned = 0.508289 Jy
! Component: 200  -  total flux cleaned = 0.535503 Jy
! Total flux subtracted in 200 components = 0.535503 Jy
! Clean residual min=-0.061963 max=0.072785 Jy/beam
! Clean residual mean=0.000426 rms=0.015437 Jy/beam
! Combined flux in latest and established models = 0.535503 Jy
selfcal false,false,4/6
! Performing phase self-cal over 0.666667 minute time intervals
! Adding 39 model components to the UV plane model.
! The established model now contains 39 components and 0.535503 Jy
! 
! Correcting IF 1.
!  A total of 201 telescope corrections were flagged in sub-array 1.
! 
! Correcting IF 2.
!  A total of 153 telescope corrections were flagged in sub-array 1.
! 
! Correcting IF 3.
!  A total of 176 telescope corrections were flagged in sub-array 1.
! 
! Correcting IF 4.
!  A total of 200 telescope corrections were flagged in sub-array 1.
! 
! Fit before self-cal, rms=0.350140Jy  sigma=2.158442
! Fit after  self-cal, rms=0.347863Jy  sigma=2.144836
! 
! Reinstating the default IF.
mapp
! Inverting map and beam 
! Estimated beam: bmin=3.854 mas, bmaj=5.946 mas, bpa=-1.407 degrees
! Estimated noise=1.41466 mJy/beam.
! 
! Move the cursor into the plot window and press 'H' for help
clean 200,0.05
! clean: niter=200  gain=0.05  cutoff=0
! Component: 050  -  total flux cleaned = 0.0192465 Jy
! Component: 100  -  total flux cleaned = 0.0240823 Jy
! Component: 150  -  total flux cleaned = 0.0258441 Jy
! Component: 200  -  total flux cleaned = 0.0271084 Jy
! Total flux subtracted in 200 components = 0.0271084 Jy
! Clean residual min=-0.065898 max=0.070987 Jy/beam
! Clean residual mean=0.000415 rms=0.015359 Jy/beam
! Combined flux in latest and established models = 0.562611 Jy
selfcal false,false,4/6
! Performing phase self-cal over 0.666667 minute time intervals
! Adding 15 model components to the UV plane model.
! The established model now contains 43 components and 0.562611 Jy
! 
! Correcting IF 1.
! 
! Correcting IF 2.
! 
! Correcting IF 3.
! 
! Correcting IF 4.
! 
! Fit before self-cal, rms=0.347117Jy  sigma=2.140497
! Fit after  self-cal, rms=0.347044Jy  sigma=2.140095
! 
! Reinstating the default IF.
mapp
! Inverting map 
! 
! Move the cursor into the plot window and press 'H' for help
peakwin 1.5
! Added new window around map position (-7, 9).
clean 200,0.05
! clean: niter=200  gain=0.05  cutoff=0
! Component: 050  -  total flux cleaned = 0.0965484 Jy
! Component: 100  -  total flux cleaned = 0.13324 Jy
! Component: 150  -  total flux cleaned = 0.141823 Jy
! Component: 200  -  total flux cleaned = 0.147748 Jy
! Total flux subtracted in 200 components = 0.147748 Jy
! Clean residual min=-0.058227 max=0.071216 Jy/beam
! Clean residual mean=0.000356 rms=0.014170 Jy/beam
! Combined flux in latest and established models = 0.710359 Jy
selfcal false,false,4/6
! Performing phase self-cal over 0.666667 minute time intervals
! Adding 34 model components to the UV plane model.
! The established model now contains 75 components and 0.710359 Jy
! 
! Correcting IF 1.
! 
! Correcting IF 2.
! 
! Correcting IF 3.
! 
! Correcting IF 4.
! 
! Fit before self-cal, rms=0.332818Jy  sigma=2.052196
! Fit after  self-cal, rms=0.328644Jy  sigma=2.026500
! 
! Reinstating the default IF.
mapp
! Inverting map 
! 
! Move the cursor into the plot window and press 'H' for help
clean 200,0.05
! clean: niter=200  gain=0.05  cutoff=0
! Component: 050  -  total flux cleaned = 0.036287 Jy
! Component: 100  -  total flux cleaned = 0.0446896 Jy
! Component: 150  -  total flux cleaned = 0.0461816 Jy
! Component: 200  -  total flux cleaned = 0.0468702 Jy
! Total flux subtracted in 200 components = 0.0468702 Jy
! Clean residual min=-0.051198 max=0.058257 Jy/beam
! Clean residual mean=0.000342 rms=0.013674 Jy/beam
! Combined flux in latest and established models = 0.75723 Jy
selfcal false,false,4/6
! Performing phase self-cal over 0.666667 minute time intervals
! Adding 25 model components to the UV plane model.
! The established model now contains 86 components and 0.75723 Jy
! 
! Correcting IF 1.
! 
! Correcting IF 2.
! 
! Correcting IF 3.
! 
! Correcting IF 4.
! 
! Fit before self-cal, rms=0.326351Jy  sigma=2.012326
! Fit after  self-cal, rms=0.325640Jy  sigma=2.007979
! 
! Reinstating the default IF.
mapp
! Inverting map 
! 
! Move the cursor into the plot window and press 'H' for help
peakwin 1.5
! Added new window around map position (6, -7.5).
clean 200,0.05
! clean: niter=200  gain=0.05  cutoff=0
! Component: 050  -  total flux cleaned = 0.0718911 Jy
! Component: 100  -  total flux cleaned = 0.096478 Jy
! Component: 150  -  total flux cleaned = 0.113216 Jy
! Component: 200  -  total flux cleaned = 0.125223 Jy
! Total flux subtracted in 200 components = 0.125223 Jy
! Clean residual min=-0.046206 max=0.049927 Jy/beam
! Clean residual mean=0.000295 rms=0.012930 Jy/beam
! Combined flux in latest and established models = 0.882453 Jy
selfcal false,false,4/6
! Performing phase self-cal over 0.666667 minute time intervals
! Adding 38 model components to the UV plane model.
! The established model now contains 120 components and 0.882453 Jy
! 
! Correcting IF 1.
! 
! Correcting IF 2.
! 
! Correcting IF 3.
! 
! Correcting IF 4.
! 
! Fit before self-cal, rms=0.316122Jy  sigma=1.949197
! Fit after  self-cal, rms=0.315092Jy  sigma=1.942953
! 
! Reinstating the default IF.
mapp
! Inverting map 
! 
! Move the cursor into the plot window and press 'H' for help
clean 200,0.05
! clean: niter=200  gain=0.05  cutoff=0
! Component: 050  -  total flux cleaned = 0.0203018 Jy
! Component: 100  -  total flux cleaned = 0.0257978 Jy
! Component: 150  -  total flux cleaned = 0.0281363 Jy
! Component: 200  -  total flux cleaned = 0.0284804 Jy
! Total flux subtracted in 200 components = 0.0284804 Jy
! Clean residual min=-0.044343 max=0.049174 Jy/beam
! Clean residual mean=0.000277 rms=0.012744 Jy/beam
! Combined flux in latest and established models = 0.910933 Jy
selfcal false,false,4/6
! Performing phase self-cal over 0.666667 minute time intervals
! Adding 23 model components to the UV plane model.
! The established model now contains 127 components and 0.910933 Jy
! 
! Correcting IF 1.
! 
! Correcting IF 2.
! 
! Correcting IF 3.
! 
! Correcting IF 4.
! 
! Fit before self-cal, rms=0.313931Jy  sigma=1.935759
! Fit after  self-cal, rms=0.313717Jy  sigma=1.934483
! 
! Reinstating the default IF.
mapp
! Inverting map 
! 
! Move the cursor into the plot window and press 'H' for help
clean 200,0.05
! clean: niter=200  gain=0.05  cutoff=0
! Component: 050  -  total flux cleaned = 0.00371447 Jy
! Component: 100  -  total flux cleaned = 0.00403335 Jy
! Component: 150  -  total flux cleaned = 0.00477458 Jy
! Component: 200  -  total flux cleaned = 0.00499632 Jy
! Total flux subtracted in 200 components = 0.00499632 Jy
! Clean residual min=-0.043339 max=0.048762 Jy/beam
! Clean residual mean=0.000273 rms=0.012697 Jy/beam
! Combined flux in latest and established models = 0.915929 Jy
selfcal false,false,4/6
! Performing phase self-cal over 0.666667 minute time intervals
! Adding 22 model components to the UV plane model.
! The established model now contains 136 components and 0.915929 Jy
! 
! Correcting IF 1.
! 
! Correcting IF 2.
! 
! Correcting IF 3.
! 
! Correcting IF 4.
! 
! Fit before self-cal, rms=0.313385Jy  sigma=1.932431
! Fit after  self-cal, rms=0.313309Jy  sigma=1.931991
! 
! Reinstating the default IF.
mapp
! Inverting map 
! 
! Move the cursor into the plot window and press 'H' for help
clean 200,0.05
! clean: niter=200  gain=0.05  cutoff=0
! Component: 050  -  total flux cleaned = 0.061885 Jy
! Component: 100  -  total flux cleaned = 0.103014 Jy
! Component: 150  -  total flux cleaned = 0.131648 Jy
! Component: 200  -  total flux cleaned = 0.145771 Jy
! Total flux subtracted in 200 components = 0.145771 Jy
! Clean residual min=-0.039341 max=0.044907 Jy/beam
! Clean residual mean=0.000228 rms=0.012020 Jy/beam
! Combined flux in latest and established models = 1.0617 Jy
selfcal false,false,4/6
! Performing phase self-cal over 0.666667 minute time intervals
! Adding 39 model components to the UV plane model.
! The established model now contains 174 components and 1.0617 Jy
! 
! Correcting IF 1.
! 
! Correcting IF 2.
! 
! Correcting IF 3.
! 
! Correcting IF 4.
! 
! Fit before self-cal, rms=0.304059Jy  sigma=1.875504
! Fit after  self-cal, rms=0.303629Jy  sigma=1.872893
! 
! Reinstating the default IF.
mapp
! Inverting map 
! 
! Move the cursor into the plot window and press 'H' for help
clean 200,0.05
! clean: niter=200  gain=0.05  cutoff=0
! Component: 050  -  total flux cleaned = 0.0138769 Jy
! Component: 100  -  total flux cleaned = 0.0204975 Jy
! Component: 150  -  total flux cleaned = 0.0263922 Jy
! Component: 200  -  total flux cleaned = 0.0316665 Jy
! Total flux subtracted in 200 components = 0.0316665 Jy
! Clean residual min=-0.039257 max=0.044189 Jy/beam
! Clean residual mean=0.000225 rms=0.011890 Jy/beam
! Combined flux in latest and established models = 1.09337 Jy
selfcal false,false,4/6
! Performing phase self-cal over 0.666667 minute time intervals
! Adding 41 model components to the UV plane model.
! The established model now contains 194 components and 1.09337 Jy
! 
! Correcting IF 1.
! 
! Correcting IF 2.
! 
! Correcting IF 3.
! 
! Correcting IF 4.
! 
! Fit before self-cal, rms=0.301449Jy  sigma=1.859519
! Fit after  self-cal, rms=0.301319Jy  sigma=1.858719
! 
! Reinstating the default IF.
mapp
! Inverting map 
! 
! Move the cursor into the plot window and press 'H' for help
clean 200,0.05
! clean: niter=200  gain=0.05  cutoff=0
! Component: 050  -  total flux cleaned = 0.00522538 Jy
! Component: 100  -  total flux cleaned = 0.00815697 Jy
! Component: 150  -  total flux cleaned = 0.0118788 Jy
! Component: 200  -  total flux cleaned = 0.0148371 Jy
! Total flux subtracted in 200 components = 0.0148371 Jy
! Clean residual min=-0.040123 max=0.043569 Jy/beam
! Clean residual mean=0.000222 rms=0.011816 Jy/beam
! Combined flux in latest and established models = 1.1082 Jy
selfcal false,false,4/6
! Performing phase self-cal over 0.666667 minute time intervals
! Adding 42 model components to the UV plane model.
! The established model now contains 208 components and 1.1082 Jy
! 
! Correcting IF 1.
! 
! Correcting IF 2.
! 
! Correcting IF 3.
! 
! Correcting IF 4.
! 
! Fit before self-cal, rms=0.300191Jy  sigma=1.851788
! Fit after  self-cal, rms=0.300114Jy  sigma=1.851315
! 
! Reinstating the default IF.
mapp
! Inverting map 
! 
! Move the cursor into the plot window and press 'H' for help
radp
! Using default options string "m1"
! Move the cursor into the plot window and press 'H' for help
clean 200,0.05
! clean: niter=200  gain=0.05  cutoff=0
! Component: 050  -  total flux cleaned = 0.00346782 Jy
! Component: 100  -  total flux cleaned = 0.00577758 Jy
! Component: 150  -  total flux cleaned = 0.00750467 Jy
! Component: 200  -  total flux cleaned = 0.00952378 Jy
! Total flux subtracted in 200 components = 0.00952378 Jy
! Clean residual min=-0.040656 max=0.043280 Jy/beam
! Clean residual mean=0.000220 rms=0.011767 Jy/beam
! Combined flux in latest and established models = 1.11773 Jy
selfcal false,false,4/6
! Performing phase self-cal over 0.666667 minute time intervals
! Adding 49 model components to the UV plane model.
! The established model now contains 230 components and 1.11773 Jy
! 
! Correcting IF 1.
! 
! Correcting IF 2.
! 
! Correcting IF 3.
! 
! Correcting IF 4.
! 
! Fit before self-cal, rms=0.299409Jy  sigma=1.846984
! Fit after  self-cal, rms=0.299367Jy  sigma=1.846725
! 
! Reinstating the default IF.
mapp
! Inverting map 
! 
! Move the cursor into the plot window and press 'H' for help
clean 200,0.05
! clean: niter=200  gain=0.05  cutoff=0
! Component: 050  -  total flux cleaned = 0.0585525 Jy
! Component: 100  -  total flux cleaned = 0.104556 Jy
! Component: 150  -  total flux cleaned = 0.13934 Jy
! Component: 200  -  total flux cleaned = 0.165975 Jy
! Total flux subtracted in 200 components = 0.165975 Jy
! Clean residual min=-0.040807 max=0.039525 Jy/beam
! Clean residual mean=0.000174 rms=0.010793 Jy/beam
! Combined flux in latest and established models = 1.2837 Jy
selfcal false,false,4/6
! Performing phase self-cal over 0.666667 minute time intervals
! Adding 74 model components to the UV plane model.
! The established model now contains 304 components and 1.2837 Jy
! 
! Correcting IF 1.
! 
! Correcting IF 2.
! 
! Correcting IF 3.
! 
! Correcting IF 4.
! 
! Fit before self-cal, rms=0.288234Jy  sigma=1.777824
! Fit after  self-cal, rms=0.287765Jy  sigma=1.775075
! 
! Reinstating the default IF.
mapp
! Inverting map 
! 
! Move the cursor into the plot window and press 'H' for help
clean 200,0.05
! clean: niter=200  gain=0.05  cutoff=0
! Component: 050  -  total flux cleaned = 0.026967 Jy
! Component: 100  -  total flux cleaned = 0.0503702 Jy
! Component: 150  -  total flux cleaned = 0.0706849 Jy
! Component: 200  -  total flux cleaned = 0.0895059 Jy
! Total flux subtracted in 200 components = 0.0895059 Jy
! Clean residual min=-0.040808 max=0.038154 Jy/beam
! Clean residual mean=0.000160 rms=0.010416 Jy/beam
! Combined flux in latest and established models = 1.37321 Jy
selfcal false,false,4/6
! Performing phase self-cal over 0.666667 minute time intervals
! Adding 89 model components to the UV plane model.
! The established model now contains 362 components and 1.37321 Jy
! 
! Correcting IF 1.
! 
! Correcting IF 2.
! 
! Correcting IF 3.
! 
! Correcting IF 4.
! 
! Fit before self-cal, rms=0.282739Jy  sigma=1.744014
! Fit after  self-cal, rms=0.282503Jy  sigma=1.742676
! 
! Reinstating the default IF.
mapp
! Inverting map 
! 
! Move the cursor into the plot window and press 'H' for help
clean 200,0.05
! clean: niter=200  gain=0.05  cutoff=0
! Component: 050  -  total flux cleaned = 0.0173072 Jy
! Component: 100  -  total flux cleaned = 0.0346208 Jy
! Component: 150  -  total flux cleaned = 0.0480677 Jy
! Component: 200  -  total flux cleaned = 0.0624048 Jy
! Total flux subtracted in 200 components = 0.0624048 Jy
! Clean residual min=-0.040819 max=0.037137 Jy/beam
! Clean residual mean=0.000149 rms=0.010184 Jy/beam
! Combined flux in latest and established models = 1.43561 Jy
selfcal false,false,4/6
! Performing phase self-cal over 0.666667 minute time intervals
! Adding 92 model components to the UV plane model.
! The established model now contains 408 components and 1.43561 Jy
! 
! Correcting IF 1.
! 
! Correcting IF 2.
! 
! Correcting IF 3.
! 
! Correcting IF 4.
! 
! Fit before self-cal, rms=0.279374Jy  sigma=1.723344
! Fit after  self-cal, rms=0.279238Jy  sigma=1.722600
! 
! Reinstating the default IF.
mapp
! Inverting map 
! 
! Move the cursor into the plot window and press 'H' for help
radp
! Using default options string "m1"
! Move the cursor into the plot window and press 'H' for help
clean 200,0.05
! clean: niter=200  gain=0.05  cutoff=0
! Component: 050  -  total flux cleaned = 0.0138798 Jy
! Component: 100  -  total flux cleaned = 0.0249333 Jy
! Component: 150  -  total flux cleaned = 0.0353409 Jy
! Component: 200  -  total flux cleaned = 0.0445599 Jy
! Total flux subtracted in 200 components = 0.0445599 Jy
! Clean residual min=-0.040691 max=0.036385 Jy/beam
! Clean residual mean=0.000141 rms=0.010033 Jy/beam
! Combined flux in latest and established models = 1.48017 Jy
selfcal false,false,4/6
! Performing phase self-cal over 0.666667 minute time intervals
! Adding 87 model components to the UV plane model.
! The established model now contains 436 components and 1.48017 Jy
! 
! Correcting IF 1.
! 
! Correcting IF 2.
! 
! Correcting IF 3.
! 
! Correcting IF 4.
! 
! Fit before self-cal, rms=0.277098Jy  sigma=1.709378
! Fit after  self-cal, rms=0.277014Jy  sigma=1.708940
! 
! Reinstating the default IF.
mapp
! Inverting map 
! 
! Move the cursor into the plot window and press 'H' for help
clean 200,0.05
! clean: niter=200  gain=0.05  cutoff=0
! Component: 050  -  total flux cleaned = 0.00953181 Jy
! Component: 100  -  total flux cleaned = 0.0189834 Jy
! Component: 150  -  total flux cleaned = 0.027352 Jy
! Component: 200  -  total flux cleaned = 0.0359775 Jy
! Total flux subtracted in 200 components = 0.0359775 Jy
! Clean residual min=-0.040356 max=0.035656 Jy/beam
! Clean residual mean=0.000135 rms=0.009927 Jy/beam
! Combined flux in latest and established models = 1.51615 Jy
selfcal false,false,4/6
! Performing phase self-cal over 0.666667 minute time intervals
! Adding 85 model components to the UV plane model.
! The established model now contains 462 components and 1.51615 Jy
! 
! Correcting IF 1.
! 
! Correcting IF 2.
! 
! Correcting IF 3.
! 
! Correcting IF 4.
! 
! Fit before self-cal, rms=0.275440Jy  sigma=1.699234
! Fit after  self-cal, rms=0.275381Jy  sigma=1.698931
! 
! Reinstating the default IF.
mapp
! Inverting map 
! 
! Move the cursor into the plot window and press 'H' for help
clean 200,0.05
! clean: niter=200  gain=0.05  cutoff=0
! Component: 050  -  total flux cleaned = 0.00826449 Jy
! Component: 100  -  total flux cleaned = 0.016534 Jy
! Component: 150  -  total flux cleaned = 0.0238821 Jy
! Component: 200  -  total flux cleaned = 0.0325721 Jy
! Total flux subtracted in 200 components = 0.0325721 Jy
! Clean residual min=-0.040098 max=0.035016 Jy/beam
! Clean residual mean=0.000130 rms=0.009851 Jy/beam
! Combined flux in latest and established models = 1.54872 Jy
selfcal false,false,4/6
! Performing phase self-cal over 0.666667 minute time intervals
! Adding 99 model components to the UV plane model.
! The established model now contains 493 components and 1.54872 Jy
! 
! Correcting IF 1.
! 
! Correcting IF 2.
! 
! Correcting IF 3.
! 
! Correcting IF 4.
! 
! Fit before self-cal, rms=0.274169Jy  sigma=1.691464
! Fit after  self-cal, rms=0.274124Jy  sigma=1.691242
! 
! Reinstating the default IF.
mapp
! Inverting map 
! 
! Move the cursor into the plot window and press 'H' for help
radp
! Using default options string "m1"
! Move the cursor into the plot window and press 'H' for help
save 0134+329_S
! Writing UV FITS file: 0134+329_S.uvf
! Writing 493 model components to file: 0134+329_S.mod
! wwins: Wrote 5 windows to 0134+329_S.win
! restore: Substituting estimate of restoring beam from last 'invert'.
! Restoring with beam: 3.854 x 5.946 at -1.407 degrees (North through East)
! Clean map  min=-0.039799  max=0.2692 Jy/beam
! Writing clean map to FITS file: 0134+329_S.fits
! Writing difmap environment to: 0134+329_S.par
device 0134+329_Suv.ps/vps,1,2
! Attempting to open device: '0134+329_Suv.ps/vps'
radp
! Using default options string "m1"
uvp
device 0134+329_Sim.ps/vps
! Attempting to open device: '0134+329_Sim.ps/vps'
cmul = 1.0
uvweight 0,-1
! Uniform weighting is not currently selected.
! Gridding weights will be scaled by errors raised to the power -1.
! Radial weighting is not currently selected.
loglevs (imstat(rms)*3),20000,2
! Inverting map and beam 
! Estimated beam: bmin=3.854 mas, bmaj=5.946 mas, bpa=-1.407 degrees
! Estimated noise=1.41466 mJy/beam.
! The new contour levels are:
!  -0.0296484 0.0296484 0.0592969 0.118594 0.237187 0.474375 0.94875 1.8975 3.795 7.59 15.18 30.36 60.72 121.44 242.88 485.76 971.52 1943.04 3886.08 7772.16 15544.3
mappl cln
! restore: Substituting estimate of restoring beam from last 'invert'.
! Restoring with beam: 3.854 x 5.946 at -1.407 degrees (North through East)
! Clean map  min=-0.039799  max=0.2692 Jy/beam
quit
! Quitting program
! Log file 0134+329_S.log closed on Tue Apr  8 11:21:41 1997
