pyIoapi-0.3.tar.gz
Installation to /lgm/cdat/latest
running build
running config_fc
running build_src
building extension "pyIoapi._pyIoapi" sources
f2py:> build/src/pyIoapi/_pyIoapimodule.c
creating build
creating build/src
creating build/src/pyIoapi
Reading fortran codes...
	Reading file 'Src/open_file.f'
	Reading file 'Src/IODECL3.EXT'
{'this': 'external', 'after': 'check3 , close3,  desc3  , filchk3, init3  ,    &                  shut3  , open3  , read3  , write3 , xtract3,    &                  interp3, ddtvar3, inqatt3, rdatt3 , wratt3 ,    &                  rdattc , wrattc,  sync3,   interpx  ', 'before': ''}
Line #318 in Src/IODECL3.EXT:"        EXTERNAL        CHECK3 , CLOSE3,  DESC3  , FILCHK3, INIT3  ,    &                  SHUT3  , OPEN3  , READ3  , WRITE3 , XTRACT3,    &                  INTERP3, DDTVAR3, INQATT3, RDATT3 , WRATT3 ,    &                  RDATTC , WRATTC,  SYNC3,   INTERPX  "
	analyzeline: no name pattern found in external statement for '&                  shut3'. Skipping.
{'this': 'external', 'after': 'check3 , close3,  desc3  , filchk3, init3  ,    &                  shut3  , open3  , read3  , write3 , xtract3,    &                  interp3, ddtvar3, inqatt3, rdatt3 , wratt3 ,    &                  rdattc , wrattc,  sync3,   interpx  ', 'before': ''}
Line #318 in Src/IODECL3.EXT:"        EXTERNAL        CHECK3 , CLOSE3,  DESC3  , FILCHK3, INIT3  ,    &                  SHUT3  , OPEN3  , READ3  , WRITE3 , XTRACT3,    &                  INTERP3, DDTVAR3, INQATT3, RDATT3 , WRATT3 ,    &                  RDATTC , WRATTC,  SYNC3,   INTERPX  "
	analyzeline: no name pattern found in external statement for '&                  interp3'. Skipping.
{'this': 'external', 'after': 'check3 , close3,  desc3  , filchk3, init3  ,    &                  shut3  , open3  , read3  , write3 , xtract3,    &                  interp3, ddtvar3, inqatt3, rdatt3 , wratt3 ,    &                  rdattc , wrattc,  sync3,   interpx  ', 'before': ''}
Line #318 in Src/IODECL3.EXT:"        EXTERNAL        CHECK3 , CLOSE3,  DESC3  , FILCHK3, INIT3  ,    &                  SHUT3  , OPEN3  , READ3  , WRITE3 , XTRACT3,    &                  INTERP3, DDTVAR3, INQATT3, RDATT3 , WRATT3 ,    &                  RDATTC , WRATTC,  SYNC3,   INTERPX  "
	analyzeline: no name pattern found in external statement for '&                  rdattc'. Skipping.
	Reading file 'Src/PARMS3.EXT'
	Reading file 'Src/FDESC3.EXT'
	Reading file 'Src/write_var.f'
	Reading file 'Src/IODECL3.EXT'
{'this': 'external', 'after': 'check3 , close3,  desc3  , filchk3, init3  ,    &                  shut3  , open3  , read3  , write3 , xtract3,    &                  interp3, ddtvar3, inqatt3, rdatt3 , wratt3 ,    &                  rdattc , wrattc,  sync3,   interpx  ', 'before': ''}
Line #318 in Src/IODECL3.EXT:"        EXTERNAL        CHECK3 , CLOSE3,  DESC3  , FILCHK3, INIT3  ,    &                  SHUT3  , OPEN3  , READ3  , WRITE3 , XTRACT3,    &                  INTERP3, DDTVAR3, INQATT3, RDATT3 , WRATT3 ,    &                  RDATTC , WRATTC,  SYNC3,   INTERPX  "
	analyzeline: no name pattern found in external statement for '&                  shut3'. Skipping.
{'this': 'external', 'after': 'check3 , close3,  desc3  , filchk3, init3  ,    &                  shut3  , open3  , read3  , write3 , xtract3,    &                  interp3, ddtvar3, inqatt3, rdatt3 , wratt3 ,    &                  rdattc , wrattc,  sync3,   interpx  ', 'before': ''}
Line #318 in Src/IODECL3.EXT:"        EXTERNAL        CHECK3 , CLOSE3,  DESC3  , FILCHK3, INIT3  ,    &                  SHUT3  , OPEN3  , READ3  , WRITE3 , XTRACT3,    &                  INTERP3, DDTVAR3, INQATT3, RDATT3 , WRATT3 ,    &                  RDATTC , WRATTC,  SYNC3,   INTERPX  "
	analyzeline: no name pattern found in external statement for '&                  interp3'. Skipping.
{'this': 'external', 'after': 'check3 , close3,  desc3  , filchk3, init3  ,    &                  shut3  , open3  , read3  , write3 , xtract3,    &                  interp3, ddtvar3, inqatt3, rdatt3 , wratt3 ,    &                  rdattc , wrattc,  sync3,   interpx  ', 'before': ''}
Line #318 in Src/IODECL3.EXT:"        EXTERNAL        CHECK3 , CLOSE3,  DESC3  , FILCHK3, INIT3  ,    &                  SHUT3  , OPEN3  , READ3  , WRITE3 , XTRACT3,    &                  INTERP3, DDTVAR3, INQATT3, RDATT3 , WRATT3 ,    &                  RDATTC , WRATTC,  SYNC3,   INTERPX  "
	analyzeline: no name pattern found in external statement for '&                  rdattc'. Skipping.
	Reading file 'Src/PARMS3.EXT'
	Reading file 'Src/FDESC3.EXT'
	Reading file 'Src/init_ioapi.f'
	Reading file 'Src/IODECL3.EXT'
{'this': 'external', 'after': 'check3 , close3,  desc3  , filchk3, init3  ,    &                  shut3  , open3  , read3  , write3 , xtract3,    &                  interp3, ddtvar3, inqatt3, rdatt3 , wratt3 ,    &                  rdattc , wrattc,  sync3,   interpx  ', 'before': ''}
Line #318 in Src/IODECL3.EXT:"        EXTERNAL        CHECK3 , CLOSE3,  DESC3  , FILCHK3, INIT3  ,    &                  SHUT3  , OPEN3  , READ3  , WRITE3 , XTRACT3,    &                  INTERP3, DDTVAR3, INQATT3, RDATT3 , WRATT3 ,    &                  RDATTC , WRATTC,  SYNC3,   INTERPX  "
	analyzeline: no name pattern found in external statement for '&                  shut3'. Skipping.
{'this': 'external', 'after': 'check3 , close3,  desc3  , filchk3, init3  ,    &                  shut3  , open3  , read3  , write3 , xtract3,    &                  interp3, ddtvar3, inqatt3, rdatt3 , wratt3 ,    &                  rdattc , wrattc,  sync3,   interpx  ', 'before': ''}
Line #318 in Src/IODECL3.EXT:"        EXTERNAL        CHECK3 , CLOSE3,  DESC3  , FILCHK3, INIT3  ,    &                  SHUT3  , OPEN3  , READ3  , WRITE3 , XTRACT3,    &                  INTERP3, DDTVAR3, INQATT3, RDATT3 , WRATT3 ,    &                  RDATTC , WRATTC,  SYNC3,   INTERPX  "
	analyzeline: no name pattern found in external statement for '&                  interp3'. Skipping.
{'this': 'external', 'after': 'check3 , close3,  desc3  , filchk3, init3  ,    &                  shut3  , open3  , read3  , write3 , xtract3,    &                  interp3, ddtvar3, inqatt3, rdatt3 , wratt3 ,    &                  rdattc , wrattc,  sync3,   interpx  ', 'before': ''}
Line #318 in Src/IODECL3.EXT:"        EXTERNAL        CHECK3 , CLOSE3,  DESC3  , FILCHK3, INIT3  ,    &                  SHUT3  , OPEN3  , READ3  , WRITE3 , XTRACT3,    &                  INTERP3, DDTVAR3, INQATT3, RDATT3 , WRATT3 ,    &                  RDATTC , WRATTC,  SYNC3,   INTERPX  "
	analyzeline: no name pattern found in external statement for '&                  rdattc'. Skipping.
	Reading file 'Src/file_desc.f'
	Reading file 'Src/IODECL3.EXT'
{'this': 'external', 'after': 'check3 , close3,  desc3  , filchk3, init3  ,    &                  shut3  , open3  , read3  , write3 , xtract3,    &                  interp3, ddtvar3, inqatt3, rdatt3 , wratt3 ,    &                  rdattc , wrattc,  sync3,   interpx  ', 'before': ''}
Line #318 in Src/IODECL3.EXT:"        EXTERNAL        CHECK3 , CLOSE3,  DESC3  , FILCHK3, INIT3  ,    &                  SHUT3  , OPEN3  , READ3  , WRITE3 , XTRACT3,    &                  INTERP3, DDTVAR3, INQATT3, RDATT3 , WRATT3 ,    &                  RDATTC , WRATTC,  SYNC3,   INTERPX  "
	analyzeline: no name pattern found in external statement for '&                  shut3'. Skipping.
{'this': 'external', 'after': 'check3 , close3,  desc3  , filchk3, init3  ,    &                  shut3  , open3  , read3  , write3 , xtract3,    &                  interp3, ddtvar3, inqatt3, rdatt3 , wratt3 ,    &                  rdattc , wrattc,  sync3,   interpx  ', 'before': ''}
Line #318 in Src/IODECL3.EXT:"        EXTERNAL        CHECK3 , CLOSE3,  DESC3  , FILCHK3, INIT3  ,    &                  SHUT3  , OPEN3  , READ3  , WRITE3 , XTRACT3,    &                  INTERP3, DDTVAR3, INQATT3, RDATT3 , WRATT3 ,    &                  RDATTC , WRATTC,  SYNC3,   INTERPX  "
	analyzeline: no name pattern found in external statement for '&                  interp3'. Skipping.
{'this': 'external', 'after': 'check3 , close3,  desc3  , filchk3, init3  ,    &                  shut3  , open3  , read3  , write3 , xtract3,    &                  interp3, ddtvar3, inqatt3, rdatt3 , wratt3 ,    &                  rdattc , wrattc,  sync3,   interpx  ', 'before': ''}
Line #318 in Src/IODECL3.EXT:"        EXTERNAL        CHECK3 , CLOSE3,  DESC3  , FILCHK3, INIT3  ,    &                  SHUT3  , OPEN3  , READ3  , WRITE3 , XTRACT3,    &                  INTERP3, DDTVAR3, INQATT3, RDATT3 , WRATT3 ,    &                  RDATTC , WRATTC,  SYNC3,   INTERPX  "
	analyzeline: no name pattern found in external statement for '&                  rdattc'. Skipping.
	Reading file 'Src/PARMS3.EXT'
	Reading file 'Src/FDESC3.EXT'
	Reading file 'Src/IODECL3.EXT'
{'this': 'external', 'after': 'check3 , close3,  desc3  , filchk3, init3  ,    &                  shut3  , open3  , read3  , write3 , xtract3,    &                  interp3, ddtvar3, inqatt3, rdatt3 , wratt3 ,    &                  rdattc , wrattc,  sync3,   interpx  ', 'before': ''}
Line #318 in Src/IODECL3.EXT:"        EXTERNAL        CHECK3 , CLOSE3,  DESC3  , FILCHK3, INIT3  ,    &                  SHUT3  , OPEN3  , READ3  , WRITE3 , XTRACT3,    &                  INTERP3, DDTVAR3, INQATT3, RDATT3 , WRATT3 ,    &                  RDATTC , WRATTC,  SYNC3,   INTERPX  "
	analyzeline: no name pattern found in external statement for '&                  shut3'. Skipping.
{'this': 'external', 'after': 'check3 , close3,  desc3  , filchk3, init3  ,    &                  shut3  , open3  , read3  , write3 , xtract3,    &                  interp3, ddtvar3, inqatt3, rdatt3 , wratt3 ,    &                  rdattc , wrattc,  sync3,   interpx  ', 'before': ''}
Line #318 in Src/IODECL3.EXT:"        EXTERNAL        CHECK3 , CLOSE3,  DESC3  , FILCHK3, INIT3  ,    &                  SHUT3  , OPEN3  , READ3  , WRITE3 , XTRACT3,    &                  INTERP3, DDTVAR3, INQATT3, RDATT3 , WRATT3 ,    &                  RDATTC , WRATTC,  SYNC3,   INTERPX  "
	analyzeline: no name pattern found in external statement for '&                  interp3'. Skipping.
{'this': 'external', 'after': 'check3 , close3,  desc3  , filchk3, init3  ,    &                  shut3  , open3  , read3  , write3 , xtract3,    &                  interp3, ddtvar3, inqatt3, rdatt3 , wratt3 ,    &                  rdattc , wrattc,  sync3,   interpx  ', 'before': ''}
Line #318 in Src/IODECL3.EXT:"        EXTERNAL        CHECK3 , CLOSE3,  DESC3  , FILCHK3, INIT3  ,    &                  SHUT3  , OPEN3  , READ3  , WRITE3 , XTRACT3,    &                  INTERP3, DDTVAR3, INQATT3, RDATT3 , WRATT3 ,    &                  RDATTC , WRATTC,  SYNC3,   INTERPX  "
	analyzeline: no name pattern found in external statement for '&                  rdattc'. Skipping.
	Reading file 'Src/PARMS3.EXT'
	Reading file 'Src/FDESC3.EXT'
	Reading file 'Src/read_var.f'
	Reading file 'Src/IODECL3.EXT'
{'this': 'external', 'after': 'check3 , close3,  desc3  , filchk3, init3  ,    &                  shut3  , open3  , read3  , write3 , xtract3,    &                  interp3, ddtvar3, inqatt3, rdatt3 , wratt3 ,    &                  rdattc , wrattc,  sync3,   interpx  ', 'before': ''}
Line #318 in Src/IODECL3.EXT:"        EXTERNAL        CHECK3 , CLOSE3,  DESC3  , FILCHK3, INIT3  ,    &                  SHUT3  , OPEN3  , READ3  , WRITE3 , XTRACT3,    &                  INTERP3, DDTVAR3, INQATT3, RDATT3 , WRATT3 ,    &                  RDATTC , WRATTC,  SYNC3,   INTERPX  "
	analyzeline: no name pattern found in external statement for '&                  shut3'. Skipping.
{'this': 'external', 'after': 'check3 , close3,  desc3  , filchk3, init3  ,    &                  shut3  , open3  , read3  , write3 , xtract3,    &                  interp3, ddtvar3, inqatt3, rdatt3 , wratt3 ,    &                  rdattc , wrattc,  sync3,   interpx  ', 'before': ''}
Line #318 in Src/IODECL3.EXT:"        EXTERNAL        CHECK3 , CLOSE3,  DESC3  , FILCHK3, INIT3  ,    &                  SHUT3  , OPEN3  , READ3  , WRITE3 , XTRACT3,    &                  INTERP3, DDTVAR3, INQATT3, RDATT3 , WRATT3 ,    &                  RDATTC , WRATTC,  SYNC3,   INTERPX  "
	analyzeline: no name pattern found in external statement for '&                  interp3'. Skipping.
{'this': 'external', 'after': 'check3 , close3,  desc3  , filchk3, init3  ,    &                  shut3  , open3  , read3  , write3 , xtract3,    &                  interp3, ddtvar3, inqatt3, rdatt3 , wratt3 ,    &                  rdattc , wrattc,  sync3,   interpx  ', 'before': ''}
Line #318 in Src/IODECL3.EXT:"        EXTERNAL        CHECK3 , CLOSE3,  DESC3  , FILCHK3, INIT3  ,    &                  SHUT3  , OPEN3  , READ3  , WRITE3 , XTRACT3,    &                  INTERP3, DDTVAR3, INQATT3, RDATT3 , WRATT3 ,    &                  RDATTC , WRATTC,  SYNC3,   INTERPX  "
	analyzeline: no name pattern found in external statement for '&                  rdattc'. Skipping.
	Reading file 'Src/PARMS3.EXT'
	Reading file 'Src/FDESC3.EXT'
	Reading file 'Src/close_file.f'
	Reading file 'Src/IODECL3.EXT'
{'this': 'external', 'after': 'check3 , close3,  desc3  , filchk3, init3  ,    &                  shut3  , open3  , read3  , write3 , xtract3,    &                  interp3, ddtvar3, inqatt3, rdatt3 , wratt3 ,    &                  rdattc , wrattc,  sync3,   interpx  ', 'before': ''}
Line #318 in Src/IODECL3.EXT:"        EXTERNAL        CHECK3 , CLOSE3,  DESC3  , FILCHK3, INIT3  ,    &                  SHUT3  , OPEN3  , READ3  , WRITE3 , XTRACT3,    &                  INTERP3, DDTVAR3, INQATT3, RDATT3 , WRATT3 ,    &                  RDATTC , WRATTC,  SYNC3,   INTERPX  "
	analyzeline: no name pattern found in external statement for '&                  shut3'. Skipping.
{'this': 'external', 'after': 'check3 , close3,  desc3  , filchk3, init3  ,    &                  shut3  , open3  , read3  , write3 , xtract3,    &                  interp3, ddtvar3, inqatt3, rdatt3 , wratt3 ,    &                  rdattc , wrattc,  sync3,   interpx  ', 'before': ''}
Line #318 in Src/IODECL3.EXT:"        EXTERNAL        CHECK3 , CLOSE3,  DESC3  , FILCHK3, INIT3  ,    &                  SHUT3  , OPEN3  , READ3  , WRITE3 , XTRACT3,    &                  INTERP3, DDTVAR3, INQATT3, RDATT3 , WRATT3 ,    &                  RDATTC , WRATTC,  SYNC3,   INTERPX  "
	analyzeline: no name pattern found in external statement for '&                  interp3'. Skipping.
{'this': 'external', 'after': 'check3 , close3,  desc3  , filchk3, init3  ,    &                  shut3  , open3  , read3  , write3 , xtract3,    &                  interp3, ddtvar3, inqatt3, rdatt3 , wratt3 ,    &                  rdattc , wrattc,  sync3,   interpx  ', 'before': ''}
Line #318 in Src/IODECL3.EXT:"        EXTERNAL        CHECK3 , CLOSE3,  DESC3  , FILCHK3, INIT3  ,    &                  SHUT3  , OPEN3  , READ3  , WRITE3 , XTRACT3,    &                  INTERP3, DDTVAR3, INQATT3, RDATT3 , WRATT3 ,    &                  RDATTC , WRATTC,  SYNC3,   INTERPX  "
	analyzeline: no name pattern found in external statement for '&                  rdattc'. Skipping.
Post-processing...
	Block: _pyIoapi
			Block: open_file
			Block: write_var
			Block: init_ioapi
			Block: read_desc
			Block: print_desc
			Block: read_var
			Block: close_file
Post-processing (stage 2)...
Building modules...
	Building module "_pyIoapi"...
		Constructing wrapper function "open_file"...
		  status = open_file(file,fstatus)
		Constructing wrapper function "write_var"...
		  status = write_var(a,file,var_name,nsteps,nlays,nrows,ncols,date,start_time,tstep)
		Constructing wrapper function "init_ioapi"...
		  logunit = init_ioapi()
		Constructing wrapper function "read_desc"...
		  status = read_desc(file)
		Constructing wrapper function "print_desc"...
		  print_desc()
		Constructing wrapper function "read_var"...
		  a = read_var(file,var_name,nsteps,nlays,nrows,ncols,date,start_time,tstep,lay)
		Constructing wrapper function "close_file"...
		  status = close_file(file)
		Constructing COMMON block support for "cdesc3"...
		  gdnam3d,upnam3d,execn3d,fdesc3d,updsc3d,vname3d,units3d,vdesc3d
		Constructing COMMON block support for "bdesc3"...
		  p_alp3d,p_bet3d,p_gam3d,xcent3d,ycent3d,xorig3d,yorig3d,xcell3d,ycell3d,ftype3d,cdate3d,ctime3d,wdate3d,wtime3d,sdate3d,stime3d,tstep3d,mxrec3d,nvars3d,ncols3d,nrows3d,nlays3d,nthik3d,gdtyp3d,vgtyp3d,vgtop3d,vglvs3d,vtype3d
	Wrote C/API module "_pyIoapi" to file "build/src/pyIoapi/_pyIoapimodule.c"
	Fortran 77 wrappers are saved to "build/src/pyIoapi/_pyIoapi-f2pywrappers.f"
  adding 'build/src/fortranobject.c' to sources.
  adding 'build/src' to include_dirs.
copying /lgm/cdat/latest/lib/python2.5/site-packages/f2py2e/src/fortranobject.c -> build/src
copying /lgm/cdat/latest/lib/python2.5/site-packages/f2py2e/src/fortranobject.h -> build/src
  adding 'build/src/pyIoapi/_pyIoapi-f2pywrappers.f' to sources.
running build_py
creating build/lib.linux-i686-2.5
creating build/lib.linux-i686-2.5/pyIoapi
copying Lib/package_version.py -> build/lib.linux-i686-2.5/pyIoapi
copying Lib/pyIoapi.py -> build/lib.linux-i686-2.5/pyIoapi
copying Lib/__init__.py -> build/lib.linux-i686-2.5/pyIoapi
running build_ext
customize UnixCCompiler
customize UnixCCompiler using build_ext
Could not locate executable g77
Could not locate executable f77
customize GnuFCompiler
Could not locate executable ifort
Could not locate executable ifc
Could not locate executable efort
Could not locate executable efc
Could not locate executable ifort
customize IntelFCompiler
customize LaheyFCompiler
customize PGroupFCompiler
customize AbsoftFCompiler
customize NAGFCompiler
customize VastFCompiler
customize CompaqFCompiler
customize IntelItaniumFCompiler
customize GnuFCompiler
customize GFortranCompiler
customize GFortranCompiler
customize GFortranCompiler using build_ext
building 'pyIoapi._pyIoapi' extension
compiling C sources
gcc options: '-fno-strict-aliasing -DNDEBUG -O -fPIC'
creating build/temp.linux-i686-2.5
creating build/temp.linux-i686-2.5/build
creating build/temp.linux-i686-2.5/build/src
creating build/temp.linux-i686-2.5/build/src/pyIoapi
compile options: '-ISrc -Ibuild/src -I/lgm/cdat/latest/include/python2.5 -c'
gcc: build/src/pyIoapi/_pyIoapimodule.c
gcc: build/src/fortranobject.c
compiling Fortran sources
gfortran(f77) options: ' -fPIC -O3 -funroll-loops'
gfortran(f90) options: ' -fPIC -O3 -funroll-loops'
creating build/temp.linux-i686-2.5/Src
compile options: '-ISrc -Ibuild/src -I/lgm/cdat/latest/include/python2.5 -c'
gfortran:f77: Src/open_file.f
gfortran:f77: Src/write_var.f
gfortran:f77: Src/init_ioapi.f
gfortran:f77: Src/file_desc.f
gfortran:f77: Src/read_var.f
gfortran:f77: Src/close_file.f
gfortran:f77: build/src/pyIoapi/_pyIoapi-f2pywrappers.f
/usr/local/bin/gfortran -shared build/temp.linux-i686-2.5/build/src/pyIoapi/_pyIoapimodule.o build/temp.linux-i686-2.5/build/src/fortranobject.o build/temp.linux-i686-2.5/Src/open_file.o build/temp.linux-i686-2.5/Src/write_var.o build/temp.linux-i686-2.5/Src/init_ioapi.o build/temp.linux-i686-2.5/Src/file_desc.o build/temp.linux-i686-2.5/Src/read_var.o build/temp.linux-i686-2.5/Src/close_file.o build/temp.linux-i686-2.5/build/src/pyIoapi/_pyIoapi-f2pywrappers.o -L/lgm/cdat/latest/../Externals/lib -L/lgm/cdat/latest/../Externals/NetCDF/lib -LSrc/lib_external -L/usr/lib -L/usr/local/lib -L/sw/lib -lioapi -lnetcdf -lgfortran -o build/lib.linux-i686-2.5/pyIoapi/_pyIoapi.so
running install
running install_lib
copying build/lib.linux-i686-2.5/pyIoapi/_pyIoapi.so -> /lgm/cdat/latest/lib/python2.5/site-packages/pyIoapi
running install_egg_info
Removing /lgm/cdat/latest/lib/python2.5/site-packages/pyIoapi-0.2-py2.5.egg-info
Writing /lgm/cdat/latest/lib/python2.5/site-packages/pyIoapi-0.2-py2.5.egg-info
