<!-- Title: Eve shift. Thu Feb 23, 2006 -->
<!-- SciCo: Alvin Laasanen -->
<!-- DAQAce: Brian Mohr -->
<!-- MonAce: Salvador Carrillo -->
<!-- CO: &nbsp; -->
<!-- OpManager: Guram Chlachidze -->
<!-- Notes: -->
<pre>Plug source calibrations in progress 
</pre>

<!-- Date: Thu Feb 23 16:16:32.131 2006 -->
Run <A HREF="/java/cdfdb/servlet/RunSummary?RUN_NUMBER=212178">212178</A>
TERMINATE: Plug Sourcing, Field OFF, tubes 79 & 80, PEM 4.0
<!-- Author: sedov -->


<!-- Date: Thu Feb 23 16:24:27.106 2006 -->
Run <A HREF="/java/cdfdb/servlet/RunSummary?RUN_NUMBER=212179">212179</A>
TERMINATE: Plug Sourcing, Field OFF, tubes 92 & 93, PEM 4.1
<!-- Author: sedov -->


<!-- Date: Thu Feb 23 16:34:47.130 2006 -->
Run <A HREF="/java/cdfdb/servlet/RunSummary?RUN_NUMBER=212180">212180</A>
TERMINATE: Plug Sourcing, Field OFF, tubes 101 & 102, PEM 5.0
<!-- Author: sedov -->


<!-- Date: Thu Feb 23 16:43:51.055 2006 -->
Run <A HREF="/java/cdfdb/servlet/RunSummary?RUN_NUMBER=212181">212181</A>
TERMINATE: Plug Sourcing, Field OFF, tubes 110 & 111, PEM 5.1
<!-- Author: sedov -->


<!-- Date: Thu Feb 23 16:54:41.371 2006 -->
Run <A HREF="/java/cdfdb/servlet/RunSummary?RUN_NUMBER=212182">212182</A>
TERMINATE: PLug Sourcing, Field OFF, tubes 113 & 114, PHA 5.1 
<!-- Author: sedov -->


<!-- Date: Thu Feb 23 17:10:44.480 2006 -->
Run <A HREF="/java/cdfdb/servlet/RunSummary?RUN_NUMBER=212183">212183</A>
TERMINATE: Plug Sourcing, Field OFF, tubes 104 & 105, PHA 5.0
<!-- Author: sedov -->


<!-- Date: Thu Feb 23 17:19:01.760 2006 -->
Run <A HREF="/java/cdfdb/servlet/RunSummary?RUN_NUMBER=212184">212184</A>
TERMINATE: Plug Sourcing, Field OFF, tubes 95 & 96, PHA 4.1
<!-- Author: sedov -->


<!-- Date: Thu Feb 23 17:26:10.426 2006 -->
Run <A HREF="/java/cdfdb/servlet/RunSummary?RUN_NUMBER=212185">212185</A>
TERMINATE: Plug Sourcing, Field OFF, tubes 82 & 83, PHA 4.0
<!-- Author: sedov -->


<!-- Date: Thu Feb 23 17:38:14.749 2006 -->
Run <A HREF="/java/cdfdb/servlet/RunSummary?RUN_NUMBER=212186">212186</A>
TERMINATE: Plug Sourcing, Field OFF, tubes 73 & 74, PHA 3.1
<!-- Author: sedov -->


<!-- Date: Thu Feb 23 17:46:04.265 2006 -->
Run <A HREF="/java/cdfdb/servlet/RunSummary?RUN_NUMBER=212188">212188</A>
TERMINATE: Plug Sourcing, Field OFF, tubes 64 & 65, PHA 3.0
<!-- Author: sedov -->


<!-- Date: Thu Feb 23 17:53:50.342 2006 -->
Run <A HREF="/java/cdfdb/servlet/RunSummary?RUN_NUMBER=212189">212189</A>
TERMINATE: Plug Sourcing, Field OFF, tubes 55 & 56, PHA 2.1
<!-- Author: sedov -->


<!-- Date: Thu Feb 23 18:06:45.817 2006 -->
Run <A HREF="/java/cdfdb/servlet/RunSummary?RUN_NUMBER=212190">212190</A>
TERMINATE: Plug Sourcing, Field OFF, tubes 46 & 47, PHA 2.0
<!-- Author: sedov -->


<!-- Date: Thu Feb 23 18:15:59.419 2006 -->
Run <A HREF="/java/cdfdb/servlet/RunSummary?RUN_NUMBER=212192">212192</A>
ACTIVATE: RunSet: PLUG_NEW  Trigger: COSMICS_NOTRACKS [9,731,600] 
<!-- Author: sedov -->


<!-- Date: Thu Feb 23 18:16:00.631 2006 -->
Run <A HREF="/java/cdfdb/servlet/RunSummary?RUN_NUMBER=212191">212191</A>
TERMINATE: Plug Sourcing, Field OFF, tubes 37 & 38, PHA 1.1
<!-- Author: sedov -->


<!-- Date: Thu Feb 23 18:24:20.821 2006 -->
Run <A HREF="/java/cdfdb/servlet/RunSummary?RUN_NUMBER=212192">212192</A>
TERMINATE: Plug Sourcing, Field OFF, tubes 24 & 25, PHA 1.0
<!-- Author: sedov -->


<!-- Date: Thu Feb 23 18:34:20.100 2006 -->
Run <A HREF="/java/cdfdb/servlet/RunSummary?RUN_NUMBER=212194">212194</A>
TERMINATE: Plug Sourcing, Field OFF, tubes 15 & 16, PHA 0.1
<!-- Author: sedov -->


<!-- Date: Thu Feb 23 18:42:15.910 2006 -->
Run <A HREF="/java/cdfdb/servlet/RunSummary?RUN_NUMBER=212195">212195</A>
TERMINATE: wrong number of events. Have to do it again.
<!-- Author: sedov -->
<!-- Comment: Thu Feb 23 18;45;48 comment by...sedov -->
<pre>Error from Error Handler :


b0dau32.fnal.gov:csl_mon_send:6:39:22 PM->CSL received a "BAD EVENT" in partition 3.[MLW](MLE) b0eproxy02.fnal.gov:main:6:39:22 PM->Error on L3 node b0l3222 (partition 3) Thu Feb 23 18:39:21 2006 l3_node 
  in exe_exchange (l3_ana_exe.c:570)
  @L3_EXE_TERM:  Filter 3 died

(MLE) b0eproxy02.fnal.gov:main:6:39:22 PM->Error on L3 node b0l3212 (partition 3) Thu Feb 23 18:39:21 2006 l3_node 
  in exe_exchange (l3_ana_exe.c:570)
  @L3_EXE_TERM:  Filter 2 died

(MLE) b0eproxy02.fnal.gov:main:6:39:22 PM->Error on L3 node b0l3222 (partition 3) Thu Feb 23 18:39:21 2006 l3_node 
  in exe_exchange (l3_ana_exe.c:570)
  @L3_EXE_TERM:  Filter 4 died

(MLE) b0eproxy02.fnal.gov:main:6:39:22 PM->Error on L3 node b0l3219 (partition 3) Thu Feb 23 18:39:22 2006 l3_node 
  in exe_exchange (l3_ana_exe.c:570)
  @L3_EXE_TERM:  Filter 1 died

(MLE) b0eproxy02.fnal.gov:main:6:39:22 PM->Error on L3 node b0l3212 (partition 3) Thu Feb 23 18:39:21 2006 l3_node 
  in exe_exchange (l3_ana_exe.c:570)
  @L3_EXE_TERM:  Filter 3 died
</pre>

<!-- Comment: Thu Feb 23 20;47;25 comment by...Brian -->
I restarted CSL and did and EVB cleanup.  This solved the problem.
<!-- Date: Thu Feb 23 19:06:39.986 2006 -->
Run <A HREF="/java/cdfdb/servlet/RunSummary?RUN_NUMBER=212198">212198</A>
TERMINATE: Plug Sourcing, Field OFF, tubes 6 & 7, PHA 0.0
<!-- Author: sedov -->


<!-- Date: Thu Feb 23 19:17:48.529 2006 -->
Run <A HREF="/java/cdfdb/servlet/RunSummary?RUN_NUMBER=212200">212200</A>
TERMINATE: Plug Sourcing, Field OFF, tubes 1 & 2, PS 0.0
<!-- Author: sedov -->


<!-- Date: Thu Feb 23 19:28:39.332 2006 -->
Run <A HREF="/java/cdfdb/servlet/RunSummary?RUN_NUMBER=212203">212203</A>
TERMINATE: Plug Sourcing, Field OFF, tubes 10 & 11, PS 0.1
<!-- Author: sedov -->


<!-- Date: Thu Feb 23 19:37:31.023 2006 -->
Run <A HREF="/java/cdfdb/servlet/RunSummary?RUN_NUMBER=212205">212205</A>
TERMINATE: Plug Sourcing, Field OFF, tubes 19 & 20, PS 1.0
<!-- Author: sedov -->


<!-- Date: Thu Feb 23 19:46:50.555 2006 -->
Run <A HREF="/java/cdfdb/servlet/RunSummary?RUN_NUMBER=212207">212207</A>
TERMINATE: Plug Sourcing, Field OFF, tubes 32 & 33, PS 1.1
<!-- Author: sedov -->


<!-- Date: Thu Feb 23 19:57:16.333 2006 -->
Run <A HREF="/java/cdfdb/servlet/RunSummary?RUN_NUMBER=212209">212209</A>
TERMINATE: Plug Sourcing, Field OFF, tubes 41 & 42, PS 2.0
<!-- Author: sedov -->


<!-- Date: Thu Feb 23 20:05:56.579 2006 -->
Run <A HREF="/java/cdfdb/servlet/RunSummary?RUN_NUMBER=212211">212211</A>
TERMINATE: Plug Sourcing, Field OFF, tubes 50 & 51, PS 2.1
<!-- Author: sedov -->


<!-- Date: Thu Feb 23 20:14:13.016 2006 -->
Run <A HREF="/java/cdfdb/servlet/RunSummary?RUN_NUMBER=212214">212214</A>
TERMINATE: Plug Sourcing, Field OFF, tubes 59 & 60, PS 3.0
<!-- Author: sedov -->


<!-- Date: Thu Feb 23 20:23:43.909 2006 -->
Run <A HREF="/java/cdfdb/servlet/RunSummary?RUN_NUMBER=212216">212216</A>
TERMINATE: Plug Sourcing, Field OFF, tubes 68 & 69, PS 3.1
<!-- Author: sedov -->


<!-- Date: Thu Feb 23 20:30:18.545 2006 -->
Run <A HREF="/java/cdfdb/servlet/RunSummary?RUN_NUMBER=212218">212218</A>
TERMINATE: Plug Sourcing, Field OFF, tubes 77 & 78, PS 4.0
<!-- Author: sedov -->


<!-- Date: Thu Feb 23 20:38:37.658 2006 -->
Run <A HREF="/java/cdfdb/servlet/RunSummary?RUN_NUMBER=212220">212220</A>
TERMINATE: Plug Sourcing, Field OFF, tubes 90 & 91, PS 4.1
<!-- Author: sedov -->



<!-- Date: Thu Feb 23 20:49:32.543 2006 -->
Run <A HREF="/java/cdfdb/servlet/RunSummary?RUN_NUMBER=212222">212222</A>
TERMINATE: wrong number of events. Have to do it again.
<!-- Author: sedov -->



<!-- Date: Thu Feb 23 20:55:33.908 2006 -->
I finished testing XTRP mapping code for the stereo XFT.  Progress was made.   I reloaded the standard mapping code and returned the XTRP crate to the shift crew.
<!-- Author: KPitts -->

<!-- Date: Thu Feb 23 20:58:29.766 2006 -->
Run <A HREF="/java/cdfdb/servlet/RunSummary?RUN_NUMBER=212224">212224</A>
TERMINATE: Plug Sourcing, Field OFF, tubes 99 & 100, PS 5.0
<!-- Author: sedov -->


<!-- Date: Thu Feb 23 21:07:56.522 2006 -->
Run <A HREF="/java/cdfdb/servlet/RunSummary?RUN_NUMBER=212226">212226</A>
TERMINATE: Plug Sourcing, Field OFF, tubes 108 & 109, PS 5.1
<!-- Author: sedov -->


<!-- Date: Thu Feb 23 21:17:55.110 2006 -->
Run <A HREF="/java/cdfdb/servlet/RunSummary?RUN_NUMBER=212227">212227</A>
TERMINATE: Plug Sourcing, Field OFF, tubes 86 & 87, SMX 1.0
<!-- Author: sedov -->


<!-- Date: Thu Feb 23 21:33:37.028 2006 -->
Run <A HREF="/java/cdfdb/servlet/RunSummary?RUN_NUMBER=212228">212228</A>
TERMINATE: Plug Sourcing, Field OFF, tubes 88 & 89, SMX 1.1
<!-- Author: sedov -->



<!-- Date: Thu Feb 23 21:39:56.724 2006 -->
ProcMon error:  Icicle was not updating.  Found PC in 2RR06B had an "ifix error."  Clicked "OK" and restarted icicle.  This time got a Windows error "ifix has encountered a problem and needs to close." 
Restarted icicle once again.  This time, everything looks OK.
<!-- Author: Brian -->

<!-- Date: Thu Feb 23 21:46:11.949 2006 -->
Run <A HREF="/java/cdfdb/servlet/RunSummary?RUN_NUMBER=212229">212229</A>
TERMINATE: Plug Sourcing, Field OFF, tubes 28 & 29, SMX 0.0
<!-- Author: sedov -->


<!-- Date: Thu Feb 23 21:56:53.872 2006 -->
Run <A HREF="/java/cdfdb/servlet/RunSummary?RUN_NUMBER=212230">212230</A>
TERMINATE: Plug Sourcing, Field OFF, tubes 30 & 31, SMX 0.1
<!-- Author: sedov -->


<!-- Date: Thu Feb 23 22:10:22.088 2006 -->
Run <A HREF="/java/cdfdb/servlet/RunSummary?RUN_NUMBER=212231">212231</A>
ACTIVATE: RunSet: BOTHPLUGS_NORMAL Starting plug laser calibrations now that Alexei has finished sourcing.
<!-- Author: Brian -->


<!-- Date: Thu Feb 23 22:16:37.056 2006 -->
Run <A HREF="/java/cdfdb/servlet/RunSummary?RUN_NUMBER=212231">212231</A>
TERMINATE: Finished normal mode
<!-- Author: Brian -->


<!-- Date: Thu Feb 23 22:19:11.045 2006 -->
Run <A HREF="/java/cdfdb/servlet/RunSummary?RUN_NUMBER=212232">212232</A>
ACTIVATE: RunSet: BOTHPLUGS_MM_C 
<!-- Author: Brian -->


<!-- Date: Thu Feb 23 22:19:12.400 2006 -->
Run <A HREF="/java/cdfdb/servlet/RunSummary?RUN_NUMBER=212232">212232</A>
TERMINATE: Done TO in HADRON_TIMING_00.  Will try again.
<!-- Author: Brian -->
<!-- Comment: Thu Feb 23 22;24;16 comment by...Brian -->
Still get a done TO after only a handful of events in HADRON_TIMING_00
<!-- Date: Thu Feb 23 22:22:51.800 2006 -->
SEVB not responding to transitions.  Stop and start in proxy viewer.  Seems to have solved the problem.
<!-- Author: Brian :: (run <a href='/java/cdfdb/servlet/RunSummary?RUN_NUMBER=212232' target=_top>212232</a>) -->

<!-- Date: Thu Feb 23 22:23:34.765 2006 -->
Run <A HREF="/java/cdfdb/servlet/RunSummary?RUN_NUMBER=212233">212233</A>
ACTIVATE: RunSet: BOTHPLUGS_MM_C 
<!-- Author: Brian -->



<!-- Date: Thu Feb 23 22:25:57.787 2006 -->
Run <A HREF="/java/cdfdb/servlet/RunSummary?RUN_NUMBER=212233">212233</A>
TERMINATE: Tried HRR to resolve done TO, but no luck.  Aborted because we are not taking any events.
<!-- Author: Brian -->
<!-- Comment: Thu Feb 23 22;33;47 comment by...Brian -->
Had to stop/start SEVB again. Stuck in Abort transition and also would not Partition after a manual override.
<!-- Date: Thu Feb 23 22:30:53.884 2006 -->
Run <A HREF="/java/cdfdb/servlet/RunSummary?RUN_NUMBER=212234">212234</A>
ACTIVATE: RunSet: BOTHPLUGS_MM Try regular Myron mode to see if behavior is any different.
<!-- Author: Brian -->


<!-- Date: Thu Feb 23 22:32:15.211 2006 -->
Run <A HREF="/java/cdfdb/servlet/RunSummary?RUN_NUMBER=212234">212234</A>
TERMINATE: No problems with MM.
<!-- Author: Brian -->



<!-- Date: Thu Feb 23 22:35:55.195 2006 -->
Run <A HREF="/java/cdfdb/servlet/RunSummary?RUN_NUMBER=212235">212235</A>
ACTIVATE: RunSet: BOTHPLUGS_MM_C 
<!-- Author: Brian -->
<!-- Comment: Thu Feb 23 22;38;54 comment by...Brian -->
Still problems with htdc00.  Didn't realize I could shepherd, or I would have tried it sooner.  Trying it now.  First attempt is not successful.  Trying again.

<!-- Comment: Thu Feb 23 22;43;59 comment by...Brian -->
Second and third attempts not successful.  Stuck in Halt state. Manual override to Abort Manual override to Idle.  Stop/start SEVB to clean up any problems there.  Try one more time to shepherd htdc00.  Would like to not have to bother anyone tonight with this.

<!-- Date: Thu Feb 23 22:41:35.909 2006 -->
Run <A HREF="/java/cdfdb/servlet/RunSummary?RUN_NUMBER=212235">212235</A>
TERMINATE: Aborting
<!-- Author: Brian -->



<!-- Date: Thu Feb 23 22:46:09.345 2006 -->
Run <A HREF="/java/cdfdb/servlet/RunSummary?RUN_NUMBER=212236">212236</A>
ACTIVATE: RunSet: BOTHPLUGS_MM_C 
<!-- Author: Brian -->
<!-- Comment: Thu Feb 23 22;47;28 comment by...Brian -->
Still done TO from htdc00.  Message in crate is: <br>
onitor: interval 10000, state ACTIVE for partition 0 

Monitor: Evts sent/readout/triggered 83/84/85

Monitor: Error state:    0, VRB_Busy:    0, TV count: 0

Monitor: readout/sent rate      6.3 Hz /      6.2 Hz, cur evt is 4900 bytes <br>

<!-- Date: Thu Feb 23 22:57:51.434 2006 -->
Run <A HREF="/java/cdfdb/servlet/RunSummary?RUN_NUMBER=212236">212236</A>
TERMINATE: Abort.  Again.
<!-- Author: Brian -->
<!-- Comment: Thu Feb 23 22;58;47 comment by...Brian -->
Not sure what to do here.  Have paged Steve Hahn, since he requested in the meeting today that he be the one we contact with problems.

<!-- Comment: Thu Feb 23 23;09;54 comment by...Brian -->
Also paged main TDC pager.  Was informed this problem has happened sometime in the past. Is not a problem with htdc00 crate, but with CSL?  Investigating.
<!-- Date: Thu Feb 23 23:09:54.291 2006 -->
Run <A HREF="/java/cdfdb/servlet/RunSummary?RUN_NUMBER=212237">212237</A>
ACTIVATE: RunSet: BOTHPLUGS_MM_C 
<!-- Author: Brian -->



<!-- Date: Thu Feb 23 23:11:37.744 2006 -->
Run <A HREF="/java/cdfdb/servlet/RunSummary?RUN_NUMBER=212237">212237</A>
TERMINATE: Aborting again.
<!-- Author: Brian -->



<!-- Date: Thu Feb 23 23:22:40.897 2006 -->
Note: there are similar problems after a plug sourcing described  
<a href=http://www-cdfonline.fnal.gov/cgi/elog/elog.pl?nb=2005&action=copyentry&page=840&time=22:29:57.479>here</a> 
<br> 
Solution was to restart RC, SEVB and calibration CSL.  Will try this.
<!-- Author: Brian -->
<!-- Comment: Thu Feb 23 23;32;04 comment by...Brian -->
This seems to have worked.  Am now running MM_C with no problems. Will take all laser calibrations again.
<!-- Comment: Thu Feb 23 23;35;25 comment by...Brian -->
This seems to be a somewhat common problem.  Should make a note in plug laser calibration webpage documenting what to do in case this happens.  (I saw at least 3 instances in the last year.)
<!-- Date: Thu Feb 23 23:28:20.939 2006 -->
Run <A HREF="/java/cdfdb/servlet/RunSummary?RUN_NUMBER=212232">212232</A>
CALIBRATION: <U><B>pluglaser</B></U> calibration <A HREF=http://www-cdfonline.fnal.gov/internal/usr/cdfcalib/Consumer/Calibrations/web.html#pluglaser target=_calibrationresults>results</A> ready for review
<!-- Author: cdfcalib -->


<!-- Date: Thu Feb 23 23:31:36.340 2006 -->
Run <A HREF="/java/cdfdb/servlet/RunSummary?RUN_NUMBER=212238">212238</A>
ACTIVATE: RunSet: BOTHPLUGS_MM_C 
<!-- Author: Brian -->



<!-- Date: Thu Feb 23 23:34:10.110 2006 -->
Run <A HREF="/java/cdfdb/servlet/RunSummary?RUN_NUMBER=212238">212238</A>
TERMINATE: Successful!
<!-- Author: Brian -->


<!-- Date: Thu Feb 23 23:34:11.609 2006 -->
Run <A HREF="/java/cdfdb/servlet/RunSummary?RUN_NUMBER=212238">212238</A>
CALIBRATION: <U><B>pluglaser</B></U> calibration <A HREF=http://www-cdfonline.fnal.gov/internal/usr/cdfcalib/Consumer/Calibrations/web.html#pluglaser target=_calibrationresults>results</A> ready for review
<!-- Author: cdfcalib -->


<!-- Date: Thu Feb 23 23:34:25.178 2006 -->
Run <A HREF="/java/cdfdb/servlet/RunSummary?RUN_NUMBER=212239">212239</A>
ACTIVATE: RunSet: BOTHPLUGS_NORMAL 
<!-- Author: Brian -->



<!-- Date: Thu Feb 23 23:41:40.083 2006 -->
Run <A HREF="/java/cdfdb/servlet/RunSummary?RUN_NUMBER=212239">212239</A>
TERMINATE: Finished nominal plug laser calib
<!-- Author: Brian -->


<!-- Date: Thu Feb 23 23:42:18.411 2006 -->
Run <A HREF="/java/cdfdb/servlet/RunSummary?RUN_NUMBER=212240">212240</A>
ACTIVATE: RunSet: BOTHPLUGS_MM_C 
<!-- Author: Brian -->


<!-- Date: Thu Feb 23 23:44:59.118 2006 -->
Run <A HREF="/java/cdfdb/servlet/RunSummary?RUN_NUMBER=212240">212240</A>
TERMINATE: Plug laser MM_C successful.
<!-- Author: Brian -->


<!-- Date: Thu Feb 23 23:45:00.422 2006 -->
Run <A HREF="/java/cdfdb/servlet/RunSummary?RUN_NUMBER=212240">212240</A>
CALIBRATION: <U><B>pluglaser</B></U> calibration <A HREF=http://www-cdfonline.fnal.gov/internal/usr/cdfcalib/Consumer/Calibrations/web.html#pluglaser target=_calibrationresults>results</A> ready for review
<!-- Author: cdfcalib -->
<!-- Comment: Thu Feb 23 23;55;47 comment by...Brian -->
Plug laser results look OK, except for the known problem (also listed in day shift).
<!-- Date: Thu Feb 23 23:47:08.165 2006 -->
Run <A HREF="/java/cdfdb/servlet/RunSummary?RUN_NUMBER=212241">212241</A>
ACTIVATE: RunSet: BOTHPLUGS_MM 
<!-- Author: Brian -->


<!-- Date: Thu Feb 23 23:48:36.491 2006 -->
Run <A HREF="/java/cdfdb/servlet/RunSummary?RUN_NUMBER=212241">212241</A>
TERMINATE: Plug laser MM calibration successful.
<!-- Author: Brian -->
<!-- Comment: Thu Feb 23 23;50;50 comment by...Brian -->
At the end of this run, ProcMon gave a consumer monitor proxy error.  It said two versions of CSL running.  I checked again and this time it was happy.


<!-- Date: Thu Feb 23 23:54:00.196 2006 -->
<font color=red>Shift Summary: </font><pre>Finished plug source calibrations 
finished plug laser calibrations 
 
Bringing solenoid up for cosmic running </pre> 
<br><b>End of Shift Numbers</b>
<table><tr><td width=60% align=left>
<b>CDF Run II <p></b>                       
<pre>
Runs                   0
Delivered Luminosity   0  
Acquired Luminosity    0  
Efficiency             100
   
</td></tr></table></pre>
<!-- Author: Alvin -->

<!-- Date: Thu Feb 23 23:55:47.036 2006 -->
<TABLE BORDER=2 CELLSPACING=1 CELLPADDING=1 BGCOLOR=WHITE>
<TR BGCOLOR=YELLOW><TH>RunNumber</TH>
<TH>DataType</TH>
<TH>Physics able</TH>
<TH>Begin</TH>
<TH>End</TH>
<TH>LiveTime</TH>
<TH>L1Accepts</TH>
<TH>L2Accepts</TH>
<TH>L3Accepts</TH>
<TH>LiveLumi nb<SUP>-1</SUP></TH>
<TH>GR</TH>
<TH>SC</TH>
<TH>RC</TH></TR>
<TR><TD>Totals</TD>
<TD> </TD>
<TD> </TD>
<TD> </TD>
<TD>23:55:00</TD>
<TD ALIGN=CENTER>::</TD>
<TD ALIGN=RIGHT></TD>
<TD ALIGN=RIGHT></TD>
<TD ALIGN=RIGHT></TD>
<TD ALIGN=RIGHT></TD>
<TD> </TD>
<TD> </TD>
<TD> </TD></TR>

</TABLE>
<!-- Author: End of Shift Report -->


