[The GENIE spy reports]

$GENIE                       -> /afs/fnal.gov/files/code/e875/general/ups/prd/GENIE/Linux2.4-GCC_3_4/development
$SRT_ENV_SET                 -> yes
$LD_LIBRARY_PATH             -> /afs/fnal.gov/files/code/e875/general/ups/prd/LOG4CPP/Linux2.4-GCC_3_4/development/lib:/usr/X11R6/lib:/afs/fnal.gov/files/code/e875/general/ups/prd/MINOS_EXTERN/Linux2.4-GCC_3_4/v03/lib/mysql:/afs/fnal.gov/files/code/e875/general/ups/prd/MINOS_EXTERN/Linux2.4-GCC_3_4/v03/lib:/afs/fnal.gov/files/code/e875/general/ups/prd/PYTHIA6/Linux2.4-GCC_3_4/v6_419/lib:/afs/fnal.gov/files/code/e875/general/ups/prd/dcap/v2_42_f0710/Linux-2-6/lib:/afs/fnal.gov/files/code/e875/general/ups/prd/MINOS_ROOT/Linux2.4-GCC_3_4/trunk/lib:./lib/Linux2.4-GCC_3_4:/afs/fnal.gov/files/code/e875/general/minossoft/releases/development/lib/Linux2.4-GCC_3_4:/afs/fnal.gov/files/code/e875/general/ups/prd/sam_cpp_api/v8_4_0_1/Linux-2-GCC-3-4-3/lib/so:/afs/fnal.gov/files/code/e875/general/ups/prd/GENIE/Linux2.4-GCC_3_4/development/lib:/afs/fnal.gov/ups/geant4/v4_9_0_p01/Linux+2.4-2.3.2-GCC_3_4_3-OpenGL/lib/Linux-g++:/afs/fnal.gov/ups/clhep/v2_0_3_1/Linux+2.4-2.3.2-GCC3_4_3/lib:/afs/fnal.gov/files/code/e875/general/ups/prd/oracle_client/v10_1_0_2_0b/Linux-2/lib:/afs/fnal.gov/ups/stdhep/v5_05_05/Linux+2.4-2.3.2-GCC3_4_3/lib
$DYLD_LIBRARY_PATH           -> **undefined**
$PATH                        -> /afs/fnal.gov/files/code/e875/general/ups/prd/tk/v8_3_1/Linux-2-4/bin:/afs/fnal.gov/files/code/e875/general/ups/prd/tcl/v8_3_1/Linux-2-4/bin:/afs/fnal.gov/files/code/e875/general/ups/prd/python/v2_4_sam/Linux-2-4/bin:/afs/fnal.gov/files/code/e875/general/ups/prd/MINOS_EXTERN/Linux2.4-GCC_3_4/v03/bin:/afs/fnal.gov/files/code/e875/general/ups/prd/dcap/v2_42_f0710/Linux-2-6/bin:/afs/fnal.gov/files/code/e875/general/ups/prd/MINOS_ROOT/Linux2.4-GCC_3_4/trunk/bin:/afs/fnal.gov/ups/gcc/v3_4_3/Linux+2.4-2.3.2/bin:./bin/Linux2.4-GCC_3_4:/afs/fnal.gov/files/code/e875/general/minossoft/releases/development/bin/Linux2.4-GCC_3_4:/afs/fnal.gov/files/code/e875/general/minossoft/releases/boot/bin/generic:/afs/fnal.gov/files/code/e875/general/ups/prd/sam/v8_2_0/Linux-2/bin:/afs/fnal.gov/files/code/e875/general/ups/prd/python/v2_2_3a_sam/Linux-2-4/bin:/fnal/ups/prd/ups/v4_7_2/Linux-2/bin:/afs/fnal.gov/files/code/e875/general/ups/prd/sam_cpp_api/v8_4_0_1/Linux-2-GCC-3-4-3/bin:/afs/fnal.gov/files/code/e875/general/minossoft/releases/boot/bin/generic:/afs/fnal.gov/files/code/e875/general/ups/prd/python/v2_2_3a_sam/Linux-2-4/bin:/afs/fnal.gov/files/code/e875/general/minossoft/releases/boot/bin/generic:/afs/fnal.gov/files/code/e875/general/ups/prd/python/v2_2_3a_sam/Linux-2-4/bin:/afs/fnal.gov/files/code/e875/general/minossoft/releases/boot/bin/generic:/afs/fnal.gov/files/code/e875/general/ups/prd/python/v2_2_3a_sam/Linux-2-4/bin:/usr/bin:/afs/fnal.gov/files/code/e875/general/minossoft/releases/boot/bin/generic:/afs/fnal.gov/files/code/e875/general/ups/prd/python/v2_2_3a_sam/Linux-2-4/bin:/afs/fnal.gov/files/code/e875/general/minossoft/releases/boot/bin/generic:/afs/fnal.gov/files/code/e875/general/ups/prd/python/v2_2_3a_sam/Linux-2-4/bin:/afs/fnal.gov/files/code/e875/general/minossoft/releases/boot/bin/generic:/afs/fnal.gov/files/code/e875/general/ups/prd/python/v2_2_3a_sam/Linux-2-4/bin:/afs/fnal.gov/files/code/e875/general/minossoft/releases/boot/bin/generic:/afs/fnal.gov/files/code/e875/general/ups/prd/python/v2_2_3a_sam/Linux-2-4/bin:/afs/fnal.gov/files/code/e875/general/minossoft/releases/boot/bin/generic:/afs/fnal.gov/files/code/e875/general/ups/prd/python/v2_2_3a_sam/Linux-2-4/bin:/usr/bin:/bin:/afs/fnal.gov/files/code/e875/general/minossoft/setup:/afs/fnal.gov/files/code/e875/sim/labyrinth/bin/linux/test:/afs/fnal.gov/files/code/e875/general/ups/prd/GENIE/Linux2.4-GCC_3_4/development/bin:/afs/fnal.gov/ups/clhep/v2_0_3_1/Linux+2.4-2.3.2-GCC3_4_3/bin:/afs/fnal.gov/files/code/e875/general/ups/prd/oracle_client/v10_1_0_2_0b/Linux-2/bin:/afs/fnal.gov/ups/cern/2004/Linux+2.4-2.3.2/bin

Saving the configuration of your GENIE installation: 

# 
 # Make.config 
 # This file was automatically generated by the 'configure' script  
 # and is included into the project Makefiles  
 # 
 GENIE_INSTALLATION_PATH=/usr/local/
 GOPT_ENABLE_PROFILER=YES
 GOPT_ENABLE_DOXYGEN_DOC=NO
 GOPT_ENABLE_DYLIBVERSION=YES
 GOPT_ENABLE_LOW_LEVEL_MESG=NO
 GOPT_ENABLE_NEUGEN=YES
 GOPT_ENABLE_NEUT_CASCADE=NO
 GOPT_ENABLE_GIBUU=NO
 GOPT_ENABLE_LHAPDF=NO
 GOPT_ENABLE_CERNLIB=YES
 GOPT_ENABLE_FLUX_DRIVERS=YES
 GOPT_ENABLE_GEOM_DRIVERS=YES
 GOPT_ENABLE_MUELOSS=YES
 GOPT_ENABLE_NUVALIDATOR=YES
 GOPT_ENABLE_TEST=YES
 GOPT_ENABLE_VIEWER=YES
 GOPT_ENABLE_MINOS_EVSERV=YES
 GOPT_ENABLE_T2K_EVGEN=NO
 GOPT_WITH_CXX_DEBUG_FLAG=-g
 GOPT_WITH_CXX_OPTIMIZ_FLAG=-O2
 GOPT_WITH_PROFILER_LIB=/afs/fnal.gov/files/code/e875/general/ups/prd/MINOS_EXTERN/Linux2.4-GCC_3_4/v03/lib
 GOPT_WITH_DOXYGEN_PATH=
 GOPT_WITH_NEUGEN_PATH=/afs/fnal.gov/files/code/e875/general/ups/prd/NEUGEN3/Linux2.4-GCC_3_4/development
 GOPT_WITH_NEUT_LIB=
 GOPT_WITH_GIBUU_LIB=
 GOPT_WITH_LHAPDF_LIB=
 GOPT_WITH_CERN_LIB=/afs/fnal.gov/ups/cern/2004/Linux+2.4-2.3.2/lib
 GOPT_WITH_PYTHIA6_LIB=/afs/fnal.gov/files/code/e875/general/ups/prd/PYTHIA6/Linux2.4-GCC_3_4/v6_412/lib
 GOPT_WITH_LIBXML2_INC=/usr/include/libxml2
 GOPT_WITH_LIBXML2_LIB=/usr/lib
 GOPT_WITH_LOG4CPP_INC=/afs/fnal.gov/files/code/e875/general/ups/prd/LOG4CPP/Linux2.4-GCC_3_4/development/include
 GOPT_WITH_LOG4CPP_LIB=/afs/fnal.gov/files/code/e875/general/ups/prd/LOG4CPP/Linux2.4-GCC_3_4/development/lib
 

Saving the configuration of your ROOT installation: 

linux --with-python-incdir=/afs/fnal.gov/files/code/e875/general/ups/prd/python/v2_4_sam/Linux-2-4/include/python2.4 --with-python-libdir=/afs/fnal.gov/files/code/e875/general/ups/prd/python/v2_4_sam/Linux-2-4/lib/python2.4/config/ --enable-explicitlink --enable-opengl --enable-cern --enable-table --enable-mysql --with-mysql-incdir=/afs/fnal.gov/files/code/e875/general/ups/prd/MINOS_EXTERN/Linux2.4-GCC_3_4/v03/include/mysql --with-mysql-libdir=/afs/fnal.gov/files/code/e875/general/ups/prd/MINOS_EXTERN/Linux2.4-GCC_3_4/v03/lib/mysql --enable-dcache --with-dcap-incdir=/afs/fnal.gov/files/code/e875/general/ups/prd/dcap/v2_42_f0710/Linux-2-6/include --with-dcap-libdir=/afs/fnal.gov/files/code/e875/general/ups/prd/dcap/v2_42_f0710/Linux-2-6/lib --enable-pythia6 --with-pythia6-libdir=/afs/fnal.gov/files/code/e875/general/ups/prd/PYTHIA6/Linux2.4-GCC_3_4/v6_419/lib --enable-oracle --with-oracle-incdir=/afs/fnal.gov/files/code/e875/general/ups/prd/oracle_client/v10_1_0_2_0b/Linux-2/rdbms/public --with-oracle-libdir=/afs/fnal.gov/files/code/e875/general/ups/prd/oracle_client/v10_1_0_2_0b/Linux-2/lib --enable-rfio --enable-xml --enable-shared --enable-krb5 --enable-shadowpw --enable-asimage --enable-genvector --enable-mathmore --enable-cintex --enable-reflex --enable-roofit --enable-xrootd --enable-minuit2 

Saving info on your OS, activity, disk usage & quota limit: 

Linux minos11.fnal.gov 2.4.21-32.0.1.ELsmp #1 SMP Wed May 25 15:42:26 CDT 2005 i686 i686 i386 GNU/Linux

USER       PID %CPU %MEM   VSZ  RSS TTY      STAT START   TIME COMMAND
root         1  0.0  0.0  1524  496 ?        S     2008   2:41 init
root         2  0.0  0.0     0    0 ?        SW    2008   0:00 [migration/0]
root         3  0.0  0.0     0    0 ?        SW    2008   0:00 [migration/1]
root         4  0.0  0.0     0    0 ?        SW    2008   0:00 [migration/2]
root         5  0.0  0.0     0    0 ?        SW    2008   0:00 [migration/3]
root         6  0.0  0.0     0    0 ?        SW    2008   0:02 [keventd]
root         7  0.0  0.0     0    0 ?        SWN   2008   0:00 [ksoftirqd/0]
root         8  0.0  0.0     0    0 ?        SWN   2008   0:00 [ksoftirqd/1]
root         9  0.0  0.0     0    0 ?        SWN   2008   0:00 [ksoftirqd/2]
root        10  0.0  0.0     0    0 ?        SWN   2008   0:00 [ksoftirqd/3]
root        13  0.0  0.0     0    0 ?        SW    2008   1:02 [bdflush]
root        11  0.0  0.0     0    0 ?        SW    2008  22:11 [kswapd]
root        12  0.0  0.0     0    0 ?        SW    2008  86:32 [kscand]
root        14  0.0  0.0     0    0 ?        SW    2008  22:26 [kupdated]
root        15  0.0  0.0     0    0 ?        SW    2008   0:00 [mdrecoveryd]
root        19  0.0  0.0     0    0 ?        SW    2008 130:34 [kjournald]
root        75  0.0  0.0     0    0 ?        SW    2008   0:00 [khubd]
root      1673  0.0  0.0     0    0 ?        SW    2008   5:34 [kjournald]
root      1674  0.0  0.0     0    0 ?        SW    2008  36:10 [kjournald]
root      1675  0.0  0.0     0    0 ?        SW    2008   9:26 [kjournald]
root      2044  0.0  0.0  1832  836 ?        S     2008   0:35 syslogd -m 0
root      2048  0.0  0.0  1532  456 ?        S     2008   0:00 klogd -x
root      2058  0.0  0.0  1524  452 ?        S     2008  19:50 irqbalance
rpc       2075  0.0  0.0  1672  596 ?        S     2008   2:49 portmap
rpcuser   2094  0.0  0.0  1804  712 ?        S     2008   0:00 rpc.statd
root      2105  0.0  0.0  1572  396 ?        S     2008   1:25 mdadm --monitor -
root      2153  0.0  0.0     0    0 ?        SW    2008  19:59 [rpciod]
root      2154  0.0  0.0     0    0 ?        SW    2008   0:00 [lockd]
root      3728  0.0  0.0     0    0 ?        SW    2008 328:00 [afs_rxlistener]
root      3730  0.0  0.0     0    0 ?        SW    2008   0:07 [afs_callback]
root      3731  0.0  0.0     0    0 ?        SW    2008   4:55 [afs_rxevent]
root      3733  0.0  0.0     0    0 ?        SW    2008  15:19 [afsd]
root      3735  0.0  0.0     0    0 ?        SW    2008   2:20 [afs_checkserver]
root      3737  0.0  0.0     0    0 ?        SW    2008 117:38 [afs_background]
root      3739  0.0  0.0     0    0 ?        SW    2008 117:49 [afs_background]
root      3741  0.0  0.0     0    0 ?        SW    2008 119:38 [afs_background]
root      3743  0.0  0.0     0    0 ?        SW    2008 118:25 [afs_background]
root      3745  0.0  0.0     0    0 ?        SW    2008 119:46 [afs_background]
root      3747  0.0  0.0     0    0 ?        SW    2008 141:22 [afs_cachetrim]
root      3762  0.0  0.0  3964  924 ?        S     2008   2:01 /usr/sbin/sshd
root      3776  0.0  0.0  2144  816 ?        S     2008   0:00 xinetd -stayalive
ntp       3789  0.0  0.0  2572 2564 ?        SL    2008   9:18 ntpd -U ntp -p /v
root      3805  0.0  0.0  1540  380 ?        S     2008  18:04 rpc.rstatd
nobody    3814  0.0  0.0  2448  676 ?        S     2008  29:46 /usr/sbin/gmond
root      3834  0.0  0.0  6268 1292 ?        S     2008   6:34 sendmail: accepti
smmsp     3843  0.0  0.0  6028 1076 ?        S     2008   0:02 sendmail: Queue r
root      3853  0.0  0.0  1564  268 ?        S     2008   0:00 gpm -t ps/2 -m /d
root      3868  0.0  0.0  5676  856 ?        S     2008   0:39 crond
xfs       3892  0.0  0.0  6164 3180 ?        S     2008   0:02 xfs -droppriv -da
daemon    3901  0.0  0.0  1588  552 ?        S     2008   0:06 /usr/sbin/atd
root      3919  0.0  0.0  1516  224 tty1     S     2008   0:00 /sbin/mingetty tt
root      3920  0.0  0.0  1512  224 tty2     S     2008   0:00 /sbin/mingetty tt
root      3921  0.0  0.0  1528  228 tty3     S     2008   0:00 /sbin/mingetty tt
root      3922  0.0  0.0  1520  228 tty4     S     2008   0:00 /sbin/mingetty tt
root      3923  0.0  0.0  1512  224 tty5     S     2008   0:00 /sbin/mingetty tt
root      3924  0.0  0.0  1516  224 tty6     S     2008   0:00 /sbin/mingetty tt
root      3925  0.0  0.0 15384  976 ?        S     2008   0:00 /usr/bin/gdm-bina
root      3983  0.0  0.0 15464 1084 ?        S     2008   0:00 /usr/bin/gdm-bina
root      3984  0.3  0.1 18708 7320 ?        S     2008 1717:27 /usr/X11R6/bin/X
gdm       3993  0.0  0.3 44532 12736 ?       S     2008 218:06 /usr/bin/gdmgreet
root     14622  0.0  0.0  4972 1248 ?        S     2008   0:00 sshd: jdejong [pa
root      5995  0.0  0.0  5080 1256 ?        S     2008   0:00 sshd: kasahara [p
root     15583  0.0  0.0  4960 1240 ?        S     2008   0:00 sshd: jdejong [pa
root     28181  0.0  0.0  6892 1280 ?        S     2008   0:00 crond
root     28184  0.0  0.0  4816  556 ?        S     2008   0:00 /var/cfengine/bin
root     28318  0.0  0.0  5700 1072 ?        S     2008   0:00 /var/cfengine/bin
root     28829  0.0  0.0  5072 1244 ?        S     2008   0:00 sshd: blake [pam]
bain     15495  0.0  0.0  3616  364 ?        S     2008   0:00 ssh-agent -c
condor   22303  0.0  0.0  7104 2904 ?        S     2008   1:57 /opt/condor/sbin/
bain     18338  0.0  0.0  3620  364 ?        S     2008   0:00 ssh-agent -c
bain     13799  0.0  0.0  3612  364 ?        S     2008   0:00 ssh-agent -c
bain     14303  0.0  0.0  3612  368 ?        S     2008   0:00 ssh-agent -c
bain     26583  0.0  0.0  3596  364 ?        S     2008   0:00 ssh-agent -c
bain     31758  0.0  0.0  3608  364 ?        S     2008   0:00 ssh-agent -c
bain      4343  0.0  0.0  3616  364 ?        S     2008   0:00 ssh-agent -c
bain       925  0.0  0.0  3608  132 ?        S     2008   0:00 ssh-agent -c
bain      3687  0.0  0.0  3624  364 ?        S     2008   0:00 ssh-agent -c
bain     25340  0.0  0.0  3616  624 ?        S     2008   0:00 ssh-agent -c
bain      7906  0.0  0.0  3612  624 ?        S     2008   0:00 ssh-agent -c
root      8915  0.0  0.0  1524  456 ttyS0    S     2008   0:00 /sbin/agetty ttyS
bain      3059  0.0  0.0  3608  624 ?        S     2008   0:00 ssh-agent -c
bain      3877  0.0  0.0  3608  624 ?        S     2008   0:00 ssh-agent -c
bain      7769  0.0  0.0  3608  624 ?        S     2008   0:00 ssh-agent -c
bain     16488  0.0  0.0  3608  624 ?        S     2008   0:00 ssh-agent -c
bain     18211  0.0  0.4 128876 19032 ?      S     2008   0:06 loon plot_raw_hit
bain     18593  0.0  0.0  3616  624 ?        S     2008   0:00 ssh-agent -c
bain     25939  0.0  0.0  3624  628 ?        S     2008   0:00 ssh-agent -c
bain     27287  0.0  0.0  3616  624 ?        S     2008   0:00 ssh-agent -c
bain     17225  0.0  0.0  3616  628 ?        S     2008   0:00 ssh-agent -c
root      2340  0.0  0.0  4972 1852 ?        S     2008   0:00 sshd: rgran [pam]
pcanal   10442  0.0  0.0  3608  628 ?        S     2008   0:00 ssh-agent
root     10823  0.0  0.0  4976 2924 ?        S     2008   0:00 sshd: cherdack [p
rgran    20744  0.0  0.0  3608 1184 ?        S     2008   0:00 ssh-agent -s
root     12183  0.0  0.0 25452  976 ?        S     2008   0:14 ypbind
root     18759  0.0  0.0  5160 3160 ?        S    Jan22   0:00 sshd: rhatcher@pt
rhatcher 18771  0.0  0.0  5712 1680 pts/0    S    Jan22   0:00 -bash
root     21702  0.0  0.0  5176 3176 ?        S    Jan22   0:00 sshd: rhatcher@pt
rhatcher 21718  0.0  0.0  5712 1640 pts/5    S    Jan22   0:00 -bash
root     24533  0.0  0.0  6896 1848 ?        S    00:19   0:00 crond
rhatcher 24535  0.0  0.0  2132  904 ?        S    00:19   0:00 /bin/sh -c export
rhatcher 24537  0.0  0.0  2212  792 ?        S    00:19   0:00 /usr/krb5/bin/kcr
rhatcher 24539  0.0  0.0  2132  924 ?        S    00:19   0:00 bash /afs/fnal.go
rhatcher 24540  0.0  0.0  6052 2424 ?        S    00:19   0:00 /usr/sbin/sendmai
rhatcher 24544  0.0  0.0  5216 2816 ?        S    00:19   0:02 python ./datagram
root     31609  0.0  0.0  5132 3240 ?        S    20:25   0:00 sshd: rhatcher@pt
rhatcher 31612  0.0  0.0  5588 1504 pts/1    S    20:25   0:00 -bash
rhatcher 31909  0.0  0.0  3616 1096 ?        S    20:25   0:00 ssh-agent -s
root     31914  0.0  0.1  6712 4720 ?        S    20:27   0:00 sshd: rhatcher@pt
rhatcher 31918  0.0  0.0  5600 1532 pts/2    S    20:27   0:00 -bash
rhatcher 32214  0.0  0.0  3604 1088 ?        S    20:27   0:00 ssh-agent -s
root     32263  0.0  0.0  6896 1848 ?        S    22:00   0:00 crond
rhatcher 32264  0.0  0.0  2200  792 ?        S    22:00   0:00 /usr/krb5/bin/kcr
rhatcher 32268  0.0  0.0  2400 1340 ?        S    22:00   0:00 /usr/local/bin/ba
rhatcher 32409  0.0  0.0  6064 2500 ?        S    22:00   0:00 /usr/sbin/sendmai
rhatcher 27062  2.0  0.0  2156 1068 ?        S    23:05   0:00 bash ../genie_bui
rhatcher 27065  4.0  0.0  1804  800 ?        S    23:05   0:00 make
rhatcher 27140  0.0  0.0  3496 1524 ?        S    23:05   0:00 perl /afs/fnal.go
rhatcher 27144  0.0  0.0  2160 1008 ?        S    23:05   0:00 sh -c ps aux   >>
rhatcher 27145  0.0  0.0  2892  916 ?        R    23:05   0:00 ps aux

Filesystem           1K-blocks      Used Available Use% Mounted on
/dev/hda1             10317828   4727544   5066168  49% /
/dev/hdb1            240362656 183045880  45106976  81% /local/scratch11
none                   2047684         0   2047684   0% /dev/shm
/dev/hda5              1035660     92656    890396  10% /tmp
/dev/hda6             22983720    146708  21669492   1% /var
stkensrv1:/minos        400000     80000    284000  22% /pnfs/minos
minos-nas-0.fnal.gov:/minos/scratch
                     9663676416 6206264480 3457411936  65% /minos/scratch
blue2:/fermigrid-app 1954260160 978627424 975632736  51% /grid/app
AFS                    9000000         0   9000000   0% /afs
blue2:/fermigrid-fermiapp
                     314572800  31465696 283107104  11% /grid/fermiapp
minos-nas-0.fnal.gov:/minos/data
                     25769803776 24213094752 1556709024  94% /minos/data
blue2.fnal.gov:/minos/data
                     28991029248 23510678176 5480351072  82% /minos/data2
blue2:/fermigrid-data
                     25769803776 12005465728 13764338048  47% /grid/data

Disk quotas for user rhatcher (uid 5922): 
     Filesystem  blocks   quota   limit   grace   files   quota   limit   grace
minos-nas-0.fnal.gov:/minos/scratch
                20402732       0 524288000           84071       0       0        
blue2:/fermigrid-fermiapp
                31465696       0 314572800          432645       0       0        
minos-nas-0.fnal.gov:/minos/data
                17179869180*      0 17179869180         2760802       0       0        
blue2.fnal.gov:/minos/data
                17179869180*      0 17179869180          776774       0       0        
blue2:/fermigrid-data
                5858260852       0 17179869180         3406224       0       0        
