Package build of ports started.  (Wednesday, 05 October 2005 17:22:49 EDT)
[PkgVars.pm/160/pkgvar_set()] Setting buildroot
[PkgVars.pm/164/PkgVars::pkgvar_set] Package variable "buildroot" -> "/var/tmp/mezzanine-buildroot.1640/ports.12430"
[PkgVars.pm/160/pkgvar_set()] Setting instroot
[PkgVars.pm/164/PkgVars::pkgvar_set] Package variable "instroot" -> "/var/tmp/mezzanine.temp.dironly.1640.03df"
[buildtool/379/build_single_package()] Building ports in /caos/repo/ext/autobuilder/i386/00_LOGS/sysutil/ports.
[PkgVars.pm/160/pkgvar_set()] Setting name
[PkgVars.pm/164/PkgVars::pkgvar_set] Package variable "name" -> "ports"
[PkgVars.pm/265/pkgvar_filename()] /home/mej/cvs/caos/groups/sysutil/ports
[Config.pm/155/Config::get] Config::get(REBUILD):  0
[Config.pm/155/Config::get] Config::get(BUILDDIR):  /caos/repo/ext/autobuilder/i386/00_LOGS/sysutil
[buildtool/194/is_build_needed()] Got config key BUILDDIR with value /caos/repo/ext/autobuilder/i386/00_LOGS/sysutil.
[Config.pm/155/Config::get] Config::get(BUILDROOT):  <undef>
[buildtool/194/is_build_needed()] Got config key BUILDROOT with value <undef>.
[Config.pm/155/Config::get] Config::get(BUILDTREE_LAYOUT):  orc
[buildtool/194/is_build_needed()] Got config key BUILDTREE_LAYOUT with value orc.
[Config.pm/155/Config::get] Config::get(BUILDUSER):  nobody
[buildtool/194/is_build_needed()] Got config key BUILDUSER with value nobody.
[Config.pm/155/Config::get] Config::get(CFLAGS):  -O2 -march=pentium
[buildtool/194/is_build_needed()] Got config key CFLAGS with value -O2 -march=pentium.
[Config.pm/155/Config::get] Config::get(CLEAN):  orc
[buildtool/194/is_build_needed()] Got config key CLEAN with value orc.
[Config.pm/155/Config::get] Config::get(DEBUG):  1
[buildtool/194/is_build_needed()] Got config key DEBUG with value 1.
[Config.pm/155/Config::get] Config::get(HINTS =):  <undef>
[buildtool/194/is_build_needed()] Got config key HINTS = with value <undef>.
[Config.pm/155/Config::get] Config::get(DEP_INSTALLER):  /usr/bin/yum -ty install
[buildtool/194/is_build_needed()] Got config key DEP_INSTALLER with value /usr/bin/yum -ty install.
[Config.pm/155/Config::get] Config::get(INSTROOT):  /caos/buildroot-2-ia32
[buildtool/194/is_build_needed()] Got config key INSTROOT with value /caos/buildroot-2-ia32.
[Config.pm/155/Config::get] Config::get(INSTROOT_COPY):  rsync -Ha --delete --delete-after
[buildtool/194/is_build_needed()] Got config key INSTROOT_COPY with value rsync -Ha --delete --delete-after.
[Config.pm/155/Config::get] Config::get(INSTROOT_INIT):  rsync -Haz --delete --delete-after --exclude=/proc /caos/buildroot-2-ia32/
[buildtool/194/is_build_needed()] Got config key INSTROOT_INIT with value rsync -Haz --delete --delete-after --exclude=/proc /caos/buildroot-2-ia32/.
[Config.pm/155/Config::get] Config::get(INSTROOT_RESET):  rsync -Haz --delete --delete-after --exclude=/proc /caos/buildroot-2-ia32/
[buildtool/194/is_build_needed()] Got config key INSTROOT_RESET with value rsync -Haz --delete --delete-after --exclude=/proc /caos/buildroot-2-ia32/.
[Config.pm/155/Config::get] Config::get(INSTROOT_SOURCE_RSYNC):  /caos/buildroot-2-ia32/
[buildtool/194/is_build_needed()] Got config key INSTROOT_SOURCE_RSYNC with value /caos/buildroot-2-ia32/.
[Config.pm/155/Config::get] Config::get(LOCATIONS):  /src.rpm$/=/caos/repo/ext/autobuilder/SRPMS,/rpm$/=/caos/repo/ext/autobuilder/i386
[buildtool/194/is_build_needed()] Got config key LOCATIONS with value /src.rpm$/=/caos/repo/ext/autobuilder/SRPMS,/rpm$/=/caos/repo/ext/autobuilder/i386.
[Config.pm/155/Config::get] Config::get(LOGFILE):  /caos/repo/ext/autobuilder/i386/00_LOGS/sysutil/build.log
[buildtool/194/is_build_needed()] Got config key LOGFILE with value /caos/repo/ext/autobuilder/i386/00_LOGS/sysutil/build.log.
[Config.pm/155/Config::get] Config::get(MAKE):  make
[buildtool/194/is_build_needed()] Got config key MAKE with value make.
[Config.pm/155/Config::get] Config::get(PARALLELIZE):  x1
[buildtool/194/is_build_needed()] Got config key PARALLELIZE with value x1.
[Config.pm/155/Config::get] Config::get(PATH):  /usr/build/bin:/usr/local/build/bin:/usr/lib/qt-1.45/bin:/usr/lib/qt-2.1.0/bin:/bin:/usr/bin:/sbin:/usr/sbin:/usr/local/bin:/usr/X11R6/bin:/usr/kerberos/sbin:/usr/kerberos/bin:.
[buildtool/194/is_build_needed()] Got config key PATH with value /usr/build/bin:/usr/local/build/bin:/usr/lib/qt-1.45/bin:/usr/lib/qt-2.1.0/bin:/bin:/usr/bin:/sbin:/usr/sbin:/usr/local/bin:/usr/X11R6/bin:/usr/kerberos/sbin:/usr/kerberos/bin:..
[Config.pm/155/Config::get] Config::get(TARGET):  rpms
[buildtool/194/is_build_needed()] Got config key TARGET with value rpms.
[Config.pm/155/Config::get] Config::get(VERBOSITY):  2
[buildtool/194/is_build_needed()] Got config key VERBOSITY with value 2.
[PkgVars.pm/265/pkgvar_filename()] /home/mej/cvs/caos/groups/sysutil/ports
[Util.pm/1079/newest_file()] Args:  "/home/mej/cvs/caos/groups/sysutil/ports"
[Util.pm/1104/Util::newest_file] "/home/mej/cvs/caos/groups/sysutil/ports/F/ports.spec" is newest with mtime of 2005-04-12 08:26:41.
[buildtool/227/is_build_needed()] SRPM directory /caos/repo/ext/autobuilder/i386/00_LOGS/sysutil/ports/SRPMS does not exist.
/bin/ls: /caos/repo/ext/autobuilder/i386/00_LOGS/sysutil/ports/SRPMS/../: No such file or directory
[buildtool/228/is_build_needed()] Listing:  

----
[PkgVars.pm/160/pkgvar_set()] Setting instroot
[PkgVars.pm/164/PkgVars::pkgvar_set] Package variable "instroot" -> "/var/tmp/mezzanine.temp.dironly.1640.03df"
Resetting chroot jail, please wait.
[Util.pm/1155/run_cmd()] About to run true /var/tmp/mezzanine.temp.dironly.1640.03df
[Util.pm/1192/run_cmd()] "true /var/tmp/mezzanine.temp.dironly.1640.03df" returned 0
[PkgVars.pm/160/pkgvar_set()] Setting builduser
[PkgVars.pm/164/PkgVars::pkgvar_set] Package variable "builduser" -> "nobody"
[PkgVars.pm/129/PkgVars::pkgvar_get] Package variable "builduser" -> "nobody"
[buildtool/416/build_single_package()] Building as nobody (99:99)
[buildtool/426/build_single_package()] Build tree layout style:  orc
[Build.pm/995/build_package()] Args:  ""
[PkgVars.pm/265/pkgvar_filename()] /home/mej/cvs/caos/groups/sysutil/ports
[PkgVars.pm/232/pkgvar_type()] SPM
[Build.pm/604/build_spm()] Args:  ""
[Build.pm/185/prepare_build_tree()] ports | /caos/repo/ext/autobuilder/i386/00_LOGS/sysutil/ports | /var/tmp/mezzanine-buildroot.1640/ports.12430 | /var/tmp/mezzanine.temp.dironly.1640.03df | 
[PkgVars.pm/160/pkgvar_set()] Setting name
[PkgVars.pm/164/PkgVars::pkgvar_set] Package variable "name" -> "ports"
[PkgVars.pm/160/pkgvar_set()] Setting topdir
[PkgVars.pm/164/PkgVars::pkgvar_set] Package variable "topdir" -> "/caos/repo/ext/autobuilder/i386/00_LOGS/sysutil/ports"
[PkgVars.pm/160/pkgvar_set()] Setting buildroot
[PkgVars.pm/164/PkgVars::pkgvar_set] Package variable "buildroot" -> "/var/tmp/mezzanine-buildroot.1640/ports.12430"
[Build.pm/202/prepare_build_tree()] Creating /var/tmp/mezzanine.temp.dironly.1640.03df/caos/repo/ext/autobuilder/i386/00_LOGS/sysutil/ports with mkdirhier().
[Build.pm/220/prepare_build_tree()] I'm creating /caos/repo/ext/autobuilder/i386/00_LOGS/sysutil/ports/BUILD.
[Build.pm/229/prepare_build_tree()] I'm also creating /var/tmp/mezzanine.temp.dironly.1640.03df/caos/repo/ext/autobuilder/i386/00_LOGS/sysutil/ports/BUILD.
[Build.pm/220/prepare_build_tree()] I'm creating /caos/repo/ext/autobuilder/i386/00_LOGS/sysutil/ports/SRPMS.
[Build.pm/229/prepare_build_tree()] I'm also creating /var/tmp/mezzanine.temp.dironly.1640.03df/caos/repo/ext/autobuilder/i386/00_LOGS/sysutil/ports/SRPMS.
[Build.pm/220/prepare_build_tree()] I'm creating /caos/repo/ext/autobuilder/i386/00_LOGS/sysutil/ports/RPMS.
[Build.pm/229/prepare_build_tree()] I'm also creating /var/tmp/mezzanine.temp.dironly.1640.03df/caos/repo/ext/autobuilder/i386/00_LOGS/sysutil/ports/RPMS.
[Build.pm/220/prepare_build_tree()] I'm creating /caos/repo/ext/autobuilder/i386/00_LOGS/sysutil/ports/SPECS.
[Build.pm/229/prepare_build_tree()] I'm also creating /var/tmp/mezzanine.temp.dironly.1640.03df/caos/repo/ext/autobuilder/i386/00_LOGS/sysutil/ports/SPECS.
[Build.pm/220/prepare_build_tree()] I'm creating /caos/repo/ext/autobuilder/i386/00_LOGS/sysutil/ports/SOURCES.
[Build.pm/229/prepare_build_tree()] I'm also creating /var/tmp/mezzanine.temp.dironly.1640.03df/caos/repo/ext/autobuilder/i386/00_LOGS/sysutil/ports/SOURCES.
[Build.pm/244/prepare_build_tree()] Creating /var/tmp/mezzanine.temp.dironly.1640.03df/var/tmp/mezzanine-buildroot.1640/ports.12430 with mkdirhier().
[Build.pm/251/prepare_build_tree()] I created:  /var/tmp/mezzanine.temp.dironly.1640.03df/caos/repo/ext/autobuilder/i386/00_LOGS/sysutil/ports /caos/repo/ext/autobuilder/i386/00_LOGS/sysutil/ports/BUILD /var/tmp/mezzanine.temp.dironly.1640.03df/caos/repo/ext/autobuilder/i386/00_LOGS/sysutil/ports/BUILD /caos/repo/ext/autobuilder/i386/00_LOGS/sysutil/ports/SRPMS /var/tmp/mezzanine.temp.dironly.1640.03df/caos/repo/ext/autobuilder/i386/00_LOGS/sysutil/ports/SRPMS /caos/repo/ext/autobuilder/i386/00_LOGS/sysutil/ports/RPMS /var/tmp/mezzanine.temp.dironly.1640.03df/caos/repo/ext/autobuilder/i386/00_LOGS/sysutil/ports/RPMS /caos/repo/ext/autobuilder/i386/00_LOGS/sysutil/ports/SPECS /var/tmp/mezzanine.temp.dironly.1640.03df/caos/repo/ext/autobuilder/i386/00_LOGS/sysutil/ports/SPECS /caos/repo/ext/autobuilder/i386/00_LOGS/sysutil/ports/SOURCES /var/tmp/mezzanine.temp.dironly.1640.03df/caos/repo/ext/autobuilder/i386/00_LOGS/sysutil/ports/SOURCES /var/tmp/mezzanine-buildroot.1640/ports.12430 /var/tmp/mezzanine.temp.dironly.1640.03df/var/tmp/mezzanine-buildroot.1640/ports.12430
[PkgVars.pm/129/PkgVars::pkgvar_get] Package variable "hints" -> "yum -Cty install"
buildtool:  Warning:  Hint installation failed:  Unable to open hint file yum -Cty install -- No such file or directory
[Util.pm/974/find_spec_file()] Found single spec file for ports in F:  F/ports.spec
[Util.pm/691/copy_files()] Copying F/ports.spec to /caos/repo/ext/autobuilder/i386/00_LOGS/sysutil/ports/SPECS/.
[Util.pm/691/copy_files()] Copying F/ports.spec to /var/tmp/mezzanine.temp.dironly.1640.03df/caos/repo/ext/autobuilder/i386/00_LOGS/sysutil/ports/SPECS/.
[PkgVars.pm/160/pkgvar_set()] Setting instructions
[PkgVars.pm/164/PkgVars::pkgvar_set] Package variable "instructions" -> "/var/tmp/mezzanine.temp.dironly.1640.03df/caos/repo/ext/autobuilder/i386/00_LOGS/sysutil/ports/SPECS/ports.spec"
[RPM.pm/251/parse_spec_file()] Header:  summary -> Ports type source packaging
[RPM.pm/251/parse_spec_file()] Header:  name -> ports
[RPM.pm/251/parse_spec_file()] Header:  version -> 0.2
[RPM.pm/251/parse_spec_file()] Header:  release -> 1.caos
[RPM.pm/251/parse_spec_file()] Header:  license -> OSI-Approved
[RPM.pm/251/parse_spec_file()] Header:  group -> System Environment/Development
[RPM.pm/251/parse_spec_file()] Header:  source -> ports-0.2.tar.gz
[RPM.pm/251/parse_spec_file()] Header:  packager -> caos
[RPM.pm/251/parse_spec_file()] Header:  vendor -> caos
[RPM.pm/251/parse_spec_file()] Header:  distribution -> caos
[RPM.pm/251/parse_spec_file()] Header:  prefix -> /usr
[RPM.pm/251/parse_spec_file()] Header:  buildroot -> /var/tmp/ports-0.2-1.caos-root
[RPM.pm/251/parse_spec_file()] Header:  requires -> modules, make, gcc, gcc-c++
[RPM.pm/286/parse_spec_file()] Got dep modules, make, gcc, gcc-c++
[RPM.pm/746/parse_deps()] Dependency string:  modules, make, gcc, gcc-c++
[RPM.pm/763/parse_deps()] Dep packages:  modules|make|gcc|gcc-c++
[RPM.pm/251/parse_spec_file()] Header:  buildarch -> noarch
[RPM.pm/305/parse_spec_file()] Got the following sources:
[RPM.pm/307/parse_spec_file()]     Source 0 -> ports-0.2.tar.gz
[RPM.pm/309/parse_spec_file()] Got the following patches:
[RPM.pm/313/parse_spec_file()] Got the following header info:
[RPM.pm/315/parse_spec_file()]     buildarch -> noarch
[RPM.pm/315/parse_spec_file()]     buildroot -> /var/tmp/ports-0.2-1.caos-root
[RPM.pm/315/parse_spec_file()]     distribution -> caos
[RPM.pm/315/parse_spec_file()]     group -> System Environment/Development
[RPM.pm/315/parse_spec_file()]     license -> OSI-Approved
[RPM.pm/315/parse_spec_file()]     packager -> caos
[RPM.pm/315/parse_spec_file()]     prefix -> /usr
[RPM.pm/315/parse_spec_file()]     release -> 1.caos
[RPM.pm/315/parse_spec_file()]     requires -> modules, make, gcc, gcc-c++
[RPM.pm/315/parse_spec_file()]     summary -> Ports type source packaging
[RPM.pm/315/parse_spec_file()]     vendor -> caos
[RPM.pm/315/parse_spec_file()]     version -> 0.2
[PkgVars.pm/129/PkgVars::pkgvar_get] Package variable "allow_epoch" -> "0"
[PkgVars.pm/160/pkgvar_set()] Setting instructions
[PkgVars.pm/164/PkgVars::pkgvar_set] Package variable "instructions" -> "/caos/repo/ext/autobuilder/i386/00_LOGS/sysutil/ports/SPECS/ports.spec"
[Util.pm/691/copy_files()] Copying S/ports-0.2.tar.gz 0 to /var/tmp/mezzanine.temp.dironly.1640.03df/caos/repo/ext/autobuilder/i386/00_LOGS/sysutil/ports/SOURCES/.
[Prod.pm/482/parse_prod_file()] Args:  ""
[Prod.pm/166/find_product_file()] Args:  "<undef>", "<undef>"
[Prod.pm/484/parse_prod_file()] find_product_file() failed.  Returning 0.
[Build.pm/572/build_topdir()] Args:  ""
[PkgVars.pm/129/PkgVars::pkgvar_get] Package variable "buildpkglist_filename" -> "/caos/repo/ext/autobuilder/i386/00_LOGS/sysutil/ports/ports.pkglist"
[PkgVars.pm/129/PkgVars::pkgvar_get] Package variable "buildpkglist_filename" -> "/caos/repo/ext/autobuilder/i386/00_LOGS/sysutil/ports/ports.pkglist"
[RPM.pm/498/rpm_build()] Saving package list to /caos/repo/ext/autobuilder/i386/00_LOGS/sysutil/ports/ports.pkglist.
[Util.pm/269/file_user()] UID:  99
[PkgVars.pm/129/PkgVars::pkgvar_get] Package variable "builduser" -> "nobody"
[PkgVars.pm/160/pkgvar_set()] Setting command
[PkgVars.pm/164/PkgVars::pkgvar_set] Package variable "command" -> "/bin/su -s /bin/sh nobody -c /bin/sh -c "/bin/rpm"
[RPM.pm/172/rpm_form_command()] Command:  /bin/su -s /bin/sh nobody -c /bin/sh -c "/bin/rpm --define '_topdir /caos/repo/ext/autobuilder/i386/00_LOGS/sysutil/ports' --root='/var/tmp/mezzanine.temp.dironly.1640.03df' -qa --qf '%25{NAME} %10{EPOCH} %15{VERSION} %15{RELEASE}
' | sort -bf"
[PkgVars.pm/160/pkgvar_set()] Setting command
[PkgVars.pm/164/PkgVars::pkgvar_set] Package variable "command" -> ""
[Util.pm/269/file_user()] UID:  99
[PkgVars.pm/129/PkgVars::pkgvar_get] Package variable "builduser" -> "nobody"
[PkgVars.pm/160/pkgvar_set()] Setting command
[PkgVars.pm/164/PkgVars::pkgvar_set] Package variable "command" -> "chroot /var/tmp/mezzanine.temp.dironly.1640.03df /bin/su -s /bin/sh nobody -c /bin/sh -c "/usr/bin/rpmbuild"
[RPM.pm/172/rpm_form_command()] Command:  chroot /var/tmp/mezzanine.temp.dironly.1640.03df /bin/su -s /bin/sh nobody -c /bin/sh -c "/usr/bin/rpmbuild --define '_topdir /caos/repo/ext/autobuilder/i386/00_LOGS/sysutil/ports' --define 'optflags -O2 -march=pentium' --buildroot='/var/tmp/mezzanine-buildroot.1640/ports.12430' -ba /caos/repo/ext/autobuilder/i386/00_LOGS/sysutil/ports/SPECS/ports.spec"
Executing(%prep): /bin/sh -e /var/tmp/rpm-tmp.37355
sh-trace: umask 022
sh-trace: cd /caos/repo/ext/autobuilder/i386/00_LOGS/sysutil/ports/BUILD
sh-trace: LANG=C
sh-trace: export LANG
sh-trace: unset DISPLAY
sh-trace: cd /caos/repo/ext/autobuilder/i386/00_LOGS/sysutil/ports/BUILD
sh-trace: rm -rf ports
sh-trace: /bin/gzip -dc /caos/repo/ext/autobuilder/i386/00_LOGS/sysutil/ports/SOURCES/ports-0.2.tar.gz
sh-trace: tar -xf -
sh-trace: STATUS=0
sh-trace: '[' 0 -ne 0 ']'
sh-trace: cd ports
sh-trace: exit 0
Executing(%install): /bin/sh -e /var/tmp/rpm-tmp.37355
sh-trace: umask 022
sh-trace: cd /caos/repo/ext/autobuilder/i386/00_LOGS/sysutil/ports/BUILD
sh-trace: cd ports
sh-trace: LANG=C
sh-trace: export LANG
sh-trace: unset DISPLAY
sh-trace: /bin/mkdir -p /var/tmp/mezzanine-buildroot.1640/ports.12430/usr/src/ports/
sh-trace: /bin/mkdir -p /var/tmp/mezzanine-buildroot.1640/ports.12430/usr/ports/
sh-trace: cp -rap build mk programs scripts sources /var/tmp/mezzanine-buildroot.1640/ports.12430/usr/src/ports/
sh-trace: /usr/lib/rpm/caos/brp-compress
sh-trace: /usr/lib/rpm/caos/brp-strip /usr/bin/strip
sh-trace: /usr/lib/rpm/caos/brp-strip-static-archive /usr/bin/strip
sh-trace: /usr/lib/rpm/caos/brp-strip-comment-note /usr/bin/strip /usr/bin/objdump
Processing files: ports-0.2-1.caos
Executing(%doc): /bin/sh -e /var/tmp/rpm-tmp.37355
sh-trace: umask 022
sh-trace: cd /caos/repo/ext/autobuilder/i386/00_LOGS/sysutil/ports/BUILD
sh-trace: cd ports
sh-trace: DOCDIR=/var/tmp/mezzanine-buildroot.1640/ports.12430/usr/share/doc/ports-0.2
sh-trace: export DOCDIR
sh-trace: rm -rf /var/tmp/mezzanine-buildroot.1640/ports.12430/usr/share/doc/ports-0.2
sh-trace: /bin/mkdir -p /var/tmp/mezzanine-buildroot.1640/ports.12430/usr/share/doc/ports-0.2
sh-trace: cp -pr README FAQ docs /var/tmp/mezzanine-buildroot.1640/ports.12430/usr/share/doc/ports-0.2
sh-trace: exit 0
Requires(interp): /bin/sh
Requires(rpmlib): rpmlib(CompressedFileNames) <= 3.0.4-1 rpmlib(PayloadFilesHavePrefix) <= 4.0-1
Requires(pre): /bin/sh
Checking for unpackaged file(s): /usr/lib/rpm/check-files /var/tmp/mezzanine-buildroot.1640/ports.12430
Wrote: /caos/repo/ext/autobuilder/i386/00_LOGS/sysutil/ports/SRPMS/ports-0.2-1.caos.src.rpm
Wrote: /caos/repo/ext/autobuilder/i386/00_LOGS/sysutil/ports/RPMS/noarch/ports-0.2-1.caos.noarch.rpm
Executing(%clean): /bin/sh -e /var/tmp/rpm-tmp.12758
sh-trace: umask 022
sh-trace: cd /caos/repo/ext/autobuilder/i386/00_LOGS/sysutil/ports/BUILD
sh-trace: cd ports
sh-trace: test x/var/tmp/mezzanine-buildroot.1640/ports.12430 '!=' x
sh-trace: rm -rf /var/tmp/mezzanine-buildroot.1640/ports.12430
sh-trace: exit 0
[buildtool/675/place_package_files()] Output files for ports:  /caos/repo/ext/autobuilder/i386/00_LOGS/sysutil/ports/SRPMS/ports-0.2-1.caos.src.rpm /caos/repo/ext/autobuilder/i386/00_LOGS/sysutil/ports/RPMS/noarch/ports-0.2-1.caos.noarch.rpm
[buildtool/694/place_package_files()] Testing location "/src.rpm$/=/caos/repo/ext/autobuilder/SRPMS"
[buildtool/707/place_package_files()] Match found for /caos/repo/ext/autobuilder/i386/00_LOGS/sysutil/ports/SRPMS/ports-0.2-1.caos.src.rpm:  =src.rpm$ (/caos/repo/ext/autobuilder/SRPMS).
[buildtool/721/place_package_files()] /caos/repo/ext/autobuilder/SRPMS/ports-0.2-1.caos.src.rpm exists; removing.
[buildtool/725/place_package_files()] ln -f /caos/repo/ext/autobuilder/i386/00_LOGS/sysutil/ports/SRPMS/ports-0.2-1.caos.src.rpm /caos/repo/ext/autobuilder/SRPMS/ports-0.2-1.caos.src.rpm
[buildtool/694/place_package_files()] Testing location "/src.rpm$/=/caos/repo/ext/autobuilder/SRPMS"
[buildtool/694/place_package_files()] Testing location "/rpm$/=/caos/repo/ext/autobuilder/i386"
[buildtool/707/place_package_files()] Match found for /caos/repo/ext/autobuilder/i386/00_LOGS/sysutil/ports/RPMS/noarch/ports-0.2-1.caos.noarch.rpm:  =rpm$ (/caos/repo/ext/autobuilder/i386).
[buildtool/721/place_package_files()] /caos/repo/ext/autobuilder/i386/ports-0.2-1.caos.noarch.rpm exists; removing.
[buildtool/725/place_package_files()] ln -f /caos/repo/ext/autobuilder/i386/00_LOGS/sysutil/ports/RPMS/noarch/ports-0.2-1.caos.noarch.rpm /caos/repo/ext/autobuilder/i386/ports-0.2-1.caos.noarch.rpm
Package build for ports completed successfully.  (Wednesday, 05 October 2005 17:22:51 EDT)
[Build.pm/462/cleanup_build_tree()] /caos/repo/ext/autobuilder/i386/00_LOGS/sysutil/ports | /var/tmp/mezzanine-buildroot.1640/ports.12430 | /var/tmp/mezzanine.temp.dironly.1640.03df | orc
[Build.pm/463/cleanup_build_tree()] Only allowing cleaning in:  /var/tmp/mezzanine.temp.dironly.1640.03df/caos/repo/ext/autobuilder/i386/00_LOGS/sysutil/ports /caos/repo/ext/autobuilder/i386/00_LOGS/sysutil/ports/BUILD /var/tmp/mezzanine.temp.dironly.1640.03df/caos/repo/ext/autobuilder/i386/00_LOGS/sysutil/ports/BUILD /caos/repo/ext/autobuilder/i386/00_LOGS/sysutil/ports/SRPMS /var/tmp/mezzanine.temp.dironly.1640.03df/caos/repo/ext/autobuilder/i386/00_LOGS/sysutil/ports/SRPMS /caos/repo/ext/autobuilder/i386/00_LOGS/sysutil/ports/RPMS /var/tmp/mezzanine.temp.dironly.1640.03df/caos/repo/ext/autobuilder/i386/00_LOGS/sysutil/ports/RPMS /caos/repo/ext/autobuilder/i386/00_LOGS/sysutil/ports/SPECS /var/tmp/mezzanine.temp.dironly.1640.03df/caos/repo/ext/autobuilder/i386/00_LOGS/sysutil/ports/SPECS /caos/repo/ext/autobuilder/i386/00_LOGS/sysutil/ports/SOURCES /var/tmp/mezzanine.temp.dironly.1640.03df/caos/repo/ext/autobuilder/i386/00_LOGS/sysutil/ports/SOURCES /var/tmp/mezzanine-buildroot.1640/ports.12430 /var/tmp/mezzanine.temp.dironly.1640.03df/var/tmp/mezzanine-buildroot.1640/ports.12430
[Build.pm/498/cleanup_build_tree()] Cleaning /caos/repo/ext/autobuilder/i386/00_LOGS/sysutil/ports/BUILD?
[Build.pm/507/cleanup_build_tree()] Yes.
[Build.pm/498/cleanup_build_tree()] Cleaning /caos/repo/ext/autobuilder/i386/00_LOGS/sysutil/ports/SOURCES?
[Build.pm/507/cleanup_build_tree()] Yes.
[Build.pm/498/cleanup_build_tree()] Cleaning /var/tmp/mezzanine.temp.dironly.1640.03df/caos/repo/ext/autobuilder/i386/00_LOGS/sysutil/ports/BUILD?
[Build.pm/507/cleanup_build_tree()] Yes.
[Build.pm/498/cleanup_build_tree()] Cleaning /var/tmp/mezzanine.temp.dironly.1640.03df/caos/repo/ext/autobuilder/i386/00_LOGS/sysutil/ports/SOURCES?
[Build.pm/507/cleanup_build_tree()] Yes.
[Build.pm/498/cleanup_build_tree()] Cleaning /var/tmp/mezzanine-buildroot.1640/ports.12430?
[Build.pm/507/cleanup_build_tree()] Yes.
