! Started logfile: difmap.log_35 on Tue Apr 22 04:02:49 2008
observe 1705-353_X.edt
! Reading UV FITS file: 1705-353_X.edt
! AN table 1: 63 integrations on 136 of 136 possible baselines.
! Apparent sampling: 0.0806489 visibilities/baseline/integration-bin.
! *** This seems a bit low - see "help observe" on the binwid argument.
! Found source: 1705-353
! 
! There are 4 IFs, and a total of 4 channels:
! 
!  IF  Channel    Frequency  Freq offset  Number of   Overall IF
!       origin    at origin  per channel   channels    bandwidth
!  ------------------------------------------------------------- (Hz)
!  01        1  8.40997e+09        8e+06          1        8e+06
!  02        2  8.47997e+09        8e+06          1        8e+06
!  03        3  8.79497e+09        8e+06          1        8e+06
!  04        4  8.89997e+09        8e+06          1        8e+06
! 
! Polarization(s): RR
! 
! Read 1142 lines of history.
! 
! Reading 2764 visibilities.
select rr
! Selecting polarization: RR,  channels: 1..4
! Reading IF 1 channels: 1..1
! Reading IF 2 channels: 2..2
! Reading IF 3 channels: 3..3
! Reading IF 4 channels: 4..4
radpl
! Using default options string "m1"
! Move the cursor into the plot window and press 'H' for help
! Applying 8 buffered edits.
uvpl
! Using default options string ""
! Move the cursor into the plot window and press 'H' for help
uvweight 2,-1
! Uniform weighting binwidth: 2 (pixels).
! Gridding weights will be scaled by errors raised to the power -1.
! Radial weighting is not currently selected.
mapsize 2048,0.1
! Map grid = 2048x2048 pixels with 0.100x0.100 milli-arcsec cellsize.
mapl
! Inverting map and beam 
! Estimated beam: bmin=2.908 mas, bmaj=12.71 mas, bpa=15.51 degrees
! Estimated noise=2063.93 mJy/beam.
! 
! Move the cursor into the plot window and press 'H' for help
peakwin 0.7
! Added new window around map position (0, 0.1).
mapl
! 
! Move the cursor into the plot window and press 'H' for help
peakwin 0.6
mapl
! 
! Move the cursor into the plot window and press 'H' for help
clean 50,0.05
! clean: niter=50  gain=0.05  cutoff=0
! Component: 050  -  total flux cleaned = 0.12611 Jy
! Total flux subtracted in 50 components = 0.12611 Jy
! Clean residual min=-0.016002 max=0.020896 Jy/beam
! Clean residual mean=-0.000055 rms=0.005807 Jy/beam
! Combined flux in latest and established models = 0.12611 Jy
selfcal
! Performing phase self-cal
! Adding 25 model components to the UV plane model.
! The established model now contains 25 components and 0.12611 Jy
! 
! Correcting IF 1.
!  A total of 795 telescope corrections were flagged in sub-array 1.
! 
! Correcting IF 2.
!  A total of 777 telescope corrections were flagged in sub-array 1.
! 
! Correcting IF 3.
!  A total of 795 telescope corrections were flagged in sub-array 1.
! 
! Correcting IF 4.
!  A total of 825 telescope corrections were flagged in sub-array 1.
! 
! Fit before self-cal, rms=0.087501Jy  sigma=0.001239
! Fit after  self-cal, rms=0.087025Jy  sigma=0.001237
clean 50,0.05
! Inverting map and beam 
! Estimated beam: bmin=2.904 mas, bmaj=12.71 mas, bpa=15.54 degrees
! Estimated noise=2064.54 mJy/beam.
! clean: niter=50  gain=0.05  cutoff=0
! Component: 050  -  total flux cleaned = 0.0252082 Jy
! Total flux subtracted in 50 components = 0.0252082 Jy
! Clean residual min=-0.012692 max=0.018570 Jy/beam
! Clean residual mean=-0.000020 rms=0.004733 Jy/beam
! Combined flux in latest and established models = 0.151319 Jy
selfcal
! Performing phase self-cal
! Adding 23 model components to the UV plane model.
! The established model now contains 45 components and 0.151319 Jy
! 
! Correcting IF 1.
! 
! Correcting IF 2.
! 
! Correcting IF 3.
! 
! Correcting IF 4.
! 
! Fit before self-cal, rms=0.080632Jy  sigma=0.001139
! Fit after  self-cal, rms=0.080690Jy  sigma=0.001139
clean 50,0.05
! Inverting map 
! clean: niter=50  gain=0.05  cutoff=0
! Component: 050  -  total flux cleaned = 0.00518808 Jy
! Total flux subtracted in 50 components = 0.00518808 Jy
! Clean residual min=-0.012046 max=0.017881 Jy/beam
! Clean residual mean=-0.000014 rms=0.004596 Jy/beam
! Combined flux in latest and established models = 0.156507 Jy
selfcal
! Performing phase self-cal
! Adding 17 model components to the UV plane model.
! The established model now contains 51 components and 0.156507 Jy
! 
! Correcting IF 1.
! 
! Correcting IF 2.
! 
! Correcting IF 3.
! 
! Correcting IF 4.
! 
! Fit before self-cal, rms=0.079854Jy  sigma=0.001127
! Fit after  self-cal, rms=0.079880Jy  sigma=0.001127
clean 50,0.05
! Inverting map 
! clean: niter=50  gain=0.05  cutoff=0
! Component: 050  -  total flux cleaned = 0.0013246 Jy
! Total flux subtracted in 50 components = 0.0013246 Jy
! Clean residual min=-0.011787 max=0.017236 Jy/beam
! Clean residual mean=-0.000014 rms=0.004490 Jy/beam
! Combined flux in latest and established models = 0.157831 Jy
selfcal
! Performing phase self-cal
! Adding 14 model components to the UV plane model.
! The established model now contains 57 components and 0.157831 Jy
! 
! Correcting IF 1.
! 
! Correcting IF 2.
! 
! Correcting IF 3.
! 
! Correcting IF 4.
! 
! Fit before self-cal, rms=0.079528Jy  sigma=0.001123
! Fit after  self-cal, rms=0.079540Jy  sigma=0.001122
clean 50,0.05
! Inverting map 
! clean: niter=50  gain=0.05  cutoff=0
! Component: 050  -  total flux cleaned = 0.000615278 Jy
! Total flux subtracted in 50 components = 0.000615278 Jy
! Clean residual min=-0.011612 max=0.016616 Jy/beam
! Clean residual mean=-0.000015 rms=0.004391 Jy/beam
! Combined flux in latest and established models = 0.158447 Jy
selfcal
! Performing phase self-cal
! Adding 15 model components to the UV plane model.
! The established model now contains 59 components and 0.158447 Jy
! 
! Correcting IF 1.
! 
! Correcting IF 2.
! 
! Correcting IF 3.
! 
! Correcting IF 4.
! 
! Fit before self-cal, rms=0.079276Jy  sigma=0.001119
! Fit after  self-cal, rms=0.079287Jy  sigma=0.001119
clean 50,0.05
! Inverting map 
! clean: niter=50  gain=0.05  cutoff=0
! Component: 050  -  total flux cleaned = 0.0011913 Jy
! Total flux subtracted in 50 components = 0.0011913 Jy
! Clean residual min=-0.011513 max=0.016031 Jy/beam
! Clean residual mean=-0.000015 rms=0.004298 Jy/beam
! Combined flux in latest and established models = 0.159638 Jy
selfcal
! Performing phase self-cal
! Adding 21 model components to the UV plane model.
! The established model now contains 64 components and 0.159638 Jy
! 
! Correcting IF 1.
! 
! Correcting IF 2.
! 
! Correcting IF 3.
! 
! Correcting IF 4.
! 
! Fit before self-cal, rms=0.078988Jy  sigma=0.001115
! Fit after  self-cal, rms=0.078998Jy  sigma=0.001115
clean 50,0.05
! Inverting map 
! clean: niter=50  gain=0.05  cutoff=0
! Component: 050  -  total flux cleaned = 0.000554435 Jy
! Total flux subtracted in 50 components = 0.000554435 Jy
! Clean residual min=-0.011410 max=0.015493 Jy/beam
! Clean residual mean=-0.000016 rms=0.004213 Jy/beam
! Combined flux in latest and established models = 0.160192 Jy
selfcal
! Performing phase self-cal
! Adding 19 model components to the UV plane model.
! The established model now contains 64 components and 0.160192 Jy
! 
! Correcting IF 1.
! 
! Correcting IF 2.
! 
! Correcting IF 3.
! 
! Correcting IF 4.
! 
! Fit before self-cal, rms=0.078775Jy  sigma=0.001112
! Fit after  self-cal, rms=0.078784Jy  sigma=0.001112
clean 50,0.05
! Inverting map 
! clean: niter=50  gain=0.05  cutoff=0
! Component: 050  -  total flux cleaned = 0.000809361 Jy
! Total flux subtracted in 50 components = 0.000809361 Jy
! Clean residual min=-0.011323 max=0.014966 Jy/beam
! Clean residual mean=-0.000016 rms=0.004134 Jy/beam
! Combined flux in latest and established models = 0.161002 Jy
selfcal
! Performing phase self-cal
! Adding 22 model components to the UV plane model.
! The established model now contains 68 components and 0.161002 Jy
! 
! Correcting IF 1.
! 
! Correcting IF 2.
! 
! Correcting IF 3.
! 
! Correcting IF 4.
! 
! Fit before self-cal, rms=0.078555Jy  sigma=0.001109
! Fit after  self-cal, rms=0.078563Jy  sigma=0.001109
clean 50,0.05
! Inverting map 
! clean: niter=50  gain=0.05  cutoff=0
! Component: 050  -  total flux cleaned = 0.00103019 Jy
! Total flux subtracted in 50 components = 0.00103019 Jy
! Clean residual min=-0.011218 max=0.014497 Jy/beam
! Clean residual mean=-0.000016 rms=0.004058 Jy/beam
! Combined flux in latest and established models = 0.162032 Jy
selfcal
! Performing phase self-cal
! Adding 21 model components to the UV plane model.
! The established model now contains 72 components and 0.162032 Jy
! 
! Correcting IF 1.
! 
! Correcting IF 2.
! 
! Correcting IF 3.
! 
! Correcting IF 4.
! 
! Fit before self-cal, rms=0.078333Jy  sigma=0.001106
! Fit after  self-cal, rms=0.078341Jy  sigma=0.001105
clean 50,0.05
! Inverting map 
! clean: niter=50  gain=0.05  cutoff=0
! Component: 050  -  total flux cleaned = 0.000483414 Jy
! Total flux subtracted in 50 components = 0.000483414 Jy
! Clean residual min=-0.011135 max=0.014062 Jy/beam
! Clean residual mean=-0.000017 rms=0.003991 Jy/beam
! Combined flux in latest and established models = 0.162515 Jy
selfcal
! Performing phase self-cal
! Adding 23 model components to the UV plane model.
! The established model now contains 78 components and 0.162515 Jy
! 
! Correcting IF 1.
! 
! Correcting IF 2.
! 
! Correcting IF 3.
! 
! Correcting IF 4.
! 
! Fit before self-cal, rms=0.078168Jy  sigma=0.001103
! Fit after  self-cal, rms=0.078176Jy  sigma=0.001103
mapl
! Inverting map 
! 
! Move the cursor into the plot window and press 'H' for help
radpl
! Using default options string "m1"
! Move the cursor into the plot window and press 'H' for help
! Applying 19 buffered edits.
clean
! Inverting map and beam 
! Estimated beam: bmin=2.904 mas, bmaj=12.71 mas, bpa=15.54 degrees
! Estimated noise=2091.79 mJy/beam.
! clean: niter=50  gain=0.05  cutoff=0
! Component: 050  -  total flux cleaned = 0.00174565 Jy
! Total flux subtracted in 50 components = 0.00174565 Jy
! Clean residual min=-0.011607 max=0.012936 Jy/beam
! Clean residual mean=-0.000017 rms=0.003859 Jy/beam
! Combined flux in latest and established models = 0.164261 Jy
selfcal
! Performing phase self-cal
! Adding 29 model components to the UV plane model.
! The established model now contains 99 components and 0.164261 Jy
! 
! Correcting IF 1.
! 
! Correcting IF 2.
! 
! Correcting IF 3.
! 
! Correcting IF 4.
! 
! Fit before self-cal, rms=0.077141Jy  sigma=0.001093
! Fit after  self-cal, rms=0.076953Jy  sigma=0.001092
uvweight 0,-2
! Uniform weighting is not currently selected.
! Gridding weights will be scaled by errors raised to the power -2.
! Radial weighting is not currently selected.
clean
! Inverting map and beam 
! Estimated beam: bmin=4.595 mas, bmaj=14.31 mas, bpa=8.782 degrees
! Estimated noise=1103.23 mJy/beam.
! clean: niter=50  gain=0.05  cutoff=0
! Component: 050  -  total flux cleaned = 0.00640376 Jy
! Total flux subtracted in 50 components = 0.00640376 Jy
! Clean residual min=-0.015508 max=0.021822 Jy/beam
! Clean residual mean=-0.000041 rms=0.005443 Jy/beam
! Combined flux in latest and established models = 0.170665 Jy
selfcal
! Performing phase self-cal
! Adding 9 model components to the UV plane model.
! The established model now contains 108 components and 0.170665 Jy
! 
! Correcting IF 1.
! 
! Correcting IF 2.
! 
! Correcting IF 3.
! 
! Correcting IF 4.
! 
! Fit before self-cal, rms=0.076336Jy  sigma=0.001082
! Fit after  self-cal, rms=0.076306Jy  sigma=0.001082
clean
! Inverting map 
! clean: niter=50  gain=0.05  cutoff=0
! Component: 050  -  total flux cleaned = -4.35282e-06 Jy
! Total flux subtracted in 50 components = -4.35282e-06 Jy
! Clean residual min=-0.014916 max=0.021591 Jy/beam
! Clean residual mean=-0.000040 rms=0.005312 Jy/beam
! Combined flux in latest and established models = 0.17066 Jy
selfcal
! Performing phase self-cal
! Adding 8 model components to the UV plane model.
! The established model now contains 112 components and 0.17066 Jy
! 
! Correcting IF 1.
! 
! Correcting IF 2.
! 
! Correcting IF 3.
! 
! Correcting IF 4.
! 
! Fit before self-cal, rms=0.076204Jy  sigma=0.001078
! Fit after  self-cal, rms=0.076176Jy  sigma=0.001078
clean
! Inverting map 
! clean: niter=50  gain=0.05  cutoff=0
! Component: 050  -  total flux cleaned = -1.26346e-05 Jy
! Total flux subtracted in 50 components = -1.26346e-05 Jy
! Clean residual min=-0.014543 max=0.021433 Jy/beam
! Clean residual mean=-0.000040 rms=0.005224 Jy/beam
! Combined flux in latest and established models = 0.170648 Jy
selfcal
! Performing phase self-cal
! Adding 12 model components to the UV plane model.
! The established model now contains 117 components and 0.170648 Jy
! 
! Correcting IF 1.
! 
! Correcting IF 2.
! 
! Correcting IF 3.
! 
! Correcting IF 4.
! 
! Fit before self-cal, rms=0.076152Jy  sigma=0.001076
! Fit after  self-cal, rms=0.076134Jy  sigma=0.001076
mapl
! Inverting map 
! 
! Move the cursor into the plot window and press 'H' for help
mapl cln
! restore: Substituting estimate of restoring beam from last 'invert'.
! Restoring with beam: 4.595 x 14.31 at 8.782 degrees (North through East)
! Clean map  min=-0.014549  max=0.15224 Jy/beam
! 
! Move the cursor into the plot window and press 'H' for help
radpl
! Using default options string "m1"
! Move the cursor into the plot window and press 'H' for help
gscale true
! Performing overall amplitude self-cal
! 
! Correcting IF 1.
!  A total of 3 telescope corrections were flagged in sub-array 1.
!  Telescope amplitude corrections in sub-array 1:
!   BR        1.15     FD        0.92     HN        1.00*    KB        1.00*    
!   KK        1.00*    KP        1.30     LA        0.95     MK        1.00*    
!   NL        1.00*    NY        1.00*    OV        1.00*    PT        0.93     
!   SC        1.00*    TS        1.00*    WF        1.00*    WZ        1.00*    
!   ZC        1.00*    
! 
! 
! Correcting IF 2.
!  A total of 3 telescope corrections were flagged in sub-array 1.
!  Telescope amplitude corrections in sub-array 1:
!   BR        1.00*    FD        0.86     HN        1.00*    KB        1.00*    
!   KK        1.00*    KP        1.19     LA        0.96     MK        1.00*    
!   NL        1.00*    NY        1.00*    OV        1.12     PT        1.00     
!   SC        1.00*    TS        1.00*    WF        1.00*    WZ        1.00*    
!   ZC        1.00*    
! 
! 
! Correcting IF 3.
!  A total of 3 telescope corrections were flagged in sub-array 1.
!  Telescope amplitude corrections in sub-array 1:
!   BR        1.13     FD        0.87     HN        1.00*    KB        1.00*    
!   KK        1.00*    KP        1.16     LA        0.95     MK        1.00*    
!   NL        1.00*    NY        1.00*    OV        1.00*    PT        1.05     
!   SC        1.00*    TS        1.00*    WF        1.00*    WZ        1.00*    
!   ZC        1.00*    
! 
! 
! Correcting IF 4.
!  A total of 6 telescope corrections were flagged in sub-array 1.
!  Telescope amplitude corrections in sub-array 1:
!   BR        1.00*    FD        0.83     HN        1.00*    KB        1.00*    
!   KK        1.00*    KP        1.23     LA        0.91     MK        1.00*    
!   NL        1.00*    NY        1.00*    OV        1.00*    PT        1.02     
!   SC        1.00*    TS        1.00*    WF        1.00*    WZ        1.00*    
!   ZC        1.00*    
! 
! 
! Fit before self-cal, rms=0.076134Jy  sigma=0.001076
! Fit after  self-cal, rms=0.076888Jy  sigma=0.001018
clean
! Inverting map and beam 
! Estimated beam: bmin=4.796 mas, bmaj=15.02 mas, bpa=10.47 degrees
! Estimated noise=1110.98 mJy/beam.
! clean: niter=50  gain=0.05  cutoff=0
! Component: 050  -  total flux cleaned = -7.6146e-05 Jy
! Total flux subtracted in 50 components = -7.6146e-05 Jy
! Clean residual min=-0.007246 max=0.011407 Jy/beam
! Clean residual mean=0.000014 rms=0.003310 Jy/beam
! Combined flux in latest and established models = 0.170571 Jy
selfcal
! Performing phase self-cal
! Adding 8 model components to the UV plane model.
! The established model now contains 124 components and 0.170571 Jy
! 
! Correcting IF 1.
! 
! Correcting IF 2.
! 
! Correcting IF 3.
! 
! Correcting IF 4.
! 
! Fit before self-cal, rms=0.076848Jy  sigma=0.001018
! Fit after  self-cal, rms=0.077154Jy  sigma=0.001016
mapl
! Inverting map 
! 
! Move the cursor into the plot window and press 'H' for help
radpl
! Using default options string "m1"
! Move the cursor into the plot window and press 'H' for help
! Applying 25 buffered edits.
mapl
! Inverting map and beam 
! Estimated beam: bmin=4.817 mas, bmaj=15.07 mas, bpa=10.31 degrees
! Estimated noise=1114.16 mJy/beam.
! 
! Move the cursor into the plot window and press 'H' for help
mapl cln
! restore: Substituting estimate of restoring beam from last 'invert'.
! Restoring with beam: 4.817 x 15.07 at 10.31 degrees (North through East)
! Clean map  min=-0.007704  max=0.1555 Jy/beam
! 
! Move the cursor into the plot window and press 'H' for help
selfcal true, true, 120
! Performing amp+phase self-cal over 120 minute time intervals
! 
! Correcting IF 1.
! 
! Correcting IF 2.
! 
! Correcting IF 3.
! 
! Correcting IF 4.
! 
! Fit before self-cal, rms=0.074230Jy  sigma=0.001002
! Fit after  self-cal, rms=0.076112Jy  sigma=0.000990
mapl
! Inverting map and beam 
! Estimated beam: bmin=4.923 mas, bmaj=15.24 mas, bpa=9.829 degrees
! Estimated noise=1117.42 mJy/beam.
! 
! Move the cursor into the plot window and press 'H' for help
mapl cln
! restore: Substituting estimate of restoring beam from last 'invert'.
! Restoring with beam: 4.923 x 15.24 at 9.829 degrees (North through East)
! Clean map  min=-0.0076845  max=0.15632 Jy/beam
! 
! Move the cursor into the plot window and press 'H' for help
loglevs 4
! The new contour levels are:
!  -4 4 8 16 32 64
mapl cln
! 
! Move the cursor into the plot window and press 'H' for help
selfcal true, true, 1
! Performing amp+phase self-cal over 1 minute time intervals
! 
! Correcting IF 1.
! 
! Correcting IF 2.
! 
! Correcting IF 3.
! 
! Correcting IF 4.
! 
! Fit before self-cal, rms=0.076112Jy  sigma=0.000990
! Fit after  self-cal, rms=0.076539Jy  sigma=0.000965
clean
! Inverting map and beam 
! Estimated beam: bmin=4.936 mas, bmaj=15.24 mas, bpa=9.708 degrees
! Estimated noise=1117.24 mJy/beam.
! clean: niter=50  gain=0.05  cutoff=0
! Component: 050  -  total flux cleaned = 0.000825961 Jy
! Total flux subtracted in 50 components = 0.000825961 Jy
! Clean residual min=-0.007549 max=0.009520 Jy/beam
! Clean residual mean=0.000009 rms=0.002660 Jy/beam
! Combined flux in latest and established models = 0.171397 Jy
selfcal
! Performing phase self-cal
! Adding 14 model components to the UV plane model.
! The established model now contains 134 components and 0.171397 Jy
! 
! Correcting IF 1.
! 
! Correcting IF 2.
! 
! Correcting IF 3.
! 
! Correcting IF 4.
! 
! Fit before self-cal, rms=0.076509Jy  sigma=0.000965
! Fit after  self-cal, rms=0.076368Jy  sigma=0.000961
radpl
! Using default options string "m1"
! Move the cursor into the plot window and press 'H' for help
! Applying 45 buffered edits.
radpl
! Using default options string "m1"
! Move the cursor into the plot window and press 'H' for help
! Applying 13 buffered edits.
mapl
! Inverting map and beam 
! Estimated beam: bmin=5.009 mas, bmaj=15.34 mas, bpa=9.675 degrees
! Estimated noise=1125.3 mJy/beam.
! 
! Move the cursor into the plot window and press 'H' for help
mapl cln
! restore: Substituting estimate of restoring beam from last 'invert'.
! Restoring with beam: 5.009 x 15.34 at 9.675 degrees (North through East)
! Clean map  min=-0.0075006  max=0.15772 Jy/beam
! 
! Move the cursor into the plot window and press 'H' for help
loglevs 3
! The new contour levels are:
!  -3 3 6 12 24 48 96
mapl cln
! 
! Move the cursor into the plot window and press 'H' for help
loglevs 3.5
! The new contour levels are:
!  -3.5 3.5 7 14 28 56
mapl cln
! 
! Move the cursor into the plot window and press 'H' for help
loglevs 4.5
! The new contour levels are:
!  -4.5 4.5 9 18 36 72
mapl cln
! 
! Move the cursor into the plot window and press 'H' for help
save 1705-353_X
! Writing UV FITS file: 1705-353_X.uvf
! Writing 134 model components to file: 1705-353_X.mod
! wwins: Wrote 1 windows to 1705-353_X.win
! Writing clean map to FITS file: 1705-353_X.fits
! Writing difmap environment to: 1705-353_X.par
![@gonzo_plot 1705-353_X]
device 1705-353_Xuv.ps/vps,1,2
! Attempting to open device: '1705-353_Xuv.ps/vps'
radplot
! Using default options string "m1"
uvplot
! Using default options string ""
device 1705-353_Xim.ps/vps
! Attempting to open device: '1705-353_Xim.ps/vps'
uvweight 0,-1
! Uniform weighting is not currently selected.
! Gridding weights will be scaled by errors raised to the power -1.
! Radial weighting is not currently selected.
loglevs -1,2048,2
! The new contour levels are:
!  -1 1 2 4 8 16 32 64 128 256 512 1024 2048
cmul = imstat(rms)*3
! Inverting map and beam 
! Estimated beam: bmin=4.528 mas, bmaj=14.5 mas, bpa=10.65 degrees
! Estimated noise=1160.24 mJy/beam.
mappl cln
! restore: Substituting estimate of restoring beam from last 'invert'.
! Restoring with beam: 4.528 x 14.5 at 10.65 degrees (North through East)
! Clean map  min=-0.0080823  max=0.15516 Jy/beam
![Exited script file: gonzo_plot]
quit
! Quitting program
! Log file difmap.log_35 closed on Tue Apr 22 04:17:55 2008
