! Started logfile: J1238-1959_X_2005_07_09_yyk_uvs.log on Fri Jan 20 11:24:53 2006
obs J1238-1959_X_2005_07_09_yyk_uve.fits
! Reading UV FITS file: J1238-1959_X_2005_07_09_yyk_uve.fits
! AN table 1: 8 integrations on 45 of 45 possible baselines.
! Apparent sampling: 0.4 visibilities/baseline/integration-bin.
! *** This seems a bit low - see "help observe" on the binwid argument.
! Found source: J1238-1959
! 
! There are 4 IFs, and a total of 4 channels:
! 
!  IF  Channel    Frequency  Freq offset  Number of   Overall IF
!       origin    at origin  per channel   channels    bandwidth
!  ------------------------------------------------------------- (Hz)
!  01        1  8.40997e+09        8e+06          1        8e+06
!  02        2  8.47997e+09        8e+06          1        8e+06
!  03        3  8.79497e+09        8e+06          1        8e+06
!  04        4  8.89997e+09        8e+06          1        8e+06
! 
! Polarization(s): RR
! 
! Read 1480 lines of history.
! 
! Reading 576 visibilities.
select I
! Polarization I is unavailable.
! Selecting polarization: RR,  channels: 1..4
! Reading IF 1 channels: 1..1
! Reading IF 2 channels: 2..2
! Reading IF 3 channels: 3..3
! Reading IF 4 channels: 4..4
![@muppet J1238-1959_X_2005_07_09_yyk]
integer clean_niter
clean_niter = 100
float clean_gain
clean_gain = 0.04
float dynam
dynam = 6.0
float amp_soltime1
amp_soltime1 = 10
float amp_soltime2
amp_soltime2 = 1
float phase_soltime1
phase_soltime1=10
float phase_soltime2
phase_soltime2=0.5
float phase_soltime
phase_soltime=phase_soltime1
float ampcor_selflim
ampcor_selflim=1.20
float thresh
thresh = 0.10
float win_mult
win_mult = 1.8
float time_av
time_av = 30
float old_peak
float new_peak
float flux_cutoff
mapsize field_size, field_cell
! Map grid = 256x256 pixels with 0.400x0.400 milli-arcsec cellsize.
phase_soltime=phase_soltime1
print "uvstat(rms)=",uvstat(rms),"Jy"
! uvstat(rms)= 0.10503 Jy 
uvw 2,-1
! Uniform weighting binwidth: 2 (pixels).
! Gridding weights will be scaled by errors raised to the power -1.
! Radial weighting is not currently selected.
flux_cutoff = imstat(rms) * dynam
! Inverting map and beam 
! Estimated beam: bmin=2.326 mas, bmaj=5.111 mas, bpa=2.514 degrees
! Estimated noise=3.50867 mJy/beam.
repeat
  if (peak(flux) > flux_cutoff) peakwin win_mult
  clean clean_niter,clean_gain
  flux_cutoff = imstat(rms) * dynam
  selfcal false,false,phase_soltime
  new_peak = peak(flux)
  until(new_peak<=flux_cutoff)
! Added new window around map position (0, 0).
! clean: niter=100  gain=0.04  cutoff=0
! Component: 050  -  total flux cleaned = 0.0637801 Jy
! Component: 100  -  total flux cleaned = 0.0747964 Jy
! Total flux subtracted in 100 components = 0.0747964 Jy
! Clean residual min=-0.010889 max=0.013704 Jy/beam
! Clean residual mean=-0.000042 rms=0.003864 Jy/beam
! Combined flux in latest and established models = 0.0747964 Jy
! Performing phase self-cal over 10 minute time intervals
! Adding 7 model components to the UV plane model.
! The established model now contains 7 components and 0.0747964 Jy
! 
! Correcting IF 1.
!  A total of 28 telescope corrections were flagged in sub-array 1.
! 
! Correcting IF 2.
!  A total of 80 telescope corrections were flagged in sub-array 1.
! 
! Correcting IF 3.
!  A total of 80 telescope corrections were flagged in sub-array 1.
! 
! Correcting IF 4.
!  A total of 80 telescope corrections were flagged in sub-array 1.
! 
! Fit before self-cal, rms=0.070446Jy  sigma=1.112621
! Fit after  self-cal, rms=0.068832Jy  sigma=1.099472
! Inverting map and beam 
! Estimated beam: bmin=2.326 mas, bmaj=5.111 mas, bpa=2.514 degrees
! Estimated noise=3.50867 mJy/beam.
print "************** FINISHED UNIFORM WEIGHTING CLEAN **************"
! ************** FINISHED UNIFORM WEIGHTING CLEAN ************** 
! 
uvw 0,-2
! Uniform weighting is not currently selected.
! Gridding weights will be scaled by errors raised to the power -2.
! Radial weighting is not currently selected.
win_mult = win_mult * 1.6
clean_niter = clean_niter * 2
dynam = dynam - 0.5
flux_cutoff = imstat(rms) * dynam
! Inverting map and beam 
! Estimated beam: bmin=2.456 mas, bmaj=5.276 mas, bpa=1.589 degrees
! Estimated noise=3.15596 mJy/beam.
repeat
  if (peak(flux) > flux_cutoff) peakwin win_mult
  clean clean_niter,clean_gain
  flux_cutoff = imstat(rms) * dynam
  selfcal false,false,phase_soltime
  new_peak = peak(flux)
  until(new_peak<=flux_cutoff)
! clean: niter=200  gain=0.04  cutoff=0
! Component: 050  -  total flux cleaned = 0.00338891 Jy
! Component: 100  -  total flux cleaned = 0.00285144 Jy
! Component: 150  -  total flux cleaned = 0.00228436 Jy
! Component: 200  -  total flux cleaned = 0.00199183 Jy
! Total flux subtracted in 200 components = 0.00199183 Jy
! Clean residual min=-0.010409 max=0.010231 Jy/beam
! Clean residual mean=0.000024 rms=0.003074 Jy/beam
! Combined flux in latest and established models = 0.0767882 Jy
! Performing phase self-cal over 10 minute time intervals
! Adding 15 model components to the UV plane model.
! The established model now contains 18 components and 0.0767882 Jy
! 
! Correcting IF 1.
! 
! Correcting IF 2.
! 
! Correcting IF 3.
! 
! Correcting IF 4.
! 
! Fit before self-cal, rms=0.067117Jy  sigma=1.066944
! Fit after  self-cal, rms=0.066934Jy  sigma=1.064928
! Inverting map 
print "************** FINISHED NATURAL WEIGHTING CLEAN **************"
! ************** FINISHED NATURAL WEIGHTING CLEAN ************** 
! 
restore
! restore: Substituting estimate of restoring beam from last 'invert'.
! Restoring with beam: 2.456 x 5.276 at 1.589 degrees (North through East)
! Clean map  min=-0.010817  max=0.073514 Jy/beam
if(peak(flux) < thresh*2)
  selflims ampcor_selflim
  end if
! Selfcal amplitude corrections will be limited to 0.833333 -> 1.2.
! Selfcal phase corrections will not be limited.
gscale
! Performing overall amplitude self-cal
! 
! Correcting IF 1.
!  Amplitude normalization factor in sub-array 1: 1
!  Telescope amplitude corrections in sub-array 1:
!   BR        1.00*    FD        1.00*    HN        1.00*    KP        1.00*    
!   LA        1.00*    MK        1.00*    NL        1.00*    OV        1.00*    
!   PT        1.00*    SC        1.00*    
! 
! 
! Correcting IF 2.
!  Amplitude normalization factor in sub-array 1: 1
!  Telescope amplitude corrections in sub-array 1:
!   BR        0.00*    FD        0.00*    HN        0.00*    KP        0.00*    
!   LA        0.00*    MK        0.00*    NL        0.00*    OV        0.00*    
!   PT        0.00*    SC        0.00*    
! 
! 
! Correcting IF 3.
!  Amplitude normalization factor in sub-array 1: 1
!  Telescope amplitude corrections in sub-array 1:
!   BR        0.00*    FD        0.00*    HN        0.00*    KP        0.00*    
!   LA        0.00*    MK        0.00*    NL        0.00*    OV        0.00*    
!   PT        0.00*    SC        0.00*    
! 
! 
! Correcting IF 4.
!  Amplitude normalization factor in sub-array 1: 1
!  Telescope amplitude corrections in sub-array 1:
!   BR        0.00*    FD        0.00*    HN        0.00*    KP        0.00*    
!   LA        0.00*    MK        0.00*    NL        0.00*    OV        0.00*    
!   PT        0.00*    SC        0.00*    
! 
! 
! Fit before self-cal, rms=0.066934Jy  sigma=1.064928
! Fit after  self-cal, rms=0.066934Jy  sigma=1.064928
selfcal false, false, phase_soltime
! Performing phase self-cal over 10 minute time intervals
! 
! Correcting IF 1.
! 
! Correcting IF 2.
! 
! Correcting IF 3.
! 
! Correcting IF 4.
! 
! Fit before self-cal, rms=0.066934Jy  sigma=1.064928
! Fit after  self-cal, rms=0.066929Jy  sigma=1.064677
dynam = dynam - 0.5
flux_cutoff = imstat(rms) * dynam
! Inverting map and beam 
! Estimated beam: bmin=2.456 mas, bmaj=5.276 mas, bpa=1.589 degrees
! Estimated noise=3.15596 mJy/beam.
repeat
  if (peak(flux) > flux_cutoff) peakwin win_mult
  clean clean_niter,clean_gain
  flux_cutoff = imstat(rms) * dynam
  selfcal false,false,phase_soltime
  new_peak = peak(flux)
  until(new_peak<=flux_cutoff)
! clean: niter=200  gain=0.04  cutoff=0
! Component: 050  -  total flux cleaned = -0.000679239 Jy
! Component: 100  -  total flux cleaned = -0.000554298 Jy
! Component: 150  -  total flux cleaned = -0.000448758 Jy
! Component: 200  -  total flux cleaned = -0.000349325 Jy
! Total flux subtracted in 200 components = -0.000349325 Jy
! Clean residual min=-0.009971 max=0.010028 Jy/beam
! Clean residual mean=0.000026 rms=0.002966 Jy/beam
! Combined flux in latest and established models = 0.0764389 Jy
! Performing phase self-cal over 10 minute time intervals
! Adding 16 model components to the UV plane model.
! The established model now contains 29 components and 0.0764389 Jy
! 
! Correcting IF 1.
! 
! Correcting IF 2.
! 
! Correcting IF 3.
! 
! Correcting IF 4.
! 
! Fit before self-cal, rms=0.066670Jy  sigma=1.057296
! Fit after  self-cal, rms=0.066552Jy  sigma=1.056081
! Inverting map 
print "************** FINISHED AMPLITUDE GSCALE SELF-CAL **************"
! ************** FINISHED AMPLITUDE GSCALE SELF-CAL ************** 
! 
phase_soltime=phase_soltime2
selfcal false, false, phase_soltime
! Performing phase self-cal over 0.5 minute time intervals
! 
! Correcting IF 1.
! 
! Correcting IF 2.
! 
! Correcting IF 3.
! 
! Correcting IF 4.
! 
! Fit before self-cal, rms=0.066552Jy  sigma=1.056081
! Fit after  self-cal, rms=0.063331Jy  sigma=0.999560
dynam = dynam - 0.5
flux_cutoff = imstat(rms) * dynam
! Inverting map 
repeat
  if (peak(flux) > flux_cutoff) peakwin win_mult
  clean clean_niter,clean_gain
  flux_cutoff = imstat(rms) * dynam
  selfcal false,false,phase_soltime
  new_peak = peak(flux)
  until(new_peak<=flux_cutoff)
! clean: niter=200  gain=0.04  cutoff=0
! Component: 050  -  total flux cleaned = 0.000790956 Jy
! Component: 100  -  total flux cleaned = 0.000793669 Jy
! Component: 150  -  total flux cleaned = 0.000508244 Jy
! Component: 200  -  total flux cleaned = 0.000353738 Jy
! Total flux subtracted in 200 components = 0.000353738 Jy
! Clean residual min=-0.010217 max=0.010917 Jy/beam
! Clean residual mean=0.000033 rms=0.003047 Jy/beam
! Combined flux in latest and established models = 0.0767926 Jy
! Performing phase self-cal over 0.5 minute time intervals
! Adding 15 model components to the UV plane model.
! The established model now contains 33 components and 0.0767926 Jy
! 
! Correcting IF 1.
! 
! Correcting IF 2.
! 
! Correcting IF 3.
! 
! Correcting IF 4.
! 
! Fit before self-cal, rms=0.062943Jy  sigma=0.993156
! Fit after  self-cal, rms=0.062476Jy  sigma=0.988066
! Inverting map 
print "*** FINISHED NATURAL WEIGHTING CLEAN with shorter phase_soltime ***"
! *** FINISHED NATURAL WEIGHTING CLEAN with shorter phase_soltime *** 
! 
dynam = dynam - 0.25
restore
! restore: Substituting estimate of restoring beam from last 'invert'.
! Restoring with beam: 2.456 x 5.276 at 1.589 degrees (North through East)
! Clean map  min=-0.010133  max=0.075419 Jy/beam
if(peak(flux) > thresh)
  selfcal true, true, amp_soltime1
  selfcal false, false, phase_soltime
  flux_cutoff = imstat(rms) * dynam
  repeat
    if (peak(flux) > flux_cutoff) peakwin win_mult
    clean clean_niter,clean_gain
    flux_cutoff = imstat(rms) * dynam
    selfcal false,false,phase_soltime
    new_peak = peak(flux)
    until(new_peak<=flux_cutoff)
  selfcal true, true, amp_soltime2
  selfcal false, false, phase_soltime
  flux_cutoff = imstat(rms) * dynam
  repeat
    if (peak(flux) > flux_cutoff) peakwin win_mult
    clean clean_niter,clean_gain
    flux_cutoff = imstat(rms) * dynam
    selfcal false,false,phase_soltime
    new_peak = peak(flux)
    until(new_peak<=flux_cutoff)
  print "************** FINISHED AMPLITUDE SELF-CAL **************"
  end if
uvtaper 0.3,taper_size
! Gaussian taper: value 0.3 at UV radius = 70 mega-wavelengths.
win_mult = win_mult * 1.4
flux_cutoff = imstat(rms) * dynam
! Inverting map and beam 
! Estimated beam: bmin=2.849 mas, bmaj=5.607 mas, bpa=2.256 degrees
! Estimated noise=3.23496 mJy/beam.
repeat
  if (peak(flux) > flux_cutoff) peakwin win_mult
  clean clean_niter,clean_gain
  flux_cutoff = imstat(rms) * dynam
  selfcal false,false,phase_soltime
  new_peak = peak(flux)
  until(new_peak<=flux_cutoff)
! clean: niter=200  gain=0.04  cutoff=0
! Component: 050  -  total flux cleaned = 0.000924253 Jy
! Component: 100  -  total flux cleaned = 0.00139565 Jy
! Component: 150  -  total flux cleaned = 0.00152759 Jy
! Component: 200  -  total flux cleaned = 0.00164654 Jy
! Total flux subtracted in 200 components = 0.00164654 Jy
! Clean residual min=-0.010341 max=0.011401 Jy/beam
! Clean residual mean=0.000050 rms=0.003222 Jy/beam
! Combined flux in latest and established models = 0.0784391 Jy
! Performing phase self-cal over 0.5 minute time intervals
! Adding 11 model components to the UV plane model.
! The established model now contains 38 components and 0.0784391 Jy
! 
! Correcting IF 1.
! 
! Correcting IF 2.
! 
! Correcting IF 3.
! 
! Correcting IF 4.
! 
! Fit before self-cal, rms=0.062411Jy  sigma=0.985350
! Fit after  self-cal, rms=0.062320Jy  sigma=0.984320
! Inverting map 
uvtaper 0
! No UV-taper is currently set.
win_mult = win_mult / 1.4
print "************** FINISHED TAPERING SELF-CAL CLEAN **************"
! ************** FINISHED TAPERING SELF-CAL CLEAN ************** 
! 
print "************** CLEARING MODEL AND STARTING OVER **********"
! ************** CLEARING MODEL AND STARTING OVER ********** 
clrmod true,true,true
! clrmod: Cleared the established, tentative and continuum models.
uvw 2,-1
! Uniform weighting binwidth: 2 (pixels).
! Gridding weights will be scaled by errors raised to the power -1.
! Radial weighting is not currently selected.
clean clean_niter, clean_gain
! Inverting map and beam 
! Estimated beam: bmin=2.326 mas, bmaj=5.111 mas, bpa=2.514 degrees
! Estimated noise=3.50867 mJy/beam.
! clean: niter=200  gain=0.04  cutoff=0
! Component: 050  -  total flux cleaned = 0.0680804 Jy
! Component: 100  -  total flux cleaned = 0.0744807 Jy
! Component: 150  -  total flux cleaned = 0.0744925 Jy
! Component: 200  -  total flux cleaned = 0.0731411 Jy
! Total flux subtracted in 200 components = 0.0731411 Jy
! Clean residual min=-0.012518 max=0.013245 Jy/beam
! Clean residual mean=-0.000035 rms=0.003469 Jy/beam
! Combined flux in latest and established models = 0.0731411 Jy
uvw 0,-2
! Uniform weighting is not currently selected.
! Gridding weights will be scaled by errors raised to the power -2.
! Radial weighting is not currently selected.
flux_cutoff = imstat(rms) * dynam
! Adding 18 model components to the UV plane model.
! The established model now contains 18 components and 0.0731411 Jy
! Inverting map and beam 
! Estimated beam: bmin=2.456 mas, bmaj=5.276 mas, bpa=1.589 degrees
! Estimated noise=3.15596 mJy/beam.
repeat
  if (peak(flux) > flux_cutoff) peakwin win_mult
  clean clean_niter,clean_gain
  flux_cutoff = imstat(rms) * dynam
  keep
  new_peak = peak(flux)
  until(new_peak<=flux_cutoff)
! clean: niter=200  gain=0.04  cutoff=0
! Component: 050  -  total flux cleaned = 0.00155697 Jy
! Component: 100  -  total flux cleaned = 0.001561 Jy
! Component: 150  -  total flux cleaned = 0.00156531 Jy
! Component: 200  -  total flux cleaned = 0.00169709 Jy
! Total flux subtracted in 200 components = 0.00169709 Jy
! Clean residual min=-0.010992 max=0.011499 Jy/beam
! Clean residual mean=0.000029 rms=0.003115 Jy/beam
! Combined flux in latest and established models = 0.0748382 Jy
! Adding 16 model components to the UV plane model.
! The established model now contains 27 components and 0.0748382 Jy
! Inverting map 
uvtaper 0.3,taper_size
! Gaussian taper: value 0.3 at UV radius = 70 mega-wavelengths.
flux_cutoff = imstat(rms) * dynam
! Inverting map and beam 
! Estimated beam: bmin=2.849 mas, bmaj=5.607 mas, bpa=2.256 degrees
! Estimated noise=3.23496 mJy/beam.
repeat
  if (peak(flux) > flux_cutoff) peakwin win_mult
  clean clean_niter,clean_gain
  flux_cutoff = imstat(rms) * dynam
  keep
  new_peak = peak(flux)
  until(new_peak<=flux_cutoff)
! clean: niter=200  gain=0.04  cutoff=0
! Component: 050  -  total flux cleaned = 0.00136806 Jy
! Component: 100  -  total flux cleaned = 0.00163343 Jy
! Component: 150  -  total flux cleaned = 0.00187491 Jy
! Component: 200  -  total flux cleaned = 0.00202358 Jy
! Total flux subtracted in 200 components = 0.00202358 Jy
! Clean residual min=-0.010717 max=0.011567 Jy/beam
! Clean residual mean=0.000044 rms=0.003245 Jy/beam
! Combined flux in latest and established models = 0.0768618 Jy
! Adding 13 model components to the UV plane model.
! The established model now contains 32 components and 0.0768618 Jy
! Inverting map 
uvtaper 0
! No UV-taper is currently set.
clean
! Inverting map and beam 
! Estimated beam: bmin=2.456 mas, bmaj=5.276 mas, bpa=1.589 degrees
! Estimated noise=3.15596 mJy/beam.
! clean: niter=200  gain=0.04  cutoff=0
! Component: 050  -  total flux cleaned = -0.00087427 Jy
! Component: 100  -  total flux cleaned = -0.0010496 Jy
! Component: 150  -  total flux cleaned = -0.000969758 Jy
! Component: 200  -  total flux cleaned = -0.000969577 Jy
! Total flux subtracted in 200 components = -0.000969577 Jy
! Clean residual min=-0.010359 max=0.011124 Jy/beam
! Clean residual mean=0.000033 rms=0.003038 Jy/beam
! Combined flux in latest and established models = 0.0758922 Jy
selfcal false, false, phase_soltime
! Performing phase self-cal over 0.5 minute time intervals
! Adding 8 model components to the UV plane model.
! The established model now contains 35 components and 0.0758922 Jy
! 
! Correcting IF 1.
! 
! Correcting IF 2.
! 
! Correcting IF 3.
! 
! Correcting IF 4.
! 
! Fit before self-cal, rms=0.062301Jy  sigma=0.984743
! Fit after  self-cal, rms=0.062270Jy  sigma=0.983966
wmodel J1238-1959_X_2005_07_09_yyk\_map.mod
! Writing 35 model components to file: J1238-1959_X_2005_07_09_yyk_map.mod
wobs J1238-1959_X_2005_07_09_yyk\_uvs.fits
! Writing UV FITS file: J1238-1959_X_2005_07_09_yyk_uvs.fits
wwins J1238-1959_X_2005_07_09_yyk\_map.win
! wwins: Wrote 1 windows to J1238-1959_X_2005_07_09_yyk_map.win
x = (field_size-8) * field_cell / 4
addwin -x,x,-x,x
clean (field_size*4),0.01
! Inverting map 
! clean: niter=1024  gain=0.01  cutoff=0
! Component: 050  -  total flux cleaned = -0.000918401 Jy
! Component: 100  -  total flux cleaned = -0.000440889 Jy
! Component: 150  -  total flux cleaned = 0.000701844 Jy
! Component: 200  -  total flux cleaned = 0.00230356 Jy
! Component: 250  -  total flux cleaned = 0.00306181 Jy
! Component: 300  -  total flux cleaned = 0.00318746 Jy
! Component: 350  -  total flux cleaned = 0.00341551 Jy
! Component: 400  -  total flux cleaned = 0.00308841 Jy
! Component: 450  -  total flux cleaned = 0.00287726 Jy
! Component: 500  -  total flux cleaned = 0.00247311 Jy
! Component: 550  -  total flux cleaned = 0.0017962 Jy
! Component: 600  -  total flux cleaned = 0.00151657 Jy
! Component: 650  -  total flux cleaned = 0.00151725 Jy
! Component: 700  -  total flux cleaned = 0.00125303 Jy
! Component: 750  -  total flux cleaned = 0.00142326 Jy
! Component: 800  -  total flux cleaned = 0.0017585 Jy
! Component: 850  -  total flux cleaned = 0.0022486 Jy
! Component: 900  -  total flux cleaned = 0.00232985 Jy
! Component: 950  -  total flux cleaned = 0.00209472 Jy
! Component: 1000  -  total flux cleaned = 0.00201613 Jy
! Total flux subtracted in 1024 components = 0.00201574 Jy
! Clean residual min=-0.004325 max=0.004855 Jy/beam
! Clean residual mean=0.000027 rms=0.001633 Jy/beam
! Combined flux in latest and established models = 0.0779079 Jy
keep
! Adding 58 model components to the UV plane model.
! The established model now contains 93 components and 0.0779079 Jy
![Exited script file: muppet]
wmap "J1238-1959_X_2005_07_09_yyk\_map.fits"
! Inverting map 
! restore: Substituting estimate of restoring beam from last 'invert'.
! Restoring with beam: 2.456 x 5.276 at 1.589 degrees (North through East)
! Clean map  min=-0.010353  max=0.073793 Jy/beam
! Writing clean map to FITS file: J1238-1959_X_2005_07_09_yyk_map.fits
float peak_flux
peak_flux = peak(flux,max)
print "The peak flux is",peak_flux
! The peak flux is 0.0737927 
invert
! Inverting map 
float image_rms
image_rms = imstat(rms)
print "The final image rms is",image_rms
! The final image rms is 0.00155808 
device "J1238-1959_X_2005_07_09_yyk\_map.eps/VPS"
! Attempting to open device: 'J1238-1959_X_2005_07_09_yyk_map.eps/VPS'
loglevs 1*100*3*image_rms/peak_flux
! The new contour levels are:
!  -6.33429 6.33429 12.6686 25.3372 50.6743
print "clev=",int(1*3*image_rms*10000)/10000
! clev= 0.0046 
print "peak=",int(peak_flux*1000)/1000
! peak= 0.073 
mapcolor none
! Mapplot colormap: none, contrast: 1 brightness: 0.5.
mapplot cln
! restore: Substituting estimate of restoring beam from last 'invert'.
! Restoring with beam: 2.456 x 5.276 at 1.589 degrees (North through East)
! Clean map  min=-0.010353  max=0.073793 Jy/beam
mapcolor color, 0.9
! Mapplot colormap: rainbow, contrast: 0.9 brightness: 0.5.
device "J1238-1959_X_2005_07_09_yyk\_map.gif/gif"
! Attempting to open device: 'J1238-1959_X_2005_07_09_yyk_map.gif/gif'
mapplot cln
quit
! Quitting program
! Log file J1238-1959_X_2005_07_09_yyk_uvs.log closed on Fri Jan 20 11:24:53 2006
