<!-- Title: 15:45:36  Wed Aug  9 2000 -->
<!-- Crewchief: Rich Schmitt -->
<!-- Op1: &nbsp; -->
<!-- Op2: &nbsp; -->
<!-- Op3: &nbsp; -->
<!-- Op4: &nbsp; -->
<!-- Op5: &nbsp; -->
<!-- Op6: &nbsp; -->
<!-- Notes: -->
<pre>Tested the four vacuum pumps today, only one reached the nomimal minimum pressure, the FIX display did not indicate pump on status.  Will investigate further tomorrow. 
</pre>


<!-- Date: Mon Aug 21 09:02:20 2000 -->
<pre>----------------- 
 
Fib  Crate 10, Slot 16  S/N 115Dem Vrb  Crate 6, Slot 18  S/N 123 Ch: 0 1 2 3 4 5 6 7 8 9  
 
Error Loop # 1 buff 0 VCh 2 index 1561  Expect: 0x8b80007e Receive: 0x8b80005e 
Error Loop # 1 buff 0 VCh 2 index 1562  Expect: 0x017d027c Receive: 0x015d025c 
Error Loop # 1 buff 0 VCh 2 index 1563  Expect: 0x037b047a Receive: 0x035b045a 
Error Loop # 1 buff 0 VCh 2 index 1564  Expect: 0x05790678 Receive: 0x05590658 
Error Loop # 1 buff 0 VCh 2 index 1565  Expect: 0x07770876 Receive: 0x07570856 
Error Loop # 1 buff 0 VCh 2 index 1566  Expect: 0x09750a74 Receive: 0x09550a54 
Error Loop # 1 buff 0 VCh 2 index 1567  Expect: 0x0b730c72 Receive: 0x0b530c52 
Error Loop # 1 buff 0 VCh 2 index 1568  Expect: 0x0d710e70 Receive: 0x0d510e50 
Error Loop # 1 buff 0 VCh 2 index 1569  Expect: 0x0f6f106e Receive: 0x0f5f005e 
Error Loop # 1 buff 0 VCh 2 index 1570  Expect: 0x116d126c Receive: 0x015d025c 
 
Fib 40:4:115  Crate 10, Slot 16   Chans: 0 1 2 3 4 5 6 7 8 9 
Dem: # Chips 12 # Chans 128 
 
 
Error loop 25 pipe 2 index 6235 Expect: 0x7e Receive: 0x5e 
Error loop 25 pipe 2 index 6237 Expect: 0x7d Receive: 0x5d 
Error loop 25 pipe 2 index 6239 Expect: 0x7c Receive: 0x5c 
Error loop 25 pipe 2 index 6241 Expect: 0x7b Receive: 0x5b 
Error loop 25 pipe 2 index 6243 Expect: 0x7a Receive: 0x5a 
Error loop 25 pipe 2 index 6245 Expect: 0x79 Receive: 0x59 
Error loop 25 pipe 2 index 6247 Expect: 0x78 Receive: 0x58 
Error loop 25 pipe 2 index 6249 Expect: 0x77 Receive: 0x57 
Error loop 25 pipe 2 index 6251 Expect: 0x76 Receive: 0x56 
Error loop 25 pipe 2 index 6253 Expect: 0x75 Receive: 0x55 
 
 
> Problem with Fib Pipe 2 input fifo most likely. 
> NOTE: Disabling Chan 2 on Fib causes READ BUSY in VRB.  Only 
recourse is to DISABLE at Vrb only.  DEM still sends DATA back 
into Chan 2, so FIB probably has firmware bug. 
------------ 
 
Glink 2 Problem on Fib S/N 162 b0fib03 Slot 17 -> b0svx06 Slot 20 
 
----------- 
Fib  Crate 13, Slot 12  S/N 152Dem Vrb  Crate 4, Slot 8  S/N 172 Ch: 0 1 2 3 4 5 6 7 8 9  
 
Error Loop # 1 buff 0 Head index 0      Expect: 0x594000aa Receive: 0x5d4800aa 
Error Loop # 1 buff 0 Head index 4      Expect: 0x0a1a0a1a Receive: 0x0a1a0e22 
Error Loop # 1 buff 0 VCh 3 index 1307  Expect: 0x8d80007e Receive: 0x8c80007e 
Error Loop # 1 buff 0 VCh 3 index 1308  Expect: 0x017d027c Receive: 0x007c027c 
Error Loop # 1 buff 0 VCh 3 index 1309  Expect: 0x037b047a Receive: 0x027a047a 
Error Loop # 1 buff 0 VCh 3 index 1310  Expect: 0x05790678 Receive: 0x04780678 
Error Loop # 1 buff 0 VCh 3 index 1311  Expect: 0x07770876 Receive: 0x06760876 
Error Loop # 1 buff 0 VCh 3 index 1312  Expect: 0x09750a74 Receive: 0x08740a74 
Error Loop # 1 buff 0 VCh 3 index 1313  Expect: 0x0b730c72 Receive: 0x0a720c72 
Error Loop # 1 buff 0 VCh 3 index 1314  Expect: 0x0d710e70 Receive: 0x0c700e70 
 
Bit/Chan   0     1     2     3     4     5     6     7     8     9   
    0        0     0     0     0     0     0     0     0     0     0 
    1        0     0     0     0     0     0     0     0     0     0 
    2        0     0     0     0     0     0     0     0     0     0 
    3        0     0     0     0     0     0     0     0     0     0 
    4        0     0     0     0     0     0     0     0     0     0 
    5        0     0     0     0     0     0     0     0     0     0 
    6        0     0     0     0     0     0     0     0     0     0 
    7        0     0     0     0     0     0     0     0     0     0 
    8        0     0     0     0     0     0     0     0     0     0 
    9        0     0     0     0     0     0     0     0     0     0 
   10        0     0     0     0     0     0     0     0     0     0 
   11        0     0     0     0     0     0     0     0     0     0 
   12        0     0     0     0     0     0     0     0     0     0 
   13        0     0     0     0     0     0     0     0     0     0 
   14        0     0     0     0     0     0     0     0     0     0 
   15        0     0     0     0     0     0     0     0     0     0 
   16        0     0     0    70     0     0     0     0     0     0 
   17        0     0     0     0     0     0     0     0     0     0 
   18        0     0     0     0     0     0     0     0     0     0 
   19        0     0     0     0     0     0     0     0     0     0 
   20        0     0     0     0     0     0     0     0     0     0 
   21        0     0     0     0     0     0     0     0     0     0 
   22        0     0     0     0     0     0     0     0     0     0 
   23        0     0     0     0     0     0     0     0     0     0 
   24        0     0     0    80     0     0     0     0     0     0 
   25        0     0     0     0     0     0     0     0     0     0 
   26        0     0     0     0     0     0     0     0     0     0 
   27        0     0     0     0     0     0     0     0     0     0 
   28        0     0     0     0     0     0     0     0     0     0 
   29        0     0     0     0     0     0     0     0     0     0 
   30        0     0     0     0     0     0     0     0     0     0 
   31        0     0     0     0     0     0     0     0     0     0 
 
Fib2Fib: 
 
Fib 40:4:152  Crate 13, Slot 12   Chans: 0 1 2 3 4 5 6 7 8 9 
Dem: # Chips 14 # Chans 128 
 
 
Error loop 25 pipe 3 index 5190 Expect: 0x8d Receive: 0x8c 
Error loop 25 pipe 3 index 5194 Expect: 0x1 Receive: 0x0 
Error loop 25 pipe 3 index 5195 Expect: 0x7d Receive: 0x7c 
Error loop 25 pipe 3 index 5198 Expect: 0x3 Receive: 0x2 
Error loop 25 pipe 3 index 5199 Expect: 0x7b Receive: 0x7a 
Error loop 25 pipe 3 index 5202 Expect: 0x5 Receive: 0x4 
Error loop 25 pipe 3 index 5203 Expect: 0x79 Receive: 0x78 
Error loop 25 pipe 3 index 5206 Expect: 0x7 Receive: 0x6 
Error loop 25 pipe 3 index 5207 Expect: 0x77 Receive: 0x76 
Error loop 25 pipe 3 index 5210 Expect: 0x9 Receive: 0x8 
 
 
> Problem on pipe 3 for Fib - Rest OK. 
 
 
</pre>
<!-- Author: SCN -->
<!-- Comment: Mon Aug 21 17;30;41 comment by...SCN -->
Fib Bit problems actually on Backplane.  SVSWT fixed, SVNET attempted, to be tested...


<!-- Date: Fri Sep 15 21:47:01 2000 -->
<pre>Fibs nwo installed in Collision Hall, starting to 
read out barrel 4.  Found some bad Fibs/Vrbs: 
------------------------------------------------ 
Fib 40:1:112  Crate 9, Slot 9   Chans: 0 1 2 3 4 5 6 7 8 9 
Dem: # Chips 14 # Chans 128 
 
 
Error loop 25 pipe 5 index 11421 Expect: 0x7e Receive: 0x7c 
Error loop 25 pipe 5 index 11424 Expect: 0x2 Receive: 0x0 
Error loop 25 pipe 5 index 11426 Expect: 0x3 Receive: 0x1 
Error loop 25 pipe 5 index 11427 Expect: 0x7b Receive: 0x79 
Error loop 25 pipe 5 index 11429 Expect: 0x7a Receive: 0x78 
Error loop 25 pipe 5 index 11432 Expect: 0x6 Receive: 0x4 
Error loop 25 pipe 5 index 11434 Expect: 0x7 Receive: 0x5 
Error loop 25 pipe 5 index 11435 Expect: 0x77 Receive: 0x75 
Error loop 25 pipe 5 index 11437 Expect: 0x76 Receive: 0x74 
Error loop 25 pipe 5 index 11440 Expect: 0xa Receive: 0x8 
... 
Bit/Chan   0     1     2     3     4     5     6     7     8     9   
    0        0     0     0     0     0     0     0     0     0     0 
    1        0     0     0     0     0    50     0     0     0     0 
    2        0     0     0     0     0     0     0     0     0     0 
    3        0     0     0     0     0     0     0     0     0     0 
    4        0     0     0     0     0     0     0     0     0     0 
    5        0     0     0     0     0     0     0     0     0     0 
    6        0     0     0     0     0     0     0     0     0     0 
    7        0     0     0     0     0     0     0     0     0     0 
 
---------------------------------------------------------------\ 
Fib 40:4:164  Crate 13, Slot 19   Chans: 0 1 2 3 4 5 6 7 8 9 
File: fib1k.fifo # Bytes 12860 
 
 
Error loop 25 pipe 8 index 11119 Expect: 0x61 Receive: 0x23 
Error loop 25 pipe 8 index 11121 Expect: 0x60 Receive: 0x22 
Error loop 25 pipe 8 index 11123 Expect: 0x5f Receive: 0x55 
Error loop 25 pipe 8 index 11419 Expect: 0x4b Receive: 0x59 
Error loop 25 pipe 8 index 11421 Expect: 0x4a Receive: 0x58 
Error loop 25 pipe 8 index 11423 Expect: 0x49 Receive: 0x5b 
Error loop 25 pipe 8 index 11415 Expect: 0x4d Receive: 0x4b 
Error loop 25 pipe 8 index 11417 Expect: 0x4c Receive: 0x4a 
Error loop 25 pipe 8 index 11419 Expect: 0x4b Receive: 0x59 
Error loop 25 pipe 8 index 11109 Expect: 0x66 Receive: 0x60 
 
Error loop 50 pipe 8 index 11103 Expect: 0x69 Receive: 0x6f 
Error loop 50 pipe 8 index 11105 Expect: 0x68 Receive: 0x6e 
Error loop 50 pipe 8 index 11107 Expect: 0x67 Receive: 0x61 
Error loop 50 pipe 8 index 11403 Expect: 0x53 Receive: 0x71 
Error loop 50 pipe 8 index 11405 Expect: 0x52 Receive: 0x70 
Error loop 50 pipe 8 index 11407 Expect: 0x51 Receive: 0x73 
Error loop 50 pipe 8 index 11107 Expect: 0x67 Receive: 0x61 
Error loop 50 pipe 8 index 11109 Expect: 0x66 Receive: 0x60 
Error loop 50 pipe 8 index 11111 Expect: 0x65 Receive: 0x63 
Error loop 50 pipe 8 index 11407 Expect: 0x51 Receive: 0x73 
 
... 
Bit/Chan   0     1     2     3     4     5     6     7     8     9   
    0        0     0     0     0     0     0     0     0     1     0 
    1        0     0     0     0     0     0     0     0    50     0 
    2        0     0     0     0     0     0     0     0    27     0 
    3        0     0     0     0     0     0     0     0     5     0 
    4        0     0     0     0     0     0     0     0     8     0 
    5        0     0     0     0     0     0     0     0     4     0 
    6        0     0     0     0     0     0     0     0     5     0 
    7        0     0     0     0     0     0     0     0     1     0 
--------------------------------------------------------------- 
VRB Fake Data test   Crate 1, Slot 10   127:06/06/00 
SVX Mode D64 Buffer # Varies Chans: 0 1 2 3 4 5 6 7 8 9  
 
Error in Loop 5000 Buff 0 near byte 0x424 -> Chan 4     Expect: 0x02020303 Actual: 0x02020101 
Error in Loop 5000 Buff 0 near byte 0x42c -> Chan 4     Expect: 0x06060707 Actual: 0x06060505 
Error in Loop 5000 Buff 0 near byte 0x434 -> Chan 4     Expect: 0x0a0a0b0b Actual: 0x0a0a0909 
Error in Loop 5000 Buff 0 near byte 0x43c -> Chan 4     Expect: 0x0e0e0f0f Actual: 0x0e0e0d0d 
Error in Loop 5000 Buff 0 near byte 0x444 -> Chan 4     Expect: 0x12121313 Actual: 0x12121111 
Error in Loop 5000 Buff 0 near byte 0x44c -> Chan 4     Expect: 0x16161717 Actual: 0x16161515 
Error in Loop 5000 Buff 0 near byte 0x454 -> Chan 4     Expect: 0x1a1a1b1b Actual: 0x1a1a1919 
Error in Loop 5000 Buff 0 near byte 0x45c -> Chan 4     Expect: 0x1e1e1f1f Actual: 0x1e1e1d1d 
Error in Loop 5000 Buff 0 near byte 0x464 -> Chan 4     Expect: 0x22222323 Actual: 0x22222121 
Error in Loop 5000 Buff 0 near byte 0x46c -> Chan 4     Expect: 0x26262727 Actual: 0x26262525 
Error in Loop 10000 Buff 0 near byte 0x424 -> Chan 4    Expect: 0x02020303 Actual: 0x02020101 
Error in Loop 10000 Buff 0 near byte 0x42c -> Chan 4    Expect: 0x06060707 Actual: 0x06060505 
 
Plus all Fib-Vrbs from SVNET slots 17,18,19 to H-B Sl 8,10,20 
go read busy in Fib-Vrb.  Others in SVNET work ok, will check 
cabling. 
 
Steve 
 
 
</pre>
<!-- Author: SCN -->
<!-- Comment: Fri Sep 15 22;46;29 comment by...SCN -->
Found Glinks cyclically permuted on SVNET 17,18,19 - now 
ok.

<!-- Comment: Fri Sep 15 22;55;20 comment by...SCN -->
VRB 127:06/06/00 should be Vrb 175 09/01/00 


<!-- Date: Fri Sep 15 23:39:44 2000 -->
<pre>Additional Fib Problem: 
 
Fib 40:4:102  Crate 10, Slot 10   Chans: 0 1 2 3 4 5 6 7 8 9 
Dem: # Chips 16 # Chans 128 
 
 
Error loop 25 pipe 7 index 29078 Expect: 0xf1 Receive: 0x0 
Error loop 25 pipe 7 index 29079 Expect: 0x52 Receive: 0x0 
Error loop 25 pipe 7 index 29081 Expect: 0xfc Receive: 0x0 
Error loop 25 pipe 7 index 29082 Expect: 0x8f Receive: 0x0 
Error loop 25 pipe 7 index 29083 Expect: 0x80 Receive: 0x0 
Error loop 25 pipe 7 index 29085 Expect: 0x7e Receive: 0x0 
Error loop 25 pipe 7 index 29086 Expect: 0x1 Receive: 0x0 
Error loop 25 pipe 7 index 29087 Expect: 0x7d Receive: 0x0 
Error loop 25 pipe 7 index 29088 Expect: 0x2 Receive: 0x0 
Error loop 25 pipe 7 index 29089 Expect: 0x7c Receive: 0x0 
</pre>
<!-- Author: SCN -->


<!-- Date: Tue Sep 26 10:47:30 2000 -->
<pre>crate reset works on: 
b0fib01 
Rest currently not plugged in I guess 
 
xminicom works on 
b0fib00 
b0fib01 
b0fib02 
b0fib03 read only! 
b0fib04 read only! 
b0fib06 
b0fib07 
 
I'll wiggle the readonly ones...</pre>
<!-- Author: SCN -->


<!-- Date: Thu Nov 16 08:36:20 2000 -->
Returning 
<UL>  
<LI>VRB 136 - Will not boot</li> 
<LI>VRB 122 - CHAN 9 BIT STUCK</li> 
<LI>VRB 174 - CHAN 4 BIT STUCK</li> 
<LI>ALL FFOs for BXING ERROR Fix</li> 
<LI>DEM 005 - For Vince (FTM tests?)</li> 
<LI>FTM 120 - Funny Grounding to Timing Connector (was not used)</li> 
</ul> 
Brought FIB 164 (SVNET Slot 19) up for testing, 
will return more DEMS when I can get them 
<!-- Author: SCN -->
<!-- Comment: Thu Nov 16 09;41;35 comment by...SCN -->
FTM 120 Returned - Funny Grounding is OK according to Vince


<!-- Date: Tue Dec 19 13:25:12 2000 -->
<pre>Returning following to PREP: 
VRB*	140	551014	1RR21G-T	20	 Chan 8 Dropping Bits and Bytes 
FIB	162	550959	2RR34CT		19	 Bad Glink #2 
FIB	164	550957	2RR34CT		-	 Bad Pipeline 8 
 
 
Fib 162 and 164 were suspicious previously....</pre>
<!-- Author: SCN -->


<!-- Date: Fri Dec 22 11:42:10 2000 -->
<pre>Found FIB 112 (currently in Slot 8 2RR34CT) Glink 2 
gives occasional bit errors: 
High Speed Test DEM Source No Debug Readout 12/22/00 9:39 AM 
--- 
Fib  Crate 9, Slot 15  S/N 139 Chan 0 1 2 3 4 5 6 7 8 9 
Vrb  Crate 2, Slot 20  S/N 134 Chan 0 1 2 3 4 5 6 7 8 9 
--- 
Fib  Crate 9, Slot 13  S/N 137 Chan 0 1 2 3 4 5 6 7 8 9 
Vrb  Crate 2, Slot 18  S/N 133 Chan 0 1 2 3 4 5 6 7 8 9 
--- 
Fib  Crate 9, Slot 12  S/N 161 Chan 0 1 2 3 4 5 6 7 8 9 
Vrb  Crate 2, Slot 16  S/N 132 Chan 0 1 2 3 4 5 6 7 8 9 
--- 
Fib  Crate 9, Slot 10  S/N 160 Chan 0 1 2 3 4 5 6 7 8 9 
Vrb  Crate 2, Slot 13  S/N 155 Chan 0 1 2 3 4 5 6 7 8 9 
--- 
Fib  Crate 9, Slot 9  S/N 110 Chan 0 1 2 3 4 5 6 7 8 9 
Vrb  Crate 2, Slot 12  S/N 160 Chan 0 1 2 3 4 5 6 7 8 9 
--- 
Fib  Crate 9, Slot 8  S/N 112 Chan 0 1 2 3 4 5 6 7 8 9 
Vrb  Crate 2, Slot 11  S/N 145 Chan 0 1 2 3 4 5 7 8 9 
 
Error Loop 0 12/22/00 9:39 AM Crate 2 Total 12 
Index 	Slot	 Chan 	 Expect 	 Receive 
2926	11	5	007e017d	00fe017d 
4483	11	9	027c037b	007c037b 
4548	11	9	037b047a	037b007a 
4484	11	9	047a0579	007a0579 
4483	11	9	027c037b	007c037b 
4484	11	9	047a0579	007a0579 
4483	11	9	027c037b	007c037b 
4484	11	9	047a0579	007a0579 
2925	11	5	7f7f8c80	7fff8c80 
4484	11	9	047a0579	007a0579 
4484	11	9	047a0579	007a0579 
4483	11	9	027c037b	007c037b 
Error Loop 500 12/22/00 9:39 AM Crate 2 Total 11 
Index 	Slot	 Chan 	 Expect 	 Receive 
4483	11	9	027c037b	007c037b 
4483	11	9	027c037b	007c037b 
4483	11	9	027c037b	007c037b 
4484	11	9	047a0579	007a0579 
4482	11	9	007e017d	007e007d 
4484	11	9	047a0579	007a0579 
2925	11	5	7f7f8c80	7fff8c80 
2925	11	5	7f7f8c80	7fff8c80 
4484	11	9	047a0579	007a0579 
4482	11	9	007e017d	007e007d 
4483	11	9	027c037b	007c037b 
Error Loop 1000 12/22/00 9:39 AM Crate 2 Total 8 
Index 	Slot	 Chan 	 Expect 	 Receive 
4484	11	9	047a0579	007a0579 
4483	11	9	027c037b	007c037b 
4484	11	9	047a0579	007a0579 
2925	11	5	7f7f8c80	7fff8c80 
4484	11	9	047a0579	007a0579 
4482	11	9	007e017d	007e007d 
4484	11	9	047a0579	007a0579 
4484	11	9	047a0579	007a0579 
Error Loop 1500 12/22/00 9:39 AM Crate 2 Total 6 
Index 	Slot	 Chan 	 Expect 	 Receive 
2925	11	5	7f7f8c80	7f7f8c00 
4484	11	9	047a0579	007a0579 
4483	11	9	027c037b	007c037b 
4483	11	9	027c037b	007c037b 
4484	11	9	047a0579	007a0579 
4484	11	9	047a0579	007a0579 
Error Loop 2000 12/22/00 9:39 AM Crate 2 Total 11 
Index 	Slot	 Chan 	 Expect 	 Receive 
4484	11	9	047a0579	007a0579 
4483	11	9	027c037b	007c037b 
4483	11	9	027c037b	007c037b 
4484	11	9	047a0579	007a0579 
4482	11	9	007e017d	007e007d 
4483	11	9	027c037b	007c037b 
2925	11	5	7f7f8c80	7f7f8c00 
4484	11	9	047a0579	007a0579 
4483	11	9	027c037b	007c037b 
4483	11	9	027c037b	007c037b 
4484	11	9	047a0579	007a0579 
Error Loop 2500 12/22/00 9:39 AM Crate 2 Total 9 
Index 	Slot	 Chan 	 Expect 	 Receive 
4484	11	9	047a0579	007a0579 
4478	11	9	79057a04	79057a00 
4483	11	9	027c037b	007c037b 
2925	11	5	7f7f8c80	7f7f8c00 
4484	11	9	047a0579	007a0579 
2925	11	5	7f7f8c80	7f7f8c00 
4484	11	9	047a0579	007a0579 
4483	11	9	027c037b	007c037b 
4483	11	9	027c037b	007c037b 
Error Loop 3000 12/22/00 9:39 AM Crate 2 Total 11 
Index 	Slot	 Chan 	 Expect 	 Receive 
4483	11	9	027c037b	007c037b 
4484	11	9	047a0579	007a0579 
4482	11	9	007e017d	007e007d 
2925	11	5	7f7f8c80	7f7f8c00 
4483	11	9	027c037b	007c037b 
4484	11	9	047a0579	007a0579 
4484	11	9	047a0579	007a0579 
2925	11	5	7f7f8c80	7fff8c80 
4484	11	9	047a0579	007a0579 
4479	11	9	7b037c02	7b037c00 
4484	11	9	047a0579	007a0579 
Error Loop 3500 12/22/00 9:39 AM Crate 2 Total 7 
Index 	Slot	 Chan 	 Expect 	 Receive 
4483	11	9	027c037b	007c037b 
4548	11	9	037b047a	037b007a 
4482	11	9	007e017d	007e007d 
2926	11	5	007e017d	00fe017d 
2925	11	5	7f7f8c80	7fff8c80 
4484	11	9	047a0579	007a0579 
4483	11	9	027c037b	007c037b 
Ending at 12/22/00 9:39 AM 
 Loops 4000 MBytes: 542 Errors 75 
Lines 0 0 0 0 0 0 0  
Error Map Vrb   Crate 2, Slot 11   
Bit/Chan   0     1     2     3     4     5     6     7     8     9   
    0        0     0     0     0     0     0     0     0     0     0 
    1        0     0     0     0     0     0     0     0     0     1 
    2        0     0     0     0     0     0     0     0     0     1 
    3        0     0     0     0     0     0     0     0     0     0 
    4        0     0     0     0     0     0     0     0     0     0 
    5        0     0     0     0     0     0     0     0     0     0 
    6        0     0     0     0     0     0     0     0     0     0 
    7        0     0     0     0     0     5     0     0     0     0 
    8        0     0     0     0     0     0     0     0     0     6 
    9        0     0     0     0     0     0     0     0     0     0 
   10        0     0     0     0     0     0     0     0     0     2 
   11        0     0     0     0     0     0     0     0     0     0 
   12        0     0     0     0     0     0     0     0     0     0 
   13        0     0     0     0     0     0     0     0     0     0 
   14        0     0     0     0     0     0     0     0     0     0 
   15        0     0     0     0     0     0     0     0     0     0 
   16        0     0     0     0     0     0     0     0     0     0 
   17        0     0     0     0     0     0     0     0     0     0 
   18        0     0     0     0     0     0     0     0     0     0 
   19        0     0     0     0     0     0     0     0     0     0 
   20        0     0     0     0     0     0     0     0     0     0 
   21        0     0     0     0     0     0     0     0     0     0 
   22        0     0     0     0     0     0     0     0     0     0 
   23        0     0     0     0     0     8     0     0     0     0 
   24        0     0     0     0     0     0     0     0     0     0 
   25        0     0     0     0     0     0     0     0     0    23 
   26        0     0     0     0     0     0     0     0     0    29 
   27        0     0     0     0     0     0     0     0     0     0 
   28        0     0     0     0     0     0     0     0     0     0 
   29        0     0     0     0     0     0     0     0     0     0 
   30        0     0     0     0     0     0     0     0     0     0 
   31        0     0     0     0     0     0     0     0     0     0 
b0dap12.fnal.gov%  
</pre>
<!-- Author: SCN -->
