MACHINE =Linux felix 2.4.18-26.8.0 #1 Mon Feb 24 10:21:42 EST 2003 i686 i686 i386 GNU/Linux
LAPS_DATA_ROOT =/data/fxa/sdd/fxa_local/laps
LAPS_ROOT/bin =/usr/nfs/lapb/builds/laps/bin
WEB_ROOT =/usr/nfs/common/lapb
WINDOW =0.0:0.0:1.0:1.0
RESOLUTION =664x664
 
cputime 	0:30
filesize 	unlimited
datasize 	unlimited
stacksize 	8192 kbytes
coredumpsize 	1 kbytes
memoryuse 	unlimited
vmemoryuse 	unlimited
descriptors 	1024 
memorylocked 	unlimited
maxproc 	7168 
 
cputime 	unlimited
filesize 	unlimited
datasize 	unlimited
stacksize 	8192 kbytes
coredumpsize 	1 kbytes
memoryuse 	unlimited
vmemoryuse 	unlimited
descriptors 	1024 
memorylocked 	unlimited
maxproc 	7168 
 
Thu Oct  9 08:50:14 GMT 2003
 
Obtaining time info from systime.dat...
utc_hour = 
utc_min  = 
Thu Oct  9 08:50:14 GMT 2003
Generating Graphical PBE Product
Thu Oct  9 08:50:14 UTC 2003
prod =pbe
WINDOW =0.0:0.0:1.0:1.0
NCARG_ROOT =/usr/local/apps/ncarg-4.2.2-pgi
utc_hhmm =/data/fxa/sdd/fxa_local/laps
LAPS_DATA_ROOT =latest
latest =664x664
RESOLUTION =
LAPS_ETC = /usr/nfs/common/lapb/www/anal2d
WWW_DIR =/w3/lapb/domains/fsld
SCRATCH_DIR =/w3/lapb/domains/fsld/anal2d
-rwxrwxr-x    1 oplapb   frdlapb   6697991 Oct  8 11:39 /usr/nfs/lapb/builds/laps/bin/lapsplot.exe
Running /usr/nfs/lapb/builds/laps/bin/lapsplot.exe
Thu Oct  9 08:50:14 UTC 2003
Input to lapsplot.exe (non-local www) = /usr/nfs/common/lapb/www/anal2d/lapsplot.pbe
 Here: get_grid_dim_xy
 Use either command line or ENV variable for system DATAROOT
-rw-rw-rw-    1 oplapb   frdlapb    128160 Sep  8 17:57 gmeta
Thu Oct  9 08:50:14 GMT 2003
Running /usr/local/apps/ncarg-4.2.2-pgi/bin/ctrans | netpbm to make gmeta_pbe.gif file
Thu Oct  9 08:50:14 GMT 2003
Generating Graphical NBE Product
Thu Oct  9 08:50:14 UTC 2003
prod =nbe
WINDOW =0.0:0.0:1.0:1.0
NCARG_ROOT =/usr/local/apps/ncarg-4.2.2-pgi
utc_hhmm =/data/fxa/sdd/fxa_local/laps
LAPS_DATA_ROOT =latest
latest =664x664
RESOLUTION =
LAPS_ETC = /usr/nfs/common/lapb/www/anal2d
WWW_DIR =/w3/lapb/domains/fsld
SCRATCH_DIR =/w3/lapb/domains/fsld/anal2d
-rwxrwxr-x    1 oplapb   frdlapb   6697991 Oct  8 11:39 /usr/nfs/lapb/builds/laps/bin/lapsplot.exe
Running /usr/nfs/lapb/builds/laps/bin/lapsplot.exe
Thu Oct  9 08:50:14 UTC 2003
Input to lapsplot.exe (non-local www) = /usr/nfs/common/lapb/www/anal2d/lapsplot.nbe
 Here: get_grid_dim_xy
 Use either command line or ENV variable for system DATAROOT
-rw-rw-rw-    1 oplapb   frdlapb    128160 Sep  8 17:57 gmeta
Thu Oct  9 08:50:14 GMT 2003
Running /usr/local/apps/ncarg-4.2.2-pgi/bin/ctrans | netpbm to make gmeta_nbe.gif file
Thu Oct  9 08:50:14 GMT 2003
Generating Graphical TT Product
Thu Oct  9 08:50:14 UTC 2003
prod =tt
WINDOW =0.0:0.0:1.0:1.0
NCARG_ROOT =/usr/local/apps/ncarg-4.2.2-pgi
utc_hhmm =/data/fxa/sdd/fxa_local/laps
LAPS_DATA_ROOT =latest
latest =664x664
RESOLUTION =
LAPS_ETC = /usr/nfs/common/lapb/www/anal2d
WWW_DIR =/w3/lapb/domains/fsld
SCRATCH_DIR =/w3/lapb/domains/fsld/anal2d
-rwxrwxr-x    1 oplapb   frdlapb   6697991 Oct  8 11:39 /usr/nfs/lapb/builds/laps/bin/lapsplot.exe
Running /usr/nfs/lapb/builds/laps/bin/lapsplot.exe
Thu Oct  9 08:50:14 UTC 2003
Input to lapsplot.exe (non-local www) = /usr/nfs/common/lapb/www/anal2d/lapsplot.tt
 Here: get_grid_dim_xy
 Use either command line or ENV variable for system DATAROOT
-rw-rw-rw-    1 oplapb   frdlapb    128160 Sep  8 17:57 gmeta
Thu Oct  9 08:50:14 GMT 2003
Running /usr/local/apps/ncarg-4.2.2-pgi/bin/ctrans | netpbm to make gmeta_tt.gif file
Thu Oct  9 08:50:14 GMT 2003
Generating Graphical TD Product
Thu Oct  9 08:50:14 UTC 2003
prod =td
WINDOW =0.0:0.0:1.0:1.0
NCARG_ROOT =/usr/local/apps/ncarg-4.2.2-pgi
utc_hhmm =/data/fxa/sdd/fxa_local/laps
LAPS_DATA_ROOT =latest
latest =664x664
RESOLUTION =
LAPS_ETC = /usr/nfs/common/lapb/www/anal2d
WWW_DIR =/w3/lapb/domains/fsld
SCRATCH_DIR =/w3/lapb/domains/fsld/anal2d
-rwxrwxr-x    1 oplapb   frdlapb   6697991 Oct  8 11:39 /usr/nfs/lapb/builds/laps/bin/lapsplot.exe
Running /usr/nfs/lapb/builds/laps/bin/lapsplot.exe
Thu Oct  9 08:50:14 UTC 2003
Input to lapsplot.exe (non-local www) = /usr/nfs/common/lapb/www/anal2d/lapsplot.td
 Here: get_grid_dim_xy
 Use either command line or ENV variable for system DATAROOT
-rw-rw-rw-    1 oplapb   frdlapb    128160 Sep  8 17:57 gmeta
Thu Oct  9 08:50:14 GMT 2003
Running /usr/local/apps/ncarg-4.2.2-pgi/bin/ctrans | netpbm to make gmeta_td.gif file
Thu Oct  9 08:50:14 GMT 2003
Generating Graphical Wind Product
Thu Oct  9 08:50:14 UTC 2003
prod =wd0
WINDOW =0.0:0.0:1.0:1.0
NCARG_ROOT =/usr/local/apps/ncarg-4.2.2-pgi
utc_hhmm =/data/fxa/sdd/fxa_local/laps
LAPS_DATA_ROOT =latest
latest =664x664
RESOLUTION =
LAPS_ETC = /usr/nfs/common/lapb/www/anal2d
WWW_DIR =/w3/lapb/domains/fsld
SCRATCH_DIR =/w3/lapb/domains/fsld/anal2d
-rwxrwxr-x    1 oplapb   frdlapb   6697991 Oct  8 11:39 /usr/nfs/lapb/builds/laps/bin/lapsplot.exe
Running /usr/nfs/lapb/builds/laps/bin/lapsplot.exe
Thu Oct  9 08:50:14 UTC 2003
Input to lapsplot.exe (non-local www) = /usr/nfs/common/lapb/www/anal2d/lapsplot.wd0
 Here: get_grid_dim_xy
 Use either command line or ENV variable for system DATAROOT
-rw-rw-rw-    1 oplapb   frdlapb    128160 Sep  8 17:57 gmeta
Thu Oct  9 08:50:14 GMT 2003
Running /usr/local/apps/ncarg-4.2.2-pgi/bin/ctrans | netpbm to make gmeta_wd0.gif file
Thu Oct  9 08:50:14 GMT 2003
Generating Graphical Storm Total Product (Precip or Snow)
Thu Oct  9 08:50:15 UTC 2003
prod =sto
WINDOW =0.0:0.0:1.0:1.0
NCARG_ROOT =/usr/local/apps/ncarg-4.2.2-pgi
utc_hhmm =/data/fxa/sdd/fxa_local/laps
LAPS_DATA_ROOT =latest
latest =664x664
RESOLUTION =
LAPS_ETC = /usr/nfs/common/lapb/www/anal2d
WWW_DIR =/w3/lapb/domains/fsld
SCRATCH_DIR =/w3/lapb/domains/fsld/anal2d
-rwxrwxr-x    1 oplapb   frdlapb   6697991 Oct  8 11:39 /usr/nfs/lapb/builds/laps/bin/lapsplot.exe
Running /usr/nfs/lapb/builds/laps/bin/lapsplot.exe
Thu Oct  9 08:50:15 UTC 2003
Input to lapsplot.exe (non-local www) = /usr/nfs/common/lapb/www/anal2d/lapsplot.sto
 Here: get_grid_dim_xy
 Use either command line or ENV variable for system DATAROOT
-rw-rw-rw-    1 oplapb   frdlapb    128160 Sep  8 17:57 gmeta
Thu Oct  9 08:50:15 GMT 2003
Running /usr/local/apps/ncarg-4.2.2-pgi/bin/ctrans | netpbm to make gmeta_sto.gif file
Thu Oct  9 08:50:15 GMT 2003
Generating Graphical Analysis Cycle Precip Product (Rain or Snow)
Thu Oct  9 08:50:15 UTC 2003
prod =p01
WINDOW =0.0:0.0:1.0:1.0
NCARG_ROOT =/usr/local/apps/ncarg-4.2.2-pgi
utc_hhmm =/data/fxa/sdd/fxa_local/laps
LAPS_DATA_ROOT =latest
latest =664x664
RESOLUTION =
LAPS_ETC = /usr/nfs/common/lapb/www/anal2d
WWW_DIR =/w3/lapb/domains/fsld
SCRATCH_DIR =/w3/lapb/domains/fsld/anal2d
-rwxrwxr-x    1 oplapb   frdlapb   6697991 Oct  8 11:39 /usr/nfs/lapb/builds/laps/bin/lapsplot.exe
Running /usr/nfs/lapb/builds/laps/bin/lapsplot.exe
Thu Oct  9 08:50:15 UTC 2003
Input to lapsplot.exe (non-local www) = /usr/nfs/common/lapb/www/anal2d/lapsplot.p01
 Here: get_grid_dim_xy
 Use either command line or ENV variable for system DATAROOT
-rw-rw-rw-    1 oplapb   frdlapb    128160 Sep  8 17:57 gmeta
Thu Oct  9 08:50:15 GMT 2003
Running /usr/local/apps/ncarg-4.2.2-pgi/bin/ctrans | netpbm to make gmeta_p01.gif file
Thu Oct  9 08:50:15 GMT 2003
Generating Graphical Precip Type Product
Thu Oct  9 08:50:15 UTC 2003
prod =ptt
WINDOW =0.0:0.0:1.0:1.0
NCARG_ROOT =/usr/local/apps/ncarg-4.2.2-pgi
utc_hhmm =/data/fxa/sdd/fxa_local/laps
LAPS_DATA_ROOT =latest
latest =664x664
RESOLUTION =
LAPS_ETC = /usr/nfs/common/lapb/www/anal2d
WWW_DIR =/w3/lapb/domains/fsld
SCRATCH_DIR =/w3/lapb/domains/fsld/anal2d
-rwxrwxr-x    1 oplapb   frdlapb   6697991 Oct  8 11:39 /usr/nfs/lapb/builds/laps/bin/lapsplot.exe
Running /usr/nfs/lapb/builds/laps/bin/lapsplot.exe
Thu Oct  9 08:50:15 UTC 2003
Input to lapsplot.exe (non-local www) = /usr/nfs/common/lapb/www/anal2d/lapsplot.ptt
 Here: get_grid_dim_xy
 Use either command line or ENV variable for system DATAROOT
-rw-rw-rw-    1 oplapb   frdlapb    128160 Sep  8 17:57 gmeta
Thu Oct  9 08:50:15 GMT 2003
Running /usr/local/apps/ncarg-4.2.2-pgi/bin/ctrans | netpbm to make gmeta_ptt.gif file
Thu Oct  9 08:50:15 GMT 2003
Generating Graphical Snow Cover Product
Thu Oct  9 08:50:15 UTC 2003
prod =sc
WINDOW =0.0:0.0:1.0:1.0
NCARG_ROOT =/usr/local/apps/ncarg-4.2.2-pgi
utc_hhmm =/data/fxa/sdd/fxa_local/laps
LAPS_DATA_ROOT =latest
latest =664x664
RESOLUTION =
LAPS_ETC = /usr/nfs/common/lapb/www/anal2d
WWW_DIR =/w3/lapb/domains/fsld
SCRATCH_DIR =/w3/lapb/domains/fsld/anal2d
-rwxrwxr-x    1 oplapb   frdlapb   6697991 Oct  8 11:39 /usr/nfs/lapb/builds/laps/bin/lapsplot.exe
Running /usr/nfs/lapb/builds/laps/bin/lapsplot.exe
Thu Oct  9 08:50:15 UTC 2003
Input to lapsplot.exe (non-local www) = /usr/nfs/common/lapb/www/anal2d/lapsplot.sc
 Here: get_grid_dim_xy
 Use either command line or ENV variable for system DATAROOT
-rw-rw-rw-    1 oplapb   frdlapb    128160 Sep  8 17:57 gmeta
Thu Oct  9 08:50:15 GMT 2003
Running /usr/local/apps/ncarg-4.2.2-pgi/bin/ctrans | netpbm to make gmeta_sc.gif file
Thu Oct  9 08:50:15 GMT 2003
Generating Graphical Total Precipitable Water Product
Thu Oct  9 08:50:15 UTC 2003
prod =pw
WINDOW =0.0:0.0:1.0:1.0
NCARG_ROOT =/usr/local/apps/ncarg-4.2.2-pgi
utc_hhmm =/data/fxa/sdd/fxa_local/laps
LAPS_DATA_ROOT =latest
latest =664x664
RESOLUTION =
LAPS_ETC = /usr/nfs/common/lapb/www/anal2d
WWW_DIR =/w3/lapb/domains/fsld
SCRATCH_DIR =/w3/lapb/domains/fsld/anal2d
-rwxrwxr-x    1 oplapb   frdlapb   6697991 Oct  8 11:39 /usr/nfs/lapb/builds/laps/bin/lapsplot.exe
Running /usr/nfs/lapb/builds/laps/bin/lapsplot.exe
Thu Oct  9 08:50:15 UTC 2003
Input to lapsplot.exe (non-local www) = /usr/nfs/common/lapb/www/anal2d/lapsplot.pw
 Here: get_grid_dim_xy
 Use either command line or ENV variable for system DATAROOT
-rw-rw-rw-    1 oplapb   frdlapb    128160 Sep  8 17:57 gmeta
Thu Oct  9 08:50:15 GMT 2003
Running /usr/local/apps/ncarg-4.2.2-pgi/bin/ctrans | netpbm to make gmeta_pw.gif file
Thu Oct  9 08:50:15 GMT 2003
Generating Graphical LI times Omega Product
Thu Oct  9 08:50:16 UTC 2003
prod =liw
WINDOW =0.0:0.0:1.0:1.0
NCARG_ROOT =/usr/local/apps/ncarg-4.2.2-pgi
utc_hhmm =/data/fxa/sdd/fxa_local/laps
LAPS_DATA_ROOT =latest
latest =664x664
RESOLUTION =
LAPS_ETC = /usr/nfs/common/lapb/www/anal2d
WWW_DIR =/w3/lapb/domains/fsld
SCRATCH_DIR =/w3/lapb/domains/fsld/anal2d
-rwxrwxr-x    1 oplapb   frdlapb   6697991 Oct  8 11:39 /usr/nfs/lapb/builds/laps/bin/lapsplot.exe
Running /usr/nfs/lapb/builds/laps/bin/lapsplot.exe
Thu Oct  9 08:50:16 UTC 2003
Input to lapsplot.exe (non-local www) = /usr/nfs/common/lapb/www/anal2d/lapsplot.liw
 Here: get_grid_dim_xy
 Use either command line or ENV variable for system DATAROOT
-rw-rw-rw-    1 oplapb   frdlapb    128160 Sep  8 17:57 gmeta
Thu Oct  9 08:50:16 GMT 2003
Running /usr/local/apps/ncarg-4.2.2-pgi/bin/ctrans | netpbm to make gmeta_liw.gif file
Thu Oct  9 08:50:16 GMT 2003
Generating Graphical Low Level Radar Reflectivity Product
Thu Oct  9 08:50:16 UTC 2003
prod =llr
WINDOW =0.0:0.0:1.0:1.0
NCARG_ROOT =/usr/local/apps/ncarg-4.2.2-pgi
utc_hhmm =/data/fxa/sdd/fxa_local/laps
LAPS_DATA_ROOT =latest
latest =664x664
RESOLUTION =
LAPS_ETC = /usr/nfs/common/lapb/www/anal2d
WWW_DIR =/w3/lapb/domains/fsld
SCRATCH_DIR =/w3/lapb/domains/fsld/anal2d
-rwxrwxr-x    1 oplapb   frdlapb   6697991 Oct  8 11:39 /usr/nfs/lapb/builds/laps/bin/lapsplot.exe
Running /usr/nfs/lapb/builds/laps/bin/lapsplot.exe
Thu Oct  9 08:50:16 UTC 2003
Input to lapsplot.exe (non-local www) = /usr/nfs/common/lapb/www/anal2d/lapsplot.llr
 Here: get_grid_dim_xy
 Use either command line or ENV variable for system DATAROOT
-rw-rw-rw-    1 oplapb   frdlapb    128160 Sep  8 17:57 gmeta
Thu Oct  9 08:50:16 GMT 2003
Running /usr/local/apps/ncarg-4.2.2-pgi/bin/ctrans | netpbm to make gmeta_llr.gif file
Thu Oct  9 08:50:16 GMT 2003
Generating SFC RH Product
Thu Oct  9 08:50:16 UTC 2003
prod =rh
WINDOW =0.0:0.0:1.0:1.0
NCARG_ROOT =/usr/local/apps/ncarg-4.2.2-pgi
utc_hhmm =/data/fxa/sdd/fxa_local/laps
LAPS_DATA_ROOT =latest
latest =664x664
RESOLUTION =
LAPS_ETC = /usr/nfs/common/lapb/www/anal2d
WWW_DIR =/w3/lapb/domains/fsld
SCRATCH_DIR =/w3/lapb/domains/fsld/anal2d
-rwxrwxr-x    1 oplapb   frdlapb   6697991 Oct  8 11:39 /usr/nfs/lapb/builds/laps/bin/lapsplot.exe
Running /usr/nfs/lapb/builds/laps/bin/lapsplot.exe
Thu Oct  9 08:50:16 UTC 2003
Input to lapsplot.exe (non-local www) = /usr/nfs/common/lapb/www/anal2d/lapsplot.rh
 Here: get_grid_dim_xy
 Use either command line or ENV variable for system DATAROOT
-rw-rw-rw-    1 oplapb   frdlapb    128160 Sep  8 17:57 gmeta
Thu Oct  9 08:50:16 GMT 2003
Running /usr/local/apps/ncarg-4.2.2-pgi/bin/ctrans | netpbm to make gmeta_rh.gif file
Thu Oct  9 08:50:16 GMT 2003
Generating SFC FW Product
Thu Oct  9 08:50:16 UTC 2003
prod =fw
WINDOW =0.0:0.0:1.0:1.0
NCARG_ROOT =/usr/local/apps/ncarg-4.2.2-pgi
utc_hhmm =/data/fxa/sdd/fxa_local/laps
LAPS_DATA_ROOT =latest
latest =664x664
RESOLUTION =
LAPS_ETC = /usr/nfs/common/lapb/www/anal2d
WWW_DIR =/w3/lapb/domains/fsld
SCRATCH_DIR =/w3/lapb/domains/fsld/anal2d
-rwxrwxr-x    1 oplapb   frdlapb   6697991 Oct  8 11:39 /usr/nfs/lapb/builds/laps/bin/lapsplot.exe
Running /usr/nfs/lapb/builds/laps/bin/lapsplot.exe
Thu Oct  9 08:50:16 UTC 2003
Input to lapsplot.exe (non-local www) = /usr/nfs/common/lapb/www/anal2d/lapsplot.fw
 Here: get_grid_dim_xy
 Use either command line or ENV variable for system DATAROOT
-rw-rw-rw-    1 oplapb   frdlapb    128160 Sep  8 17:57 gmeta
Thu Oct  9 08:50:16 GMT 2003
Running /usr/local/apps/ncarg-4.2.2-pgi/bin/ctrans | netpbm to make gmeta_fw.gif file
Thu Oct  9 08:50:16 GMT 2003
Generating SFC Fosberg Firewx Product
Thu Oct  9 08:50:16 UTC 2003
prod =fwi
WINDOW =0.0:0.0:1.0:1.0
NCARG_ROOT =/usr/local/apps/ncarg-4.2.2-pgi
utc_hhmm =/data/fxa/sdd/fxa_local/laps
LAPS_DATA_ROOT =latest
latest =664x664
RESOLUTION =
LAPS_ETC = /usr/nfs/common/lapb/www/anal2d
WWW_DIR =/w3/lapb/domains/fsld
SCRATCH_DIR =/w3/lapb/domains/fsld/anal2d
-rwxrwxr-x    1 oplapb   frdlapb   6697991 Oct  8 11:39 /usr/nfs/lapb/builds/laps/bin/lapsplot.exe
Running /usr/nfs/lapb/builds/laps/bin/lapsplot.exe
Thu Oct  9 08:50:16 UTC 2003
Input to lapsplot.exe (non-local www) = /usr/nfs/common/lapb/www/anal2d/lapsplot.fwi
 Here: get_grid_dim_xy
 Use either command line or ENV variable for system DATAROOT
-rw-rw-rw-    1 oplapb   frdlapb    128160 Sep  8 17:57 gmeta
Thu Oct  9 08:50:16 GMT 2003
Running /usr/local/apps/ncarg-4.2.2-pgi/bin/ctrans | netpbm to make gmeta_fwi.gif file
Thu Oct  9 08:50:16 GMT 2003
Generating PBL Product
Thu Oct  9 08:50:16 UTC 2003
prod =pbl
WINDOW =0.0:0.0:1.0:1.0
NCARG_ROOT =/usr/local/apps/ncarg-4.2.2-pgi
utc_hhmm =/data/fxa/sdd/fxa_local/laps
LAPS_DATA_ROOT =latest
latest =664x664
RESOLUTION =
LAPS_ETC = /usr/nfs/common/lapb/www/anal2d
WWW_DIR =/w3/lapb/domains/fsld
SCRATCH_DIR =/w3/lapb/domains/fsld/anal2d
-rwxrwxr-x    1 oplapb   frdlapb   6697991 Oct  8 11:39 /usr/nfs/lapb/builds/laps/bin/lapsplot.exe
Running /usr/nfs/lapb/builds/laps/bin/lapsplot.exe
Thu Oct  9 08:50:17 UTC 2003
Input to lapsplot.exe (non-local www) = /usr/nfs/common/lapb/www/anal2d/lapsplot.pbl
 Here: get_grid_dim_xy
 Use either command line or ENV variable for system DATAROOT
-rw-rw-rw-    1 oplapb   frdlapb    128160 Sep  8 17:57 gmeta
Thu Oct  9 08:50:17 GMT 2003
Running /usr/local/apps/ncarg-4.2.2-pgi/bin/ctrans | netpbm to make gmeta_pbl.gif file
Thu Oct  9 08:50:17 GMT 2003
Generating Ventilation Index & PBL Mean Wind
Thu Oct  9 08:50:17 UTC 2003
prod =vnt
WINDOW =0.0:0.0:1.0:1.0
NCARG_ROOT =/usr/local/apps/ncarg-4.2.2-pgi
utc_hhmm =/data/fxa/sdd/fxa_local/laps
LAPS_DATA_ROOT =latest
latest =664x664
RESOLUTION =
LAPS_ETC = /usr/nfs/common/lapb/www/anal2d
WWW_DIR =/w3/lapb/domains/fsld
SCRATCH_DIR =/w3/lapb/domains/fsld/anal2d
-rwxrwxr-x    1 oplapb   frdlapb   6697991 Oct  8 11:39 /usr/nfs/lapb/builds/laps/bin/lapsplot.exe
Running /usr/nfs/lapb/builds/laps/bin/lapsplot.exe
Thu Oct  9 08:50:17 UTC 2003
Input to lapsplot.exe (non-local www) = /usr/nfs/common/lapb/www/anal2d/lapsplot.vnt
 Here: get_grid_dim_xy
 Use either command line or ENV variable for system DATAROOT
-rw-rw-rw-    1 oplapb   frdlapb    128160 Sep  8 17:57 gmeta
Thu Oct  9 08:50:17 GMT 2003
Running /usr/local/apps/ncarg-4.2.2-pgi/bin/ctrans | netpbm to make gmeta_vnt.gif file
Thu Oct  9 08:50:17 GMT 2003
Mid-Level Haines Index
Thu Oct  9 08:50:17 UTC 2003
prod =ham
WINDOW =0.0:0.0:1.0:1.0
NCARG_ROOT =/usr/local/apps/ncarg-4.2.2-pgi
utc_hhmm =/data/fxa/sdd/fxa_local/laps
LAPS_DATA_ROOT =latest
latest =664x664
RESOLUTION =
LAPS_ETC = /usr/nfs/common/lapb/www/anal2d
WWW_DIR =/w3/lapb/domains/fsld
SCRATCH_DIR =/w3/lapb/domains/fsld/anal2d
-rwxrwxr-x    1 oplapb   frdlapb   6697991 Oct  8 11:39 /usr/nfs/lapb/builds/laps/bin/lapsplot.exe
Running /usr/nfs/lapb/builds/laps/bin/lapsplot.exe
Thu Oct  9 08:50:17 UTC 2003
Input to lapsplot.exe (non-local www) = /usr/nfs/common/lapb/www/anal2d/lapsplot.ham
 Here: get_grid_dim_xy
 Use either command line or ENV variable for system DATAROOT
-rw-rw-rw-    1 oplapb   frdlapb    128160 Sep  8 17:57 gmeta
Thu Oct  9 08:50:17 GMT 2003
Running /usr/local/apps/ncarg-4.2.2-pgi/bin/ctrans | netpbm to make gmeta_ham.gif file
Thu Oct  9 08:50:17 GMT 2003
High-Level Haines Index
Thu Oct  9 08:50:17 UTC 2003
prod =hah
WINDOW =0.0:0.0:1.0:1.0
NCARG_ROOT =/usr/local/apps/ncarg-4.2.2-pgi
utc_hhmm =/data/fxa/sdd/fxa_local/laps
LAPS_DATA_ROOT =latest
latest =664x664
RESOLUTION =
LAPS_ETC = /usr/nfs/common/lapb/www/anal2d
WWW_DIR =/w3/lapb/domains/fsld
SCRATCH_DIR =/w3/lapb/domains/fsld/anal2d
-rwxrwxr-x    1 oplapb   frdlapb   6697991 Oct  8 11:39 /usr/nfs/lapb/builds/laps/bin/lapsplot.exe
Running /usr/nfs/lapb/builds/laps/bin/lapsplot.exe
Thu Oct  9 08:50:17 UTC 2003
Input to lapsplot.exe (non-local www) = /usr/nfs/common/lapb/www/anal2d/lapsplot.hah
 Here: get_grid_dim_xy
 Use either command line or ENV variable for system DATAROOT
-rw-rw-rw-    1 oplapb   frdlapb    128160 Sep  8 17:57 gmeta
Thu Oct  9 08:50:17 GMT 2003
Running /usr/local/apps/ncarg-4.2.2-pgi/bin/ctrans | netpbm to make gmeta_hah.gif file
Thu Oct  9 08:50:17 GMT 2003
Generating X-Sect Product
Thu Oct  9 08:50:17 UTC 2003
prod =xct
WINDOW =0.06:0.12:0.94:0.85
NCARG_ROOT =/usr/local/apps/ncarg-4.2.2-pgi
utc_hhmm =/data/fxa/sdd/fxa_local/laps
LAPS_DATA_ROOT =latest
latest =792x664
RESOLUTION =
LAPS_ETC = /usr/nfs/common/lapb/www/anal2d
WWW_DIR =/w3/lapb/domains/fsld
SCRATCH_DIR =/w3/lapb/domains/fsld/anal2d
-rwxrwxr-x    1 oplapb   frdlapb   6697991 Oct  8 11:39 /usr/nfs/lapb/builds/laps/bin/lapsplot.exe
Running /usr/nfs/lapb/builds/laps/bin/lapsplot.exe
Thu Oct  9 08:50:17 UTC 2003
Input to lapsplot.exe (non-local www) = /usr/nfs/common/lapb/www/anal2d/lapsplot.xct
 Here: get_grid_dim_xy
 Use either command line or ENV variable for system DATAROOT
-rw-rw-rw-    1 oplapb   frdlapb    128160 Sep  8 17:57 gmeta
Thu Oct  9 08:50:17 GMT 2003
Running /usr/local/apps/ncarg-4.2.2-pgi/bin/ctrans | netpbm to make gmeta_xct.gif file
Thu Oct  9 08:50:17 GMT 2003
Update systime on web directory...
Running purger of LAPS gif files, AGE = +7
