>07:43:24</TD>
<TD ALIGN=RIGHT>   3,183,213</TD>   <TD ALIGN=RIGHT>  3,047.01</TD>
<TD ALIGN=RIGHT>  2,818.43</TD>
<TD ALIGN=CENTER>1</TD>
<TD ALIGN=CENTER>1</TD>
<TD ALIGN=CENTER>1</TD></TR>

<TR><TD>Totals</TD>
<TD> </TD>
<TD> </TD>
<TD> </TD>
<TD>15:55:00</TD>
<TD ALIGN=CENTER>07:43:24</TD>
<TD ALIGN=RIGHT>     3,183,213</TD> <TD ALIGN=RIGHT>  3,047.01</TD>
<TD ALIGN=RIGHT>  2,818.43</TD>
<TD> </TD>
<TD> </TD>
<TD> </TD></TR>

</TABLE>
<!-- Author: End of Shift Report -->



<!-- Date: Wed Aug 20 15:55:5