>
<table><tr><td width=60% align=left>
<b>CDF Run II <p></b>                       
<pre>
Runs                   
Delivered Luminosity   0  
Acquired Luminosity    0  
Efficiency             0
   
</td></tr></table></pre>
<!-- Author: R. Wagner -->

<!-- Date: Thu Mar 20 07:57:09.202 2003 -->
<TABLE BORDER=2 CELLSPACING=1 CELLPADDING=1 BGCOLOR=WHITE>
<TR BGCOLOR=YELLOW><TH>Run Number</TH>
<TH>Data Type</TH>
<TH>Physics Table</TH>
<TH>Begin Time</TH>
<TH>End Time</TH>
<TH>Live Time</TH>
<TH>L1 Accepts</TH>
<