ock: meme_cote
			Block: mpr_intersecte
				Block: intersecte
			Block: mpr_echange
				Block: echange
			Block: mpr_hav
				Block: hav
			Block: mpr_sphericalpolyarea
				Block: sphericalpolyarea
			Block: mpr_cal_int
				Block: cal_int
			Block: mpr_cfraction
				Block: cfraction
Post-processing (stage 2)...
	Block: _gengridzmean
		Block: unknown_interface
			Block: zonebasin
			Block: mpr_mask4d
				Block: mask4d
			Block: mpr_meme_cote
				Block: meme_cote
			Block: mpr_intersecte
				Block: intersecte
