                  
<pre>
Runs                   135752 - 79
Delivered Luminosity   0  
Acquired Luminosity    0  
Efficiency             undefined
   
</td></tr></table></pre>
<!-- Author: Fumi Ukegawa -->


<!-- Date: Thu Dec 27 15:55:09 2001 -->
<pre>Calibration Runs Summary taken in Quiet time from 
yesterday's Owl and Today : 
Muon    135739 
TOF TAC 135742 
TOF QIE 135743 
CLC QIE 135746 
CLC Led 135747 (Expert) 
COT TDC 135759 
Plug Las 135763 
SMQIE   135774 
CAL QIE 135771 
CAL LED 135775 
CAL XEF 1