35776 
Rick's Run 135777 
 
 
</pre>
<!-- Author: Tania -->
<!-- Comment: Fri Dec 28 14;38;50 comment by...Tania -->
<pre>OOp's! Meant Today's Owl and Day.
</pre>
<!-- Date: Thu Dec 27 15:56:25 2001 -->
<TABLE BORDER=2 CELLSPACING=1 CELLPADDING=1 BGCOLOR=WHITE>
<TR BGCOLOR=YELLOW><TH>Run Number</TH>
<TH>Data Type</TH>
<TH>Physics Table</TH>
<TH>Begin Time</TH>
<TH>End Time</TH>
<TH>Live Time</TH>
<TH>L1 Accepts</TH>
<TH>L2 Accepts</TH>
<TH>L3 Accepts</TH>
<TH>Live Lumi, nb-1</TH>
<TH>GR</TH>
<TH>SC</TH>
<T