 0 0 0 11924351 
2 0 0 0 0 11925207 
1 1 0 0 0 11925285 
2 1 0 0 0 11925893 
5 1 0 0 0 11926008 
5 0 0 0 0 11928105 
6 0 0 0 0 11929068 
6 1 0 0 0 11929279 
1 1 0 0 0 11929902 
1 0 0 0 0 11930021 
2 1 0 0 0 11930571 
5 1 0 0 0 11930659 
2 0 0 0 0 11930869 
5 0 0 0 0 11934079 
6 1 0 0 0 11934946 
6 0 0 0 0 11936597 
1 0 0 0 0 11937560 
2 0 0 0 0 11938519 
1 1 0 0 0 11938788 
2 1 0 0 0 11939485 
5 1 0 0 0 11939573 
5 0 0 0 0 11941691 
6 1 0 0 0 11942495 
6 0 0 0 0 11945398 
1 0 0 0 0 11946358 
2 0 0 0 0 11947