odel.pdb"
    }
    xray_data {
      file_name = "/net/cci-filer1/vol1/tmp/phzwart/tassos/trial/1e0w.cns"
      labels = "FOBS,SIGMA"
      r_free_flags {
        file_name = "/net/cci-filer1/vol1/tmp/phzwart/tassos/trial/1e0w.cns"
        label = "TEST"
        test_flag_value = 1
      }
    }
  }
  output {
    prefix = "model_refine"
    serial = 1
  }
  main {
    number_of_macro_cycles = 5
  }
}
#phil __OFF__


============================= ml refinement start =============================


   -----