     8e+06          1        8e+06
! 
! Polarization(s): RR
! 
! Read 1409 lines of history.
! 
! Reading 5952 visibilities.
![@gonzo8-0.1 2243-123_X]
print "***********************************"
! *********************************** 
print "*** Using gonzo instruction set ***"
! *** Using gonzo instruction set *** 
print "***********************************"
! *********************************** 
float field_size
field_size = 1024
float field_cell
field_cell = 0.1
integer clean_niter
clean_niter = 50
float 