0102h.evt.gz
ad75084000s100112h.evt.gz
ad75084000s100202m.evt.gz
ad75084000s100212m.evt.gz
gnt_infrm: Copying unscreened/ files...
ad75084000g200170h.unf.gz
ad75084000g200270m.unf.gz
ad75084000g200370l.unf.gz
ad75084000g300170h.unf.gz
ad75084000g300270m.unf.gz
ad75084000g300370l.unf.gz
ad75084000s000101h.unf.gz
ad75084000s000102h.unf.gz
ad75084000s000112h.unf.gz
ad75084000s000201m.unf.gz
ad75084000s000202m.unf.gz
ad75084000s000212m.unf.gz
ad75084000s000301l.unf.gz
ad75084000s000302l.unf.gz
ad75084000s000312