    4  8.89997e+09        8e+06          1        8e+06
! 
! Polarization(s): RR
! 
! Read 2124 lines of history.
! 
! Reading 3572 visibilities.
![@gonzo8-0.1 1034-293_X]
print "***********************************"
! *********************************** 
print "*** Using gonzo instruction set ***"
! *** Using gonzo instruction set *** 
print "***********************************"
! *********************************** 
float field_size
field_size = 1024
float field_cell
field_cell = 0.1
integer clean_niter
cl