 flux_cutoff = imstat(rms) * dynam
    selfcal
    new_peak = peak(flux)
    until(new_peak<=flux_cutoff)
  selfcal true, true
  end if
! Performing amp+phase self-cal
! 
! Correcting IF 1.
! 
! Correcting IF 2.
! 
! Correcting IF 3.
! 
! Correcting IF 4.
! 
! Fit before self-cal, rms=0.203212Jy  sigma=0.001508
! Fit after  self-cal, rms=0.297593Jy  sigma=0.001266
! Inverting map and beam 
! Your choice of large map pixels excluded 2.61% of the data.
!  The x-axis pixel size should ideally be below 0.1539 m