
! 
! Correcting IF 1.
! 
! Correcting IF 2.
! 
! Correcting IF 3.
! 
! Correcting IF 4.
! 
! Fit before self-cal, rms=0.227202Jy  sigma=0.001676
! Fit after  self-cal, rms=0.227159Jy  sigma=0.001672
! Inverting map 
! Your choice of large map pixels excluded 2.61% of the data.
!  The x-axis pixel size should ideally be below 0.1539 milli-arcsec
selfcal true, true, soltime1
! Performing amp+phase self-cal over 120 minute time intervals
! 
! Correcting IF 1.
! 
! Correcting IF 2.
! 
! Correcting IF 3.
! 
! C