 Jy
selfcal
! Performing phase self-cal
! Adding 12 model components to the UV plane model.
! The established model now contains 46 components and 1.24167 Jy
! 
! Correcting IF 1.
! 
! Correcting IF 2.
! 
! Correcting IF 3.
! 
! Correcting IF 4.
! 
! Fit before self-cal, rms=0.187359Jy  sigma=0.001326
! Fit after  self-cal, rms=0.187355Jy  sigma=0.001325
flux_cutoff = imstat(rms) * dynam
! Inverting map 
! Your choice of large map pixels excluded 0.973% of the data.
!  The x-axis pixel size should ideally b