h.unf.gz
ad74035000s000102h.unf.gz
ad74035000s000112h.unf.gz
ad74035000s000201m.unf.gz
ad74035000s000202m.unf.gz
ad74035000s000212m.unf.gz
ad74035000s000301l.unf.gz
ad74035000s000302l.unf.gz
ad74035000s000312l.unf.gz
ad74035000s000401h.unf.gz
ad74035000s000501h.unf.gz
ad74035000s100101h.unf.gz
ad74035000s100102h.unf.gz
ad74035000s100112h.unf.gz
ad74035000s100201m.unf.gz
ad74035000s100202m.unf.gz
ad74035000s100212m.unf.gz
ad74035000s100301l.unf.gz
ad74035000s100302l.unf.gz
ad74035000s100312l.unf.gz
ad7403500