 imstat(rms) * dynam
    selfcal
    new_peak = peak(flux)
    until(new_peak<=flux_cutoff)
  selfcal true, true
  end if
! Performing amp+phase self-cal
! 
! Correcting IF 1.
! 
! Correcting IF 2.
! 
! Correcting IF 3.
! 
! Correcting IF 4.
! 
! Fit before self-cal, rms=0.202889Jy  sigma=0.001291
! Fit after  self-cal, rms=0.211242Jy  sigma=0.001167
! Inverting map and beam 
! Your choice of large map pixels excluded 0.697% of the data.
!  The x-axis pixel size should ideally be below 0.1907 milli-arcsec
!