ISHED AMPLITUDE GSCALE SELF-CAL ************** 
! 
phase_soltime=phase_soltime2
selfcal false, false, phase_soltime
! Performing phase self-cal over 0.5 minute time intervals
! 
! Correcting IF 1.
! 
! Correcting IF 2.
! 
! Correcting IF 3.
! 
! Correcting IF 4.
! 
! Fit before self-cal, rms=0.224796Jy  sigma=0.001335
! Fit after  self-cal, rms=0.214508Jy  sigma=0.001274
dynam = dynam - 0.5
flux_cutoff = imstat(rms) * dynam
! Inverting map 
repeat
  if (peak(flux) > flux_cutoff) peakwin win_mult
  clean cle