h.unf.gz
ad72016000s000202h.unf.gz
ad72016000s000301m.unf.gz
ad72016000s000302m.unf.gz
ad72016000s000312m.unf.gz
ad72016000s000402m.unf.gz
ad72016000s000501l.unf.gz
ad72016000s000601h.unf.gz
ad72016000s100101h.unf.gz
ad72016000s100102h.unf.gz
ad72016000s100112h.unf.gz
ad72016000s100202h.unf.gz
ad72016000s100302m.unf.gz
ad72016000s100401m.unf.gz
ad72016000s100402m.unf.gz
ad72016000s100412m.unf.gz
ad72016000s100501l.unf.gz
ad72016000s100601h.unf.gz
 
gnt_infrm: Unzipping all files...
gnt_infrm: Unzipped all f