      4e+06          1        4e+06
! 
! Polarization(s): RR
! 
! Read 2049 lines of history.
! 
! Reading 126684 visibilities.
select I
! Polarization I is unavailable.
! Selecting polarization: RR,  channels: 1..4
! Reading IF 1 channels: 1..1
! Reading IF 2 channels: 2..2
! Reading IF 3 channels: 3..3
! Reading IF 4 channels: 4..4
print "field_size =",field_size
! field_size = 256 
print "field_cell =",field_cell
! field_cell = 0.2 
print "taper_size =",taper_size
! taper_size = 70 
![@muppet J0818+4222_