onents and 0.94233 Jy
! 
! Correcting IF 1.
! 
! Correcting IF 2.
! 
! Correcting IF 3.
! 
! Correcting IF 4.
! 
! Fit before self-cal, rms=0.422443Jy  sigma=0.002445
! Fit after  self-cal, rms=0.422441Jy  sigma=0.002445
! Inverting map 
! Your choice of large map pixels excluded 0.973% of the data.
!  The x-axis pixel size should ideally be below 0.1656 milli-arcsec
uvtaper 0,0
! No UV-taper is currently set.
win_mult = win_mult / 1.2
print "************** FINISHED AMPLITUDE SELF-CAL **************"
! ****