0.935854 Jy
! 
! Correcting IF 1.
! 
! Correcting IF 2.
! 
! Correcting IF 3.
! 
! Correcting IF 4.
! 
! Fit before self-cal, rms=0.422036Jy  sigma=0.002445
! Fit after  self-cal, rms=0.422023Jy  sigma=0.002445
flux_cutoff = imstat(rms) * dynam
! Inverting map 
! Your choice of large map pixels excluded 0.973% of the data.
!  The x-axis pixel size should ideally be below 0.1656 milli-arcsec
repeat
  if (peak(flux) > flux_cutoff) peakwin win_mult
  clean clean_niter,clean_gain
  flux_cutoff = imstat(rms) * d