25 components and 0.2283 Jy
! 
! Correcting IF 1.
! 
! Correcting IF 2.
! 
! Correcting IF 3.
! 
! Correcting IF 4.
! 
! Fit before self-cal, rms=0.075125Jy  sigma=0.368773
! Fit after  self-cal, rms=0.075098Jy  sigma=0.368633
mapp
! Inverting map 
! 
! Move the cursor into the plot window and press 'H' for help
radp
! Using default options string "m1"
! Move the cursor into the plot window and press 'H' for help
gscale true
! Performing overall amplitude self-cal
! 
! Correcting IF 1.
!  Telescope amplitud