IF 5.
! 
! Correcting IF 6.
! 
! Correcting IF 7.
! 
! Correcting IF 8.
! 
! Fit before self-cal, rms=0.289504Jy  sigma=0.001134
! Fit after  self-cal, rms=0.289471Jy  sigma=0.001133
! Inverting map 
dynam = dynam - 1.0
doamp = true
solint = solint * (6.0/3.6)
flux_cutoff = imstat(rms) * dynam
repeat
  if (peak(flux) > flux_cutoff) peakwin win_mult
  clean clean_niter,clean_gain
  flux_cutoff = imstat(rms) * dynam
  selfcal doamp, doflt, solint
  new_peak = peak(flux)
  until(new_peak<=flux_cutoff)
! clean: