ting IF 1.
! 
! Correcting IF 2.
! 
! Correcting IF 3.
! 
! Correcting IF 4.
! 
! Correcting IF 5.
! 
! Correcting IF 6.
! 
! Correcting IF 7.
! 
! Correcting IF 8.
! 
! Fit before self-cal, rms=0.280161Jy  sigma=0.001095
! Fit after  self-cal, rms=0.280143Jy  sigma=0.001094
! Inverting map 
print "***********************************"
! *********************************** 
print "*** Finished Amplitude Self-Cal ***"
! *** Finished Amplitude Self-Cal *** 
print "***********************************"
! *******