9 Jy
! 
! Correcting IF 1.
! 
! Correcting IF 2.
! 
! Correcting IF 3.
! 
! Correcting IF 4.
! 
! Fit before self-cal, rms=0.071770Jy  sigma=1.034915
! Fit after  self-cal, rms=0.071580Jy  sigma=1.030872
! Inverting map 
print "*** FINISHED NATURAL WEIGHTING CLEAN with shorter phase_soltime ***"
! *** FINISHED NATURAL WEIGHTING CLEAN with shorter phase_soltime *** 
! 
dynam = dynam - 0.25
restore
! restore: Substituting estimate of restoring beam from last 'invert'.
! Restoring with beam: 3.514 x 8.565 at 5