 intervals
! Adding 15 model components to the UV plane model.
! The established model now contains 71 components and 0.142453 Jy
! 
! Correcting IF 1.
! 
! Correcting IF 2.
! 
! Correcting IF 3.
! 
! Correcting IF 4.
! 
! Fit before self-cal, rms=0.071596Jy  sigma=1.029960
! Fit after  self-cal, rms=0.071601Jy  sigma=1.029866
! Inverting map 
! Performing amp+phase self-cal over 1 minute time intervals
! 
! Correcting IF 1.
! 
! Correcting IF 2.
! 
! Correcting IF 3.
! 
! Correcting IF 4.
! 
! Fit before s